#
# A fatal error has been detected by the Java Runtime Environment:
#
#  EXCEPTION_ACCESS_VIOLATION (0xc0000005) at pc=0x000000005024c04d, pid=26724, tid=20316
#
# JRE version: Java(TM) SE Runtime Environment (23.0+37) (build 23+37-2369)
# Java VM: Java HotSpot(TM) 64-Bit Server VM (23+37-2369, mixed mode, sharing, tiered, compressed oops, compressed class ptrs, g1 gc, windows-amd64)
# Problematic frame:
# C  [msvcr100.dll+0x3c04d]
#
# No core dump will be written. Minidumps are not enabled by default on client versions of Windows
#
# If you would like to submit a bug report, please visit:
#   https://bugreport.java.com/bugreport/crash.jsp
# The crash happened outside the Java Virtual Machine in native code.
# See problematic frame for where to report the bug.
#

---------------  S U M M A R Y ------------

Command Line: -Dfile.encoding=UTF-8 --module-path=D:\Viola Yosevi\Java Projects\Med1_Endoskopi\build\classes View.Assesment

Host: AMD Ryzen 5 3550H with Radeon Vega Mobile Gfx  , 8 cores, 13G,  Windows 11 , 64 bit Build 22621 (10.0.22621.4391)
Time: Mon Dec  2 11:55:33 2024 SE Asia Standard Time elapsed time: 24.499316 seconds (0d 0h 0m 24s)

---------------  T H R E A D  ---------------

Current thread (0x00000159dce43c60):  JavaThread "Thread-1"         [_thread_in_native, id=20316, stack(0x0000000925b50000,0x0000000925c50000) (1024K)]

Stack: [0x0000000925b50000,0x0000000925c50000],  sp=0x0000000925c4f508,  free space=1021k
Native frames: (J=compiled Java code, j=interpreted, Vv=VM code, C=native code)
C  [msvcr100.dll+0x3c04d]  (no source info available)
C  [opencv_highgui248.dll+0x1422e]  (no source info available)
C  [opencv_highgui248.dll+0x1599b]  (no source info available)
C  [opencv_highgui248.dll+0x16946]  (no source info available)
C  [opencv_highgui248.dll+0x10b2]  (no source info available)
C  [jniopencv_highgui.dll+0x75d9]  (no source info available)
C  0x0000015987b6cd11  (no source info available)

The last pc belongs to native nmethod (printed below).
Java frames: (J=compiled Java code, j=interpreted, Vv=VM code)
J 2193  com.googlecode.javacv.cpp.opencv_highgui.cvQueryFrame(Lcom/googlecode/javacv/cpp/opencv_highgui$CvCapture;)Lcom/googlecode/javacv/cpp/opencv_core$IplImage; (0 bytes) @ 0x0000015987b6cc7a [0x0000015987b6cc20+0x000000000000005a]
J 2197% c2 View.Assesment.lambda$btnOpenEndoskopiActionPerformed$0()V (34 bytes) @ 0x0000015987b74730 [0x0000015987b746a0+0x0000000000000090]
j  View.Assesment$$Lambda+0x0000015990110980.run()V+4
j  java.lang.Thread.runWith(Ljava/lang/Object;Ljava/lang/Runnable;)V+5 java.base@23
j  java.lang.Thread.run()V+19 java.base@23
v  ~StubRoutines::call_stub 0x0000015987530fcd

siginfo: EXCEPTION_ACCESS_VIOLATION (0xc0000005), writing address 0x00000159e059f000


Registers:
RAX=0x2d35392931352933, RBX=0x00000159e059e9c0, RCX=0x00000159e059f020, RDX=0x00000000003dc540
RSP=0x0000000925c4f508, RBP=0x00000000000001d4, RSI=0x0000000000000780, RDI=0x00000159e097af00
R8 =0x0000000000000780, R9 =0x000000000000000a, R10=0x383930393a30393a, R11=0x00000159e059e9c0
R12=0xfffffffffffff880, R13=0x00000159e0598fc0, R14=0x0000000925c4f6b0, R15=0x00000159dce43c60
RIP=0x000000005024c04d, EFLAGS=0x0000000000010202


Register to memory mapping:

RAX=0x2d35392931352933 is an unknown value
RBX=0x00000159e059e9c0 points into unknown readable memory: 0x1b21202125232428 | 28 24 23 25 21 20 21 1b
RCX=0x00000159e059f020 is an unknown value
RDX=0x00000000003dc540 is an unknown value
RSP=0x0000000925c4f508 is pointing into the stack for thread: 0x00000159dce43c60
RBP=0x00000000000001d4 is an unknown value
RSI=0x0000000000000780 is an unknown value
RDI=0x00000159e097af00 points into unknown readable memory: 0x1b21202125232428 | 28 24 23 25 21 20 21 1b
R8 =0x0000000000000780 is an unknown value
R9 =0x000000000000000a is an unknown value
R10=0x383930393a30393a is an unknown value
R11=0x00000159e059e9c0 points into unknown readable memory: 0x1b21202125232428 | 28 24 23 25 21 20 21 1b
R12=0xfffffffffffff880 is an unknown value
R13=0x00000159e0598fc0 points into unknown readable memory: 0x3414153114102c0f | 0f 2c 10 14 31 15 14 34
R14=0x0000000925c4f6b0 is pointing into the stack for thread: 0x00000159dce43c60
R15=0x00000159dce43c60 is a thread

Top of Stack: (sp=0x0000000925c4f508)
0x0000000925c4f508:   00007ffefcb5422e 0000000000000001
0x0000000925c4f518:   0000000000000001 0000000925c4f6b0
0x0000000925c4f528:   0000000000000000 0000000000000000
0x0000000925c4f538:   00007ffefcb5599b 00007ffefcd6e600
0x0000000925c4f548:   0000000000000000 0000000000000000
0x0000000925c4f558:   00007ffefcd6e640 00000159000001e0
0x0000000925c4f568:   00007ffeb0cd4a00 0000015987b74501
0x0000000925c4f578:   00007ffeb0eb51ea 00000159d0403d20
0x0000000925c4f588:   0000000000000000 0000000000000000
0x0000000925c4f598:   00007ffefcb56946 0000000000000000
0x0000000925c4f5a8:   0000015987b74588 00007ffefcd6e640
0x0000000925c4f5b8:   00000159e0599680 00000159dce43c01
0x0000000925c4f5c8:   0000015987b74588 00000159dce44020
0x0000000925c4f5d8:   00007ffefcb410b2 00000159d0403d68
0x0000000925c4f5e8:   0000000000000000 0000000925c4f6c0
0x0000000925c4f5f8:   00000159d08c8f88 0000015980133500
0x0000000925c4f608:   00007fff3b7875d9 00000159e0599680
0x0000000925c4f618:   000001598754597f 0000015987538008
0x0000000925c4f628:   0000000000000000 fffffffffffffffe
0x0000000925c4f638:   0000000925c4f720 00000159dcf78680
0x0000000925c4f648:   00000159d08c8f88 00000159d0a03968
0x0000000925c4f658:   0000015987b6cd11 00000159dce44020
0x0000000925c4f668:   00000159ed022400 0000000000000000
0x0000000925c4f678:   00000159d08c8f88 0000000727a350d0
0x0000000925c4f688:   0000015987545a78 00000159d0a03968
0x0000000925c4f698:   0000000727a350d0 00000159ed200000
0x0000000925c4f6a8:   0000015987b6cc30 0000000727926ad0
0x0000000925c4f6b8:   0000000000000212 0000000727802040
0x0000000925c4f6c8:   0000015987b74730 0000000000000003
0x0000000925c4f6d8:   0000015900000000 00000159d0abc110
0x0000000925c4f6e8:   0000000727801ef0 00000159d0403d68
0x0000000925c4f6f8:   0000000000000000 0000000925c4f720 

Instructions: (pc=0x000000005024c04d)
0x000000005024bf4d:   23 48 c1 ea 10 84 d2 74 1b 84 f6 74 17 48 c1 ea
0x000000005024bf5d:   10 84 d2 74 0f 84 f6 74 0b c1 ea 10 84 d2 74 04
0x000000005024bf6d:   84 f6 75 88 48 33 c0 c3 cc cc cc cc cc cc cc cc
0x000000005024bf7d:   cc cc cc cc cc cc cc cc cc 66 66 0f 1f 84 00 00
0x000000005024bf8d:   00 00 00 4c 8b d9 48 2b d1 0f 82 9e 01 00 00 49
0x000000005024bf9d:   83 f8 08 72 61 f6 c1 07 74 36 f6 c1 01 74 0b 8a
0x000000005024bfad:   04 0a 49 ff c8 88 01 48 ff c1 f6 c1 02 74 0f 66
0x000000005024bfbd:   8b 04 0a 49 83 e8 02 66 89 01 48 83 c1 02 f6 c1
0x000000005024bfcd:   04 74 0d 8b 04 0a 49 83 e8 04 89 01 48 83 c1 04
0x000000005024bfdd:   4d 8b c8 49 c1 e9 05 75 51 4d 8b c8 49 c1 e9 03
0x000000005024bfed:   74 14 48 8b 04 0a 48 89 01 48 83 c1 08 49 ff c9
0x000000005024bffd:   75 f0 49 83 e0 07 4d 85 c0 75 08 49 8b c3 c3 0f
0x000000005024c00d:   1f 40 00 8a 04 0a 88 01 48 ff c1 49 ff c8 75 f3
0x000000005024c01d:   49 8b c3 c3 66 66 66 66 66 66 66 0f 1f 84 00 00
0x000000005024c02d:   00 00 00 66 66 66 90 66 66 90 49 81 f9 00 20 00
0x000000005024c03d:   00 73 42 48 8b 04 0a 4c 8b 54 0a 08 48 83 c1 20
0x000000005024c04d:   48 89 41 e0 4c 89 51 e8 48 8b 44 0a f0 4c 8b 54
0x000000005024c05d:   0a f8 49 ff c9 48 89 41 f0 4c 89 51 f8 75 d4 49
0x000000005024c06d:   83 e0 1f e9 71 ff ff ff 66 66 66 0f 1f 84 00 00
0x000000005024c07d:   00 00 00 66 90 48 81 fa 00 10 00 00 72 b5 b8 20
0x000000005024c08d:   00 00 00 0f 18 04 0a 0f 18 44 0a 40 48 81 c1 80
0x000000005024c09d:   00 00 00 ff c8 75 ec 48 81 e9 00 10 00 00 b8 40
0x000000005024c0ad:   00 00 00 4c 8b 0c 0a 4c 8b 54 0a 08 4c 0f c3 09
0x000000005024c0bd:   4c 0f c3 51 08 4c 8b 4c 0a 10 4c 8b 54 0a 18 4c
0x000000005024c0cd:   0f c3 49 10 4c 0f c3 51 18 4c 8b 4c 0a 20 4c 8b
0x000000005024c0dd:   54 0a 28 48 83 c1 40 4c 0f c3 49 e0 4c 0f c3 51
0x000000005024c0ed:   e8 4c 8b 4c 0a f0 4c 8b 54 0a f8 ff c8 4c 0f c3
0x000000005024c0fd:   49 f0 4c 0f c3 51 f8 75 aa 49 81 e8 00 10 00 00
0x000000005024c10d:   49 81 f8 00 10 00 00 0f 83 71 ff ff ff f0 80 0c
0x000000005024c11d:   24 00 e9 b9 fe ff ff 66 66 66 66 0f 1f 84 00 00
0x000000005024c12d:   00 00 00 66 66 66 90 66 66 66 90 66 90 49 03 c8
0x000000005024c13d:   49 83 f8 08 72 61 f6 c1 07 74 36 f6 c1 01 74 0b 


Stack slot to memory mapping:

stack at sp + 0 slots: 0x00007ffefcb5422e opencv_highgui248.dll
stack at sp + 1 slots: 0x0000000000000001 is an unknown value
stack at sp + 2 slots: 0x0000000000000001 is an unknown value
stack at sp + 3 slots: 0x0000000925c4f6b0 is pointing into the stack for thread: 0x00000159dce43c60
stack at sp + 4 slots: 0x0 is null
stack at sp + 5 slots: 0x0 is null
stack at sp + 6 slots: 0x00007ffefcb5599b opencv_highgui248.dll
stack at sp + 7 slots: 0x00007ffefcd6e600 opencv_highgui248.dll

Lock stack of current Java thread (top to bottom):


Compiled method (n/a) 24957 2193     n 0       com.googlecode.javacv.cpp.opencv_highgui::cvQueryFrame (native)
 total in heap  [0x0000015987b6cb08,0x0000015987b6d060] = 1368
 relocation     [0x0000015987b6cbe0,0x0000015987b6cc18] = 56
 main code      [0x0000015987b6cc20,0x0000015987b6d054] = 1076
 stub code      [0x0000015987b6d054,0x0000015987b6d058] = 4
 oops           [0x0000015987b6d058,0x0000015987b6d060] = 8

[Constant Pool (empty)]

[MachCode]
[Entry Point]
  # {method} {0x00000159d0a03970} 'cvQueryFrame' '(Lcom/googlecode/javacv/cpp/opencv_highgui$CvCapture;)Lcom/googlecode/javacv/cpp/opencv_core$IplImage;' in 'com/googlecode/javacv/cpp/opencv_highgui'
  # parm0:    rdx:rdx   = 'com/googlecode/javacv/cpp/opencv_highgui$CvCapture'
  #           [sp+0x70]  (sp of caller)
  0x0000015987b6cc20: 6690 448b | 5208 443b 

  0x0000015987b6cc28: ;   {runtime_call ic_miss_stub}
  0x0000015987b6cc28: 5008 0f85 | b018 a1ff 
[Verified Entry Point]
  0x0000015987b6cc30: 8984 2400 | 80ff ff55 | 488b ec48 | 83ec 6090 | 4181 7f20 | 0700 0000 

  0x0000015987b6cc48: ;   {runtime_call StubRoutines (final stubs)}
  0x0000015987b6cc48: 7405 e8f1 | aa9f ff48 | 8954 2420 | 4883 fa00 | 4c8d 4424 | 204c 0f44 

  0x0000015987b6cc60: ;   {oop(a 'java/lang/Class'{0x0000000727926ad0} = 'com/googlecode/javacv/cpp/opencv_highgui')}
  0x0000015987b6cc60: 4424 2049 | bed0 6a92 | 2707 0000 | 004c 8974 | 2450 4c8d | 7424 5049 | 8bd6 c5f8 

  0x0000015987b6cc7c: ;   {internal_word}
  0x0000015987b6cc7c: 7749 ba7a | ccb6 8759 | 0100 004d | 8997 a803 | 0000 4989 | a7a0 0300 

  0x0000015987b6cc94: ;   {external_word}
  0x0000015987b6cc94: 0049 ba41 | ad7e b1fe | 7f00 0041 | 803a 000f | 844a 0000 | 0052 4150 

  0x0000015987b6ccac: ;   {metadata({method} {0x00000159d0a03970} 'cvQueryFrame' '(Lcom/googlecode/javacv/cpp/opencv_highgui$CvCapture;)Lcom/googlecode/javacv/cpp/opencv_core$IplImage;' in 'com/googlecode/javacv/cpp/opencv_highgui')}
  0x0000015987b6ccac: 48ba 6839 | a0d0 5901 | 0000 498b | cf48 83ec | 2040 f6c4 | 0f0f 8419 | 0000 0048 

  0x0000015987b6ccc8: ;   {runtime_call}
  0x0000015987b6ccc8: 83ec 0848 | b800 ee2e | b1fe 7f00 | 00ff d048 | 83c4 08e9 | 0c00 0000 

  0x0000015987b6cce0: ;   {runtime_call}
  0x0000015987b6cce0: 48b8 00ee | 2eb1 fe7f | 0000 ffd0 | 4883 c420 | 4158 5a49 | 8d8f c003 | 0000 41c7 | 8744 0400 
  0x0000015987b6cd00: 0004 0000 

  0x0000015987b6cd04: ;   {runtime_call}
  0x0000015987b6cd04: 0048 b890 | 7578 3bff | 7f00 00ff | d0c5 f877 | 41c7 8744 | 0400 0005 | 0000 00f0 | 8344 24c0 
  0x0000015987b6cd24: 0049 3baf | 4804 0000 | 0f87 0e00 | 0000 4183 | bf40 0400 | 0000 0f84 | 2b00 0000 | c5f8 7748 
  0x0000015987b6cd44: 8945 f849 | 8bcf 4c8b | e448 83ec | 2048 83e4 

  0x0000015987b6cd54: ;   {runtime_call}
  0x0000015987b6cd54: f048 b890 | a9f8 b0fe | 7f00 00ff | d049 8be4 | 4d33 e448 | 8b45 f841 | c787 4404 | 0000 0800 
  0x0000015987b6cd74: 0000 4183 | bfc8 0400 | 0002 0f84 | a302 0000 

  0x0000015987b6cd84: ;   {external_word}
  0x0000015987b6cd84: 49ba 41ad | 7eb1 fe7f | 0000 4180 | 3a00 0f84 | 4c00 0000 | 4889 45f8 

  0x0000015987b6cd9c: ;   {metadata({method} {0x00000159d0a03970} 'cvQueryFrame' '(Lcom/googlecode/javacv/cpp/opencv_highgui$CvCapture;)Lcom/googlecode/javacv/cpp/opencv_core$IplImage;' in 'com/googlecode/javacv/cpp/opencv_highgui')}
  0x0000015987b6cd9c: 48ba 6839 | a0d0 5901 | 0000 498b | cf48 83ec | 2040 f6c4 | 0f0f 8419 | 0000 0048 

  0x0000015987b6cdb8: ;   {runtime_call}
  0x0000015987b6cdb8: 83ec 0848 | b800 ee2e | b1fe 7f00 | 00ff d048 | 83c4 08e9 | 0c00 0000 

  0x0000015987b6cdd0: ;   {runtime_call}
  0x0000015987b6cdd0: 48b8 00ee | 2eb1 fe7f | 0000 ffd0 | 4883 c420 | 488b 45f8 | 49c7 87a0 | 0300 0000 | 0000 0049 
  0x0000015987b6cdf0: c787 a803 | 0000 0000 | 0000 c5f8 | 7748 85c0 | 0f84 fe01 | 0000 a803 | 0f85 0800 | 0000 488b 
  0x0000015987b6ce10: 00e9 ee01 | 0000 a801 | 0f85 0900 | 0000 488b | 40fe e9dd | 0100 0048 | 8b40 ff41 | 807f 3800 
  0x0000015987b6ce30: 0f84 ce01 | 0000 4883 | f800 0f84 | c401 0000 | 498b 4f28 | 4883 f900 | 0f84 1400 | 0000 4883 
  0x0000015987b6ce50: e908 4989 | 4f28 4903 | 4f30 4889 | 01e9 a201 | 0000 4881 | ecd0 0000 | 0048 8904 | 2448 894c 
  0x0000015987b6ce70: 2408 4889 | 5424 1048 | 8974 2418 | 4889 7c24 | 204c 8944 | 2428 4c89 | 4c24 304c | 8954 2438 
  0x0000015987b6ce90: 4c89 5c24 | 40c5 fb11 | 4424 50c5 | fb11 4c24 | 58c5 fb11 | 5424 60c5 | fb11 5c24 | 68c5 fb11 
  0x0000015987b6ceb0: 6424 70c5 | fb11 6c24 | 78c5 fb11 | b424 8000 | 0000 c5fb | 11bc 2488 | 0000 00c5 

  0x0000015987b6cecc: ;   {no_reloc}
  0x0000015987b6cecc: 7b11 8424 | 9000 0000 | c57b 118c | 2498 0000 | 00c5 7b11 | 9424 a000 | 0000 c57b | 119c 24a8 
  0x0000015987b6ceec: 0000 00c5 | 7b11 a424 | b000 0000 | c57b 11ac | 24b8 0000 | 00c5 7b11 | b424 c000 | 0000 c57b 
  0x0000015987b6cf0c: 11bc 24c8 | 0000 0049 | 8bd7 488b | c848 83ec | 2040 f6c4 | 0f0f 8419 | 0000 0048 

  0x0000015987b6cf28: ;   {runtime_call}
  0x0000015987b6cf28: 83ec 0848 | b8e0 07ec | b0fe 7f00 | 00ff d048 | 83c4 08e9 | 0c00 0000 

  0x0000015987b6cf40: ;   {runtime_call}
  0x0000015987b6cf40: 48b8 e007 | ecb0 fe7f | 0000 ffd0 | 4883 c420 | c57b 10bc | 24c8 0000 | 00c5 7b10 | b424 c000 
  0x0000015987b6cf60: 0000 c57b | 10ac 24b8 | 0000 00c5 | 7b10 a424 | b000 0000 | c57b 109c | 24a8 0000 | 00c5 7b10 
  0x0000015987b6cf80: 9424 a000 | 0000 c57b | 108c 2498 | 0000 00c5 | 7b10 8424 | 9000 0000 | c5fb 10bc | 2488 0000 
  0x0000015987b6cfa0: 00c5 fb10 | b424 8000 | 0000 c5fb | 106c 2478 | c5fb 1064 | 2470 c5fb | 105c 2468 | c5fb 1054 
  0x0000015987b6cfc0: 2460 c5fb | 104c 2458 | c5fb 1044 | 2450 4c8b | 5c24 404c | 8b54 2438 | 4c8b 4c24 | 304c 8b44 
  0x0000015987b6cfe0: 2428 488b | 7c24 2048 | 8b74 2418 | 488b 5424 | 1048 8b4c | 2408 488b | 0424 4881 | c4d0 0000 
  0x0000015987b6d000: 00c5 f877 | 498b 8f30 | 0400 00c7 | 8100 0100 | 0000 0000 | 00c9 4983 | 7f08 000f | 8501 0000 
  0x0000015987b6d020: ;   {runtime_call StubRoutines (initial stubs)}
  0x0000015987b6d020: 00c3 e999 | 3e9c ffc5 | f877 4889 | 45f8 4c8b | e448 83ec | 2048 83e4 

  0x0000015987b6d038: ;   {runtime_call}
  0x0000015987b6d038: f048 b8b0 | 222f b1fe | 7f00 00ff | d049 8be4 | 4d33 e448 | 8b45 f8e9 | 30fd ffff 
[Stub Code]
  0x0000015987b6d054: f4f4 f4f4 
[/MachCode]


Compiled method (c2) 24968 2197 %     4       View.Assesment::lambda$btnOpenEndoskopiActionPerformed$0 @ 0 (34 bytes)
 total in heap  [0x0000015987b74588,0x0000015987b74818] = 656
 relocation     [0x0000015987b74660,0x0000015987b74698] = 56
 main code      [0x0000015987b746a0,0x0000015987b747c0] = 288
 stub code      [0x0000015987b747c0,0x0000015987b747e8] = 40
 oops           [0x0000015987b747e8,0x0000015987b747f0] = 8
 metadata       [0x0000015987b747f0,0x0000015987b74818] = 40
 immutable data [0x00000159d59def10,0x00000159d59df030] = 288
 dependencies   [0x00000159d59def10,0x00000159d59def20] = 16
 nul chk table  [0x00000159d59def20,0x00000159d59def38] = 24
 handler table  [0x00000159d59def38,0x00000159d59def50] = 24
 scopes pcs     [0x00000159d59def50,0x00000159d59defe0] = 144
 scopes data    [0x00000159d59defe0,0x00000159d59df030] = 80

[Constant Pool (empty)]

[MachCode]
[Verified Entry Point]
  # {method} {0x00000159d0403d70} 'lambda$btnOpenEndoskopiActionPerformed$0' '()V' in 'View/Assesment'
  0x0000015987b746a0: cc0f 1f84 | 0000 0000 | 000f 1f80 | 0000 0000 | 8984 2400 | 80ff ff55 | 4883 ec40 | 4181 7f20 
  0x0000015987b746c0: 0700 0000 | 0f85 ea00 | 0000 488b | 6a08 488b | ca49 ba30 | 2df4 b0fe | 7f00 0041 

  0x0000015987b746dc: ;   {other}
  0x0000015987b746dc: ffd2 0f1f | 8400 0000 | 0000 448b 

  0x0000015987b746e8: ;   {metadata('View/Assesment')}
  0x0000015987b746e8: 5508 4181 | fa00 2000 | 010f 8575 | 0000 00eb | 110f 1f80 | 0000 0000 | 4d8b 9750 

  0x0000015987b74704: ; ImmutableOopMap {rbp=Oop }
                      ;*goto {reexecute=1 rethrow=0 return_oop=0}
                      ; - (reexecute) View.Assesment::lambda$btnOpenEndoskopiActionPerformed$0@30 (line 273)
                      ;   {poll}
  0x0000015987b74704: 0400 0041 | 8502 448b | 95a4 0100 | 0047 0fb6 | 54d4 3145 | 85d2 7438 | 448b 95a0 | 0100 0049 
  0x0000015987b74724: 8bd2 48c1 

  0x0000015987b74728: ;   {static_call}
  0x0000015987b74728: e203 90e8 

  0x0000015987b7472c: ; ImmutableOopMap {rbp=Oop }
                      ;*invokestatic cvQueryFrame {reexecute=0 rethrow=0 return_oop=1}
                      ; - View.Assesment::lambda$btnOpenEndoskopiActionPerformed$0@14 (line 269)
  0x0000015987b7472c: 0085 ffff 

  0x0000015987b74730: ;   {other}
  0x0000015987b74730: 0f1f 8400 | a801 0001 | 4885 c074 | c3ba 45ff | ffff 4889 

  0x0000015987b74744: ;   {runtime_call UncommonTrapBlob}
  0x0000015987b74744: 4424 28e8 

  0x0000015987b74748: ; ImmutableOopMap {rbp=Oop [40]=Oop }
                      ;*ifnull {reexecute=1 rethrow=0 return_oop=0}
                      ; - (reexecute) View.Assesment::lambda$btnOpenEndoskopiActionPerformed$0@19 (line 270)
  0x0000015987b74748: 14fc a0ff 

  0x0000015987b7474c: ;   {other}
  0x0000015987b7474c: 0f1f 8400 | c401 0002 | ba45 ffff | ff41 8bea 

  0x0000015987b7475c: ;   {runtime_call UncommonTrapBlob}
  0x0000015987b7475c: 6666 90e8 

  0x0000015987b74760: ; ImmutableOopMap {}
                      ;*ifeq {reexecute=1 rethrow=0 return_oop=0}
                      ; - (reexecute) View.Assesment::lambda$btnOpenEndoskopiActionPerformed$0@7 (line 268)
  0x0000015987b74760: fcfb a0ff 

  0x0000015987b74764: ;   {other}
  0x0000015987b74764: 0f1f 8400 | dc01 0003 | ba8d ffff 

  0x0000015987b74770: ;   {runtime_call UncommonTrapBlob}
  0x0000015987b74770: ff66 90e8 

  0x0000015987b74774: ; ImmutableOopMap {rbp=Oop }
                      ;*aload_0 {reexecute=0 rethrow=0 return_oop=0}
                      ; - View.Assesment::lambda$btnOpenEndoskopiActionPerformed$0@0 (line 268)
  0x0000015987b74774: e8fb a0ff 

  0x0000015987b74778: ;   {other}
  0x0000015987b74778: 0f1f 8400 | f001 0004 | 488b d048 | 83c4 405d 

  0x0000015987b74788: ;   {runtime_call _rethrow_Java}
  0x0000015987b74788: e9d3 a5ad | ffba f6ff 

  0x0000015987b74790: ;   {runtime_call UncommonTrapBlob}
  0x0000015987b74790: ffff 90e8 

  0x0000015987b74794: ; ImmutableOopMap {}
                      ;*invokevirtual isVisible {reexecute=0 rethrow=0 return_oop=0}
                      ; - View.Assesment::lambda$btnOpenEndoskopiActionPerformed$0@4 (line 268)
  0x0000015987b74794: c8fb a0ff 

  0x0000015987b74798: ;   {other}
  0x0000015987b74798: 0f1f 8400 | 1002 0005 | ba76 ffff 

  0x0000015987b747a4: ;   {runtime_call UncommonTrapBlob}
  0x0000015987b747a4: ff66 90e8 

  0x0000015987b747a8: ; ImmutableOopMap {}
                      ;*aload_0 {reexecute=0 rethrow=0 return_oop=0}
                      ; - View.Assesment::lambda$btnOpenEndoskopiActionPerformed$0@0 (line 268)
  0x0000015987b747a8: b4fb a0ff 

  0x0000015987b747ac: ;   {other}
  0x0000015987b747ac: 0f1f 8400 | 2402 0006 

  0x0000015987b747b4: ;   {runtime_call StubRoutines (final stubs)}
  0x0000015987b747b4: e887 2f9f | ffe9 0cff | ffff f4f4 
[Stub Code]
  0x0000015987b747c0: ;   {no_reloc}
  0x0000015987b747c0: 48bb 0000 | 0000 0000 

  0x0000015987b747c8: ;   {runtime_call nmethod}
  0x0000015987b747c8: 0000 e9fb 

  0x0000015987b747cc: ;   {runtime_call ExceptionBlob}
  0x0000015987b747cc: ffff ffe9 | 8c60 adff 
[Deopt Handler Code]
  0x0000015987b747d4: e800 0000 | 0048 832c 

  0x0000015987b747dc: ;   {runtime_call DeoptimizationBlob}
  0x0000015987b747dc: 2405 e99d | fea0 fff4 | f4f4 f4f4 
[/MachCode]


---------------  P R O C E S S  ---------------

Threads class SMR info:
_java_thread_list=0x00000159d5989b20, length=22, elements={
0x00000159fee443c0, 0x00000159fee45f00, 0x00000159fee49090, 0x00000159fee4a910,
0x00000159fee4f870, 0x00000159fee54690, 0x00000159fee58f30, 0x00000159fee5bed0,
0x00000159d40a8670, 0x00000159d41ebfa0, 0x00000159d42e2050, 0x00000159d433ab00,
0x00000159d4340740, 0x00000159d4408920, 0x00000159ed22cb70, 0x00000159dcc57910,
0x00000159dcdabf40, 0x00000159dce43c60, 0x00000159dce442f0, 0x00000159dce44980,
0x00000159dce41b90, 0x00000159dce45010
}

Java Threads: ( => current thread )
  0x00000159fee443c0 JavaThread "Reference Handler"          daemon [_thread_blocked, id=24884, stack(0x0000000923e00000,0x0000000923f00000) (1024K)]
  0x00000159fee45f00 JavaThread "Finalizer"                  daemon [_thread_blocked, id=7012, stack(0x0000000923f00000,0x0000000924000000) (1024K)]
  0x00000159fee49090 JavaThread "Signal Dispatcher"          daemon [_thread_blocked, id=12728, stack(0x0000000924000000,0x0000000924100000) (1024K)]
  0x00000159fee4a910 JavaThread "Attach Listener"            daemon [_thread_blocked, id=14568, stack(0x0000000924100000,0x0000000924200000) (1024K)]
  0x00000159fee4f870 JavaThread "Service Thread"             daemon [_thread_blocked, id=16240, stack(0x0000000924200000,0x0000000924300000) (1024K)]
  0x00000159fee54690 JavaThread "Monitor Deflation Thread"   daemon [_thread_blocked, id=25640, stack(0x0000000924300000,0x0000000924400000) (1024K)]
  0x00000159fee58f30 JavaThread "C2 CompilerThread0"         daemon [_thread_blocked, id=26100, stack(0x0000000924400000,0x0000000924500000) (1024K)]
  0x00000159fee5bed0 JavaThread "C1 CompilerThread0"         daemon [_thread_blocked, id=22268, stack(0x0000000924500000,0x0000000924600000) (1024K)]
  0x00000159d40a8670 JavaThread "Common-Cleaner"             daemon [_thread_blocked, id=8096, stack(0x0000000924600000,0x0000000924700000) (1024K)]
  0x00000159d41ebfa0 JavaThread "Notification Thread"        daemon [_thread_blocked, id=24520, stack(0x0000000924700000,0x0000000924800000) (1024K)]
  0x00000159d42e2050 JavaThread "Java2D Disposer"            daemon [_thread_blocked, id=17236, stack(0x0000000924800000,0x0000000924900000) (1024K)]
  0x00000159d433ab00 JavaThread "AWT-Shutdown"                      [_thread_blocked, id=21136, stack(0x0000000924900000,0x0000000924a00000) (1024K)]
  0x00000159d4340740 JavaThread "AWT-Windows"                daemon [_thread_in_native, id=9144, stack(0x0000000924a00000,0x0000000924b00000) (1024K)]
  0x00000159d4408920 JavaThread "AWT-EventQueue-0"                  [_thread_in_native, id=7748, stack(0x0000000924b00000,0x0000000924c00000) (1024K)]
  0x00000159ed22cb70 JavaThread "DestroyJavaVM"                     [_thread_blocked, id=13176, stack(0x0000000923600000,0x0000000923700000) (1024K)]
  0x00000159dcc57910 JavaThread "D3D Screen Updater"         daemon [_thread_blocked, id=14212, stack(0x0000000925500000,0x0000000925600000) (1024K)]
  0x00000159dcdabf40 JavaThread "TimerQueue"                 daemon [_thread_blocked, id=16744, stack(0x0000000925600000,0x0000000925700000) (1024K)]
=>0x00000159dce43c60 JavaThread "Thread-1"                          [_thread_in_native, id=20316, stack(0x0000000925b50000,0x0000000925c50000) (1024K)]
  0x00000159dce442f0 JavaThread "Thread-2"                          [_thread_in_native, id=26796, stack(0x0000000923300000,0x0000000923400000) (1024K)]
  0x00000159dce44980 JavaThread "Thread-3"                          [_thread_in_native, id=26972, stack(0x0000000923400000,0x0000000923500000) (1024K)]
  0x00000159dce41b90 JavaThread "Thread-4"                          [_thread_in_native, id=28336, stack(0x0000000923500000,0x0000000923600000) (1024K)]
  0x00000159dce45010 JavaThread "Thread-6"                          [_thread_in_native, id=4448, stack(0x0000000924d00000,0x0000000924e00000) (1024K)]
Total: 22

Other Threads:
  0x00000159fee2da80 VMThread "VM Thread"                           [id=18788, stack(0x0000000923d00000,0x0000000923e00000) (1024K)]
  0x00000159fee1e730 WatcherThread "VM Periodic Task Thread"        [id=8456, stack(0x0000000923c00000,0x0000000923d00000) (1024K)]
  0x00000159ef451340 WorkerThread "GC Thread#0"                     [id=4640, stack(0x0000000923700000,0x0000000923800000) (1024K)]
  0x00000159dcff8630 WorkerThread "GC Thread#1"                     [id=28652, stack(0x0000000926050000,0x0000000926150000) (1024K)]
  0x00000159dcff89e0 WorkerThread "GC Thread#2"                     [id=26840, stack(0x0000000926150000,0x0000000926250000) (1024K)]
  0x00000159dcff8d90 WorkerThread "GC Thread#3"                     [id=8956, stack(0x0000000926250000,0x0000000926350000) (1024K)]
  0x00000159dcffab60 WorkerThread "GC Thread#4"                     [id=6432, stack(0x0000000926350000,0x0000000926450000) (1024K)]
  0x00000159dcffa400 WorkerThread "GC Thread#5"                     [id=19772, stack(0x0000000926450000,0x0000000926550000) (1024K)]
  0x00000159dcffa7b0 WorkerThread "GC Thread#6"                     [id=1328, stack(0x0000000926550000,0x0000000926650000) (1024K)]
  0x00000159dcff9190 WorkerThread "GC Thread#7"                     [id=10548, stack(0x0000000926650000,0x0000000926750000) (1024K)]
  0x00000159ef466030 ConcurrentGCThread "G1 Main Marker"            [id=14848, stack(0x0000000923800000,0x0000000923900000) (1024K)]
  0x00000159ef4672e0 WorkerThread "G1 Conc#0"                       [id=13624, stack(0x0000000923900000,0x0000000923a00000) (1024K)]
  0x00000159dcff9ca0 WorkerThread "G1 Conc#1"                       [id=8256, stack(0x0000000926750000,0x0000000926850000) (1024K)]
  0x00000159fecef560 ConcurrentGCThread "G1 Refine#0"               [id=17460, stack(0x0000000923a00000,0x0000000923b00000) (1024K)]
  0x00000159ef4ae760 ConcurrentGCThread "G1 Service"                [id=16236, stack(0x0000000923b00000,0x0000000923c00000) (1024K)]
Total: 15

Threads with active compile tasks:
Total: 0

VM state: not at safepoint (normal execution)

VM Mutex/Monitor currently owned by a thread: None

Heap address: 0x0000000720e00000, size: 3570 MB, Compressed Oops mode: Zero based, Oop shift amount: 3

CDS archive(s) mapped at: [0x000001598f000000-0x000001598fd70000-0x000001598fd70000), size 14090240, SharedBaseAddress: 0x000001598f000000, ArchiveRelocationMode: 1.
Compressed class space mapped at: 0x0000015990000000-0x00000159d0000000, reserved size: 1073741824
Narrow klass base: 0x000001598f000000, Narrow klass shift: 0, Narrow klass range: 0x41000000

GC Precious Log:
 CardTable entry size: 512
 Card Set container configuration: InlinePtr #cards 4 size 8 Array Of Cards #cards 16 size 48 Howl #buckets 8 coarsen threshold 3686 Howl Bitmap #cards 512 size 80 coarsen threshold 460 Card regions per heap region 1 cards per card region 4096
 CPUs: 8 total, 8 available
 Memory: 14273M
 Large Page Support: Disabled
 NUMA Support: Disabled
 Compressed Oops: Enabled (Zero based)
 Heap Region Size: 2M
 Heap Min Capacity: 8M
 Heap Initial Capacity: 224M
 Heap Max Capacity: 3570M
 Pre-touch: Disabled
 Parallel Workers: 8
 Concurrent Workers: 2
 Concurrent Refinement Workers: 8
 Periodic GC: Disabled

Heap:
 garbage-first heap   total reserved 3655680K, committed 229376K, used 112586K [0x0000000720e00000, 0x0000000800000000)
  region size 2048K, 8 young (16384K), 1 survivors (2048K)
 Metaspace       used 13270K, committed 13504K, reserved 1114112K
  class space    used 1522K, committed 1664K, reserved 1048576K

Heap Regions: E=young(eden), S=young(survivor), O=old, HS=humongous(starts), HC=humongous(continues), CS=collection set, F=free, TAMS=top-at-mark-start, PB=parsable bottom
|   0|0x0000000720e00000, 0x0000000721000000, 0x0000000721000000|100%|HS|  |TAMS 0x0000000720e00000| PB 0x0000000720e00000| Complete |  0
|   1|0x0000000721000000, 0x0000000721200000, 0x0000000721200000|100%|HC|  |TAMS 0x0000000721000000| PB 0x0000000721000000| Complete |  0
|   2|0x0000000721200000, 0x0000000721400000, 0x0000000721400000|100%|HS|  |TAMS 0x0000000721200000| PB 0x0000000721200000| Complete |  0
|   3|0x0000000721400000, 0x0000000721600000, 0x0000000721600000|100%|HC|  |TAMS 0x0000000721400000| PB 0x0000000721400000| Complete |  0
|   4|0x0000000721600000, 0x0000000721800000, 0x0000000721800000|100%|HS|  |TAMS 0x0000000721600000| PB 0x0000000721600000| Complete |  0
|   5|0x0000000721800000, 0x0000000721a00000, 0x0000000721a00000|100%|HC|  |TAMS 0x0000000721800000| PB 0x0000000721800000| Complete |  0
|   6|0x0000000721a00000, 0x0000000721c00000, 0x0000000721c00000|100%|HS|  |TAMS 0x0000000721a00000| PB 0x0000000721a00000| Complete |  0
|   7|0x0000000721c00000, 0x0000000721e00000, 0x0000000721e00000|100%|HC|  |TAMS 0x0000000721c00000| PB 0x0000000721c00000| Complete |  0
|   8|0x0000000721e00000, 0x0000000722000000, 0x0000000722000000|100%|HS|  |TAMS 0x0000000721e00000| PB 0x0000000721e00000| Complete |  0
|   9|0x0000000722000000, 0x0000000722200000, 0x0000000722200000|100%|HC|  |TAMS 0x0000000722000000| PB 0x0000000722000000| Complete |  0
|  10|0x0000000722200000, 0x0000000722400000, 0x0000000722400000|100%|HS|  |TAMS 0x0000000722200000| PB 0x0000000722200000| Complete |  0
|  11|0x0000000722400000, 0x0000000722600000, 0x0000000722600000|100%|HC|  |TAMS 0x0000000722400000| PB 0x0000000722400000| Complete |  0
|  12|0x0000000722600000, 0x0000000722800000, 0x0000000722800000|100%|HS|  |TAMS 0x0000000722600000| PB 0x0000000722600000| Complete |  0
|  13|0x0000000722800000, 0x0000000722a00000, 0x0000000722a00000|100%|HC|  |TAMS 0x0000000722800000| PB 0x0000000722800000| Complete |  0
|  14|0x0000000722a00000, 0x0000000722c00000, 0x0000000722c00000|100%|HS|  |TAMS 0x0000000722a00000| PB 0x0000000722a00000| Complete |  0
|  15|0x0000000722c00000, 0x0000000722e00000, 0x0000000722e00000|100%|HC|  |TAMS 0x0000000722c00000| PB 0x0000000722c00000| Complete |  0
|  16|0x0000000722e00000, 0x0000000723000000, 0x0000000723000000|100%|HS|  |TAMS 0x0000000722e00000| PB 0x0000000722e00000| Complete |  0
|  17|0x0000000723000000, 0x0000000723200000, 0x0000000723200000|100%|HC|  |TAMS 0x0000000723000000| PB 0x0000000723000000| Complete |  0
|  18|0x0000000723200000, 0x0000000723400000, 0x0000000723400000|100%|HS|  |TAMS 0x0000000723200000| PB 0x0000000723200000| Complete |  0
|  19|0x0000000723400000, 0x0000000723600000, 0x0000000723600000|100%|HC|  |TAMS 0x0000000723400000| PB 0x0000000723400000| Complete |  0
|  20|0x0000000723600000, 0x0000000723800000, 0x0000000723800000|100%|HS|  |TAMS 0x0000000723600000| PB 0x0000000723600000| Complete |  0
|  21|0x0000000723800000, 0x0000000723a00000, 0x0000000723a00000|100%|HC|  |TAMS 0x0000000723800000| PB 0x0000000723800000| Complete |  0
|  22|0x0000000723a00000, 0x0000000723c00000, 0x0000000723c00000|100%|HS|  |TAMS 0x0000000723a00000| PB 0x0000000723a00000| Complete |  0
|  23|0x0000000723c00000, 0x0000000723e00000, 0x0000000723e00000|100%|HC|  |TAMS 0x0000000723c00000| PB 0x0000000723c00000| Complete |  0
|  24|0x0000000723e00000, 0x0000000724000000, 0x0000000724000000|100%|HS|  |TAMS 0x0000000723e00000| PB 0x0000000723e00000| Complete |  0
|  25|0x0000000724000000, 0x0000000724200000, 0x0000000724200000|100%|HC|  |TAMS 0x0000000724000000| PB 0x0000000724000000| Complete |  0
|  26|0x0000000724200000, 0x0000000724400000, 0x0000000724400000|100%|HS|  |TAMS 0x0000000724200000| PB 0x0000000724200000| Complete |  0
|  27|0x0000000724400000, 0x0000000724600000, 0x0000000724600000|100%|HC|  |TAMS 0x0000000724400000| PB 0x0000000724400000| Complete |  0
|  28|0x0000000724600000, 0x0000000724800000, 0x0000000724800000|100%|HS|  |TAMS 0x0000000724600000| PB 0x0000000724600000| Complete |  0
|  29|0x0000000724800000, 0x0000000724a00000, 0x0000000724a00000|100%|HC|  |TAMS 0x0000000724800000| PB 0x0000000724800000| Complete |  0
|  30|0x0000000724a00000, 0x0000000724c00000, 0x0000000724c00000|100%|HS|  |TAMS 0x0000000724a00000| PB 0x0000000724a00000| Complete |  0
|  31|0x0000000724c00000, 0x0000000724e00000, 0x0000000724e00000|100%|HC|  |TAMS 0x0000000724c00000| PB 0x0000000724c00000| Complete |  0
|  32|0x0000000724e00000, 0x0000000725000000, 0x0000000725000000|100%|HS|  |TAMS 0x0000000724e00000| PB 0x0000000724e00000| Complete |  0
|  33|0x0000000725000000, 0x0000000725200000, 0x0000000725200000|100%|HC|  |TAMS 0x0000000725000000| PB 0x0000000725000000| Complete |  0
|  34|0x0000000725200000, 0x0000000725400000, 0x0000000725400000|100%|HS|  |TAMS 0x0000000725200000| PB 0x0000000725200000| Complete |  0
|  35|0x0000000725400000, 0x0000000725600000, 0x0000000725600000|100%|HC|  |TAMS 0x0000000725400000| PB 0x0000000725400000| Complete |  0
|  36|0x0000000725600000, 0x0000000725800000, 0x0000000725800000|100%|HS|  |TAMS 0x0000000725600000| PB 0x0000000725600000| Complete |  0
|  37|0x0000000725800000, 0x0000000725a00000, 0x0000000725a00000|100%|HC|  |TAMS 0x0000000725800000| PB 0x0000000725800000| Complete |  0
|  38|0x0000000725a00000, 0x0000000725c00000, 0x0000000725c00000|100%|HS|  |TAMS 0x0000000725a00000| PB 0x0000000725a00000| Complete |  0
|  39|0x0000000725c00000, 0x0000000725e00000, 0x0000000725e00000|100%|HC|  |TAMS 0x0000000725c00000| PB 0x0000000725c00000| Complete |  0
|  40|0x0000000725e00000, 0x0000000726000000, 0x0000000726000000|100%|HS|  |TAMS 0x0000000725e00000| PB 0x0000000725e00000| Complete |  0
|  41|0x0000000726000000, 0x0000000726200000, 0x0000000726200000|100%|HC|  |TAMS 0x0000000726000000| PB 0x0000000726000000| Complete |  0
|  42|0x0000000726200000, 0x0000000726200000, 0x0000000726400000|  0%| F|  |TAMS 0x0000000726200000| PB 0x0000000726200000| Untracked |  0
|  43|0x0000000726400000, 0x0000000726400000, 0x0000000726600000|  0%| F|  |TAMS 0x0000000726400000| PB 0x0000000726400000| Untracked |  0
|  44|0x0000000726600000, 0x0000000726800000, 0x0000000726800000|100%|HS|  |TAMS 0x0000000726600000| PB 0x0000000726600000| Complete |  0
|  45|0x0000000726800000, 0x0000000726a00000, 0x0000000726a00000|100%|HC|  |TAMS 0x0000000726800000| PB 0x0000000726800000| Complete |  0
|  46|0x0000000726a00000, 0x0000000726a00000, 0x0000000726c00000|  0%| F|  |TAMS 0x0000000726a00000| PB 0x0000000726a00000| Untracked |  0
|  47|0x0000000726c00000, 0x0000000726c00000, 0x0000000726e00000|  0%| F|  |TAMS 0x0000000726c00000| PB 0x0000000726c00000| Untracked |  0
|  48|0x0000000726e00000, 0x0000000726e00000, 0x0000000727000000|  0%| F|  |TAMS 0x0000000726e00000| PB 0x0000000726e00000| Untracked |  0
|  49|0x0000000727000000, 0x0000000727200000, 0x0000000727200000|100%|HS|  |TAMS 0x0000000727000000| PB 0x0000000727000000| Complete |  0
|  50|0x0000000727200000, 0x0000000727400000, 0x0000000727400000|100%|HC|  |TAMS 0x0000000727200000| PB 0x0000000727200000| Complete |  0
|  51|0x0000000727400000, 0x0000000727600000, 0x0000000727600000|100%|HS|  |TAMS 0x0000000727400000| PB 0x0000000727400000| Complete |  0
|  52|0x0000000727600000, 0x0000000727800000, 0x0000000727800000|100%|HC|  |TAMS 0x0000000727600000| PB 0x0000000727600000| Complete |  0
|  53|0x0000000727800000, 0x0000000727a00000, 0x0000000727a00000|100%| O|  |TAMS 0x0000000727800000| PB 0x0000000727800000| Untracked |  0
|  54|0x0000000727a00000, 0x0000000727b78650, 0x0000000727c00000| 73%| O|  |TAMS 0x0000000727a00000| PB 0x0000000727a00000| Untracked |  0
|  55|0x0000000727c00000, 0x0000000727c00000, 0x0000000727e00000|  0%| F|  |TAMS 0x0000000727c00000| PB 0x0000000727c00000| Untracked |  0
|  56|0x0000000727e00000, 0x0000000727e00000, 0x0000000728000000|  0%| F|  |TAMS 0x0000000727e00000| PB 0x0000000727e00000| Untracked |  0
|  57|0x0000000728000000, 0x0000000728000000, 0x0000000728200000|  0%| F|  |TAMS 0x0000000728000000| PB 0x0000000728000000| Untracked |  0
|  58|0x0000000728200000, 0x0000000728200000, 0x0000000728400000|  0%| F|  |TAMS 0x0000000728200000| PB 0x0000000728200000| Untracked |  0
|  59|0x0000000728400000, 0x0000000728400000, 0x0000000728600000|  0%| F|  |TAMS 0x0000000728400000| PB 0x0000000728400000| Untracked |  0
|  60|0x0000000728600000, 0x0000000728600000, 0x0000000728800000|  0%| F|  |TAMS 0x0000000728600000| PB 0x0000000728600000| Untracked |  0
|  61|0x0000000728800000, 0x0000000728800000, 0x0000000728a00000|  0%| F|  |TAMS 0x0000000728800000| PB 0x0000000728800000| Untracked |  0
|  62|0x0000000728a00000, 0x0000000728a00000, 0x0000000728c00000|  0%| F|  |TAMS 0x0000000728a00000| PB 0x0000000728a00000| Untracked |  0
|  63|0x0000000728c00000, 0x0000000728c00000, 0x0000000728e00000|  0%| F|  |TAMS 0x0000000728c00000| PB 0x0000000728c00000| Untracked |  0
|  64|0x0000000728e00000, 0x0000000728e00000, 0x0000000729000000|  0%| F|  |TAMS 0x0000000728e00000| PB 0x0000000728e00000| Untracked |  0
|  65|0x0000000729000000, 0x0000000729000000, 0x0000000729200000|  0%| F|  |TAMS 0x0000000729000000| PB 0x0000000729000000| Untracked |  0
|  66|0x0000000729200000, 0x0000000729200000, 0x0000000729400000|  0%| F|  |TAMS 0x0000000729200000| PB 0x0000000729200000| Untracked |  0
|  67|0x0000000729400000, 0x0000000729400000, 0x0000000729600000|  0%| F|  |TAMS 0x0000000729400000| PB 0x0000000729400000| Untracked |  0
|  68|0x0000000729600000, 0x0000000729600000, 0x0000000729800000|  0%| F|  |TAMS 0x0000000729600000| PB 0x0000000729600000| Untracked |  0
|  69|0x0000000729800000, 0x0000000729800000, 0x0000000729a00000|  0%| F|  |TAMS 0x0000000729800000| PB 0x0000000729800000| Untracked |  0
|  70|0x0000000729a00000, 0x0000000729a00000, 0x0000000729c00000|  0%| F|  |TAMS 0x0000000729a00000| PB 0x0000000729a00000| Untracked |  0
|  71|0x0000000729c00000, 0x0000000729c00000, 0x0000000729e00000|  0%| F|  |TAMS 0x0000000729c00000| PB 0x0000000729c00000| Untracked |  0
|  72|0x0000000729e00000, 0x0000000729e00000, 0x000000072a000000|  0%| F|  |TAMS 0x0000000729e00000| PB 0x0000000729e00000| Untracked |  0
|  73|0x000000072a000000, 0x000000072a000000, 0x000000072a200000|  0%| F|  |TAMS 0x000000072a000000| PB 0x000000072a000000| Untracked |  0
|  74|0x000000072a200000, 0x000000072a200000, 0x000000072a400000|  0%| F|  |TAMS 0x000000072a200000| PB 0x000000072a200000| Untracked |  0
|  75|0x000000072a400000, 0x000000072a400000, 0x000000072a600000|  0%| F|  |TAMS 0x000000072a400000| PB 0x000000072a400000| Untracked |  0
|  76|0x000000072a600000, 0x000000072a600000, 0x000000072a800000|  0%| F|  |TAMS 0x000000072a600000| PB 0x000000072a600000| Untracked |  0
|  77|0x000000072a800000, 0x000000072a800000, 0x000000072aa00000|  0%| F|  |TAMS 0x000000072a800000| PB 0x000000072a800000| Untracked |  0
|  78|0x000000072aa00000, 0x000000072aa00000, 0x000000072ac00000|  0%| F|  |TAMS 0x000000072aa00000| PB 0x000000072aa00000| Untracked |  0
|  79|0x000000072ac00000, 0x000000072ac00000, 0x000000072ae00000|  0%| F|  |TAMS 0x000000072ac00000| PB 0x000000072ac00000| Untracked |  0
|  80|0x000000072ae00000, 0x000000072ae00000, 0x000000072b000000|  0%| F|  |TAMS 0x000000072ae00000| PB 0x000000072ae00000| Untracked |  0
|  81|0x000000072b000000, 0x000000072b000000, 0x000000072b200000|  0%| F|  |TAMS 0x000000072b000000| PB 0x000000072b000000| Untracked |  0
|  82|0x000000072b200000, 0x000000072b200000, 0x000000072b400000|  0%| F|  |TAMS 0x000000072b200000| PB 0x000000072b200000| Untracked |  0
|  83|0x000000072b400000, 0x000000072b400000, 0x000000072b600000|  0%| F|  |TAMS 0x000000072b400000| PB 0x000000072b400000| Untracked |  0
|  84|0x000000072b600000, 0x000000072b600000, 0x000000072b800000|  0%| F|  |TAMS 0x000000072b600000| PB 0x000000072b600000| Untracked |  0
|  85|0x000000072b800000, 0x000000072b800000, 0x000000072ba00000|  0%| F|  |TAMS 0x000000072b800000| PB 0x000000072b800000| Untracked |  0
|  86|0x000000072ba00000, 0x000000072ba00000, 0x000000072bc00000|  0%| F|  |TAMS 0x000000072ba00000| PB 0x000000072ba00000| Untracked |  0
|  87|0x000000072bc00000, 0x000000072bc00000, 0x000000072be00000|  0%| F|  |TAMS 0x000000072bc00000| PB 0x000000072bc00000| Untracked |  0
|  88|0x000000072be00000, 0x000000072be00000, 0x000000072c000000|  0%| F|  |TAMS 0x000000072be00000| PB 0x000000072be00000| Untracked |  0
|  89|0x000000072c000000, 0x000000072c000000, 0x000000072c200000|  0%| F|  |TAMS 0x000000072c000000| PB 0x000000072c000000| Untracked |  0
|  90|0x000000072c200000, 0x000000072c200000, 0x000000072c400000|  0%| F|  |TAMS 0x000000072c200000| PB 0x000000072c200000| Untracked |  0
|  91|0x000000072c400000, 0x000000072c400000, 0x000000072c600000|  0%| F|  |TAMS 0x000000072c400000| PB 0x000000072c400000| Untracked |  0
|  92|0x000000072c600000, 0x000000072c600000, 0x000000072c800000|  0%| F|  |TAMS 0x000000072c600000| PB 0x000000072c600000| Untracked |  0
|  93|0x000000072c800000, 0x000000072c800000, 0x000000072ca00000|  0%| F|  |TAMS 0x000000072c800000| PB 0x000000072c800000| Untracked |  0
|  94|0x000000072ca00000, 0x000000072ca00000, 0x000000072cc00000|  0%| F|  |TAMS 0x000000072ca00000| PB 0x000000072ca00000| Untracked |  0
|  95|0x000000072cc00000, 0x000000072cc00000, 0x000000072ce00000|  0%| F|  |TAMS 0x000000072cc00000| PB 0x000000072cc00000| Untracked |  0
|  96|0x000000072ce00000, 0x000000072ce00000, 0x000000072d000000|  0%| F|  |TAMS 0x000000072ce00000| PB 0x000000072ce00000| Untracked |  0
|  97|0x000000072d000000, 0x000000072d000000, 0x000000072d200000|  0%| F|  |TAMS 0x000000072d000000| PB 0x000000072d000000| Untracked |  0
|  98|0x000000072d200000, 0x000000072d200000, 0x000000072d400000|  0%| F|  |TAMS 0x000000072d200000| PB 0x000000072d200000| Untracked |  0
|  99|0x000000072d400000, 0x000000072d400000, 0x000000072d600000|  0%| F|  |TAMS 0x000000072d400000| PB 0x000000072d400000| Untracked |  0
| 100|0x000000072d600000, 0x000000072d600000, 0x000000072d800000|  0%| F|  |TAMS 0x000000072d600000| PB 0x000000072d600000| Untracked |  0
| 101|0x000000072d800000, 0x000000072d800000, 0x000000072da00000|  0%| F|  |TAMS 0x000000072d800000| PB 0x000000072d800000| Untracked |  0
| 102|0x000000072da00000, 0x000000072da00000, 0x000000072dc00000|  0%| F|  |TAMS 0x000000072da00000| PB 0x000000072da00000| Untracked |  0
| 103|0x000000072dc00000, 0x000000072dc00000, 0x000000072de00000|  0%| F|  |TAMS 0x000000072dc00000| PB 0x000000072dc00000| Untracked |  0
| 104|0x000000072de00000, 0x000000072e000000, 0x000000072e000000|100%| E|  |TAMS 0x000000072de00000| PB 0x000000072de00000| Complete |  0
| 105|0x000000072e000000, 0x000000072e07a240, 0x000000072e200000| 23%| S|CS|TAMS 0x000000072e000000| PB 0x000000072e000000| Complete |  0
| 106|0x000000072e200000, 0x000000072e400000, 0x000000072e400000|100%| E|  |TAMS 0x000000072e200000| PB 0x000000072e200000| Complete |  0
| 107|0x000000072e400000, 0x000000072e600000, 0x000000072e600000|100%| E|CS|TAMS 0x000000072e400000| PB 0x000000072e400000| Complete |  0
| 108|0x000000072e600000, 0x000000072e800000, 0x000000072e800000|100%| E|CS|TAMS 0x000000072e600000| PB 0x000000072e600000| Complete |  1
| 109|0x000000072e800000, 0x000000072ea00000, 0x000000072ea00000|100%| E|CS|TAMS 0x000000072e800000| PB 0x000000072e800000| Complete |  0
| 110|0x000000072ea00000, 0x000000072ec00000, 0x000000072ec00000|100%| E|CS|TAMS 0x000000072ea00000| PB 0x000000072ea00000| Complete |  0
| 111|0x000000072ec00000, 0x000000072ee00000, 0x000000072ee00000|100%| E|CS|TAMS 0x000000072ec00000| PB 0x000000072ec00000| Complete |  0

Card table byte_map: [0x00000159f8550000,0x00000159f8c50000] _byte_map_base: 0x00000159f4c49000

Marking Bits: (CMBitMap*) 0x00000159ef451a50
 Bits: [0x00000159f8c50000, 0x00000159fc418000)

Polling page: 0x00000159eebb0000

Metaspace:

Usage:
  Non-class:     11.47 MB used.
      Class:      1.49 MB used.
       Both:     12.96 MB used.

Virtual space:
  Non-class space:       64.00 MB reserved,      11.56 MB ( 18%) committed,  1 nodes.
      Class space:        1.00 GB reserved,       1.62 MB ( <1%) committed,  1 nodes.
             Both:        1.06 GB reserved,      13.19 MB (  1%) committed. 

Chunk freelists:
   Non-Class:  4.26 MB
       Class:  14.23 MB
        Both:  18.49 MB

MaxMetaspaceSize: unlimited
CompressedClassSpaceSize: 1.00 GB
Initial GC threshold: 21.00 MB
Current GC threshold: 21.00 MB
CDS: on
 - commit_granule_bytes: 65536.
 - commit_granule_words: 8192.
 - virtual_space_node_default_size: 8388608.
 - enlarge_chunks_in_place: 1.
 - use_allocation_guard: 0.


Internal statistics:

num_allocs_failed_limit: 0.
num_arena_births: 180.
num_arena_deaths: 0.
num_vsnodes_births: 2.
num_vsnodes_deaths: 0.
num_space_committed: 211.
num_space_uncommitted: 0.
num_chunks_returned_to_freelist: 0.
num_chunks_taken_from_freelist: 261.
num_chunk_merges: 0.
num_chunk_splits: 164.
num_chunks_enlarged: 92.
num_inconsistent_stats: 0.

CodeHeap 'non-profiled nmethods': size=120064Kb used=834Kb max_used=834Kb free=119229Kb
 bounds [0x0000015987ac0000, 0x0000015987d30000, 0x000001598f000000]
CodeHeap 'profiled nmethods': size=120000Kb used=3291Kb max_used=3291Kb free=116708Kb
 bounds [0x0000015980000000, 0x0000015980340000, 0x0000015987530000]
CodeHeap 'non-nmethods': size=5696Kb used=1679Kb max_used=1719Kb free=4016Kb
 bounds [0x0000015987530000, 0x00000159877a0000, 0x0000015987ac0000]
CodeCache: size=245760Kb, used=5804Kb, max_used=5844Kb, free=239953Kb
 total_blobs=3067, nmethods=2328, adapters=644, full_count=0
Compilation: enabled, stopped_count=0, restarted_count=0

Compilation events (20 events):
Event: 23.618 Thread 0x00000159fee5bed0 2316       3       java.awt.MultipleGradientPaint::getFractions (13 bytes)
Event: 23.618 Thread 0x00000159fee5bed0 nmethod 2316 0x0000015980334808 code [0x0000015980334920, 0x0000015980334a68]
Event: 23.618 Thread 0x00000159fee5bed0 2317       3       java.util.Arrays::copyOf (33 bytes)
Event: 23.618 Thread 0x00000159fee5bed0 nmethod 2317 0x0000015980334b08 code [0x0000015980334c40, 0x0000015980335048]
Event: 23.619 Thread 0x00000159fee58f30 2318       4       java.lang.StrictMath::ceil (10 bytes)
Event: 23.620 Thread 0x00000159fee58f30 nmethod 2318 0x0000015987b8f408 code [0x0000015987b8f540, 0x0000015987b8f650]
Event: 23.628 Thread 0x00000159fee5bed0 2319       3       java.awt.Component::getAccessControlContext (22 bytes)
Event: 23.628 Thread 0x00000159fee5bed0 nmethod 2319 0x0000015980335088 code [0x00000159803351c0, 0x0000015980335398]
Event: 23.634 Thread 0x00000159fee58f30 2320       4       java.awt.Rectangle::getWidth (6 bytes)
Event: 23.634 Thread 0x00000159fee58f30 nmethod 2320 0x0000015987b8f708 code [0x0000015987b8f800, 0x0000015987b8f888]
Event: 23.634 Thread 0x00000159fee58f30 2321       4       java.awt.Rectangle::getHeight (6 bytes)
Event: 23.635 Thread 0x00000159fee58f30 nmethod 2321 0x0000015987b8fa08 code [0x0000015987b8fb00, 0x0000015987b8fb88]
Event: 23.635 Thread 0x00000159fee5bed0 2322   !   3       sun.java2d.SunGraphics2D::fillRect (74 bytes)
Event: 23.636 Thread 0x00000159fee5bed0 nmethod 2322 0x0000015980335408 code [0x00000159803355a0, 0x0000015980335cd8]
Event: 23.636 Thread 0x00000159fee5bed0 2323       3       sun.java2d.pipe.ValidatePipe::fillRect (25 bytes)
Event: 23.637 Thread 0x00000159fee5bed0 nmethod 2323 0x0000015980335d08 code [0x0000015980335e80, 0x0000015980336388]
Event: 23.637 Thread 0x00000159fee5bed0 2324       3       sun.java2d.pipe.Region::isRectangular (13 bytes)
Event: 23.637 Thread 0x00000159fee5bed0 nmethod 2324 0x0000015980336408 code [0x0000015980336520, 0x0000015980336680]
Event: 23.652 Thread 0x00000159fee58f30 2325       4       java.awt.geom.RoundRectIterator::next (11 bytes)
Event: 23.653 Thread 0x00000159fee58f30 nmethod 2325 0x0000015987b8fd08 code [0x0000015987b8fe00, 0x0000015987b8fe78]

GC Heap History (10 events):
Event: 8.146 GC heap before
{Heap before GC invocations=0 (full 0):
 garbage-first heap   total reserved 3655680K, committed 229376K, used 118784K [0x0000000720e00000, 0x0000000800000000)
  region size 2048K, 8 young (16384K), 0 survivors (0K)
 Metaspace       used 12702K, committed 12928K, reserved 1114112K
  class space    used 1481K, committed 1600K, reserved 1048576K
}
Event: 8.167 GC heap after
{Heap after GC invocations=1 (full 0):
 garbage-first heap   total reserved 3655680K, committed 229376K, used 107960K [0x0000000720e00000, 0x0000000800000000)
  region size 2048K, 2 young (4096K), 2 survivors (4096K)
 Metaspace       used 12702K, committed 12928K, reserved 1114112K
  class space    used 1481K, committed 1600K, reserved 1048576K
}
Event: 8.272 GC heap before
{Heap before GC invocations=2 (full 0):
 garbage-first heap   total reserved 3655680K, committed 229376K, used 112056K [0x0000000720e00000, 0x0000000800000000)
  region size 2048K, 3 young (6144K), 2 survivors (4096K)
 Metaspace       used 12710K, committed 12928K, reserved 1114112K
  class space    used 1481K, committed 1600K, reserved 1048576K
}
Event: 8.281 GC heap after
{Heap after GC invocations=3 (full 0):
 garbage-first heap   total reserved 3655680K, committed 229376K, used 11967K [0x0000000720e00000, 0x0000000800000000)
  region size 2048K, 1 young (2048K), 1 survivors (2048K)
 Metaspace       used 12710K, committed 12928K, reserved 1114112K
  class space    used 1481K, committed 1600K, reserved 1048576K
}
Event: 11.148 GC heap before
{Heap before GC invocations=3 (full 0):
 garbage-first heap   total reserved 3655680K, committed 229376K, used 102079K [0x0000000720e00000, 0x0000000800000000)
  region size 2048K, 2 young (4096K), 1 survivors (2048K)
 Metaspace       used 12738K, committed 12928K, reserved 1114112K
  class space    used 1482K, committed 1600K, reserved 1048576K
}
Event: 11.150 GC heap after
{Heap after GC invocations=4 (full 0):
 garbage-first heap   total reserved 3655680K, committed 229376K, used 101950K [0x0000000720e00000, 0x0000000800000000)
  region size 2048K, 1 young (2048K), 1 survivors (2048K)
 Metaspace       used 12738K, committed 12928K, reserved 1114112K
  class space    used 1482K, committed 1600K, reserved 1048576K
}
Event: 11.276 GC heap before
{Heap before GC invocations=4 (full 0):
 garbage-first heap   total reserved 3655680K, committed 229376K, used 108094K [0x0000000720e00000, 0x0000000800000000)
  region size 2048K, 3 young (6144K), 1 survivors (2048K)
 Metaspace       used 12739K, committed 12928K, reserved 1114112K
  class space    used 1482K, committed 1600K, reserved 1048576K
}
Event: 11.278 GC heap after
{Heap after GC invocations=5 (full 0):
 garbage-first heap   total reserved 3655680K, committed 229376K, used 19962K [0x0000000720e00000, 0x0000000800000000)
  region size 2048K, 1 young (2048K), 1 survivors (2048K)
 Metaspace       used 12739K, committed 12928K, reserved 1114112K
  class space    used 1482K, committed 1600K, reserved 1048576K
}
Event: 13.760 GC heap before
{Heap before GC invocations=5 (full 0):
 garbage-first heap   total reserved 3655680K, committed 229376K, used 110074K [0x0000000720e00000, 0x0000000800000000)
  region size 2048K, 6 young (12288K), 1 survivors (2048K)
 Metaspace       used 13142K, committed 13376K, reserved 1114112K
  class space    used 1521K, committed 1664K, reserved 1048576K
}
Event: 13.762 GC heap after
{Heap after GC invocations=6 (full 0):
 garbage-first heap   total reserved 3655680K, committed 229376K, used 98250K [0x0000000720e00000, 0x0000000800000000)
  region size 2048K, 1 young (2048K), 1 survivors (2048K)
 Metaspace       used 13142K, committed 13376K, reserved 1114112K
  class space    used 1521K, committed 1664K, reserved 1048576K
}

Dll operation events (19 events):
Event: 0.019 Loaded shared library D:\Viola Yosevi\Application\Java\jdk-23\bin\java.dll
Event: 0.061 Loaded shared library D:\Viola Yosevi\Application\Java\jdk-23\bin\jsvml.dll
Event: 0.116 Loaded shared library D:\Viola Yosevi\Application\Java\jdk-23\bin\net.dll
Event: 0.118 Loaded shared library D:\Viola Yosevi\Application\Java\jdk-23\bin\nio.dll
Event: 0.161 Loaded shared library D:\Viola Yosevi\Application\Java\jdk-23\bin\zip.dll
Event: 0.204 Loaded shared library D:\Viola Yosevi\Application\Java\jdk-23\bin\jimage.dll
Event: 0.223 Loaded shared library D:\Viola Yosevi\Application\Java\jdk-23\bin\awt.dll
Event: 0.368 Loaded shared library D:\Viola Yosevi\Application\Java\jdk-23\bin\freetype.dll
Event: 0.368 Loaded shared library D:\Viola Yosevi\Application\Java\jdk-23\bin\fontmanager.dll
Event: 2.604 Loaded shared library D:\Viola Yosevi\Application\Java\jdk-23\bin\verify.dll
Event: 2.731 Loaded shared library C:\Users\user\AppData\Local\Temp\javacpp660432200654300\msvcr100.dll
Event: 2.750 Loaded shared library C:\Users\user\AppData\Local\Temp\javacpp660432200654300\msvcp100.dll
Event: 3.032 Loaded shared library C:\Users\user\AppData\Local\Temp\javacpp660432200654300\opencv_ffmpeg248_64.dll
Event: 3.085 Loaded shared library C:\Users\user\AppData\Local\Temp\javacpp660432200654300\opencv_core248.dll
Event: 3.129 Loaded shared library C:\Users\user\AppData\Local\Temp\javacpp660432200654300\opencv_imgproc248.dll
Event: 3.175 Loaded shared library C:\Users\user\AppData\Local\Temp\javacpp660432200654300\opencv_highgui248.dll
Event: 3.185 Loaded shared library C:\Users\user\AppData\Local\Temp\javacpp660432200654300\jniopencv_highgui.dll
Event: 5.038 Loaded shared library C:\Users\user\AppData\Local\Temp\javacpp660432200654300\jniopencv_core.dll
Event: 12.771 Loaded shared library D:\Viola Yosevi\Application\Java\jdk-23\bin\javajpeg.dll

Deoptimization events (20 events):
Event: 24.332 Thread 0x00000159dce44980 Uncommon trap: trap_request=0xffffff45 fr.pc=0x0000015987b84460 relative=0x00000000000000c0
Event: 24.332 Thread 0x00000159dce44980 Uncommon trap: reason=unstable_if action=reinterpret pc=0x0000015987b84460 method=View.Assesment.lambda$btnOpenEndoskopiActionPerformed$0()V @ 19 c2
Event: 24.332 Thread 0x00000159dce44980 DEOPT PACKING pc=0x0000015987b84460 sp=0x00000009234ff380
Event: 24.332 Thread 0x00000159dce44980 DEOPT UNPACKING pc=0x0000015987584402 sp=0x00000009234ff318 mode 2
Event: 24.334 Thread 0x00000159dce45010 Uncommon trap: trap_request=0xffffff45 fr.pc=0x0000015987b84460 relative=0x00000000000000c0
Event: 24.334 Thread 0x00000159dce45010 Uncommon trap: reason=unstable_if action=reinterpret pc=0x0000015987b84460 method=View.Assesment.lambda$btnOpenEndoskopiActionPerformed$0()V @ 19 c2
Event: 24.334 Thread 0x00000159dce45010 DEOPT PACKING pc=0x0000015987b84460 sp=0x0000000924dff6a0
Event: 24.334 Thread 0x00000159dce45010 DEOPT UNPACKING pc=0x0000015987584402 sp=0x0000000924dff638 mode 2
Event: 24.350 Thread 0x00000159dce41b90 Uncommon trap: trap_request=0xffffff45 fr.pc=0x0000015987b84460 relative=0x00000000000000c0
Event: 24.350 Thread 0x00000159dce41b90 Uncommon trap: reason=unstable_if action=reinterpret pc=0x0000015987b84460 method=View.Assesment.lambda$btnOpenEndoskopiActionPerformed$0()V @ 19 c2
Event: 24.350 Thread 0x00000159dce41b90 DEOPT PACKING pc=0x0000015987b84460 sp=0x00000009235ff4b0
Event: 24.350 Thread 0x00000159dce41b90 DEOPT UNPACKING pc=0x0000015987584402 sp=0x00000009235ff448 mode 2
Event: 24.354 Thread 0x00000159dce442f0 Uncommon trap: trap_request=0xffffff45 fr.pc=0x0000015987b7474c relative=0x00000000000000ac
Event: 24.354 Thread 0x00000159dce442f0 Uncommon trap: reason=unstable_if action=reinterpret pc=0x0000015987b7474c method=View.Assesment.lambda$btnOpenEndoskopiActionPerformed$0()V @ 19 c2
Event: 24.354 Thread 0x00000159dce442f0 DEOPT PACKING pc=0x0000015987b7474c sp=0x00000009233ff300
Event: 24.354 Thread 0x00000159dce442f0 DEOPT UNPACKING pc=0x0000015987584402 sp=0x00000009233ff2b8 mode 2
Event: 24.368 Thread 0x00000159dce428b0 Uncommon trap: trap_request=0xffffff45 fr.pc=0x0000015987b84460 relative=0x00000000000000c0
Event: 24.368 Thread 0x00000159dce428b0 Uncommon trap: reason=unstable_if action=reinterpret pc=0x0000015987b84460 method=View.Assesment.lambda$btnOpenEndoskopiActionPerformed$0()V @ 19 c2
Event: 24.368 Thread 0x00000159dce428b0 DEOPT PACKING pc=0x0000015987b84460 sp=0x0000000924cff400
Event: 24.368 Thread 0x00000159dce428b0 DEOPT UNPACKING pc=0x0000015987584402 sp=0x0000000924cff398 mode 2

Classes loaded (20 events):
Event: 12.769 Loading class sun/awt/image/ImageFetcher
Event: 12.769 Loading class sun/awt/image/ImageFetcher done
Event: 12.769 Loading class sun/awt/image/FetcherInfo
Event: 12.769 Loading class sun/awt/image/FetcherInfo done
Event: 12.769 Loading class sun/awt/image/ImageFetcher$1
Event: 12.769 Loading class sun/awt/image/ImageFetcher$1 done
Event: 12.770 Loading class sun/awt/image/JPEGImageDecoder
Event: 12.770 Loading class sun/awt/image/ImageDecoder
Event: 12.770 Loading class sun/awt/image/ImageDecoder done
Event: 12.770 Loading class sun/awt/image/JPEGImageDecoder done
Event: 12.770 Loading class sun/awt/image/JPEGImageDecoder$1
Event: 12.770 Loading class sun/awt/image/JPEGImageDecoder$1 done
Event: 12.791 Loading class java/awt/image/AreaAveragingScaleFilter
Event: 12.792 Loading class java/awt/image/ReplicateScaleFilter
Event: 12.792 Loading class java/awt/image/ImageFilter
Event: 12.792 Loading class java/awt/image/ImageFilter done
Event: 12.792 Loading class java/awt/image/ReplicateScaleFilter done
Event: 12.792 Loading class java/awt/image/AreaAveragingScaleFilter done
Event: 12.792 Loading class java/awt/image/FilteredImageSource
Event: 12.792 Loading class java/awt/image/FilteredImageSource done

Classes unloaded (0 events):
No events

Classes redefined (0 events):
No events

Internal exceptions (20 events):
Event: 0.410 Thread 0x00000159ed22cb70 Exception <a 'java/lang/ClassNotFoundException'{0x000000072e6566e0}: javax/swing/JTreeCell> (0x000000072e6566e0) 
thrown [s\open\src\hotspot\share\classfile\systemDictionary.cpp, line 313]
Event: 0.410 Thread 0x00000159ed22cb70 Exception <a 'java/lang/ClassNotFoundException'{0x000000072e6569e8}: TreeCell> (0x000000072e6569e8) 
thrown [s\open\src\hotspot\share\classfile\systemDictionary.cpp, line 313]
Event: 0.410 Thread 0x00000159ed22cb70 Exception <a 'java/lang/ClassNotFoundException'{0x000000072e6571a0}: RootPane> (0x000000072e6571a0) 
thrown [s\open\src\hotspot\share\classfile\systemDictionary.cpp, line 313]
Event: 0.412 Thread 0x00000159ed22cb70 Exception <a 'java/lang/ClassNotFoundException'{0x000000072e65a000}: com/sun/swing/internal/plaf/metal/resources/spi/metalProvider> (0x000000072e65a000) 
thrown [s\open\src\hotspot\share\classfile\systemDictionary.cpp, line 313]
Event: 0.413 Thread 0x00000159ed22cb70 Exception <a 'java/lang/ClassNotFoundException'{0x000000072e65dd30}: com/sun/swing/internal/plaf/basic/resources/spi/basicProvider> (0x000000072e65dd30) 
thrown [s\open\src\hotspot\share\classfile\systemDictionary.cpp, line 313]
Event: 0.661 Thread 0x00000159d4408920 Exception <a 'java/lang/ClassNotFoundException'{0x000000072e70c758}: com/sun/swing/internal/plaf/synth/resources/spi/synthProvider> (0x000000072e70c758) 
thrown [s\open\src\hotspot\share\classfile\systemDictionary.cpp, line 313]
Event: 0.685 Thread 0x00000159d4408920 Exception <a 'java/lang/NoSuchMethodError'{0x000000072e750208}: 'int java.lang.invoke.Invokers$Holder.invokeExact_MT(java.lang.Object, java.lang.Object)'> (0x000000072e750208) 
thrown [s\open\src\hotspot\share\interpreter\linkResolver.cpp, line 796]
Event: 0.700 Thread 0x00000159d4408920 Exception <a 'java/lang/NoSuchMethodError'{0x000000072e75e6b8}: 'java.lang.Object java.lang.invoke.DirectMethodHandle$Holder.newInvokeSpecial(java.lang.Object, java.lang.Object, int)'> (0x000000072e75e6b8) 
thrown [s\open\src\hotspot\share\interpreter\linkResolver.cpp, line 796]
Event: 0.702 Thread 0x00000159d4408920 Exception <a 'java/lang/NoSuchMethodError'{0x000000072e7edd28}: 'java.lang.Object java.lang.invoke.DirectMethodHandle$Holder.invokeStatic(java.lang.Object, java.lang.Object, java.lang.Object, java.lang.Object, int)'> (0x000000072e7edd28) 
thrown [s\open\src\hotspot\share\interpreter\linkResolver.cpp, line 796]
Event: 0.703 Thread 0x00000159d4408920 Exception <a 'java/lang/NoSuchMethodError'{0x000000072e7f6350}: 'int java.lang.invoke.DirectMethodHandle$Holder.invokeSpecial(java.lang.Object, java.lang.Object, java.lang.Object)'> (0x000000072e7f6350) 
thrown [s\open\src\hotspot\share\interpreter\linkResolver.cpp, line 796]
Event: 0.776 Thread 0x00000159d4340740 Exception <a 'java/lang/NoSuchMethodError'{0x000000072e889660}: 'void java.lang.invoke.DirectMethodHandle$Holder.invokeVirtual(java.lang.Object, java.lang.Object)'> (0x000000072e889660) 
thrown [s\open\src\hotspot\share\interpreter\linkResolver.cpp, line 796]
Event: 0.796 Thread 0x00000159d4408920 Exception <a 'java/lang/NoSuchMethodError'{0x000000072e483350}: 'void java.lang.invoke.DirectMethodHandle$Holder.invokeStaticInit(java.lang.Object)'> (0x000000072e483350) 
thrown [s\open\src\hotspot\share\interpreter\linkResolver.cpp, line 796]
Event: 2.611 Thread 0x00000159d4408920 Exception <a 'java/lang/NoSuchMethodError'{0x000000072e2de6c8}: 'int java.lang.invoke.DirectMethodHandle$Holder.invokeStaticInit(java.lang.Object, java.lang.Object, java.lang.Object, java.lang.Object)'> (0x000000072e2de6c8) 
thrown [s\open\src\hotspot\share\interpreter\linkResolver.cpp, line 796]
Event: 2.612 Thread 0x00000159d4408920 Exception <a 'java/lang/NoSuchMethodError'{0x000000072e2e7118}: 'java.lang.Object java.lang.invoke.DirectMethodHandle$Holder.invokeInterface(java.lang.Object, java.lang.Object)'> (0x000000072e2e7118) 
thrown [s\open\src\hotspot\share\interpreter\linkResolver.cpp, line 796]
Event: 2.612 Thread 0x00000159d4408920 Exception <a 'java/lang/IncompatibleClassChangeError'{0x000000072e2ea658}: Found class java.lang.Object, but interface was expected> (0x000000072e2ea658) 
thrown [s\open\src\hotspot\share\interpreter\linkResolver.cpp, line 863]
Event: 2.613 Thread 0x00000159d4408920 Exception <a 'java/lang/NoSuchMethodError'{0x000000072e2ed1b8}: 'void java.lang.invoke.DirectMethodHandle$Holder.invokeStatic(java.lang.Object, java.lang.Object)'> (0x000000072e2ed1b8) 
thrown [s\open\src\hotspot\share\interpreter\linkResolver.cpp, line 796]
Event: 2.613 Thread 0x00000159d4408920 Exception <a 'java/lang/NoSuchMethodError'{0x000000072e2f0568}: 'void java.lang.invoke.DirectMethodHandle$Holder.invokeStaticInit(java.lang.Object, java.lang.Object)'> (0x000000072e2f0568) 
thrown [s\open\src\hotspot\share\interpreter\linkResolver.cpp, line 796]
Event: 2.614 Thread 0x00000159d4408920 Exception <a 'java/lang/NoSuchMethodError'{0x000000072e2f5b00}: 'int java.lang.invoke.DirectMethodHandle$Holder.invokeStaticInit(java.lang.Object, java.lang.Object)'> (0x000000072e2f5b00) 
thrown [s\open\src\hotspot\share\interpreter\linkResolver.cpp, line 796]
Event: 2.661 Thread 0x00000159d4408920 Exception <a 'java/lang/NoSuchMethodError'{0x000000072e38ed08}: 'void java.lang.invoke.DirectMethodHandle$Holder.invokeStatic(java.lang.Object, int, java.lang.Object)'> (0x000000072e38ed08) 
thrown [s\open\src\hotspot\share\interpreter\linkResolver.cpp, line 796]
Event: 12.774 Thread 0x00000159dce42220 Exception <a 'java/lang/NoSuchMethodError'{0x000000072e80b418}: 'java.lang.Object java.lang.invoke.DirectMethodHandle$Holder.newInvokeSpecial(java.lang.Object, java.lang.Object, java.lang.Object, int, int, int, int, int)'> (0x000000072e80b418) 
thrown [s\open\src\hotspot\share\interpreter\linkResolver.cpp, line 796]

VM Operations (20 events):
Event: 5.219 Executing VM operation: HandshakeAllThreads (Deoptimize)
Event: 5.219 Executing VM operation: HandshakeAllThreads (Deoptimize) done
Event: 8.146 Executing VM operation: G1TryInitiateConcMark (G1 Humongous Allocation)
Event: 8.167 Executing VM operation: G1TryInitiateConcMark (G1 Humongous Allocation) done
Event: 8.184 Executing VM operation: G1PauseRemark
Event: 8.186 Executing VM operation: G1PauseRemark done
Event: 8.186 Executing VM operation: G1PauseCleanup
Event: 8.186 Executing VM operation: G1PauseCleanup done
Event: 8.272 Executing VM operation: G1TryInitiateConcMark (G1 Humongous Allocation)
Event: 8.281 Executing VM operation: G1TryInitiateConcMark (G1 Humongous Allocation) done
Event: 11.148 Executing VM operation: G1TryInitiateConcMark (G1 Humongous Allocation)
Event: 11.150 Executing VM operation: G1TryInitiateConcMark (G1 Humongous Allocation) done
Event: 11.276 Executing VM operation: G1TryInitiateConcMark (G1 Humongous Allocation)
Event: 11.278 Executing VM operation: G1TryInitiateConcMark (G1 Humongous Allocation) done
Event: 12.767 Executing VM operation: HandshakeAllThreads (Deoptimize)
Event: 12.767 Executing VM operation: HandshakeAllThreads (Deoptimize) done
Event: 12.792 Executing VM operation: HandshakeAllThreads (Deoptimize)
Event: 12.792 Executing VM operation: HandshakeAllThreads (Deoptimize) done
Event: 13.760 Executing VM operation: G1TryInitiateConcMark (G1 Humongous Allocation)
Event: 13.762 Executing VM operation: G1TryInitiateConcMark (G1 Humongous Allocation) done

Memory protections (0 events):
No events

Nmethod flushes (0 events):
No events

Events (20 events):
Event: 0.290 Thread 0x00000159ed22cb70 Thread added: 0x00000159d42e2050
Event: 0.291 Thread 0x00000159ed22cb70 Thread added: 0x00000159d433ab00
Event: 0.293 Thread 0x00000159ed22cb70 Thread added: 0x00000159d4340740
Event: 0.426 Thread 0x00000159ed22cb70 Thread added: 0x00000159d4408920
Event: 0.426 Thread 0x00000159ed22cb70 Thread exited: 0x00000159ed22cb70
Event: 0.426 Thread 0x00000159ed22cb70 Thread added: 0x00000159ed22cb70
Event: 0.955 Thread 0x00000159d4408920 Thread added: 0x00000159dcc57910
Event: 1.127 Thread 0x00000159d4408920 Thread added: 0x00000159dcdabf40
Event: 4.856 Thread 0x00000159d4408920 Thread added: 0x00000159dce43c60
Event: 12.770 Thread 0x00000159d4408920 Thread added: 0x00000159dce42220
Event: 12.800 Thread 0x00000159fee58f30 Thread added: 0x00000159d5f8d8a0
Event: 12.800 Thread 0x00000159fee58f30 Thread added: 0x00000159d5f8df60
Event: 12.923 Thread 0x00000159d5f8df60 Thread exited: 0x00000159d5f8df60
Event: 13.372 Thread 0x00000159d5f8d8a0 Thread exited: 0x00000159d5f8d8a0
Event: 15.682 Thread 0x00000159d4408920 Thread added: 0x00000159dce442f0
Event: 17.924 Thread 0x00000159dce42220 Thread exited: 0x00000159dce42220
Event: 22.592 Thread 0x00000159d4408920 Thread added: 0x00000159dce44980
Event: 22.861 Thread 0x00000159d4408920 Thread added: 0x00000159dce41b90
Event: 23.037 Thread 0x00000159d4408920 Thread added: 0x00000159dce428b0
Event: 23.208 Thread 0x00000159d4408920 Thread added: 0x00000159dce45010


Dynamic libraries:
0x00007ff7443a0000 - 0x00007ff7443b0000 	D:\Viola Yosevi\Application\Java\jdk-23\bin\java.exe
0x00007fff45250000 - 0x00007fff45467000 	C:\WINDOWS\SYSTEM32\ntdll.dll
0x00007ffefc190000 - 0x00007ffefc1aa000 	C:\Program Files\Avast Software\Avast\aswhook.dll
0x00007fff43120000 - 0x00007fff431e4000 	C:\WINDOWS\System32\KERNEL32.DLL
0x00007fff42720000 - 0x00007fff42ad9000 	C:\WINDOWS\System32\KERNELBASE.dll
0x00007fff425d0000 - 0x00007fff426e1000 	C:\WINDOWS\System32\ucrtbase.dll
0x00007ffef9840000 - 0x00007ffef985b000 	D:\Viola Yosevi\Application\Java\jdk-23\bin\VCRUNTIME140.dll
0x00007fff3d4c0000 - 0x00007fff3d4d7000 	D:\Viola Yosevi\Application\Java\jdk-23\bin\jli.dll
0x00007fff43660000 - 0x00007fff4380e000 	C:\WINDOWS\System32\USER32.dll
0x00007fff41870000 - 0x00007fff41b02000 	C:\WINDOWS\WinSxS\amd64_microsoft.windows.common-controls_6595b64144ccf1df_6.0.22621.4391_none_2715d37f73803e96\COMCTL32.dll
0x00007fff42b80000 - 0x00007fff42ba6000 	C:\WINDOWS\System32\win32u.dll
0x00007fff44b10000 - 0x00007fff44bb7000 	C:\WINDOWS\System32\msvcrt.dll
0x00007fff438d0000 - 0x00007fff438f9000 	C:\WINDOWS\System32\GDI32.dll
0x00007fff42c20000 - 0x00007fff42d3b000 	C:\WINDOWS\System32\gdi32full.dll
0x00007fff42ae0000 - 0x00007fff42b7a000 	C:\WINDOWS\System32\msvcp_win.dll
0x00007fff44ac0000 - 0x00007fff44af1000 	C:\WINDOWS\System32\IMM32.DLL
0x00007fff3ced0000 - 0x00007fff3cedc000 	D:\Viola Yosevi\Application\Java\jdk-23\bin\vcruntime140_1.dll
0x00007ffecbdf0000 - 0x00007ffecbe7e000 	D:\Viola Yosevi\Application\Java\jdk-23\bin\msvcp140.dll
0x00007ffeb0ba0000 - 0x00007ffeb18ef000 	D:\Viola Yosevi\Application\Java\jdk-23\bin\server\jvm.dll
0x00007fff43810000 - 0x00007fff438c2000 	C:\WINDOWS\System32\ADVAPI32.dll
0x00007fff449b0000 - 0x00007fff44a57000 	C:\WINDOWS\System32\sechost.dll
0x00007fff426f0000 - 0x00007fff42718000 	C:\WINDOWS\System32\bcrypt.dll
0x00007fff43210000 - 0x00007fff43324000 	C:\WINDOWS\System32\RPCRT4.dll
0x00007fff442d0000 - 0x00007fff44341000 	C:\WINDOWS\System32\WS2_32.dll
0x00007fff42420000 - 0x00007fff4246d000 	C:\WINDOWS\SYSTEM32\POWRPROF.dll
0x00007fff403c0000 - 0x00007fff403ca000 	C:\WINDOWS\SYSTEM32\VERSION.dll
0x00007fff3c710000 - 0x00007fff3c744000 	C:\WINDOWS\SYSTEM32\WINMM.dll
0x00007fff42400000 - 0x00007fff42413000 	C:\WINDOWS\SYSTEM32\UMPDC.dll
0x00007fff40640000 - 0x00007fff40658000 	C:\WINDOWS\SYSTEM32\kernel.appcore.dll
0x00007fff2d340000 - 0x00007fff2d34a000 	D:\Viola Yosevi\Application\Java\jdk-23\bin\jimage.dll
0x00007fff41dc0000 - 0x00007fff41ff2000 	C:\WINDOWS\SYSTEM32\DBGHELP.DLL
0x00007fff44520000 - 0x00007fff448af000 	C:\WINDOWS\System32\combase.dll
0x00007fff45040000 - 0x00007fff45117000 	C:\WINDOWS\System32\OLEAUT32.dll
0x00007fff41cb0000 - 0x00007fff41ce2000 	C:\WINDOWS\SYSTEM32\dbgcore.DLL
0x00007fff42550000 - 0x00007fff425cb000 	C:\WINDOWS\System32\bcryptPrimitives.dll
0x00007ffedf270000 - 0x00007ffedf28e000 	D:\Viola Yosevi\Application\Java\jdk-23\bin\java.dll
0x00007fff44360000 - 0x00007fff44505000 	C:\WINDOWS\System32\ole32.dll
0x00007fff43950000 - 0x00007fff441c6000 	C:\WINDOWS\System32\SHELL32.dll
0x00007fff3f510000 - 0x00007fff3fe13000 	C:\WINDOWS\SYSTEM32\windows.storage.dll
0x00007fff3f3d0000 - 0x00007fff3f50f000 	C:\WINDOWS\SYSTEM32\wintypes.dll
0x00007fff43020000 - 0x00007fff43119000 	C:\WINDOWS\System32\SHCORE.dll
0x00007fff448b0000 - 0x00007fff4490e000 	C:\WINDOWS\System32\shlwapi.dll
0x00007fff42480000 - 0x00007fff424ab000 	C:\WINDOWS\SYSTEM32\profapi.dll
0x00007ffecd250000 - 0x00007ffecd327000 	D:\Viola Yosevi\Application\Java\jdk-23\bin\jsvml.dll
0x00007fff2ce50000 - 0x00007fff2ce60000 	D:\Viola Yosevi\Application\Java\jdk-23\bin\net.dll
0x00007fff40a80000 - 0x00007fff40ae9000 	C:\WINDOWS\system32\mswsock.dll
0x00007ffedec10000 - 0x00007ffedec26000 	D:\Viola Yosevi\Application\Java\jdk-23\bin\nio.dll
0x00007ffece4c0000 - 0x00007ffece4d7000 	D:\Viola Yosevi\Application\Java\jdk-23\bin\zip.dll
0x00007ffecbe80000 - 0x00007ffecc00e000 	D:\Viola Yosevi\Application\Java\jdk-23\bin\awt.dll
0x00007fff3bda0000 - 0x00007fff3be37000 	C:\WINDOWS\SYSTEM32\apphelp.dll
0x00007fff3ebf0000 - 0x00007fff3eca1000 	C:\WINDOWS\system32\uxtheme.dll
0x00007fff43500000 - 0x00007fff43660000 	C:\WINDOWS\System32\MSCTF.dll
0x00007fff3ee50000 - 0x00007fff3ee7b000 	C:\WINDOWS\system32\DWMAPI.DLL
0x00007ffecbc60000 - 0x00007ffecbce7000 	D:\Viola Yosevi\Application\Java\jdk-23\bin\freetype.dll
0x00007ffec32a0000 - 0x00007ffec3377000 	D:\Viola Yosevi\Application\Java\jdk-23\bin\fontmanager.dll
0x00007ffecbcf0000 - 0x00007ffecbdf0000 	C:\WINDOWS\system32\opengl32.dll
0x00007ffecd4e0000 - 0x00007ffecd50d000 	C:\WINDOWS\SYSTEM32\GLU32.dll
0x00007fff3ed00000 - 0x00007fff3ed37000 	C:\WINDOWS\SYSTEM32\dxcore.dll
0x00007fff35700000 - 0x00007fff358a8000 	C:\WINDOWS\system32\d3d9.dll
0x00007fff39570000 - 0x00007fff395b9000 	C:\WINDOWS\SYSTEM32\directxdatabasehelper.dll
0x00007fff40d10000 - 0x00007fff40d22000 	C:\WINDOWS\SYSTEM32\msasn1.dll
0x00007fff39a20000 - 0x00007fff39a52000 	C:\WINDOWS\SYSTEM32\cryptnet.dll
0x00007fff42e00000 - 0x00007fff42f66000 	C:\WINDOWS\System32\CRYPT32.dll
0x00007fff41580000 - 0x00007fff4158c000 	C:\WINDOWS\SYSTEM32\cryptbase.dll
0x00007fff42bb0000 - 0x00007fff42c1c000 	C:\WINDOWS\System32\WINTRUST.DLL
0x00007fff44990000 - 0x00007fff449af000 	C:\WINDOWS\System32\imagehlp.dll
0x00007fff42100000 - 0x00007fff4211b000 	C:\WINDOWS\SYSTEM32\CRYPTSP.dll
0x00007fff405a0000 - 0x00007fff405d5000 	C:\WINDOWS\system32\rsaenh.dll
0x00007fff13580000 - 0x00007fff13630000 	C:\WINDOWS\System32\DriverStore\FileRepository\nvam.inf_amd64_4c9ded46d0fbe1f8\nvldumdx.dll
0x00007fff398b0000 - 0x00007fff39a12000 	C:\WINDOWS\SYSTEM32\drvstore.dll
0x00007fff42120000 - 0x00007fff4214c000 	C:\WINDOWS\SYSTEM32\devobj.dll
0x00007fff42150000 - 0x00007fff4219e000 	C:\WINDOWS\SYSTEM32\cfgmgr32.dll
0x00007fff41610000 - 0x00007fff41659000 	C:\WINDOWS\SYSTEM32\wldp.dll
0x00007ffea03c0000 - 0x00007ffea1b4c000 	C:\WINDOWS\System32\DriverStore\FileRepository\nvam.inf_amd64_4c9ded46d0fbe1f8\nvd3dumx.dll
0x00007ffefc230000 - 0x00007ffefc4f3000 	C:\WINDOWS\system32\nvspcap64.dll
0x00007fff41d80000 - 0x00007fff41db4000 	C:\WINDOWS\SYSTEM32\ntmarta.dll
0x00007fff40b10000 - 0x00007fff40b36000 	C:\WINDOWS\SYSTEM32\gpapi.dll
0x00007fff35d30000 - 0x00007fff35f0b000 	C:\WINDOWS\System32\DriverStore\FileRepository\u0361708.inf_amd64_7de6b99937f60751\B358199\aticfx64.dll
0x00007fff3b8c0000 - 0x00007fff3b8f3000 	C:\WINDOWS\System32\DriverStore\FileRepository\u0361708.inf_amd64_7de6b99937f60751\B358199\atiu9p64.dll
0x00007ffe9f720000 - 0x00007ffea03b6000 	C:\WINDOWS\System32\DriverStore\FileRepository\u0361708.inf_amd64_7de6b99937f60751\B358199\atiumd64.dll
0x0000000050320000 - 0x000000005119d000 	C:\WINDOWS\System32\DriverStore\FileRepository\u0361708.inf_amd64_7de6b99937f60751\B358199\atiumd6a.dll
0x00007fff3c7f0000 - 0x00007fff3c81f000 	C:\WINDOWS\SYSTEM32\amdihk64.dll
0x00007fff42f70000 - 0x00007fff43020000 	C:\WINDOWS\System32\clbcatq.dll
0x00007fff3ea00000 - 0x00007fff3ebb0000 	C:\WINDOWS\SYSTEM32\WindowsCodecs.dll
0x00007fff2e2c0000 - 0x00007fff2e31e000 	C:\WINDOWS\system32\dataexchange.dll
0x00007fff37590000 - 0x00007fff37834000 	C:\WINDOWS\system32\twinapi.appcore.dll
0x00007fff32510000 - 0x00007fff32655000 	C:\WINDOWS\SYSTEM32\textinputframework.dll
0x00007fff3b900000 - 0x00007fff3ba33000 	C:\WINDOWS\SYSTEM32\CoreMessaging.dll
0x00007fff33720000 - 0x00007fff33a8d000 	C:\WINDOWS\SYSTEM32\CoreUIComponents.dll
0x00007fff2c3c0000 - 0x00007fff2c3d0000 	D:\Viola Yosevi\Application\Java\jdk-23\bin\verify.dll
0x0000000050210000 - 0x00000000502e1000 	C:\Users\user\AppData\Local\Temp\javacpp660432200654300\msvcr100.dll
0x0000000050170000 - 0x0000000050208000 	C:\Users\user\AppData\Local\Temp\javacpp660432200654300\msvcp100.dll
0x0000000066840000 - 0x00000000676b4000 	C:\Users\user\AppData\Local\Temp\javacpp660432200654300\opencv_ffmpeg248_64.dll
0x00007fff299f0000 - 0x00007fff299f9000 	C:\WINDOWS\SYSTEM32\WSOCK32.dll
0x00007fff32660000 - 0x00007fff328d2000 	C:\Users\user\AppData\Local\Temp\javacpp660432200654300\opencv_core248.dll
0x00007ffef8140000 - 0x00007ffef83f2000 	C:\Users\user\AppData\Local\Temp\javacpp660432200654300\opencv_imgproc248.dll
0x00007ffefcb40000 - 0x00007ffefcd8d000 	C:\Users\user\AppData\Local\Temp\javacpp660432200654300\opencv_highgui248.dll
0x00007fff3b830000 - 0x00007fff3b85b000 	C:\WINDOWS\SYSTEM32\MSVFW32.dll
0x00007fff3b870000 - 0x00007fff3b88a000 	C:\WINDOWS\SYSTEM32\AVICAP32.dll
0x00007fff3b890000 - 0x00007fff3b8b4000 	C:\WINDOWS\SYSTEM32\AVIFIL32.dll
0x00007fff39450000 - 0x00007fff3946e000 	C:\WINDOWS\SYSTEM32\MSACM32.dll
0x00007fff3b780000 - 0x00007fff3b793000 	C:\Users\user\AppData\Local\Temp\javacpp660432200654300\jniopencv_highgui.dll
0x00007fff3d800000 - 0x00007fff3d821000 	C:\Windows\System32\devenum.dll
0x00007fff44bc0000 - 0x00007fff45034000 	C:\WINDOWS\System32\setupapi.dll
0x00007fff3d480000 - 0x00007fff3d48b000 	C:\WINDOWS\SYSTEM32\msdmo.dll
0x00007fff3b740000 - 0x00007fff3b779000 	C:\Windows\System32\qcap.dll
0x00007fff32a50000 - 0x00007fff32c37000 	C:\Windows\System32\quartz.dll
0x00007fff3c7b0000 - 0x00007fff3c7eb000 	C:\Windows\System32\mfksproxy.dll
0x00007fff30870000 - 0x00007fff3088e000 	C:\Windows\System32\ATL.DLL
0x00007fff2cfa0000 - 0x00007fff2d16e000 	C:\Windows\System32\MFPlat.DLL
0x00007fff3cdd0000 - 0x00007fff3ce03000 	C:\Windows\System32\RTWorkQ.DLL
0x00007ffedeea0000 - 0x00007ffedf23b000 	C:\Windows\System32\MFCORE.dll
0x00007ffec0b30000 - 0x00007ffec0bce000 	C:\Windows\System32\FrameServerClient.dll
0x00007fff3ce30000 - 0x00007fff3ceaf000 	C:\Windows\System32\MFSENSORGROUP.dll
0x00007fff3cff0000 - 0x00007fff3cffb000 	C:\Windows\System32\AVRT.dll
0x00007ffec0a90000 - 0x00007ffec0b25000 	C:\Windows\System32\Windows.Media.MediaControl.dll
0x00007fff34c40000 - 0x00007fff34cde000 	C:\Windows\System32\MMDevAPI.DLL
0x00007ffec0cd0000 - 0x00007ffec0df1000 	C:\Windows\System32\MFReadWrite.dll
0x00007fff15a00000 - 0x00007fff15a26000 	C:\Windows\System32\kswdmcap.ax
0x00007fff41d00000 - 0x00007fff41d0f000 	C:\Windows\System32\vidcap.ax
0x00007fff3a0b0000 - 0x00007fff3a15f000 	C:\Windows\System32\qedit.dll
0x00007fff441d0000 - 0x00007fff442cf000 	C:\WINDOWS\System32\COMDLG32.dll
0x00007fff2b800000 - 0x00007fff2b9ba000 	C:\WINDOWS\WinSxS\amd64_microsoft.windows.gdiplus_6595b64144ccf1df_1.1.22621.4455_none_57fc69f8ce16b9dd\gdiplus.dll
0x00007fff132a0000 - 0x00007fff1339e000 	C:\Windows\System32\DDRAW.dll
0x00007fff3ba60000 - 0x00007fff3ba69000 	C:\Windows\System32\DCIMAN32.dll
0x00007fff3ed40000 - 0x00007fff3ee37000 	C:\Windows\System32\dxgi.dll
0x00007ffef9a80000 - 0x00007ffef9c9d000 	C:\Program Files (x86)\K-Lite Codec Pack\Filters\DirectVobSub64\vsfilter.dll
0x00007fff257d0000 - 0x00007fff25cce000 	C:\WINDOWS\SYSTEM32\WININET.dll

dbghelp: loaded successfully - version: 4.0.5 - missing functions: none
symbol engine: initialized successfully - sym options: 0x614 - pdb path: .;D:\Viola Yosevi\Application\Java\jdk-23\bin;C:\WINDOWS\SYSTEM32;C:\Program Files\Avast Software\Avast;C:\WINDOWS\WinSxS\amd64_microsoft.windows.common-controls_6595b64144ccf1df_6.0.22621.4391_none_2715d37f73803e96;D:\Viola Yosevi\Application\Java\jdk-23\bin\server;C:\WINDOWS\System32\DriverStore\FileRepository\nvam.inf_amd64_4c9ded46d0fbe1f8;C:\WINDOWS\System32\DriverStore\FileRepository\u0361708.inf_amd64_7de6b99937f60751\B358199;C:\Users\user\AppData\Local\Temp\javacpp660432200654300;C:\WINDOWS\WinSxS\amd64_microsoft.windows.gdiplus_6595b64144ccf1df_1.1.22621.4455_none_57fc69f8ce16b9dd;C:\Program Files (x86)\K-Lite Codec Pack\Filters\DirectVobSub64

VM Arguments:
jvm_args: -Dfile.encoding=UTF-8 --module-path=D:\Viola Yosevi\Java Projects\Med1_Endoskopi\build\classes 
java_command: View.Assesment
java_class_path (initial): D:\Viola Yosevi\Components\jCalendar\lib\jcalendar-1.4.jar;E:\APK DOWNLOAD\mysql-connector-j-9.1.0\mysql-connector-j-9.1.0.jar;E:\APK DOWNLOAD\javacv-bin\javacpp.jar;E:\APK DOWNLOAD\javacv-bin\javacv-windows-x86.jar;E:\APK DOWNLOAD\javacv-bin\javacv-windows-x86_64.jar;E:\APK DOWNLOAD\javacv-bin\javacv.jar;E:\APK DOWNLOAD\javacv-cppjars\ffmpeg-2.1.1-windows-x86.jar;E:\APK DOWNLOAD\javacv-cppjars\ffmpeg-2.1.1-windows-x86_64.jar;E:\APK DOWNLOAD\javacv-cppjars\opencv-2.4.8-windows-x86.jar;E:\APK DOWNLOAD\javacv-cppjars\opencv-2.4.8-windows-x86_64.jar;D:\Viola Yosevi\Java Projects\Med1_Endoskopi\build\classes
Launcher Type: SUN_STANDARD

[Global flags]
     intx CICompilerCount                          = 4                                         {product} {ergonomic}
     uint ConcGCThreads                            = 2                                         {product} {ergonomic}
     uint G1ConcRefinementThreads                  = 8                                         {product} {ergonomic}
   size_t G1HeapRegionSize                         = 2097152                                   {product} {ergonomic}
   size_t InitialHeapSize                          = 234881024                                 {product} {ergonomic}
   size_t MarkStackSize                            = 4194304                                   {product} {ergonomic}
   size_t MarkStackSizeMax                         = 536870912                                 {product} {ergonomic}
   size_t MaxHeapSize                              = 3743416320                                {product} {ergonomic}
   size_t MaxNewSize                               = 2246049792                                {product} {ergonomic}
   size_t MinHeapDeltaBytes                        = 2097152                                   {product} {ergonomic}
   size_t MinHeapSize                              = 8388608                                   {product} {ergonomic}
    uintx NonNMethodCodeHeapSize                   = 5832704                                {pd product} {ergonomic}
    uintx NonProfiledCodeHeapSize                  = 122945536                              {pd product} {ergonomic}
    uintx ProfiledCodeHeapSize                     = 122880000                              {pd product} {ergonomic}
    uintx ReservedCodeCacheSize                    = 251658240                              {pd product} {ergonomic}
     bool SegmentedCodeCache                       = true                                      {product} {ergonomic}
   size_t SoftMaxHeapSize                          = 3743416320                             {manageable} {ergonomic}
     bool UseCompressedOops                        = true                           {product lp64_product} {ergonomic}
     bool UseG1GC                                  = true                                      {product} {ergonomic}
     bool UseLargePagesIndividualAllocation        = false                                  {pd product} {ergonomic}

Logging:
Log output configuration:
 #0: stdout all=warning uptime,level,tags foldmultilines=false
 #1: stderr all=off uptime,level,tags foldmultilines=false

Environment Variables:
JAVA_HOME=D:\Viola Yosevi\Application\Java\jdk-23
PATH=C:\Program Files\Common Files\Oracle\Java\javapath;C:\Windows\system32;C:\Windows;C:\Windows\System32\Wbem;C:\Windows\System32\WindowsPowerShell\v1.0\;C:\Windows\System32\OpenSSH\;C:\Program Files (x86)\NVIDIA Corporation\PhysX\Common;C:\Program Files\NVIDIA Corporation\NVIDIA NvDLISR;D:\Viola Yosevi\Application\Git\cmd;C:\WINDOWS\system32;C:\WINDOWS;C:\WINDOWS\System32\Wbem;C:\WINDOWS\System32\WindowsPowerShell\v1.0\;C:\WINDOWS\System32\OpenSSH\;C:\ProgramData\ComposerSetup\bin;D:\Viola Yosevi\Application\xampp\php;D:\Viola Yosevi\Application\nvm;D:\Viola Yosevi\Application\NodeJs;C:\Users\user\AppData\Local\Programs\Python\Python312\Scripts\;C:\Users\user\AppData\Local\Programs\Python\Python312;D:\Xampp Version 5\php;D:\Viola Yosevi\xampp\php;D:\Viola Yosevi\Application\OpenSSL-Win64\bin;C:\Program Files (x86)\Microsoft SQL Server\160\Tools\Binn\;C:\Program Files\Microsoft SQL Server\160\Tools\Binn\;C:\Program Files\Microsoft SQL Server\Client SDK\ODBC\170\Tools\Binn\;C:\Program Files\Microsoft SQL Server\160\DTS\Binn\;C:\Program Files (x86)\Microsoft SQL Server\160\DTS\Binn\;D:\Viola Yosevi\Application\NodeJs\;C:\ProgramData\chocolatey\bin;D:\Viola Yosevi\Application\flutter\bin;D:\Viola Yosevi\Application\flutter\bin\cache\dart-sdk\bin;D:\Viola Yosevi\Application\nvm;D:\Viola Yosevi\Application\SQLite\sqlite;E:\APK DOWNLOAD\opencv\build\x64\vc16\bin;C:\Users\user\AppData\Local\Programs\Python\Launcher\;C:\Users\user\AppData\Local\Microsoft\WindowsApps;D:\Viola Yosevi\Application\Microsoft VS Code\bin;D:\Viola Yosevi\Application\xampp\php;C:\Users\user\AppData\Roaming\npm;C:\Users\user\AppData\Roaming\Composer\vendor\bin;D:\Viola Yosevi\Application\nvm;D:\Viola Yosevi\Application\NodeJs;C:\Users\user\AppData\Local\Programs\Python\Python312;C:\Users\user\AppData\Local\Programs\Python\Python312\Scripts\;C:\Users\user\AppData\Local\GitHubDesktop\bin
USERNAME=user
OS=Windows_NT
PROCESSOR_IDENTIFIER=AMD64 Family 23 Model 24 Stepping 1, AuthenticAMD
TMP=C:\Users\user\AppData\Local\Temp
TEMP=C:\Users\user\AppData\Local\Temp




Periodic native trim disabled

---------------  S Y S T E M  ---------------

OS:
 Windows 11 , 64 bit Build 22621 (10.0.22621.4391)
OS uptime: 7 days 15:27 hours
Hyper-V role detected

CPU: total 8 (initial active 8) (8 cores per cpu, 2 threads per core) family 23 model 24 stepping 1 microcode 0x0, cx8, cmov, fxsr, ht, mmx, 3dnowpref, sse, sse2, sse3, ssse3, sse4a, sse4.1, sse4.2, popcnt, lzcnt, tsc, tscinvbit, avx, avx2, aes, clmul, bmi1, bmi2, adx, sha, fma, vzeroupper, clflush, clflushopt, hv, rdtscp, f16c
Processor Information for processor 0
  Max Mhz: 2100, Current Mhz: 2100, Mhz Limit: 2100
Processor Information for processor 1
  Max Mhz: 2100, Current Mhz: 2100, Mhz Limit: 2100
Processor Information for processor 2
  Max Mhz: 2100, Current Mhz: 2100, Mhz Limit: 2100
Processor Information for processor 3
  Max Mhz: 2100, Current Mhz: 2100, Mhz Limit: 2100
Processor Information for processor 4
  Max Mhz: 2100, Current Mhz: 1400, Mhz Limit: 2100
Processor Information for processor 5
  Max Mhz: 2100, Current Mhz: 1400, Mhz Limit: 2100
Processor Information for processor 6
  Max Mhz: 2100, Current Mhz: 2100, Mhz Limit: 2100
Processor Information for processor 7
  Max Mhz: 2100, Current Mhz: 2100, Mhz Limit: 2100

Memory: 4k page, system-wide physical 14273M (5622M free)
TotalPageFile size 28097M (AvailPageFile size 17166M)
current process WorkingSet (physical memory assigned to process): 262M, peak: 277M
current process commit charge ("private bytes"): 446M, peak: 539M

vm_info: Java HotSpot(TM) 64-Bit Server VM (23+37-2369) for windows-amd64 JRE (23+37-2369), built on 2024-08-20T16:01:23Z with MS VC++ 17.6 (VS2022)

END.
