#
# A fatal error has been detected by the Java Runtime Environment:
#
#  EXCEPTION_ACCESS_VIOLATION (0xc0000005) at pc=0x0000000000000000, pid=22968, tid=12788
#
# JRE version: Java(TM) SE Runtime Environment (23.0+37) (build 23+37-2369)
# Java VM: Java HotSpot(TM) 64-Bit Server VM (23+37-2369, mixed mode, sharing, tiered, compressed oops, compressed class ptrs, g1 gc, windows-amd64)
# Problematic frame:
# C  [opencv_highgui248.dll+0x13c69]
#
# No core dump will be written. Minidumps are not enabled by default on client versions of Windows
#
# If you would like to submit a bug report, please visit:
#   https://bugreport.java.com/bugreport/crash.jsp
# The crash happened outside the Java Virtual Machine in native code.
# See problematic frame for where to report the bug.
#

---------------  S U M M A R Y ------------

Command Line: -Dfile.encoding=UTF-8 --module-path=D:\Viola Yosevi\Java Projects\Med1_Endoskopi\build\classes View.Assesment

Host: AMD Ryzen 5 3550H with Radeon Vega Mobile Gfx  , 8 cores, 13G,  Windows 11 , 64 bit Build 22621 (10.0.22621.4391)
Time: Tue Jan  7 15:42:56 2025 SE Asia Standard Time elapsed time: 54.426354 seconds (0d 0h 0m 54s)

---------------  T H R E A D  ---------------

Current thread (0x00000209ef8b8c60):  JavaThread "Thread-0"         [_thread_in_native, id=12788, stack(0x0000003425200000,0x0000003425300000) (1024K)]

Stack: [0x0000003425200000,0x0000003425300000],  sp=0x00000034252feef0,  free space=1019k
Native frames: (J=compiled Java code, j=interpreted, Vv=VM code, C=native code)

Java frames: (J=compiled Java code, j=interpreted, Vv=VM code)
j  com.googlecode.javacv.cpp.opencv_highgui.cvReleaseCapture(Lcom/googlecode/javacv/cpp/opencv_highgui$CvCapture;)V+0
j  com.googlecode.javacv.OpenCVFrameGrabber.stop()V+11
j  View.Assesment.lambda$CameraViewer$0(Lcom/googlecode/javacv/CanvasFrame;)V+79
j  View.Assesment$$Lambda+0x00000209811baee0.run()V+8
j  java.lang.Thread.runWith(Ljava/lang/Object;Ljava/lang/Runnable;)V+5 java.base@23
j  java.lang.Thread.run()V+19 java.base@23
v  ~StubRoutines::call_stub 0x00000209dc330fcd

siginfo: EXCEPTION_ACCESS_VIOLATION (0xc0000005), data execution prevention violation at address 0x0000000000000000


Registers:
RAX=0x00000209c9ecef60, RBX=0x00000209c9ecae30, RCX=0x00000209c9eca760, RDX=0x0000000000000000
RSP=0x00000034252feee8, RBP=0x00007ff968afe690, RSI=0x0000000000000000, RDI=0x00000209c9ecae30
R8 =0x0000000000000001, R9 =0x00000007275d2878, R10=0x00007ff978d58ec0, R11=0x000000000000000e
R12=0x0000000000000000, R13=0x00000209c1f07d80, R14=0x00000034252ff0d0, R15=0x00000209ef8b8c60
RIP=0x0000000000000000, EFLAGS=0x0000000000010246


Register to memory mapping:

RAX=0x00000209c9ecef60 points into unknown readable memory: 0x00000209c9e45450 | 50 54 e4 c9 09 02 00 00
RBX=0x00000209c9ecae30 points into unknown readable memory: 0x00000280000e1000 | 00 10 0e 00 80 02 00 00
RCX=0x00000209c9eca760 points into unknown readable memory: 0x00000209c9ecef60 | 60 ef ec c9 09 02 00 00
RDX=0x0 is null
RSP=0x00000034252feee8 is pointing into the stack for thread: 0x00000209ef8b8c60
RBP=0x00007ff968afe690 opencv_highgui248.dll
RSI=0x0 is null
RDI=0x00000209c9ecae30 points into unknown readable memory: 0x00000280000e1000 | 00 10 0e 00 80 02 00 00
R8 =0x0000000000000001 is an unknown value
R9 =0x00000007275d2878 is an oop: com.googlecode.javacv.cpp.opencv_highgui$CvCapture 
{0x00000007275d2878} - klass: 'com/googlecode/javacv/cpp/opencv_highgui$CvCapture'
 - ---- fields (total size 5 words):
 - protected 'position' 'I' @12  0 (0x00000000)
 - protected 'address' 'J' @16  2241065686896 (0x00000209c9ec9770)
 - protected 'limit' 'I' @24  0 (0x00000000)
 - protected 'capacity' 'I' @28  0 (0x00000000)
 - private 'deallocator' 'Lcom/googlecode/javacpp/Pointer$Deallocator;' @32  null (0x00000000)
R10=0x00007ff978d58ec0 jvm.dll
R11=0x000000000000000e is an unknown value
R12=0x0 is null
R13=0x00000209c1f07d80 is pointing into metadata
R14=0x00000034252ff0d0 is pointing into the stack for thread: 0x00000209ef8b8c60
R15=0x00000209ef8b8c60 is a thread

Top of Stack: (sp=0x00000034252feee8)
0x00000034252feee8:   00007ff9688e3c69 00000209c9ecae30
0x00000034252feef8:   00007ff968afe690 0000000000000000
0x00000034252fef08:   00000209c1405cb7 00000209c9ec9770
0x00000034252fef18:   00007ff9688e86aa 00000209c9ecae30
0x00000034252fef28:   00007ff9784b51cd 00000209c1435080
0x00000034252fef38:   00000000000000b6 fffffffffffffffe
0x00000034252fef48:   00000209ef5912f8 00000209c9ec9770
0x00000034252fef58:   00007ff9688e8bac 00000209dc338700
0x00000034252fef68:   0000000000000001 00000034252ff0b0
0x00000034252fef78:   00000209ef8b9020 fffffffffffffffe
0x00000034252fef88:   000002098048a728 00000034252ff0d0
0x00000034252fef98:   00007ff9688d104f 00000209c9ec9770
0x00000034252fefa8:   0000000000000000 00000034252fefd8
0x00000034252fefb8:   00000034252ff028 00000209c9ec9770
0x00000034252fefc8:   00000209c9ec9770 00000034252ff090
0x00000034252fefd8:   00000209d4f9aed4 fffffffffffffff7
0x00000034252fefe8:   00007ff9c9af6b4a 00000034252ff058
0x00000034252feff8:   0000020980491ae8 0000000000000000
0x00000034252ff008:   0000000720fec4f0 00000209804910f8
0x00000034252ff018:   fffffffffffffffe 0000000000003954
0x00000034252ff028:   0000000000000001 00000209c1f07d88
0x00000034252ff038:   00000209dc33d207 00000209ef8b9020
0x00000034252ff048:   fffffffffffffff7 00000034252ff0d0
0x00000034252ff058:   00000209c9ec9770 0000020980491ae8
0x00000034252ff068:   fffffffffffffff7 0000000000000000
0x00000034252ff078:   0000000000000004 00000209c1f09060
0x00000034252ff088:   0000000000000000 00000007276eecb8
0x00000034252ff098:   00000209c1f07d88 0000000000000000
0x00000034252ff0a8:   00000034252ff0d0 00000034252ff120
0x00000034252ff0b8:   00000209dc338700 00000007276eecb8
0x00000034252ff0c8:   00000209dc33a5d7 00000007275d2878
0x00000034252ff0d8:   fffffffffffffff7 00000209c143505b 

Instructions: (pc=0x00007ff9688e3c69)
0x00007ff9688e3b69:   50 01 00 00 48 8d 0d b4 43 11 00 ff 15 06 1a 11
0x00007ff9688e3b79:   00 48 8b 4c 24 20 48 8b 11 ff 52 10 48 8b 4c 24
0x00007ff9688e3b89:   28 48 89 74 24 20 48 8b 01 ff 50 10 85 db 0f 84
0x00007ff9688e3b99:   d3 fe ff ff eb 28 40 38 35 66 17 21 00 74 1f 48
0x00007ff9688e3ba9:   8d 0d 51 43 11 00 eb 10 40 38 35 54 17 21 00 74
0x00007ff9688e3bb9:   0d 48 8d 0d 17 43 11 00 ff 15 b9 19 11 00 48 8b
0x00007ff9688e3bc9:   8c 24 50 02 00 00 48 33 cc e8 59 65 0f 00 4c 8d
0x00007ff9688e3bd9:   9c 24 60 02 00 00 49 8b 5b 18 49 8b 73 20 49 8b
0x00007ff9688e3be9:   e3 5f c3 cc cc cc cc 40 53 48 83 ec 20 80 b9 9c
0x00007ff9688e3bf9:   00 00 00 00 48 8b d9 0f 84 55 03 00 00 80 3d ff
0x00007ff9688e3c09:   16 21 00 00 48 89 7c 24 30 74 13 8b 91 b0 00 00
0x00007ff9688e3c19:   00 48 8d 0d 37 45 11 00 ff 15 59 19 11 00 48 83
0x00007ff9688e3c29:   bb 90 00 00 00 00 74 70 48 8b 4b 60 48 85 c9 74
0x00007ff9688e3c39:   67 48 8b 01 33 d2 44 8d 42 01 ff 50 48 80 3d bf
0x00007ff9688e3c49:   16 21 00 00 74 0d 48 8d 0d da 44 11 00 ff 15 24
0x00007ff9688e3c59:   19 11 00 48 8b 8b 90 00 00 00 48 8b 01 ff 50 10
0x00007ff9688e3c69:   80 bb 9b 00 00 00 00 74 18 48 8b 8b b8 03 00 00
0x00007ff9688e3c79:   e8 f0 65 0f 00 48 8b 8b c0 03 00 00 e8 e4 65 0f
0x00007ff9688e3c89:   00 48 8b 8b 90 00 00 00 48 85 c9 74 0b 48 8b 01
0x00007ff9688e3c99:   ba 01 00 00 00 ff 50 28 48 8b 4b 38 48 85 c9 74
0x00007ff9688e3ca9:   44 48 8b 01 ff 50 40 85 c0 79 16 80 3d 51 16 21
0x00007ff9688e3cb9:   00 00 74 0d 48 8d 0d 44 44 11 00 ff 15 b6 18 11
0x00007ff9688e3cc9:   00 48 8b 4b 38 48 8b 01 ff 50 48 85 c0 79 16 80
0x00007ff9688e3cd9:   3d 2d 16 21 00 00 74 0d 48 8d 0d f8 43 11 00 ff
0x00007ff9688e3ce9:   15 92 18 11 00 48 8b 53 40 48 85 d2 74 08 48 8b
0x00007ff9688e3cf9:   cb e8 e1 fb ff ff 33 ff 48 39 7b 50 74 24 40 38
0x00007ff9688e3d09:   3d fe 15 21 00 74 0d 48 8d 0d a9 43 11 00 ff 15
0x00007ff9688e3d19:   63 18 11 00 48 8b 4b 50 48 8b 01 ff 50 10 48 89
0x00007ff9688e3d29:   7b 50 48 39 7b 40 74 24 40 38 3d d4 15 21 00 74
0x00007ff9688e3d39:   0d 48 8d 0d 5f 43 11 00 ff 15 39 18 11 00 48 8b
0x00007ff9688e3d49:   4b 40 48 8b 01 ff 50 10 48 89 7b 40 48 39 7b 48
0x00007ff9688e3d59:   74 24 40 38 3d aa 15 21 00 74 0d 48 8d 0d 0d 43 


Stack slot to memory mapping:

stack at sp + 0 slots: 0x00000209c9ecae30 points into unknown readable memory: 0x00000280000e1000 | 00 10 0e 00 80 02 00 00
stack at sp + 1 slots: 0x00007ff968afe690 opencv_highgui248.dll
stack at sp + 2 slots: 0x0 is null
stack at sp + 3 slots: 0x00000209c1405cb7 is pointing into metadata
stack at sp + 4 slots: 0x00000209c9ec9770 points into unknown readable memory: 0x00007ff9689f86d8 | d8 86 9f 68 f9 7f 00 00
stack at sp + 5 slots: 0x00007ff9688e86aa opencv_highgui248.dll
stack at sp + 6 slots: 0x00000209c9ecae30 points into unknown readable memory: 0x00000280000e1000 | 00 10 0e 00 80 02 00 00
stack at sp + 7 slots: 0x00007ff9784b51cd jvm.dll

Lock stack of current Java thread (top to bottom):


---------------  P R O C E S S  ---------------

Threads class SMR info:
_java_thread_list=0x00000209efa90f20, length=19, elements={
0x00000209eb1278f0, 0x00000209eb129820, 0x00000209eb12d9f0, 0x00000209eb12e6d0,
0x00000209eb132280, 0x00000209eb1368e0, 0x00000209eb13f290, 0x00000209eb13fe70,
0x00000209c50dc590, 0x00000209c51a0e40, 0x00000209c540df20, 0x00000209c540e590,
0x00000209c53f5c90, 0x00000209c55cc3d0, 0x00000209ca43d290, 0x00000209ef4fdb90,
0x00000209ef690530, 0x00000209ef6a0fa0, 0x00000209ef8b8c60
}

Java Threads: ( => current thread )
  0x00000209eb1278f0 JavaThread "Reference Handler"          daemon [_thread_blocked, id=532, stack(0x0000003423600000,0x0000003423700000) (1024K)]
  0x00000209eb129820 JavaThread "Finalizer"                  daemon [_thread_blocked, id=24352, stack(0x0000003423700000,0x0000003423800000) (1024K)]
  0x00000209eb12d9f0 JavaThread "Signal Dispatcher"          daemon [_thread_blocked, id=1164, stack(0x0000003423800000,0x0000003423900000) (1024K)]
  0x00000209eb12e6d0 JavaThread "Attach Listener"            daemon [_thread_blocked, id=11756, stack(0x0000003423900000,0x0000003423a00000) (1024K)]
  0x00000209eb132280 JavaThread "Service Thread"             daemon [_thread_blocked, id=14408, stack(0x0000003423a00000,0x0000003423b00000) (1024K)]
  0x00000209eb1368e0 JavaThread "Monitor Deflation Thread"   daemon [_thread_blocked, id=21212, stack(0x0000003423b00000,0x0000003423c00000) (1024K)]
  0x00000209eb13f290 JavaThread "C2 CompilerThread0"         daemon [_thread_blocked, id=18376, stack(0x0000003423c00000,0x0000003423d00000) (1024K)]
  0x00000209eb13fe70 JavaThread "C1 CompilerThread0"         daemon [_thread_blocked, id=1112, stack(0x0000003423d00000,0x0000003423e00000) (1024K)]
  0x00000209c50dc590 JavaThread "Common-Cleaner"             daemon [_thread_blocked, id=18956, stack(0x0000003423e00000,0x0000003423f00000) (1024K)]
  0x00000209c51a0e40 JavaThread "Notification Thread"        daemon [_thread_blocked, id=22392, stack(0x0000003423f00000,0x0000003424000000) (1024K)]
  0x00000209c540df20 JavaThread "Java2D Disposer"            daemon [_thread_blocked, id=5364, stack(0x0000003424100000,0x0000003424200000) (1024K)]
  0x00000209c540e590 JavaThread "AWT-Shutdown"                      [_thread_blocked, id=3068, stack(0x0000003424200000,0x0000003424300000) (1024K)]
  0x00000209c53f5c90 JavaThread "AWT-Windows"                daemon [_thread_in_native, id=21508, stack(0x0000003424300000,0x0000003424400000) (1024K)]
  0x00000209c55cc3d0 JavaThread "AWT-EventQueue-0"                  [_thread_in_native, id=3988, stack(0x0000003424000000,0x0000003424100000) (1024K)]
  0x00000209ca43d290 JavaThread "DestroyJavaVM"                     [_thread_blocked, id=16660, stack(0x0000003422e00000,0x0000003422f00000) (1024K)]
  0x00000209ef4fdb90 JavaThread "mysql-cj-abandoned-connection-cleanup" daemon [_thread_blocked, id=3196, stack(0x0000003424d00000,0x0000003424e00000) (1024K)]
  0x00000209ef690530 JavaThread "TimerQueue"                 daemon [_thread_blocked, id=17628, stack(0x0000003424f00000,0x0000003425000000) (1024K)]
  0x00000209ef6a0fa0 JavaThread "D3D Screen Updater"         daemon [_thread_blocked, id=22196, stack(0x0000003425000000,0x0000003425100000) (1024K)]
=>0x00000209ef8b8c60 JavaThread "Thread-0"                          [_thread_in_native, id=12788, stack(0x0000003425200000,0x0000003425300000) (1024K)]
Total: 19

Other Threads:
  0x00000209eb1117f0 VMThread "VM Thread"                           [id=9596, stack(0x0000003423500000,0x0000003423600000) (1024K)]
  0x00000209eb100450 WatcherThread "VM Periodic Task Thread"        [id=12168, stack(0x0000003423400000,0x0000003423500000) (1024K)]
  0x00000209cc72f470 WorkerThread "GC Thread#0"                     [id=22180, stack(0x0000003422f00000,0x0000003423000000) (1024K)]
  0x00000209c517a0d0 WorkerThread "GC Thread#1"                     [id=22028, stack(0x0000003425300000,0x0000003425400000) (1024K)]
  0x00000209ef1d6440 WorkerThread "GC Thread#2"                     [id=10340, stack(0x0000003425400000,0x0000003425500000) (1024K)]
  0x00000209ef1d6c00 WorkerThread "GC Thread#3"                     [id=12260, stack(0x0000003425500000,0x0000003425600000) (1024K)]
  0x00000209ef1d3330 WorkerThread "GC Thread#4"                     [id=2716, stack(0x0000003425600000,0x0000003425700000) (1024K)]
  0x00000209ef1d2470 WorkerThread "GC Thread#5"                     [id=308, stack(0x0000003425700000,0x0000003425800000) (1024K)]
  0x00000209ef1d36e0 WorkerThread "GC Thread#6"                     [id=19588, stack(0x0000003425800000,0x0000003425900000) (1024K)]
  0x00000209ef1d2820 WorkerThread "GC Thread#7"                     [id=13784, stack(0x0000003425900000,0x0000003425a00000) (1024K)]
  0x00000209cc741b90 ConcurrentGCThread "G1 Main Marker"            [id=19760, stack(0x0000003423000000,0x0000003423100000) (1024K)]
  0x00000209cc742920 WorkerThread "G1 Conc#0"                       [id=19360, stack(0x0000003423100000,0x0000003423200000) (1024K)]
  0x00000209cc78e8f0 ConcurrentGCThread "G1 Refine#0"               [id=2824, stack(0x0000003423200000,0x0000003423300000) (1024K)]
  0x00000209eafd1ac0 ConcurrentGCThread "G1 Service"                [id=9892, stack(0x0000003423300000,0x0000003423400000) (1024K)]
Total: 14

Threads with active compile tasks:
Total: 0

VM state: not at safepoint (normal execution)

VM Mutex/Monitor currently owned by a thread: None

Heap address: 0x0000000720e00000, size: 3570 MB, Compressed Oops mode: Zero based, Oop shift amount: 3

CDS archive(s) mapped at: [0x0000020980000000-0x0000020980d70000-0x0000020980d70000), size 14090240, SharedBaseAddress: 0x0000020980000000, ArchiveRelocationMode: 1.
Compressed class space mapped at: 0x0000020981000000-0x00000209c1000000, reserved size: 1073741824
Narrow klass base: 0x0000020980000000, Narrow klass shift: 0, Narrow klass range: 0x41000000

GC Precious Log:
 CardTable entry size: 512
 Card Set container configuration: InlinePtr #cards 4 size 8 Array Of Cards #cards 16 size 48 Howl #buckets 8 coarsen threshold 3686 Howl Bitmap #cards 512 size 80 coarsen threshold 460 Card regions per heap region 1 cards per card region 4096
 CPUs: 8 total, 8 available
 Memory: 14273M
 Large Page Support: Disabled
 NUMA Support: Disabled
 Compressed Oops: Enabled (Zero based)
 Heap Region Size: 2M
 Heap Min Capacity: 8M
 Heap Initial Capacity: 224M
 Heap Max Capacity: 3570M
 Pre-touch: Disabled
 Parallel Workers: 8
 Concurrent Workers: 2
 Concurrent Refinement Workers: 8
 Periodic GC: Disabled

Heap:
 garbage-first heap   total reserved 3655680K, committed 229376K, used 72332K [0x0000000720e00000, 0x0000000800000000)
  region size 2048K, 31 young (63488K), 8 survivors (16384K)
 Metaspace       used 18757K, committed 19072K, reserved 1114112K
  class space    used 2109K, committed 2240K, reserved 1048576K

Heap Regions: E=young(eden), S=young(survivor), O=old, HS=humongous(starts), HC=humongous(continues), CS=collection set, F=free, TAMS=top-at-mark-start, PB=parsable bottom
|   0|0x0000000720e00000, 0x0000000721000000, 0x0000000721000000|100%| O|  |TAMS 0x0000000720e00000| PB 0x0000000720e00000| Untracked |  1
|   1|0x0000000721000000, 0x0000000721200000, 0x0000000721200000|100%| O|  |TAMS 0x0000000721000000| PB 0x0000000721000000| Untracked |  0
|   2|0x0000000721200000, 0x0000000721400000, 0x0000000721400000|100%| O|  |TAMS 0x0000000721200000| PB 0x0000000721200000| Untracked |  0
|   3|0x0000000721400000, 0x0000000721600000, 0x0000000721600000|100%| O|  |TAMS 0x0000000721400000| PB 0x0000000721400000| Untracked |  0
|   4|0x0000000721600000, 0x0000000721800000, 0x0000000721800000|100%| O|  |TAMS 0x0000000721600000| PB 0x0000000721600000| Untracked |  0
|   5|0x0000000721800000, 0x0000000721a00000, 0x0000000721a00000|100%| O|  |TAMS 0x0000000721800000| PB 0x0000000721800000| Untracked |  0
|   6|0x0000000721a00000, 0x0000000721bc2020, 0x0000000721c00000| 87%| O|  |TAMS 0x0000000721a00000| PB 0x0000000721a00000| Untracked |  0
|   7|0x0000000721c00000, 0x0000000721c00000, 0x0000000721e00000|  0%| F|  |TAMS 0x0000000721c00000| PB 0x0000000721c00000| Untracked |  0
|   8|0x0000000721e00000, 0x0000000721e00000, 0x0000000722000000|  0%| F|  |TAMS 0x0000000721e00000| PB 0x0000000721e00000| Untracked |  0
|   9|0x0000000722000000, 0x0000000722000000, 0x0000000722200000|  0%| F|  |TAMS 0x0000000722000000| PB 0x0000000722000000| Untracked |  0
|  10|0x0000000722200000, 0x0000000722200000, 0x0000000722400000|  0%| F|  |TAMS 0x0000000722200000| PB 0x0000000722200000| Untracked |  0
|  11|0x0000000722400000, 0x0000000722400000, 0x0000000722600000|  0%| F|  |TAMS 0x0000000722400000| PB 0x0000000722400000| Untracked |  0
|  12|0x0000000722600000, 0x0000000722600000, 0x0000000722800000|  0%| F|  |TAMS 0x0000000722600000| PB 0x0000000722600000| Untracked |  0
|  13|0x0000000722800000, 0x0000000722800000, 0x0000000722a00000|  0%| F|  |TAMS 0x0000000722800000| PB 0x0000000722800000| Untracked |  0
|  14|0x0000000722a00000, 0x0000000722a00000, 0x0000000722c00000|  0%| F|  |TAMS 0x0000000722a00000| PB 0x0000000722a00000| Untracked |  0
|  15|0x0000000722c00000, 0x0000000722c00000, 0x0000000722e00000|  0%| F|  |TAMS 0x0000000722c00000| PB 0x0000000722c00000| Untracked |  0
|  16|0x0000000722e00000, 0x0000000722e00000, 0x0000000723000000|  0%| F|  |TAMS 0x0000000722e00000| PB 0x0000000722e00000| Untracked |  0
|  17|0x0000000723000000, 0x0000000723000000, 0x0000000723200000|  0%| F|  |TAMS 0x0000000723000000| PB 0x0000000723000000| Untracked |  0
|  18|0x0000000723200000, 0x0000000723200000, 0x0000000723400000|  0%| F|  |TAMS 0x0000000723200000| PB 0x0000000723200000| Untracked |  0
|  19|0x0000000723400000, 0x0000000723400000, 0x0000000723600000|  0%| F|  |TAMS 0x0000000723400000| PB 0x0000000723400000| Untracked |  0
|  20|0x0000000723600000, 0x0000000723600000, 0x0000000723800000|  0%| F|  |TAMS 0x0000000723600000| PB 0x0000000723600000| Untracked |  0
|  21|0x0000000723800000, 0x0000000723800000, 0x0000000723a00000|  0%| F|  |TAMS 0x0000000723800000| PB 0x0000000723800000| Untracked |  0
|  22|0x0000000723a00000, 0x0000000723a00000, 0x0000000723c00000|  0%| F|  |TAMS 0x0000000723a00000| PB 0x0000000723a00000| Untracked |  0
|  23|0x0000000723c00000, 0x0000000723c00000, 0x0000000723e00000|  0%| F|  |TAMS 0x0000000723c00000| PB 0x0000000723c00000| Untracked |  0
|  24|0x0000000723e00000, 0x0000000723e00000, 0x0000000724000000|  0%| F|  |TAMS 0x0000000723e00000| PB 0x0000000723e00000| Untracked |  0
|  25|0x0000000724000000, 0x0000000724000000, 0x0000000724200000|  0%| F|  |TAMS 0x0000000724000000| PB 0x0000000724000000| Untracked |  0
|  26|0x0000000724200000, 0x0000000724200000, 0x0000000724400000|  0%| F|  |TAMS 0x0000000724200000| PB 0x0000000724200000| Untracked |  0
|  27|0x0000000724400000, 0x0000000724400000, 0x0000000724600000|  0%| F|  |TAMS 0x0000000724400000| PB 0x0000000724400000| Untracked |  0
|  28|0x0000000724600000, 0x0000000724600000, 0x0000000724800000|  0%| F|  |TAMS 0x0000000724600000| PB 0x0000000724600000| Untracked |  0
|  29|0x0000000724800000, 0x0000000724800000, 0x0000000724a00000|  0%| F|  |TAMS 0x0000000724800000| PB 0x0000000724800000| Untracked |  0
|  30|0x0000000724a00000, 0x0000000724a00000, 0x0000000724c00000|  0%| F|  |TAMS 0x0000000724a00000| PB 0x0000000724a00000| Untracked |  0
|  31|0x0000000724c00000, 0x0000000724c00000, 0x0000000724e00000|  0%| F|  |TAMS 0x0000000724c00000| PB 0x0000000724c00000| Untracked |  0
|  32|0x0000000724e00000, 0x0000000724e00000, 0x0000000725000000|  0%| F|  |TAMS 0x0000000724e00000| PB 0x0000000724e00000| Untracked |  0
|  33|0x0000000725000000, 0x0000000725000000, 0x0000000725200000|  0%| F|  |TAMS 0x0000000725000000| PB 0x0000000725000000| Untracked |  0
|  34|0x0000000725200000, 0x0000000725200000, 0x0000000725400000|  0%| F|  |TAMS 0x0000000725200000| PB 0x0000000725200000| Untracked |  0
|  35|0x0000000725400000, 0x0000000725400000, 0x0000000725600000|  0%| F|  |TAMS 0x0000000725400000| PB 0x0000000725400000| Untracked |  0
|  36|0x0000000725600000, 0x0000000725600000, 0x0000000725800000|  0%| F|  |TAMS 0x0000000725600000| PB 0x0000000725600000| Untracked |  0
|  37|0x0000000725800000, 0x00000007258e1010, 0x0000000725a00000| 43%| S|CS|TAMS 0x0000000725800000| PB 0x0000000725800000| Complete |  0
|  38|0x0000000725a00000, 0x0000000725c00000, 0x0000000725c00000|100%| S|CS|TAMS 0x0000000725a00000| PB 0x0000000725a00000| Complete |  0
|  39|0x0000000725c00000, 0x0000000725e00000, 0x0000000725e00000|100%| S|CS|TAMS 0x0000000725c00000| PB 0x0000000725c00000| Complete |  0
|  40|0x0000000725e00000, 0x0000000726000000, 0x0000000726000000|100%| S|CS|TAMS 0x0000000725e00000| PB 0x0000000725e00000| Complete |  0
|  41|0x0000000726000000, 0x0000000726200000, 0x0000000726200000|100%| S|CS|TAMS 0x0000000726000000| PB 0x0000000726000000| Complete |  0
|  42|0x0000000726200000, 0x0000000726400000, 0x0000000726400000|100%| S|CS|TAMS 0x0000000726200000| PB 0x0000000726200000| Complete |  0
|  43|0x0000000726400000, 0x0000000726400000, 0x0000000726600000|  0%| F|  |TAMS 0x0000000726400000| PB 0x0000000726400000| Untracked |  0
|  44|0x0000000726600000, 0x0000000726600000, 0x0000000726800000|  0%| F|  |TAMS 0x0000000726600000| PB 0x0000000726600000| Untracked |  0
|  45|0x0000000726800000, 0x0000000726800000, 0x0000000726a00000|  0%| F|  |TAMS 0x0000000726800000| PB 0x0000000726800000| Untracked |  0
|  46|0x0000000726a00000, 0x0000000726a00000, 0x0000000726c00000|  0%| F|  |TAMS 0x0000000726a00000| PB 0x0000000726a00000| Untracked |  0
|  47|0x0000000726c00000, 0x0000000726c00000, 0x0000000726e00000|  0%| F|  |TAMS 0x0000000726c00000| PB 0x0000000726c00000| Untracked |  0
|  48|0x0000000726e00000, 0x0000000726e00000, 0x0000000727000000|  0%| F|  |TAMS 0x0000000726e00000| PB 0x0000000726e00000| Untracked |  0
|  49|0x0000000727000000, 0x0000000727000000, 0x0000000727200000|  0%| F|  |TAMS 0x0000000727000000| PB 0x0000000727000000| Untracked |  0
|  50|0x0000000727200000, 0x0000000727200000, 0x0000000727400000|  0%| F|  |TAMS 0x0000000727200000| PB 0x0000000727200000| Untracked |  0
|  51|0x0000000727400000, 0x0000000727600000, 0x0000000727600000|100%| S|CS|TAMS 0x0000000727400000| PB 0x0000000727400000| Complete |  0
|  52|0x0000000727600000, 0x0000000727800000, 0x0000000727800000|100%| S|CS|TAMS 0x0000000727600000| PB 0x0000000727600000| Complete |  0
|  53|0x0000000727800000, 0x0000000727800000, 0x0000000727a00000|  0%| F|  |TAMS 0x0000000727800000| PB 0x0000000727800000| Untracked |  0
|  54|0x0000000727a00000, 0x0000000727a00000, 0x0000000727c00000|  0%| F|  |TAMS 0x0000000727a00000| PB 0x0000000727a00000| Untracked |  0
|  55|0x0000000727c00000, 0x0000000727c00000, 0x0000000727e00000|  0%| F|  |TAMS 0x0000000727c00000| PB 0x0000000727c00000| Untracked |  0
|  56|0x0000000727e00000, 0x0000000727e00000, 0x0000000728000000|  0%| F|  |TAMS 0x0000000727e00000| PB 0x0000000727e00000| Untracked |  0
|  57|0x0000000728000000, 0x0000000728000000, 0x0000000728200000|  0%| F|  |TAMS 0x0000000728000000| PB 0x0000000728000000| Untracked |  0
|  58|0x0000000728200000, 0x0000000728200000, 0x0000000728400000|  0%| F|  |TAMS 0x0000000728200000| PB 0x0000000728200000| Untracked |  0
|  59|0x0000000728400000, 0x0000000728400000, 0x0000000728600000|  0%| F|  |TAMS 0x0000000728400000| PB 0x0000000728400000| Untracked |  0
|  60|0x0000000728600000, 0x0000000728600000, 0x0000000728800000|  0%| F|  |TAMS 0x0000000728600000| PB 0x0000000728600000| Untracked |  0
|  61|0x0000000728800000, 0x0000000728800000, 0x0000000728a00000|  0%| F|  |TAMS 0x0000000728800000| PB 0x0000000728800000| Untracked |  0
|  62|0x0000000728a00000, 0x0000000728a00000, 0x0000000728c00000|  0%| F|  |TAMS 0x0000000728a00000| PB 0x0000000728a00000| Untracked |  0
|  63|0x0000000728c00000, 0x0000000728c00000, 0x0000000728e00000|  0%| F|  |TAMS 0x0000000728c00000| PB 0x0000000728c00000| Untracked |  0
|  64|0x0000000728e00000, 0x0000000728e00000, 0x0000000729000000|  0%| F|  |TAMS 0x0000000728e00000| PB 0x0000000728e00000| Untracked |  0
|  65|0x0000000729000000, 0x0000000729000000, 0x0000000729200000|  0%| F|  |TAMS 0x0000000729000000| PB 0x0000000729000000| Untracked |  0
|  66|0x0000000729200000, 0x0000000729200000, 0x0000000729400000|  0%| F|  |TAMS 0x0000000729200000| PB 0x0000000729200000| Untracked |  0
|  67|0x0000000729400000, 0x0000000729400000, 0x0000000729600000|  0%| F|  |TAMS 0x0000000729400000| PB 0x0000000729400000| Untracked |  0
|  68|0x0000000729600000, 0x0000000729600000, 0x0000000729800000|  0%| F|  |TAMS 0x0000000729600000| PB 0x0000000729600000| Untracked |  0
|  69|0x0000000729800000, 0x0000000729800000, 0x0000000729a00000|  0%| F|  |TAMS 0x0000000729800000| PB 0x0000000729800000| Untracked |  0
|  70|0x0000000729a00000, 0x0000000729a00000, 0x0000000729c00000|  0%| F|  |TAMS 0x0000000729a00000| PB 0x0000000729a00000| Untracked |  0
|  71|0x0000000729c00000, 0x0000000729c00000, 0x0000000729e00000|  0%| F|  |TAMS 0x0000000729c00000| PB 0x0000000729c00000| Untracked |  0
|  72|0x0000000729e00000, 0x0000000729e00000, 0x000000072a000000|  0%| F|  |TAMS 0x0000000729e00000| PB 0x0000000729e00000| Untracked |  0
|  73|0x000000072a000000, 0x000000072a000000, 0x000000072a200000|  0%| F|  |TAMS 0x000000072a000000| PB 0x000000072a000000| Untracked |  0
|  74|0x000000072a200000, 0x000000072a200000, 0x000000072a400000|  0%| F|  |TAMS 0x000000072a200000| PB 0x000000072a200000| Untracked |  0
|  75|0x000000072a400000, 0x000000072a400000, 0x000000072a600000|  0%| F|  |TAMS 0x000000072a400000| PB 0x000000072a400000| Untracked |  0
|  76|0x000000072a600000, 0x000000072a600000, 0x000000072a800000|  0%| F|  |TAMS 0x000000072a600000| PB 0x000000072a600000| Untracked |  0
|  77|0x000000072a800000, 0x000000072a800000, 0x000000072aa00000|  0%| F|  |TAMS 0x000000072a800000| PB 0x000000072a800000| Untracked |  0
|  78|0x000000072aa00000, 0x000000072aa00000, 0x000000072ac00000|  0%| F|  |TAMS 0x000000072aa00000| PB 0x000000072aa00000| Untracked |  0
|  79|0x000000072ac00000, 0x000000072ac00000, 0x000000072ae00000|  0%| F|  |TAMS 0x000000072ac00000| PB 0x000000072ac00000| Untracked |  0
|  80|0x000000072ae00000, 0x000000072ae00000, 0x000000072b000000|  0%| F|  |TAMS 0x000000072ae00000| PB 0x000000072ae00000| Untracked |  0
|  81|0x000000072b000000, 0x000000072b000000, 0x000000072b200000|  0%| F|  |TAMS 0x000000072b000000| PB 0x000000072b000000| Untracked |  0
|  82|0x000000072b200000, 0x000000072b200000, 0x000000072b400000|  0%| F|  |TAMS 0x000000072b200000| PB 0x000000072b200000| Untracked |  0
|  83|0x000000072b400000, 0x000000072b400000, 0x000000072b600000|  0%| F|  |TAMS 0x000000072b400000| PB 0x000000072b400000| Untracked |  0
|  84|0x000000072b600000, 0x000000072b600000, 0x000000072b800000|  0%| F|  |TAMS 0x000000072b600000| PB 0x000000072b600000| Untracked |  0
|  85|0x000000072b800000, 0x000000072b800000, 0x000000072ba00000|  0%| F|  |TAMS 0x000000072b800000| PB 0x000000072b800000| Untracked |  0
|  86|0x000000072ba00000, 0x000000072ba00000, 0x000000072bc00000|  0%| F|  |TAMS 0x000000072ba00000| PB 0x000000072ba00000| Untracked |  0
|  87|0x000000072bc00000, 0x000000072bc00000, 0x000000072be00000|  0%| F|  |TAMS 0x000000072bc00000| PB 0x000000072bc00000| Untracked |  0
|  88|0x000000072be00000, 0x000000072be00000, 0x000000072c000000|  0%| F|  |TAMS 0x000000072be00000| PB 0x000000072be00000| Untracked |  0
|  89|0x000000072c000000, 0x000000072c1c2020, 0x000000072c200000| 87%| E|  |TAMS 0x000000072c000000| PB 0x000000072c000000| Complete |  0
|  90|0x000000072c200000, 0x000000072c3c2020, 0x000000072c400000| 87%| E|  |TAMS 0x000000072c200000| PB 0x000000072c200000| Complete |  0
|  91|0x000000072c400000, 0x000000072c600000, 0x000000072c600000|100%| E|CS|TAMS 0x000000072c400000| PB 0x000000072c400000| Complete |  0
|  92|0x000000072c600000, 0x000000072c800000, 0x000000072c800000|100%| E|CS|TAMS 0x000000072c600000| PB 0x000000072c600000| Complete |  0
|  93|0x000000072c800000, 0x000000072ca00000, 0x000000072ca00000|100%| E|CS|TAMS 0x000000072c800000| PB 0x000000072c800000| Complete |  0
|  94|0x000000072ca00000, 0x000000072cc00000, 0x000000072cc00000|100%| E|CS|TAMS 0x000000072ca00000| PB 0x000000072ca00000| Complete |  0
|  95|0x000000072cc00000, 0x000000072ce00000, 0x000000072ce00000|100%| E|CS|TAMS 0x000000072cc00000| PB 0x000000072cc00000| Complete |  0
|  96|0x000000072ce00000, 0x000000072d000000, 0x000000072d000000|100%| E|CS|TAMS 0x000000072ce00000| PB 0x000000072ce00000| Complete |  0
|  97|0x000000072d000000, 0x000000072d200000, 0x000000072d200000|100%| E|CS|TAMS 0x000000072d000000| PB 0x000000072d000000| Complete |  0
|  98|0x000000072d200000, 0x000000072d400000, 0x000000072d400000|100%| E|CS|TAMS 0x000000072d200000| PB 0x000000072d200000| Complete |  0
|  99|0x000000072d400000, 0x000000072d600000, 0x000000072d600000|100%| E|CS|TAMS 0x000000072d400000| PB 0x000000072d400000| Complete |  0
| 100|0x000000072d600000, 0x000000072d800000, 0x000000072d800000|100%| E|CS|TAMS 0x000000072d600000| PB 0x000000072d600000| Complete |  0
| 101|0x000000072d800000, 0x000000072da00000, 0x000000072da00000|100%| E|CS|TAMS 0x000000072d800000| PB 0x000000072d800000| Complete |  0
| 102|0x000000072da00000, 0x000000072dc00000, 0x000000072dc00000|100%| E|CS|TAMS 0x000000072da00000| PB 0x000000072da00000| Complete |  0
| 103|0x000000072dc00000, 0x000000072de00000, 0x000000072de00000|100%| E|CS|TAMS 0x000000072dc00000| PB 0x000000072dc00000| Complete |  0
| 104|0x000000072de00000, 0x000000072e000000, 0x000000072e000000|100%| E|CS|TAMS 0x000000072de00000| PB 0x000000072de00000| Complete |  0
| 105|0x000000072e000000, 0x000000072e200000, 0x000000072e200000|100%| E|CS|TAMS 0x000000072e000000| PB 0x000000072e000000| Complete |  0
| 106|0x000000072e200000, 0x000000072e400000, 0x000000072e400000|100%| E|CS|TAMS 0x000000072e200000| PB 0x000000072e200000| Complete |  0
| 107|0x000000072e400000, 0x000000072e600000, 0x000000072e600000|100%| E|CS|TAMS 0x000000072e400000| PB 0x000000072e400000| Complete |  0
| 108|0x000000072e600000, 0x000000072e800000, 0x000000072e800000|100%| E|CS|TAMS 0x000000072e600000| PB 0x000000072e600000| Complete |  0
| 109|0x000000072e800000, 0x000000072ea00000, 0x000000072ea00000|100%| E|CS|TAMS 0x000000072e800000| PB 0x000000072e800000| Complete |  0
| 110|0x000000072ea00000, 0x000000072ec00000, 0x000000072ec00000|100%| E|CS|TAMS 0x000000072ea00000| PB 0x000000072ea00000| Complete |  0
| 111|0x000000072ec00000, 0x000000072ee00000, 0x000000072ee00000|100%| E|CS|TAMS 0x000000072ec00000| PB 0x000000072ec00000| Complete |  0

Card table byte_map: [0x00000209e4830000,0x00000209e4f30000] _byte_map_base: 0x00000209e0f29000

Marking Bits: (CMBitMap*) 0x00000209cc72fb80
 Bits: [0x00000209e4f30000, 0x00000209e86f8000)

Polling page: 0x00000209ca570000

Metaspace:

Usage:
  Non-class:     16.26 MB used.
      Class:      2.06 MB used.
       Both:     18.32 MB used.

Virtual space:
  Non-class space:       64.00 MB reserved,      16.44 MB ( 26%) committed,  1 nodes.
      Class space:        1.00 GB reserved,       2.19 MB ( <1%) committed,  1 nodes.
             Both:        1.06 GB reserved,      18.62 MB (  2%) committed. 

Chunk freelists:
   Non-Class:  14.98 MB
       Class:  13.66 MB
        Both:  28.64 MB

MaxMetaspaceSize: unlimited
CompressedClassSpaceSize: 1.00 GB
Initial GC threshold: 21.00 MB
Current GC threshold: 21.00 MB
CDS: on
 - commit_granule_bytes: 65536.
 - commit_granule_words: 8192.
 - virtual_space_node_default_size: 8388608.
 - enlarge_chunks_in_place: 1.
 - use_allocation_guard: 0.


Internal statistics:

num_allocs_failed_limit: 0.
num_arena_births: 212.
num_arena_deaths: 0.
num_vsnodes_births: 2.
num_vsnodes_deaths: 0.
num_space_committed: 298.
num_space_uncommitted: 0.
num_chunks_returned_to_freelist: 0.
num_chunks_taken_from_freelist: 437.
num_chunk_merges: 0.
num_chunk_splits: 274.
num_chunks_enlarged: 181.
num_inconsistent_stats: 0.

CodeHeap 'non-profiled nmethods': size=120064Kb used=1108Kb max_used=1108Kb free=118955Kb
 bounds [0x00000209dc8c0000, 0x00000209dcb30000, 0x00000209e3e00000]
CodeHeap 'profiled nmethods': size=120000Kb used=4747Kb max_used=4747Kb free=115252Kb
 bounds [0x00000209d4e00000, 0x00000209d52b0000, 0x00000209dc330000]
CodeHeap 'non-nmethods': size=5696Kb used=1757Kb max_used=1795Kb free=3938Kb
 bounds [0x00000209dc330000, 0x00000209dc5a0000, 0x00000209dc8c0000]
CodeCache: size=245760Kb, used=7612Kb, max_used=7650Kb, free=238145Kb
 total_blobs=3961, nmethods=3156, adapters=710, full_count=0
Compilation: enabled, stopped_count=0, restarted_count=0

Compilation events (20 events):
Event: 51.650 Thread 0x00000209eb13fe70 3147       3       sun.swing.SwingUtilities2::isScaleChanged (16 bytes)
Event: 51.651 Thread 0x00000209eb13fe70 nmethod 3147 0x00000209d529d608 code [0x00000209d529d740, 0x00000209d529d8f8]
Event: 51.993 Thread 0x00000209eb13fe70 3148       3       java.util.IdentityHashMap::clear (39 bytes)
Event: 51.994 Thread 0x00000209eb13fe70 nmethod 3148 0x00000209d529d988 code [0x00000209d529dac0, 0x00000209d529de00]
Event: 52.449 Thread 0x00000209eb13fe70 3149       3       sun.java2d.marlin.DMarlinRenderingEngine::pathToLoop (534 bytes)
Event: 52.450 Thread 0x00000209eb13fe70 nmethod 3149 0x00000209d529de88 code [0x00000209d529e2c0, 0x00000209d529fe80]
Event: 52.650 Thread 0x00000209eb13f290 3150       4       java.awt.Container::getMouseEventTarget (50 bytes)
Event: 52.665 Thread 0x00000209eb13f290 nmethod 3150 0x00000209dc9d3808 code [0x00000209dc9d3a40, 0x00000209dc9d5240]
Event: 52.805 Thread 0x00000209eb13fe70 3151       3       javax.swing.DefaultButtonModel::isEnabled (16 bytes)
Event: 52.805 Thread 0x00000209eb13fe70 nmethod 3151 0x00000209d529ff08 code [0x00000209d52a0020, 0x00000209d52a0180]
Event: 53.296 Thread 0x00000209eb13fe70 3152       3       java.awt.Event::<init> (18 bytes)
Event: 53.296 Thread 0x00000209eb13fe70 nmethod 3152 0x00000209d52a0208 code [0x00000209d52a0320, 0x00000209d52a0470]
Event: 53.296 Thread 0x00000209eb13fe70 3153       3       java.awt.Event::<init> (197 bytes)
Event: 53.296 Thread 0x00000209eb13fe70 nmethod 3153 0x00000209d52a0508 code [0x00000209d52a0640, 0x00000209d52a0a40]
Event: 53.529 Thread 0x00000209eb13fe70 3154       3       javax.swing.JComponent::removeNotify (55 bytes)
Event: 53.530 Thread 0x00000209eb13fe70 nmethod 3154 0x00000209d52a0a88 code [0x00000209d52a0c80, 0x00000209d52a1618]
Event: 53.530 Thread 0x00000209eb13fe70 3155       3       javax.swing.JComponent::unregisterWithKeyboardManager (63 bytes)
Event: 53.531 Thread 0x00000209eb13fe70 nmethod 3155 0x00000209d52a1708 code [0x00000209d52a18c0, 0x00000209d52a2140]
Event: 53.531 Thread 0x00000209eb13fe70 3156       3       javax.swing.JComponent::deregisterNextFocusableComponent (53 bytes)
Event: 53.531 Thread 0x00000209eb13fe70 nmethod 3156 0x00000209d52a2188 code [0x00000209d52a2340, 0x00000209d52a2c30]

GC Heap History (14 events):
Event: 16.010 GC heap before
{Heap before GC invocations=0 (full 0):
 garbage-first heap   total reserved 3655680K, committed 229376K, used 24576K [0x0000000720e00000, 0x0000000800000000)
  region size 2048K, 12 young (24576K), 0 survivors (0K)
 Metaspace       used 16197K, committed 16448K, reserved 1114112K
  class space    used 1847K, committed 1920K, reserved 1048576K
}
Event: 16.020 GC heap after
{Heap after GC invocations=1 (full 0):
 garbage-first heap   total reserved 3655680K, committed 229376K, used 6224K [0x0000000720e00000, 0x0000000800000000)
  region size 2048K, 2 young (4096K), 2 survivors (4096K)
 Metaspace       used 16197K, committed 16448K, reserved 1114112K
  class space    used 1847K, committed 1920K, reserved 1048576K
}
Event: 18.635 GC heap before
{Heap before GC invocations=1 (full 0):
 garbage-first heap   total reserved 3655680K, committed 229376K, used 24656K [0x0000000720e00000, 0x0000000800000000)
  region size 2048K, 12 young (24576K), 2 survivors (4096K)
 Metaspace       used 17823K, committed 18048K, reserved 1114112K
  class space    used 2044K, committed 2176K, reserved 1048576K
}
Event: 18.641 GC heap after
{Heap after GC invocations=2 (full 0):
 garbage-first heap   total reserved 3655680K, committed 229376K, used 13188K [0x0000000720e00000, 0x0000000800000000)
  region size 2048K, 2 young (4096K), 2 survivors (4096K)
 Metaspace       used 17823K, committed 18048K, reserved 1114112K
  class space    used 2044K, committed 2176K, reserved 1048576K
}
Event: 21.357 GC heap before
{Heap before GC invocations=2 (full 0):
 garbage-first heap   total reserved 3655680K, committed 229376K, used 64388K [0x0000000720e00000, 0x0000000800000000)
  region size 2048K, 28 young (57344K), 2 survivors (4096K)
 Metaspace       used 18320K, committed 18560K, reserved 1114112K
  class space    used 2108K, committed 2240K, reserved 1048576K
}
Event: 21.362 GC heap after
{Heap after GC invocations=3 (full 0):
 garbage-first heap   total reserved 3655680K, committed 229376K, used 20232K [0x0000000720e00000, 0x0000000800000000)
  region size 2048K, 4 young (8192K), 4 survivors (8192K)
 Metaspace       used 18320K, committed 18560K, reserved 1114112K
  class space    used 2108K, committed 2240K, reserved 1048576K
}
Event: 26.809 GC heap before
{Heap before GC invocations=3 (full 0):
 garbage-first heap   total reserved 3655680K, committed 229376K, used 81672K [0x0000000720e00000, 0x0000000800000000)
  region size 2048K, 35 young (71680K), 4 survivors (8192K)
 Metaspace       used 18424K, committed 18688K, reserved 1114112K
  class space    used 2109K, committed 2240K, reserved 1048576K
}
Event: 26.813 GC heap after
{Heap after GC invocations=4 (full 0):
 garbage-first heap   total reserved 3655680K, committed 229376K, used 19084K [0x0000000720e00000, 0x0000000800000000)
  region size 2048K, 4 young (8192K), 4 survivors (8192K)
 Metaspace       used 18424K, committed 18688K, reserved 1114112K
  class space    used 2109K, committed 2240K, reserved 1048576K
}
Event: 35.428 GC heap before
{Heap before GC invocations=4 (full 0):
 garbage-first heap   total reserved 3655680K, committed 229376K, used 117388K [0x0000000720e00000, 0x0000000800000000)
  region size 2048K, 53 young (108544K), 4 survivors (8192K)
 Metaspace       used 18485K, committed 18752K, reserved 1114112K
  class space    used 2109K, committed 2240K, reserved 1048576K
}
Event: 35.431 GC heap after
{Heap after GC invocations=5 (full 0):
 garbage-first heap   total reserved 3655680K, committed 229376K, used 24080K [0x0000000720e00000, 0x0000000800000000)
  region size 2048K, 6 young (12288K), 6 survivors (12288K)
 Metaspace       used 18485K, committed 18752K, reserved 1114112K
  class space    used 2109K, committed 2240K, reserved 1048576K
}
Event: 42.833 GC heap before
{Heap before GC invocations=5 (full 0):
 garbage-first heap   total reserved 3655680K, committed 229376K, used 134672K [0x0000000720e00000, 0x0000000800000000)
  region size 2048K, 61 young (124928K), 6 survivors (12288K)
 Metaspace       used 18599K, committed 18816K, reserved 1114112K
  class space    used 2109K, committed 2240K, reserved 1048576K
}
Event: 42.838 GC heap after
{Heap after GC invocations=6 (full 0):
 garbage-first heap   total reserved 3655680K, committed 229376K, used 30472K [0x0000000720e00000, 0x0000000800000000)
  region size 2048K, 8 young (16384K), 8 survivors (16384K)
 Metaspace       used 18599K, committed 18816K, reserved 1114112K
  class space    used 2109K, committed 2240K, reserved 1048576K
}
Event: 51.316 GC heap before
{Heap before GC invocations=6 (full 0):
 garbage-first heap   total reserved 3655680K, committed 229376K, used 149256K [0x0000000720e00000, 0x0000000800000000)
  region size 2048K, 67 young (137216K), 8 survivors (16384K)
 Metaspace       used 18722K, committed 19008K, reserved 1114112K
  class space    used 2109K, committed 2240K, reserved 1048576K
}
Event: 51.320 GC heap after
{Heap after GC invocations=7 (full 0):
 garbage-first heap   total reserved 3655680K, committed 229376K, used 29324K [0x0000000720e00000, 0x0000000800000000)
  region size 2048K, 8 young (16384K), 8 survivors (16384K)
 Metaspace       used 18722K, committed 19008K, reserved 1114112K
  class space    used 2109K, committed 2240K, reserved 1048576K
}

Dll operation events (19 events):
Event: 0.014 Loaded shared library D:\Viola Yosevi\Application\Java\jdk-23\bin\java.dll
Event: 0.062 Loaded shared library D:\Viola Yosevi\Application\Java\jdk-23\bin\jsvml.dll
Event: 0.118 Loaded shared library D:\Viola Yosevi\Application\Java\jdk-23\bin\net.dll
Event: 0.120 Loaded shared library D:\Viola Yosevi\Application\Java\jdk-23\bin\nio.dll
Event: 0.161 Loaded shared library D:\Viola Yosevi\Application\Java\jdk-23\bin\zip.dll
Event: 0.208 Loaded shared library D:\Viola Yosevi\Application\Java\jdk-23\bin\jimage.dll
Event: 0.225 Loaded shared library D:\Viola Yosevi\Application\Java\jdk-23\bin\awt.dll
Event: 0.382 Loaded shared library D:\Viola Yosevi\Application\Java\jdk-23\bin\freetype.dll
Event: 0.383 Loaded shared library D:\Viola Yosevi\Application\Java\jdk-23\bin\fontmanager.dll
Event: 0.747 Loaded shared library D:\Viola Yosevi\Application\Java\jdk-23\bin\verify.dll
Event: 1.227 Loaded shared library D:\Viola Yosevi\Application\Java\jdk-23\bin\extnet.dll
Event: 16.211 Loaded shared library C:\Users\user\AppData\Local\Temp\javacpp98136737481200\msvcr100.dll
Event: 16.247 Loaded shared library C:\Users\user\AppData\Local\Temp\javacpp98136737481200\msvcp100.dll
Event: 16.558 Loaded shared library C:\Users\user\AppData\Local\Temp\javacpp98136737481200\opencv_ffmpeg248_64.dll
Event: 16.605 Loaded shared library C:\Users\user\AppData\Local\Temp\javacpp98136737481200\opencv_core248.dll
Event: 16.655 Loaded shared library C:\Users\user\AppData\Local\Temp\javacpp98136737481200\opencv_imgproc248.dll
Event: 16.763 Loaded shared library C:\Users\user\AppData\Local\Temp\javacpp98136737481200\opencv_highgui248.dll
Event: 16.775 Loaded shared library C:\Users\user\AppData\Local\Temp\javacpp98136737481200\jniopencv_highgui.dll
Event: 17.492 Loaded shared library C:\Users\user\AppData\Local\Temp\javacpp98136737481200\jniopencv_core.dll

Deoptimization events (20 events):
Event: 21.424 Thread 0x00000209c55cc3d0 DEOPT PACKING pc=0x00000209d5180146 sp=0x00000034240fdb90
Event: 21.424 Thread 0x00000209c55cc3d0 DEOPT UNPACKING pc=0x00000209dc384b22 sp=0x00000034240fd008 mode 0
Event: 21.424 Thread 0x00000209c55cc3d0 DEOPT PACKING pc=0x00000209d5180146 sp=0x00000034240fdb90
Event: 21.424 Thread 0x00000209c55cc3d0 DEOPT UNPACKING pc=0x00000209dc384b22 sp=0x00000034240fd008 mode 0
Event: 21.569 Thread 0x00000209c55cc3d0 DEOPT PACKING pc=0x00000209d50d5c14 sp=0x00000034240fd2c0
Event: 21.569 Thread 0x00000209c55cc3d0 DEOPT UNPACKING pc=0x00000209dc384b22 sp=0x00000034240fc6b8 mode 0
Event: 22.631 Thread 0x00000209c55cc3d0 Uncommon trap: trap_request=0xffffffde fr.pc=0x00000209dc8d38a0 relative=0x00000000000001a0
Event: 22.631 Thread 0x00000209c55cc3d0 Uncommon trap: reason=class_check action=maybe_recompile pc=0x00000209dc8d38a0 method=java.lang.String.equals(Ljava/lang/Object;)Z @ 8 c2
Event: 22.631 Thread 0x00000209c55cc3d0 DEOPT PACKING pc=0x00000209dc8d38a0 sp=0x00000034240fe200
Event: 22.631 Thread 0x00000209c55cc3d0 DEOPT UNPACKING pc=0x00000209dc384402 sp=0x00000034240fe188 mode 2
Event: 25.661 Thread 0x00000209c55cc3d0 DEOPT PACKING pc=0x00000209d505916a sp=0x00000034240fd150
Event: 25.661 Thread 0x00000209c55cc3d0 DEOPT UNPACKING pc=0x00000209dc384b22 sp=0x00000034240fc5d8 mode 0
Event: 29.587 Thread 0x00000209c55cc3d0 DEOPT PACKING pc=0x00000209d51854b3 sp=0x00000034240fdcd0
Event: 29.587 Thread 0x00000209c55cc3d0 DEOPT UNPACKING pc=0x00000209dc384b22 sp=0x00000034240fd1c8 mode 0
Event: 29.716 Thread 0x00000209c55cc3d0 DEOPT PACKING pc=0x00000209d50d596f sp=0x00000034240fc930
Event: 29.716 Thread 0x00000209c55cc3d0 DEOPT UNPACKING pc=0x00000209dc384b22 sp=0x00000034240fbd28 mode 0
Event: 35.592 Thread 0x00000209c55cc3d0 DEOPT PACKING pc=0x00000209d5089cca sp=0x00000034240fcbb0
Event: 35.592 Thread 0x00000209c55cc3d0 DEOPT UNPACKING pc=0x00000209dc384b22 sp=0x00000034240fbfb0 mode 0
Event: 37.783 Thread 0x00000209c55cc3d0 DEOPT PACKING pc=0x00000209d51f1850 sp=0x00000034240fdc10
Event: 37.783 Thread 0x00000209c55cc3d0 DEOPT UNPACKING pc=0x00000209dc384b22 sp=0x00000034240fd0e0 mode 0

Classes loaded (20 events):
Event: 18.825 Loading class javax/swing/Popup$HeavyWeightWindow
Event: 18.825 Loading class sun/awt/ModalExclude
Event: 18.825 Loading class sun/awt/ModalExclude done
Event: 18.825 Loading class javax/swing/JWindow
Event: 18.825 Loading class javax/swing/JWindow done
Event: 18.825 Loading class javax/swing/Popup$HeavyWeightWindow done
Event: 18.859 Loading class javax/swing/plaf/synth/SynthGraphicsUtils$SynthIconWrapper
Event: 18.861 Loading class javax/swing/plaf/synth/SynthGraphicsUtils$SynthIconWrapper done
Event: 18.862 Loading class javax/swing/plaf/nimbus/OptionPanePainter
Event: 18.863 Loading class javax/swing/plaf/nimbus/OptionPanePainter done
Event: 18.865 Loading class java/awt/geom/EllipseIterator
Event: 18.865 Loading class java/awt/geom/EllipseIterator done
Event: 20.371 Loading class java/awt/KeyboardFocusManager$2
Event: 20.371 Loading class java/awt/KeyboardFocusManager$2 done
Event: 20.372 Loading class sun/awt/SunToolkit$1
Event: 20.372 Loading class sun/awt/SunToolkit$1 done
Event: 21.825 Loading class javax/swing/Timer$1
Event: 21.826 Loading class javax/swing/Timer$1 done
Event: 21.826 Loading class java/awt/Window$1DisposeAction
Event: 21.826 Loading class java/awt/Window$1DisposeAction done

Classes unloaded (0 events):
No events

Classes redefined (0 events):
No events

Internal exceptions (20 events):
Event: 0.720 Thread 0x00000209c55cc3d0 Exception <a 'java/lang/ClassNotFoundException'{0x000000072e4867a0}: com/sun/swing/internal/plaf/synth/resources/spi/synthProvider> (0x000000072e4867a0) 
thrown [s\open\src\hotspot\share\classfile\systemDictionary.cpp, line 313]
Event: 0.742 Thread 0x00000209c55cc3d0 Exception <a 'java/lang/NoSuchMethodError'{0x000000072e4ca250}: 'int java.lang.invoke.Invokers$Holder.invokeExact_MT(java.lang.Object, java.lang.Object)'> (0x000000072e4ca250) 
thrown [s\open\src\hotspot\share\interpreter\linkResolver.cpp, line 796]
Event: 0.752 Thread 0x00000209c55cc3d0 Exception <a 'java/lang/NoSuchMethodError'{0x000000072e4e4e20}: 'void java.lang.invoke.DirectMethodHandle$Holder.invokeStatic(java.lang.Object, java.lang.Object)'> (0x000000072e4e4e20) 
thrown [s\open\src\hotspot\share\interpreter\linkResolver.cpp, line 796]
Event: 0.760 Thread 0x00000209c55cc3d0 Exception <a 'java/lang/NoSuchMethodError'{0x000000072e4f0bd0}: 'java.lang.Object java.lang.invoke.DirectMethodHandle$Holder.newInvokeSpecial(java.lang.Object, java.lang.Object, int)'> (0x000000072e4f0bd0) 
thrown [s\open\src\hotspot\share\interpreter\linkResolver.cpp, line 796]
Event: 0.762 Thread 0x00000209c55cc3d0 Exception <a 'java/lang/NoSuchMethodError'{0x000000072e505158}: 'java.lang.Object java.lang.invoke.DirectMethodHandle$Holder.invokeStatic(java.lang.Object, java.lang.Object, java.lang.Object, java.lang.Object, int)'> (0x000000072e505158) 
thrown [s\open\src\hotspot\share\interpreter\linkResolver.cpp, line 796]
Event: 0.765 Thread 0x00000209c55cc3d0 Exception <a 'java/lang/NoSuchMethodError'{0x000000072e510b50}: 'int java.lang.invoke.DirectMethodHandle$Holder.invokeSpecial(java.lang.Object, java.lang.Object, java.lang.Object)'> (0x000000072e510b50) 
thrown [s\open\src\hotspot\share\interpreter\linkResolver.cpp, line 796]
Event: 0.877 Thread 0x00000209c53f5c90 Exception <a 'java/lang/NoSuchMethodError'{0x000000072e97f2a8}: 'void java.lang.invoke.DirectMethodHandle$Holder.invokeVirtual(java.lang.Object, java.lang.Object)'> (0x000000072e97f2a8) 
thrown [s\open\src\hotspot\share\interpreter\linkResolver.cpp, line 796]
Event: 0.895 Thread 0x00000209c55cc3d0 Exception <a 'java/lang/NoSuchMethodError'{0x000000072e5d1e48}: 'void java.lang.invoke.DirectMethodHandle$Holder.invokeStaticInit(java.lang.Object)'> (0x000000072e5d1e48) 
thrown [s\open\src\hotspot\share\interpreter\linkResolver.cpp, line 796]
Event: 1.082 Thread 0x00000209c55cc3d0 Exception <a 'java/lang/NoSuchMethodError'{0x000000072e008868}: 'java.lang.Object java.lang.invoke.DirectMethodHandle$Holder.invokeInterface(java.lang.Object, java.lang.Object)'> (0x000000072e008868) 
thrown [s\open\src\hotspot\share\interpreter\linkResolver.cpp, line 796]
Event: 1.115 Thread 0x00000209c55cc3d0 Exception <a 'java/lang/NoSuchMethodError'{0x000000072e09b798}: 'java.lang.Object java.lang.invoke.DirectMethodHandle$Holder.invokeVirtual(java.lang.Object, java.lang.Object, java.lang.Object)'> (0x000000072e09b798) 
thrown [s\open\src\hotspot\share\interpreter\linkResolver.cpp, line 796]
Event: 16.033 Thread 0x00000209ef8b8c60 Exception <a 'java/lang/NoSuchMethodError'{0x000000072ec76f18}: 'int java.lang.invoke.DirectMethodHandle$Holder.invokeStaticInit(java.lang.Object, java.lang.Object, java.lang.Object, java.lang.Object)'> (0x000000072ec76f18) 
thrown [s\open\src\hotspot\share\interpreter\linkResolver.cpp, line 796]
Event: 16.035 Thread 0x00000209ef8b8c60 Exception <a 'java/lang/IncompatibleClassChangeError'{0x000000072ec7f0a8}: Found class java.lang.Object, but interface was expected> (0x000000072ec7f0a8) 
thrown [s\open\src\hotspot\share\interpreter\linkResolver.cpp, line 863]
Event: 16.036 Thread 0x00000209ef8b8c60 Exception <a 'java/lang/NoSuchMethodError'{0x000000072ec818e0}: 'void java.lang.invoke.DirectMethodHandle$Holder.invokeStaticInit(java.lang.Object, java.lang.Object)'> (0x000000072ec818e0) 
thrown [s\open\src\hotspot\share\interpreter\linkResolver.cpp, line 796]
Event: 16.037 Thread 0x00000209ef8b8c60 Exception <a 'java/lang/NoSuchMethodError'{0x000000072ec87b88}: 'int java.lang.invoke.DirectMethodHandle$Holder.invokeStaticInit(java.lang.Object, java.lang.Object)'> (0x000000072ec87b88) 
thrown [s\open\src\hotspot\share\interpreter\linkResolver.cpp, line 796]
Event: 16.102 Thread 0x00000209ef8b8c60 Exception <a 'java/lang/NoSuchMethodError'{0x000000072ea81888}: 'void java.lang.invoke.DirectMethodHandle$Holder.invokeStatic(java.lang.Object, int, java.lang.Object)'> (0x000000072ea81888) 
thrown [s\open\src\hotspot\share\interpreter\linkResolver.cpp, line 796]
Event: 19.834 Thread 0x00000209c55cc3d0 Implicit null exception at 0x00000209dc97d654 to 0x00000209dc97dc5e
Event: 19.834 Thread 0x00000209c55cc3d0 Implicit null exception at 0x00000209dc97b3e9 to 0x00000209dc97bb1c
Event: 19.834 Thread 0x00000209c55cc3d0 Implicit null exception at 0x00000209dc97d654 to 0x00000209dc97dc5e
Event: 19.834 Thread 0x00000209c55cc3d0 Implicit null exception at 0x00000209dc97b3e9 to 0x00000209dc97bb1c
Event: 19.834 Thread 0x00000209c55cc3d0 Implicit null exception at 0x00000209dc97d654 to 0x00000209dc97dc5e

VM Operations (20 events):
Event: 15.954 Executing VM operation: HandshakeAllThreads (Deoptimize)
Event: 15.954 Executing VM operation: HandshakeAllThreads (Deoptimize) done
Event: 15.968 Executing VM operation: HandshakeAllThreads (Deoptimize)
Event: 15.968 Executing VM operation: HandshakeAllThreads (Deoptimize) done
Event: 16.010 Executing VM operation: G1CollectForAllocation (G1 Evacuation Pause)
Event: 16.020 Executing VM operation: G1CollectForAllocation (G1 Evacuation Pause) done
Event: 17.602 Executing VM operation: HandshakeAllThreads (Deoptimize)
Event: 17.602 Executing VM operation: HandshakeAllThreads (Deoptimize) done
Event: 18.635 Executing VM operation: G1CollectForAllocation (G1 Evacuation Pause)
Event: 18.641 Executing VM operation: G1CollectForAllocation (G1 Evacuation Pause) done
Event: 21.357 Executing VM operation: G1CollectForAllocation (G1 Evacuation Pause)
Event: 21.362 Executing VM operation: G1CollectForAllocation (G1 Evacuation Pause) done
Event: 26.809 Executing VM operation: G1CollectForAllocation (G1 Evacuation Pause)
Event: 26.813 Executing VM operation: G1CollectForAllocation (G1 Evacuation Pause) done
Event: 35.428 Executing VM operation: G1CollectForAllocation (G1 Evacuation Pause)
Event: 35.431 Executing VM operation: G1CollectForAllocation (G1 Evacuation Pause) done
Event: 42.833 Executing VM operation: G1CollectForAllocation (G1 Evacuation Pause)
Event: 42.838 Executing VM operation: G1CollectForAllocation (G1 Evacuation Pause) done
Event: 51.316 Executing VM operation: G1CollectForAllocation (G1 Evacuation Pause)
Event: 51.320 Executing VM operation: G1CollectForAllocation (G1 Evacuation Pause) done

Memory protections (0 events):
No events

Nmethod flushes (0 events):
No events

Events (20 events):
Event: 0.162 Thread 0x00000209eb13fe70 Thread added: 0x00000209c51c9400
Event: 0.295 Thread 0x00000209ca43d290 Thread added: 0x00000209c540df20
Event: 0.297 Thread 0x00000209ca43d290 Thread added: 0x00000209c540e590
Event: 0.299 Thread 0x00000209ca43d290 Thread added: 0x00000209c53f5c90
Event: 0.313 Thread 0x00000209c51c9400 Thread exited: 0x00000209c51c9400
Event: 0.444 Thread 0x00000209ca43d290 Thread added: 0x00000209c55cc3d0
Event: 0.444 Thread 0x00000209ca43d290 Thread exited: 0x00000209ca43d290
Event: 0.444 Thread 0x00000209ca43d290 Thread added: 0x00000209ca43d290
Event: 1.025 Thread 0x00000209c55cc3d0 Thread added: 0x00000209ef4fdb90
Event: 1.095 Thread 0x00000209eb13fe70 Thread added: 0x00000209ef55d410
Event: 1.444 Thread 0x00000209c55cc3d0 Thread added: 0x00000209ef690530
Event: 1.547 Thread 0x00000209c55cc3d0 Thread added: 0x00000209ef6a0fa0
Event: 1.577 Thread 0x00000209ef55d410 Thread exited: 0x00000209ef55d410
Event: 16.009 Thread 0x00000209c55cc3d0 Thread added: 0x00000209ef8b8c60
Event: 18.677 Thread 0x00000209eb13f290 Thread added: 0x00000209ef9354d0
Event: 18.680 Thread 0x00000209ef9354d0 Thread added: 0x00000209ef935f90
Event: 18.855 Thread 0x00000209ef935f90 Thread exited: 0x00000209ef935f90
Event: 18.855 Thread 0x00000209ef9354d0 Thread exited: 0x00000209ef9354d0
Event: 35.595 Thread 0x00000209eb13fe70 Thread added: 0x00000209f006a720
Event: 36.342 Thread 0x00000209f006a720 Thread exited: 0x00000209f006a720


Dynamic libraries:
0x00007ff6f4d80000 - 0x00007ff6f4d90000 	D:\Viola Yosevi\Application\Java\jdk-23\bin\java.exe
0x00007ff9ddfb0000 - 0x00007ff9de1c7000 	C:\WINDOWS\SYSTEM32\ntdll.dll
0x00007ff9a7700000 - 0x00007ff9a771a000 	C:\Program Files\Avast Software\Avast\aswhook.dll
0x00007ff9dc130000 - 0x00007ff9dc1f4000 	C:\WINDOWS\System32\KERNEL32.DLL
0x00007ff9db3a0000 - 0x00007ff9db75a000 	C:\WINDOWS\System32\KERNELBASE.dll
0x00007ff9db950000 - 0x00007ff9dba61000 	C:\WINDOWS\System32\ucrtbase.dll
0x00007ff9c7a60000 - 0x00007ff9c7a7b000 	D:\Viola Yosevi\Application\Java\jdk-23\bin\VCRUNTIME140.dll
0x00007ff9d6f40000 - 0x00007ff9d6f57000 	D:\Viola Yosevi\Application\Java\jdk-23\bin\jli.dll
0x00007ff9dd260000 - 0x00007ff9dd40e000 	C:\WINDOWS\System32\USER32.dll
0x00007ff9c85f0000 - 0x00007ff9c8882000 	C:\WINDOWS\WinSxS\amd64_microsoft.windows.common-controls_6595b64144ccf1df_6.0.22621.4541_none_2710d1c57384c085\COMCTL32.dll
0x00007ff9dbb90000 - 0x00007ff9dbbb6000 	C:\WINDOWS\System32\win32u.dll
0x00007ff9dcc20000 - 0x00007ff9dccc7000 	C:\WINDOWS\System32\msvcrt.dll
0x00007ff9dcf00000 - 0x00007ff9dcf29000 	C:\WINDOWS\System32\GDI32.dll
0x00007ff9db280000 - 0x00007ff9db39b000 	C:\WINDOWS\System32\gdi32full.dll
0x00007ff9dba70000 - 0x00007ff9dbb0a000 	C:\WINDOWS\System32\msvcp_win.dll
0x00007ff9dd470000 - 0x00007ff9dd4a1000 	C:\WINDOWS\System32\IMM32.DLL
0x00007ff9c53f0000 - 0x00007ff9c53fc000 	D:\Viola Yosevi\Application\Java\jdk-23\bin\vcruntime140_1.dll
0x00007ff979860000 - 0x00007ff9798ee000 	D:\Viola Yosevi\Application\Java\jdk-23\bin\msvcp140.dll
0x00007ff9780e0000 - 0x00007ff978e2f000 	D:\Viola Yosevi\Application\Java\jdk-23\bin\server\jvm.dll
0x00007ff9dc510000 - 0x00007ff9dc5c2000 	C:\WINDOWS\System32\ADVAPI32.dll
0x00007ff9dd060000 - 0x00007ff9dd107000 	C:\WINDOWS\System32\sechost.dll
0x00007ff9dbc80000 - 0x00007ff9dbca8000 	C:\WINDOWS\System32\bcrypt.dll
0x00007ff9dc200000 - 0x00007ff9dc314000 	C:\WINDOWS\System32\RPCRT4.dll
0x00007ff9dd1e0000 - 0x00007ff9dd251000 	C:\WINDOWS\System32\WS2_32.dll
0x00007ff9db150000 - 0x00007ff9db19d000 	C:\WINDOWS\SYSTEM32\POWRPROF.dll
0x00007ff9d3720000 - 0x00007ff9d372a000 	C:\WINDOWS\SYSTEM32\VERSION.dll
0x00007ff9d6400000 - 0x00007ff9d6434000 	C:\WINDOWS\SYSTEM32\WINMM.dll
0x00007ff9db130000 - 0x00007ff9db143000 	C:\WINDOWS\SYSTEM32\UMPDC.dll
0x00007ff9da290000 - 0x00007ff9da2a8000 	C:\WINDOWS\SYSTEM32\kernel.appcore.dll
0x00007ff9c53c0000 - 0x00007ff9c53ca000 	D:\Viola Yosevi\Application\Java\jdk-23\bin\jimage.dll
0x00007ff9cfde0000 - 0x00007ff9d0012000 	C:\WINDOWS\SYSTEM32\DBGHELP.DLL
0x00007ff9dc5d0000 - 0x00007ff9dc95f000 	C:\WINDOWS\System32\combase.dll
0x00007ff9dcdd0000 - 0x00007ff9dcea7000 	C:\WINDOWS\System32\OLEAUT32.dll
0x00007ff9cf700000 - 0x00007ff9cf732000 	C:\WINDOWS\SYSTEM32\dbgcore.DLL
0x00007ff9dbb10000 - 0x00007ff9dbb8b000 	C:\WINDOWS\System32\bcryptPrimitives.dll
0x00007ff9c53d0000 - 0x00007ff9c53ee000 	D:\Viola Yosevi\Application\Java\jdk-23\bin\java.dll
0x00007ff9dc960000 - 0x00007ff9dcb05000 	C:\WINDOWS\System32\ole32.dll
0x00007ff9dd6f0000 - 0x00007ff9ddf68000 	C:\WINDOWS\System32\SHELL32.dll
0x00007ff9d9170000 - 0x00007ff9d9a78000 	C:\WINDOWS\SYSTEM32\windows.storage.dll
0x00007ff9d9030000 - 0x00007ff9d916f000 	C:\WINDOWS\SYSTEM32\wintypes.dll
0x00007ff9dccd0000 - 0x00007ff9dcdca000 	C:\WINDOWS\System32\SHCORE.dll
0x00007ff9dd410000 - 0x00007ff9dd46e000 	C:\WINDOWS\System32\shlwapi.dll
0x00007ff9db1b0000 - 0x00007ff9db1db000 	C:\WINDOWS\SYSTEM32\profapi.dll
0x00007ff979df0000 - 0x00007ff979ec7000 	D:\Viola Yosevi\Application\Java\jdk-23\bin\jsvml.dll
0x00007ff9c1b40000 - 0x00007ff9c1b50000 	D:\Viola Yosevi\Application\Java\jdk-23\bin\net.dll
0x00007ff9da710000 - 0x00007ff9da779000 	C:\WINDOWS\system32\mswsock.dll
0x00007ff9a4d30000 - 0x00007ff9a4d46000 	D:\Viola Yosevi\Application\Java\jdk-23\bin\nio.dll
0x00007ff998620000 - 0x00007ff998637000 	D:\Viola Yosevi\Application\Java\jdk-23\bin\zip.dll
0x00007ff9798f0000 - 0x00007ff979a7e000 	D:\Viola Yosevi\Application\Java\jdk-23\bin\awt.dll
0x00007ff9d5720000 - 0x00007ff9d57b7000 	C:\WINDOWS\SYSTEM32\apphelp.dll
0x00007ff9d8720000 - 0x00007ff9d87d1000 	C:\WINDOWS\system32\uxtheme.dll
0x00007ff9dc320000 - 0x00007ff9dc481000 	C:\WINDOWS\System32\MSCTF.dll
0x00007ff9d89b0000 - 0x00007ff9d89db000 	C:\WINDOWS\system32\DWMAPI.DLL
0x00007ff977b40000 - 0x00007ff977bc7000 	D:\Viola Yosevi\Application\Java\jdk-23\bin\freetype.dll
0x00007ff975960000 - 0x00007ff975a37000 	D:\Viola Yosevi\Application\Java\jdk-23\bin\fontmanager.dll
0x00007ff977bd0000 - 0x00007ff977cd0000 	C:\WINDOWS\system32\opengl32.dll
0x00007ff994cb0000 - 0x00007ff994cdd000 	C:\WINDOWS\SYSTEM32\GLU32.dll
0x00007ff9d8840000 - 0x00007ff9d8877000 	C:\WINDOWS\SYSTEM32\dxcore.dll
0x00007ff9cf7d0000 - 0x00007ff9cf978000 	C:\WINDOWS\system32\d3d9.dll
0x00007ff9d31d0000 - 0x00007ff9d3219000 	C:\WINDOWS\SYSTEM32\directxdatabasehelper.dll
0x00007ff9da9f0000 - 0x00007ff9daa02000 	C:\WINDOWS\SYSTEM32\msasn1.dll
0x00007ff9d3690000 - 0x00007ff9d36c2000 	C:\WINDOWS\SYSTEM32\cryptnet.dll
0x00007ff9db7e0000 - 0x00007ff9db946000 	C:\WINDOWS\System32\CRYPT32.dll
0x00007ff9da9b0000 - 0x00007ff9da9bc000 	C:\WINDOWS\SYSTEM32\cryptbase.dll
0x00007ff9db760000 - 0x00007ff9db7d2000 	C:\WINDOWS\System32\WINTRUST.DLL
0x00007ff9dd1c0000 - 0x00007ff9dd1df000 	C:\WINDOWS\System32\imagehlp.dll
0x00007ff9da990000 - 0x00007ff9da9ab000 	C:\WINDOWS\SYSTEM32\CRYPTSP.dll
0x00007ff9da1f0000 - 0x00007ff9da225000 	C:\WINDOWS\system32\rsaenh.dll
0x00007ff9ac370000 - 0x00007ff9ac420000 	C:\WINDOWS\System32\DriverStore\FileRepository\nvam.inf_amd64_4c9ded46d0fbe1f8\nvldumdx.dll
0x00007ff9d3520000 - 0x00007ff9d3682000 	C:\WINDOWS\SYSTEM32\drvstore.dll
0x00007ff9dae50000 - 0x00007ff9dae7c000 	C:\WINDOWS\SYSTEM32\devobj.dll
0x00007ff9dae80000 - 0x00007ff9daece000 	C:\WINDOWS\SYSTEM32\cfgmgr32.dll
0x00007ff9daa60000 - 0x00007ff9daaac000 	C:\WINDOWS\SYSTEM32\wldp.dll
0x00007ff91f310000 - 0x00007ff920a9c000 	C:\WINDOWS\System32\DriverStore\FileRepository\nvam.inf_amd64_4c9ded46d0fbe1f8\nvd3dumx.dll
0x00007ff9973d0000 - 0x00007ff997693000 	C:\WINDOWS\system32\nvspcap64.dll
0x00007ff9da3a0000 - 0x00007ff9da3d4000 	C:\WINDOWS\SYSTEM32\ntmarta.dll
0x00007ff9da7b0000 - 0x00007ff9da7d6000 	C:\WINDOWS\SYSTEM32\gpapi.dll
0x00007ff9cfc00000 - 0x00007ff9cfddb000 	C:\WINDOWS\System32\DriverStore\FileRepository\u0361708.inf_amd64_7de6b99937f60751\B358199\aticfx64.dll
0x00007ff9c4f00000 - 0x00007ff9c4f33000 	C:\WINDOWS\System32\DriverStore\FileRepository\u0361708.inf_amd64_7de6b99937f60751\B358199\atiu9p64.dll
0x00007ff90be30000 - 0x00007ff90cac6000 	C:\WINDOWS\System32\DriverStore\FileRepository\u0361708.inf_amd64_7de6b99937f60751\B358199\atiumd64.dll
0x0000000073180000 - 0x0000000073ffd000 	C:\WINDOWS\System32\DriverStore\FileRepository\u0361708.inf_amd64_7de6b99937f60751\B358199\atiumd6a.dll
0x00007ff9ced60000 - 0x00007ff9ced8f000 	C:\WINDOWS\SYSTEM32\amdihk64.dll
0x00007ff9beb90000 - 0x00007ff9beba0000 	D:\Viola Yosevi\Application\Java\jdk-23\bin\verify.dll
0x00007ff9dd110000 - 0x00007ff9dd1c0000 	C:\WINDOWS\System32\clbcatq.dll
0x00007ff9d8540000 - 0x00007ff9d86f0000 	C:\WINDOWS\SYSTEM32\WindowsCodecs.dll
0x00007ff9c4df0000 - 0x00007ff9c4e4e000 	C:\WINDOWS\system32\dataexchange.dll
0x00007ff9d1000000 - 0x00007ff9d12a4000 	C:\WINDOWS\system32\twinapi.appcore.dll
0x00007ff9d9d10000 - 0x00007ff9d9e12000 	C:\WINDOWS\SYSTEM32\DNSAPI.dll
0x00007ff9d9ce0000 - 0x00007ff9d9d0d000 	C:\WINDOWS\SYSTEM32\IPHLPAPI.DLL
0x00007ff9dd040000 - 0x00007ff9dd049000 	C:\WINDOWS\System32\NSI.dll
0x00007ff9d6900000 - 0x00007ff9d690a000 	C:\Windows\System32\rasadhlp.dll
0x00007ff9d2c20000 - 0x00007ff9d2ca3000 	C:\WINDOWS\System32\fwpuclnt.dll
0x00007ff9bb390000 - 0x00007ff9bb399000 	D:\Viola Yosevi\Application\Java\jdk-23\bin\extnet.dll
0x00007ff9c9c20000 - 0x00007ff9c9d65000 	C:\WINDOWS\SYSTEM32\textinputframework.dll
0x00007ff9d5250000 - 0x00007ff9d5383000 	C:\WINDOWS\SYSTEM32\CoreMessaging.dll
0x00007ff9d25e0000 - 0x00007ff9d294d000 	C:\WINDOWS\SYSTEM32\CoreUIComponents.dll
0x00000000746a0000 - 0x0000000074771000 	C:\Users\user\AppData\Local\Temp\javacpp98136737481200\msvcr100.dll
0x0000000074600000 - 0x0000000074698000 	C:\Users\user\AppData\Local\Temp\javacpp98136737481200\msvcp100.dll
0x0000000066840000 - 0x00000000676b4000 	C:\Users\user\AppData\Local\Temp\javacpp98136737481200\opencv_ffmpeg248_64.dll
0x00007ff9c2440000 - 0x00007ff9c2449000 	C:\WINDOWS\SYSTEM32\WSOCK32.dll
0x00007ff972d20000 - 0x00007ff972f92000 	C:\Users\user\AppData\Local\Temp\javacpp98136737481200\opencv_core248.dll
0x00007ff968b20000 - 0x00007ff968dd2000 	C:\Users\user\AppData\Local\Temp\javacpp98136737481200\opencv_imgproc248.dll
0x00007ff9688d0000 - 0x00007ff968b1d000 	C:\Users\user\AppData\Local\Temp\javacpp98136737481200\opencv_highgui248.dll
0x00007ff9c9f70000 - 0x00007ff9c9f8a000 	C:\WINDOWS\SYSTEM32\AVICAP32.dll
0x00007ff9c93b0000 - 0x00007ff9c93d4000 	C:\WINDOWS\SYSTEM32\AVIFIL32.dll
0x00007ff9c9380000 - 0x00007ff9c93ab000 	C:\WINDOWS\SYSTEM32\MSVFW32.dll
0x00007ff9ce1c0000 - 0x00007ff9ce1de000 	C:\WINDOWS\SYSTEM32\MSACM32.dll
0x00007ff9c9af0000 - 0x00007ff9c9b03000 	C:\Users\user\AppData\Local\Temp\javacpp98136737481200\jniopencv_highgui.dll
0x00007ff9d7230000 - 0x00007ff9d7251000 	C:\Windows\System32\devenum.dll
0x00007ff9dbcb0000 - 0x00007ff9dc124000 	C:\WINDOWS\System32\setupapi.dll
0x00007ff9d7380000 - 0x00007ff9d738b000 	C:\WINDOWS\SYSTEM32\msdmo.dll
0x00007ff9c8060000 - 0x00007ff9c8099000 	C:\Windows\System32\qcap.dll
0x00007ff972b30000 - 0x00007ff972d17000 	C:\Windows\System32\quartz.dll
0x00007ff982610000 - 0x00007ff98264b000 	C:\Windows\System32\mfksproxy.dll
0x00007ff9c79c0000 - 0x00007ff9c79de000 	C:\Windows\System32\ATL.DLL
0x00007ff9d69d0000 - 0x00007ff9d6b9e000 	C:\Windows\System32\MFPlat.DLL
0x00007ff9d6920000 - 0x00007ff9d6953000 	C:\Windows\System32\RTWorkQ.DLL
0x00007ff96df80000 - 0x00007ff96e31b000 	C:\Windows\System32\MFCORE.dll
0x00007ff968050000 - 0x00007ff9680ee000 	C:\Windows\System32\FrameServerClient.dll
0x00007ff96c3a0000 - 0x00007ff96c41f000 	C:\Windows\System32\MFSENSORGROUP.dll
0x00007ff9d6910000 - 0x00007ff9d691b000 	C:\Windows\System32\AVRT.dll
0x00007ff967040000 - 0x00007ff9670d5000 	C:\Windows\System32\Windows.Media.MediaControl.dll
0x00007ff9ced90000 - 0x00007ff9cee2e000 	C:\Windows\System32\MMDevAPI.DLL
0x00007ff966a80000 - 0x00007ff966ba1000 	C:\Windows\System32\MFReadWrite.dll
0x00007ff9a51c0000 - 0x00007ff9a51e6000 	C:\Windows\System32\kswdmcap.ax
0x00007ff9d7350000 - 0x00007ff9d735f000 	C:\Windows\System32\vidcap.ax
0x00007ff9c65b0000 - 0x00007ff9c665f000 	C:\Windows\System32\qedit.dll
0x00007ff9dcb20000 - 0x00007ff9dcc20000 	C:\WINDOWS\System32\COMDLG32.dll

dbghelp: loaded successfully - version: 4.0.5 - missing functions: none
symbol engine: initialized successfully - sym options: 0x614 - pdb path: .;D:\Viola Yosevi\Application\Java\jdk-23\bin;C:\WINDOWS\SYSTEM32;C:\Program Files\Avast Software\Avast;C:\WINDOWS\WinSxS\amd64_microsoft.windows.common-controls_6595b64144ccf1df_6.0.22621.4541_none_2710d1c57384c085;D:\Viola Yosevi\Application\Java\jdk-23\bin\server;C:\WINDOWS\System32\DriverStore\FileRepository\nvam.inf_amd64_4c9ded46d0fbe1f8;C:\WINDOWS\System32\DriverStore\FileRepository\u0361708.inf_amd64_7de6b99937f60751\B358199;C:\Users\user\AppData\Local\Temp\javacpp98136737481200;C:\WINDOWS\WinSxS\amd64_microsoft.windows.gdiplus_6595b64144ccf1df_1.1.22621.4541_none_57fbc4aace173a53;C:\Program Files (x86)\K-Lite Codec Pack\Filters\DirectVobSub64

VM Arguments:
jvm_args: -Dfile.encoding=UTF-8 --module-path=D:\Viola Yosevi\Java Projects\Med1_Endoskopi\build\classes 
java_command: View.Assesment
java_class_path (initial): D:\Viola Yosevi\Components\jCalendar\lib\jcalendar-1.4.jar;E:\APK DOWNLOAD\mysql-connector-j-9.1.0\mysql-connector-j-9.1.0.jar;E:\APK DOWNLOAD\javacv-bin\javacpp.jar;E:\APK DOWNLOAD\javacv-bin\javacv-windows-x86.jar;E:\APK DOWNLOAD\javacv-bin\javacv-windows-x86_64.jar;E:\APK DOWNLOAD\javacv-bin\javacv.jar;E:\APK DOWNLOAD\javacv-cppjars\ffmpeg-2.1.1-windows-x86.jar;E:\APK DOWNLOAD\javacv-cppjars\ffmpeg-2.1.1-windows-x86_64.jar;E:\APK DOWNLOAD\javacv-cppjars\opencv-2.4.8-windows-x86.jar;E:\APK DOWNLOAD\javacv-cppjars\opencv-2.4.8-windows-x86_64.jar;D:\Viola Yosevi\Application\NetBeans-21\netbeans\java\modules\ext\AbsoluteLayout.jar;D:\Viola Yosevi\library\swingx-all-1.6.4.jar;D:\Viola Yosevi\library\sqlite-jdbc-3.47.1.0.jar;D:\Viola Yosevi\library\commons-beanutils-1.9.4.jar;D:\Viola Yosevi\library\commons-collections4-4.4.jar;D:\Viola Yosevi\library\commons-digester-1.7.jar;D:\Viola Yosevi\library\commons-logging-1.3.0.jar;D:\Viola Yosevi\library\itext-4.2.1.jar;D:\Viola Yosevi\library\jasperreports-6.20.6.jar;D:\Viola Yosevi\Java Projects\Med1_Endoskopi\build\classes
Launcher Type: SUN_STANDARD

[Global flags]
     intx CICompilerCount                          = 4                                         {product} {ergonomic}
     uint ConcGCThreads                            = 2                                         {product} {ergonomic}
     uint G1ConcRefinementThreads                  = 8                                         {product} {ergonomic}
   size_t G1HeapRegionSize                         = 2097152                                   {product} {ergonomic}
   size_t InitialHeapSize                          = 234881024                                 {product} {ergonomic}
   size_t MarkStackSize                            = 4194304                                   {product} {ergonomic}
   size_t MarkStackSizeMax                         = 536870912                                 {product} {ergonomic}
   size_t MaxHeapSize                              = 3743416320                                {product} {ergonomic}
   size_t MaxNewSize                               = 2246049792                                {product} {ergonomic}
   size_t MinHeapDeltaBytes                        = 2097152                                   {product} {ergonomic}
   size_t MinHeapSize                              = 8388608                                   {product} {ergonomic}
    uintx NonNMethodCodeHeapSize                   = 5832704                                {pd product} {ergonomic}
    uintx NonProfiledCodeHeapSize                  = 122945536                              {pd product} {ergonomic}
    uintx ProfiledCodeHeapSize                     = 122880000                              {pd product} {ergonomic}
    uintx ReservedCodeCacheSize                    = 251658240                              {pd product} {ergonomic}
     bool SegmentedCodeCache                       = true                                      {product} {ergonomic}
   size_t SoftMaxHeapSize                          = 3743416320                             {manageable} {ergonomic}
     bool UseCompressedOops                        = true                           {product lp64_product} {ergonomic}
     bool UseG1GC                                  = true                                      {product} {ergonomic}
     bool UseLargePagesIndividualAllocation        = false                                  {pd product} {ergonomic}

Logging:
Log output configuration:
 #0: stdout all=warning uptime,level,tags foldmultilines=false
 #1: stderr all=off uptime,level,tags foldmultilines=false

Environment Variables:
JAVA_HOME=D:\Viola Yosevi\Application\Java\jdk-23
PATH=C:\Program Files\Common Files\Oracle\Java\javapath;C:\Windows\system32;C:\Windows;C:\Windows\System32\Wbem;C:\Windows\System32\WindowsPowerShell\v1.0\;C:\Windows\System32\OpenSSH\;C:\Program Files (x86)\NVIDIA Corporation\PhysX\Common;C:\Program Files\NVIDIA Corporation\NVIDIA NvDLISR;D:\Viola Yosevi\Application\Git\cmd;C:\WINDOWS\system32;C:\WINDOWS;C:\WINDOWS\System32\Wbem;C:\WINDOWS\System32\WindowsPowerShell\v1.0\;C:\WINDOWS\System32\OpenSSH\;C:\ProgramData\ComposerSetup\bin;D:\Viola Yosevi\Application\xampp\php;D:\Viola Yosevi\Application\nvm;D:\Viola Yosevi\Application\NodeJs;C:\Users\user\AppData\Local\Programs\Python\Python312\Scripts\;C:\Users\user\AppData\Local\Programs\Python\Python312;D:\Xampp Version 5\php;D:\Viola Yosevi\xampp\php;D:\Viola Yosevi\Application\OpenSSL-Win64\bin;C:\Program Files (x86)\Microsoft SQL Server\160\Tools\Binn\;C:\Program Files\Microsoft SQL Server\160\Tools\Binn\;C:\Program Files\Microsoft SQL Server\Client SDK\ODBC\170\Tools\Binn\;C:\Program Files\Microsoft SQL Server\160\DTS\Binn\;C:\Program Files (x86)\Microsoft SQL Server\160\DTS\Binn\;D:\Viola Yosevi\Application\NodeJs\;C:\ProgramData\chocolatey\bin;D:\Viola Yosevi\Application\flutter\bin;D:\Viola Yosevi\Application\flutter\bin\cache\dart-sdk\bin;D:\Viola Yosevi\Application\nvm;D:\Viola Yosevi\Application\SQLite\sqlite;E:\APK DOWNLOAD\opencv\build\x64\vc16\bin;C:\Users\user\AppData\Local\Programs\Python\Launcher\;C:\Users\user\AppData\Local\Microsoft\WindowsApps;D:\Viola Yosevi\Application\Microsoft VS Code\bin;D:\Viola Yosevi\Application\xampp\php;C:\Users\user\AppData\Roaming\npm;C:\Users\user\AppData\Roaming\Composer\vendor\bin;D:\Viola Yosevi\Application\nvm;D:\Viola Yosevi\Application\NodeJs;C:\Users\user\AppData\Local\Programs\Python\Python312;C:\Users\user\AppData\Local\Programs\Python\Python312\Scripts\;C:\Users\user\AppData\Local\GitHubDesktop\bin
USERNAME=user
OS=Windows_NT
PROCESSOR_IDENTIFIER=AMD64 Family 23 Model 24 Stepping 1, AuthenticAMD
TMP=C:\Users\user\AppData\Local\Temp
TEMP=C:\Users\user\AppData\Local\Temp




Periodic native trim disabled

---------------  S Y S T E M  ---------------

OS:
 Windows 11 , 64 bit Build 22621 (10.0.22621.4391)
OS uptime: 1 days 3:16 hours
Hyper-V role detected

CPU: total 8 (initial active 8) (8 cores per cpu, 2 threads per core) family 23 model 24 stepping 1 microcode 0x0, cx8, cmov, fxsr, ht, mmx, 3dnowpref, sse, sse2, sse3, ssse3, sse4a, sse4.1, sse4.2, popcnt, lzcnt, tsc, tscinvbit, avx, avx2, aes, clmul, bmi1, bmi2, adx, sha, fma, vzeroupper, clflush, clflushopt, hv, rdtscp, f16c
Processor Information for the first 8 processors :
  Max Mhz: 2100, Current Mhz: 2100, Mhz Limit: 2100

Memory: 4k page, system-wide physical 14273M (4752M free)
TotalPageFile size 28097M (AvailPageFile size 14899M)
current process WorkingSet (physical memory assigned to process): 298M, peak: 300M
current process commit charge ("private bytes"): 458M, peak: 500M

vm_info: Java HotSpot(TM) 64-Bit Server VM (23+37-2369) for windows-amd64 JRE (23+37-2369), built on 2024-08-20T16:01:23Z with MS VC++ 17.6 (VS2022)

END.
