#
# A fatal error has been detected by the Java Runtime Environment:
#
#  EXCEPTION_ACCESS_VIOLATION (0xc0000005) at pc=0x00007ffc8af33c66, pid=9696, tid=21416
#
# JRE version: Java(TM) SE Runtime Environment (23.0.1+11) (build 23.0.1+11-39)
# Java VM: Java HotSpot(TM) 64-Bit Server VM (23.0.1+11-39, mixed mode, sharing, tiered, compressed oops, compressed class ptrs, g1 gc, windows-amd64)
# Problematic frame:
# C  [opencv_highgui248.dll+0x13c66]
#
# No core dump will be written. Minidumps are not enabled by default on client versions of Windows
#
# If you would like to submit a bug report, please visit:
#   https://bugreport.java.com/bugreport/crash.jsp
# The crash happened outside the Java Virtual Machine in native code.
# See problematic frame for where to report the bug.
#

---------------  S U M M A R Y ------------

Command Line: -Dfile.encoding=UTF-8 med1_endoskopi.Med1_Endoskopi

Host: AMD Ryzen 5 3500U with Radeon Vega Mobile Gfx  , 8 cores, 13G,  Windows 11 , 64 bit Build 22621 (10.0.22621.4391)
Time: Wed Jan  8 20:34:34 2025 SE Asia Standard Time elapsed time: 62.055852 seconds (0d 0h 1m 2s)

---------------  T H R E A D  ---------------

Current thread (0x000002a5c59aed70):  JavaThread "Thread-0"         [_thread_in_native, id=21416, stack(0x000000ce49b00000,0x000000ce49c00000) (1024K)]

Stack: [0x000000ce49b00000,0x000000ce49c00000],  sp=0x000000ce49bff020,  free space=1020k
Native frames: (J=compiled Java code, j=interpreted, Vv=VM code, C=native code)
C  [opencv_highgui248.dll+0x13c66]  (no source info available)
C  [opencv_highgui248.dll+0x186aa]  (no source info available)
C  [opencv_highgui248.dll+0x18bac]  (no source info available)
C  [opencv_highgui248.dll+0x104f]  (no source info available)
C  [jniopencv_highgui.dll+0x6b4a]  (no source info available)
C  0x000002a5ec5ed207  (no source info available)

The last pc belongs to native method entry point (kind = native) (printed below).
Java frames: (J=compiled Java code, j=interpreted, Vv=VM code)
j  com.googlecode.javacv.cpp.opencv_highgui.cvReleaseCapture(Lcom/googlecode/javacv/cpp/opencv_highgui$CvCapture;)V+0
j  com.googlecode.javacv.OpenCVFrameGrabber.stop()V+11
j  View.Assesment.lambda$CameraViewer$0(Lcom/googlecode/javacv/CanvasFrame;)V+79
j  View.Assesment$$Lambda+0x000002a5811c62b8.run()V+8
j  java.lang.Thread.runWith(Ljava/lang/Object;Ljava/lang/Runnable;)V+5 java.base@23.0.1
j  java.lang.Thread.run()V+19 java.base@23.0.1
v  ~StubRoutines::call_stub 0x000002a5ec5e0fcd

siginfo: EXCEPTION_ACCESS_VIOLATION (0xc0000005), reading address 0xffffffffffffffff


Registers:
RAX=0x000002a5ce9a2010, RBX=0x000002a5ce7dacf0, RCX=0x000002a5ce7da620, RDX=0x0000000000000000
RSP=0x000000ce49bff020, RBP=0x00007ffc8b14e690, RSI=0x0000000000000000, RDI=0x000002a5ce7dacf0
R8 =0x0000000000000001, R9 =0x0000000721ab13f8, R10=0x00007ffc8bde8ec0, R11=0x000000000000000e
R12=0x0000000000000000, R13=0x000002a5c1b40228, R14=0x000000ce49bff200, R15=0x000002a5c59aed70
RIP=0x00007ffc8af33c66, EFLAGS=0x0000000000010246


Register to memory mapping:

RAX=0x000002a5ce9a2010 points into unknown readable memory: 0x000002a5ce7def30 | 30 ef 7d ce a5 02 00 00
RBX=0x000002a5ce7dacf0 points into unknown readable memory: 0x00000280000e1000 | 00 10 0e 00 80 02 00 00
RCX=0x000002a5ce7da620 points into unknown readable memory: 0x000002a5ce9a2010 | 10 20 9a ce a5 02 00 00
RDX=0x0 is null
RSP=0x000000ce49bff020 is pointing into the stack for thread: 0x000002a5c59aed70
RBP=0x00007ffc8b14e690 opencv_highgui248.dll
RSI=0x0 is null
RDI=0x000002a5ce7dacf0 points into unknown readable memory: 0x00000280000e1000 | 00 10 0e 00 80 02 00 00
R8 =0x0000000000000001 is an unknown value
R9 =0x0000000721ab13f8 is an oop: com.googlecode.javacv.cpp.opencv_highgui$CvCapture 
{0x0000000721ab13f8} - klass: 'com/googlecode/javacv/cpp/opencv_highgui$CvCapture'
 - ---- fields (total size 5 words):
 - protected 'position' 'I' @12  0 (0x00000000)
 - protected 'address' 'J' @16  2911157196416 (0x000002a5ce7d9680)
 - protected 'limit' 'I' @24  0 (0x00000000)
 - protected 'capacity' 'I' @28  0 (0x00000000)
 - private 'deallocator' 'Lcom/googlecode/javacpp/Pointer$Deallocator;' @32  null (0x00000000)
R10=0x00007ffc8bde8ec0 jvm.dll
R11=0x000000000000000e is an unknown value
R12=0x0 is null
R13=0x000002a5c1b40228 is pointing into metadata
R14=0x000000ce49bff200 is pointing into the stack for thread: 0x000002a5c59aed70
R15=0x000002a5c59aed70 is a thread

Top of Stack: (sp=0x000000ce49bff020)
0x000000ce49bff020:   000002a5ce7dacf0 00007ffc8b14e690
0x000000ce49bff030:   0000000000000000 000002a5c1b046df
0x000000ce49bff040:   000002a5ce7d9680 00007ffc8af386aa
0x000000ce49bff050:   000002a5ce7dacf0 00007ffc8b5451cd
0x000000ce49bff060:   000002a5c1b16d60 00000000000000b6
0x000000ce49bff070:   fffffffffffffffe 000002a5c5d553d8
0x000000ce49bff080:   000002a5ce7d9680 00007ffc8af38bac
0x000000ce49bff090:   000002a5ec5e8700 0000000000000001
0x000000ce49bff0a0:   000000ce49bff1e0 000002a5c59af130
0x000000ce49bff0b0:   fffffffffffffffe 000002a58048a730
0x000000ce49bff0c0:   000000ce49bff200 00007ffc8af2104f
0x000000ce49bff0d0:   000002a5ce7d9680 0000000000000000
0x000000ce49bff0e0:   000000ce49bff108 000000ce49bff158
0x000000ce49bff0f0:   000002a5ce7d9680 000002a5ce7d9680
0x000000ce49bff100:   000000ce49bff1c0 000002a5e51f8654
0x000000ce49bff110:   fffffffffffffff7 00007ffc940b6b4a
0x000000ce49bff120:   000000ce49bff188 000002a580491af0
0x000000ce49bff130:   0000000000000000 0000000721701118
0x000000ce49bff140:   000002a580491100 fffffffffffffffe
0x000000ce49bff150:   000000000002ae32 0000000000000001
0x000000ce49bff160:   000002a5c1b40230 000002a5ec5ed207
0x000000ce49bff170:   000002a5c59af130 fffffffffffffff7
0x000000ce49bff180:   000000ce49bff200 000002a5ce7d9680
0x000000ce49bff190:   000002a580491af0 fffffffffffffff7
0x000000ce49bff1a0:   0000000000000000 0000000000000004
0x000000ce49bff1b0:   000002a5c1b41230 0000000000000000
0x000000ce49bff1c0:   0000000721a98740 000002a5c1b40230
0x000000ce49bff1d0:   0000000000000000 000000ce49bff200
0x000000ce49bff1e0:   000000ce49bff250 000002a5ec5e8700
0x000000ce49bff1f0:   0000000721a98740 000002a5ec5ea5d7
0x000000ce49bff200:   0000000721ab13f8 fffffffffffffff7
0x000000ce49bff210:   000002a5c1b16d3b 0000000000000002 

Instructions: (pc=0x00007ffc8af33c66)
0x00007ffc8af33b66:   8d 94 24 50 01 00 00 48 8d 0d b4 43 11 00 ff 15
0x00007ffc8af33b76:   06 1a 11 00 48 8b 4c 24 20 48 8b 11 ff 52 10 48
0x00007ffc8af33b86:   8b 4c 24 28 48 89 74 24 20 48 8b 01 ff 50 10 85
0x00007ffc8af33b96:   db 0f 84 d3 fe ff ff eb 28 40 38 35 66 17 21 00
0x00007ffc8af33ba6:   74 1f 48 8d 0d 51 43 11 00 eb 10 40 38 35 54 17
0x00007ffc8af33bb6:   21 00 74 0d 48 8d 0d 17 43 11 00 ff 15 b9 19 11
0x00007ffc8af33bc6:   00 48 8b 8c 24 50 02 00 00 48 33 cc e8 59 65 0f
0x00007ffc8af33bd6:   00 4c 8d 9c 24 60 02 00 00 49 8b 5b 18 49 8b 73
0x00007ffc8af33be6:   20 49 8b e3 5f c3 cc cc cc cc 40 53 48 83 ec 20
0x00007ffc8af33bf6:   80 b9 9c 00 00 00 00 48 8b d9 0f 84 55 03 00 00
0x00007ffc8af33c06:   80 3d ff 16 21 00 00 48 89 7c 24 30 74 13 8b 91
0x00007ffc8af33c16:   b0 00 00 00 48 8d 0d 37 45 11 00 ff 15 59 19 11
0x00007ffc8af33c26:   00 48 83 bb 90 00 00 00 00 74 70 48 8b 4b 60 48
0x00007ffc8af33c36:   85 c9 74 67 48 8b 01 33 d2 44 8d 42 01 ff 50 48
0x00007ffc8af33c46:   80 3d bf 16 21 00 00 74 0d 48 8d 0d da 44 11 00
0x00007ffc8af33c56:   ff 15 24 19 11 00 48 8b 8b 90 00 00 00 48 8b 01
0x00007ffc8af33c66:   ff 50 10 80 bb 9b 00 00 00 00 74 18 48 8b 8b b8
0x00007ffc8af33c76:   03 00 00 e8 f0 65 0f 00 48 8b 8b c0 03 00 00 e8
0x00007ffc8af33c86:   e4 65 0f 00 48 8b 8b 90 00 00 00 48 85 c9 74 0b
0x00007ffc8af33c96:   48 8b 01 ba 01 00 00 00 ff 50 28 48 8b 4b 38 48
0x00007ffc8af33ca6:   85 c9 74 44 48 8b 01 ff 50 40 85 c0 79 16 80 3d
0x00007ffc8af33cb6:   51 16 21 00 00 74 0d 48 8d 0d 44 44 11 00 ff 15
0x00007ffc8af33cc6:   b6 18 11 00 48 8b 4b 38 48 8b 01 ff 50 48 85 c0
0x00007ffc8af33cd6:   79 16 80 3d 2d 16 21 00 00 74 0d 48 8d 0d f8 43
0x00007ffc8af33ce6:   11 00 ff 15 92 18 11 00 48 8b 53 40 48 85 d2 74
0x00007ffc8af33cf6:   08 48 8b cb e8 e1 fb ff ff 33 ff 48 39 7b 50 74
0x00007ffc8af33d06:   24 40 38 3d fe 15 21 00 74 0d 48 8d 0d a9 43 11
0x00007ffc8af33d16:   00 ff 15 63 18 11 00 48 8b 4b 50 48 8b 01 ff 50
0x00007ffc8af33d26:   10 48 89 7b 50 48 39 7b 40 74 24 40 38 3d d4 15
0x00007ffc8af33d36:   21 00 74 0d 48 8d 0d 5f 43 11 00 ff 15 39 18 11
0x00007ffc8af33d46:   00 48 8b 4b 40 48 8b 01 ff 50 10 48 89 7b 40 48
0x00007ffc8af33d56:   39 7b 48 74 24 40 38 3d aa 15 21 00 74 0d 48 8d 


Stack slot to memory mapping:

stack at sp + 0 slots: 0x000002a5ce7dacf0 points into unknown readable memory: 0x00000280000e1000 | 00 10 0e 00 80 02 00 00
stack at sp + 1 slots: 0x00007ffc8b14e690 opencv_highgui248.dll
stack at sp + 2 slots: 0x0 is null
stack at sp + 3 slots: 0x000002a5c1b046df is pointing into metadata
stack at sp + 4 slots: 0x000002a5ce7d9680 points into unknown readable memory: 0x00007ffc8b0486d8 | d8 86 04 8b fc 7f 00 00
stack at sp + 5 slots: 0x00007ffc8af386aa opencv_highgui248.dll
stack at sp + 6 slots: 0x000002a5ce7dacf0 points into unknown readable memory: 0x00000280000e1000 | 00 10 0e 00 80 02 00 00
stack at sp + 7 slots: 0x00007ffc8b5451cd jvm.dll

Lock stack of current Java thread (top to bottom):

native method entry point (kind = native)  [0x000002a5ec5ecde0, 0x000002a5ec5ed938]  2904 bytes
[MachCode]
  0x000002a5ec5ecde0: 488b 4b08 | 0fb7 492e | 584c 8d74 | ccf8 6800 | 0000 0068 | 0000 0000 | 5055 488b | ec41 5568 
  0x000002a5ec5ece00: 0000 0000 | 4c8b 6b08 | 4d8d 6d38 | 5348 8b53 | 0848 8b52 | 0848 8b52 | 1848 8b52 | 7048 8b12 
  0x000002a5ec5ece20: 5248 8b53 | 1048 85d2 | 0f84 0700 | 0000 4881 | c210 0100 | 0052 488b | 5308 488b | 5208 488b 
  0x000002a5ec5ece40: 5210 5249 | 8bc6 482b | c548 c1e8 | 0350 6800 | 0000 0068 | f7ff ffff | 41c6 8771 | 0400 0001 
  0x000002a5ec5ece60: 488b 4310 | 4885 c074 | 208b 88cc | 0000 0083 | c102 8988 | cc00 0000 | 2388 e000 | 0000 0f84 
  0x000002a5ec5ece80: 000a 0000 | e9cf 0000 | 0048 8b43 | 1848 85c0 | 0f85 b000 | 0000 e805 | 0000 00e9 | 9900 0000 
  0x000002a5ec5ecea0: 488b d348 | 8d44 2408 | 4c89 6dc0 | 498b cfc5 | f877 4989 | afb0 0300 | 0049 8987 | a003 0000 
  0x000002a5ec5ecec0: 4883 ec20 | 40f6 c40f | 0f84 1900 | 0000 4883 | ec08 48b8 | 9026 548b | fc7f 0000 | ffd0 4883 
  0x000002a5ec5ecee0: c408 e90c | 0000 0048 | b890 2654 | 8bfc 7f00 | 00ff d048 | 83c4 2049 | c787 a003 | 0000 0000 
  0x000002a5ec5ecf00: 0000 49c7 | 87b0 0300 | 0000 0000 | 0049 c787 | a803 0000 | 0000 0000 | c5f8 7749 | 837f 0800 
  0x000002a5ec5ecf20: 0f84 0500 | 0000 e995 | 3fff ff4c | 8b6d c04c | 8b75 c84e | 8d74 f500 | c348 8b43 | 1848 85c0 
  0x000002a5ec5ecf40: 0f84 1200 | 0000 8b48 | 0883 c102 | 8948 0823 | 481c 0f84 | 2c09 0000 | 493b a7e8 | 0400 000f 
  0x000002a5ec5ecf60: 8748 0000 | 0089 8424 | 00f0 ffff | 8984 2400 | e0ff ff89 | 8424 00d0 | ffff 8984 | 2400 c0ff 
  0x000002a5ec5ecf80: ff89 8424 | 00b0 ffff | 8984 2400 | a0ff ff89 | 8424 0090 | ffff 8984 | 2400 80ff | ff49 3ba7 
  0x000002a5ec5ecfa0: e004 0000 | 7607 4989 | a7e8 0400 | 0041 c687 | 7104 0000 | 0049 ba41 | addb 8bfc | 7f00 0041 
  0x000002a5ec5ecfc0: 803a 000f | 843e 0000 | 0048 8b55 | e849 8bcf | 4883 ec20 | 40f6 c40f | 0f84 1900 | 0000 4883 
  0x000002a5ec5ecfe0: ec08 48b8 | 10ee 8b8b | fc7f 0000 | ffd0 4883 | c408 e90c | 0000 0048 | b810 ee8b | 8bfc 7f00 
  0x000002a5ec5ed000: 00ff d048 | 83c4 2048 | 8b5d e84c | 8b5b 0845 | 0fb7 5b2e | 41c1 e303 | 492b e348 | 83ec 2048 
  0x000002a5ec5ed020: 83e4 f04c | 8b5b 604d | 85db 0f85 | ab00 0000 | e805 0000 | 00e9 9900 | 0000 488b | d348 8d44 
  0x000002a5ec5ed040: 2408 4c89 | 6dc0 498b | cfc5 f877 | 4989 afb0 | 0300 0049 | 8987 a003 | 0000 4883 | ec20 40f6 
  0x000002a5ec5ed060: c40f 0f84 | 1900 0000 | 4883 ec08 | 48b8 f04d | 548b fc7f | 0000 ffd0 | 4883 c408 | e90c 0000 
  0x000002a5ec5ed080: 0048 b8f0 | 4d54 8bfc | 7f00 00ff | d048 83c4 | 2049 c787 | a003 0000 | 0000 0000 | 49c7 87b0 
  0x000002a5ec5ed0a0: 0300 0000 | 0000 0049 | c787 a803 | 0000 0000 | 0000 c5f8 | 7749 837f | 0800 0f84 | 0500 0000 
  0x000002a5ec5ed0c0: e9fb 3dff | ff4c 8b6d | c04c 8b75 | c84e 8d74 | f500 c348 | 8b5d e84c | 8b5b 6041 | ffd3 488b 
  0x000002a5ec5ed0e0: 5de8 4889 | 4518 448b | 5b28 41f6 | c308 0f84 | 1b00 0000 | 4c8b 5b08 | 4d8b 5b08 | 4d8b 5b18 
  0x000002a5ec5ed100: 4d8b 5b70 | 4d8b 1b4c | 895d 1048 | 8d55 1048 | 8b43 5849 | ba60 3c8c | 8bfc 7f00 | 0049 3bc2 
  0x000002a5ec5ed120: 0f85 ab00 | 0000 e805 | 0000 00e9 | 9900 0000 | 488b d348 | 8d44 2408 | 4c89 6dc0 | 498b cfc5 
  0x000002a5ec5ed140: f877 4989 | afb0 0300 | 0049 8987 | a003 0000 | 4883 ec20 | 40f6 c40f | 0f84 1900 | 0000 4883 
  0x000002a5ec5ed160: ec08 48b8 | f04d 548b | fc7f 0000 | ffd0 4883 | c408 e90c | 0000 0048 | b8f0 4d54 | 8bfc 7f00 
  0x000002a5ec5ed180: 00ff d048 | 83c4 2049 | c787 a003 | 0000 0000 | 0000 49c7 | 87b0 0300 | 0000 0000 | 0049 c787 
  0x000002a5ec5ed1a0: a803 0000 | 0000 0000 | c5f8 7749 | 837f 0800 | 0f84 0500 | 0000 e905 | 3dff ff4c | 8b6d c04c 
  0x000002a5ec5ed1c0: 8b75 c84e | 8d74 f500 | c348 8b5d | e848 8b43 | 5849 8d8f | c003 0000 | c5f8 7749 | 89af b003 
  0x000002a5ec5ed1e0: 0000 49ba | d8d1 5eec | a502 0000 | 4d89 97a8 | 0300 0049 | 89a7 a003 | 0000 41c7 | 8744 0400 
  0x000002a5ec5ed200: 0004 0000 | 00ff d0c5 | f877 4883 | ec10 c5fb | 1104 2448 | 83ec 1048 | 8904 2448 | c744 2408 
  0x000002a5ec5ed220: 0000 0000 | 41c7 8744 | 0400 0005 | 0000 00f0 | 8344 24c0 | 0049 3baf | 4804 0000 | 0f87 0e00 
  0x000002a5ec5ed240: 0000 4183 | bf40 0400 | 0000 0f84 | 2000 0000 | 498b cf4c | 8be4 4883 | ec20 4883 | e4f0 48b8 
  0x000002a5ec5ed260: 90a9 558b | fc7f 0000 | ffd0 498b | e44d 33e4 | 41c7 8744 | 0400 0008 | 0000 0049 | c787 a003 
  0x000002a5ec5ed280: 0000 0000 | 0000 49c7 | 87b0 0300 | 0000 0000 | 0049 c787 | a803 0000 | 0000 0000 | c5f8 774d 
  0x000002a5ec5ed2a0: 8b9f 3004 | 0000 41c7 | 8300 0100 | 0000 0000 | 0049 bbda | a55e eca5 | 0200 004c | 3b5d 180f 
  0x000002a5ec5ed2c0: 8524 0200 | 0048 8b04 | 2448 83c4 | 1048 85c0 | 0f84 fe01 | 0000 a803 | 0f85 0800 | 0000 488b 
  0x000002a5ec5ed2e0: 00e9 ee01 | 0000 a801 | 0f85 0900 | 0000 488b | 40fe e9dd | 0100 0048 | 8b40 ff41 | 807f 3800 
  0x000002a5ec5ed300: 0f84 ce01 | 0000 4883 | f800 0f84 | c401 0000 | 4d8b 5f28 | 4983 fb00 | 0f84 1400 | 0000 4983 
  0x000002a5ec5ed320: eb08 4d89 | 5f28 4d03 | 5f30 4989 | 03e9 a201 | 0000 4881 | ecd0 0000 | 0048 8904 | 2448 894c 
  0x000002a5ec5ed340: 2408 4889 | 5424 1048 | 8974 2418 | 4889 7c24 | 204c 8944 | 2428 4c89 | 4c24 304c | 8954 2438 
  0x000002a5ec5ed360: 4c89 5c24 | 40c5 fb11 | 4424 50c5 | fb11 4c24 | 58c5 fb11 | 5424 60c5 | fb11 5c24 | 68c5 fb11 
  0x000002a5ec5ed380: 6424 70c5 | fb11 6c24 | 78c5 fb11 | b424 8000 | 0000 c5fb | 11bc 2488 | 0000 00c5 | 7b11 8424 
  0x000002a5ec5ed3a0: 9000 0000 | c57b 118c | 2498 0000 | 00c5 7b11 | 9424 a000 | 0000 c57b | 119c 24a8 | 0000 00c5 
  0x000002a5ec5ed3c0: 7b11 a424 | b000 0000 | c57b 11ac | 24b8 0000 | 00c5 7b11 | b424 c000 | 0000 c57b | 11bc 24c8 
  0x000002a5ec5ed3e0: 0000 0049 | 8bd7 488b | c848 83ec | 2040 f6c4 | 0f0f 8419 | 0000 0048 | 83ec 0848 | b8e0 0749 
  0x000002a5ec5ed400: 8bfc 7f00 | 00ff d048 | 83c4 08e9 | 0c00 0000 | 48b8 e007 | 498b fc7f | 0000 ffd0 | 4883 c420 
  0x000002a5ec5ed420: c57b 10bc | 24c8 0000 | 00c5 7b10 | b424 c000 | 0000 c57b | 10ac 24b8 | 0000 00c5 | 7b10 a424 
  0x000002a5ec5ed440: b000 0000 | c57b 109c | 24a8 0000 | 00c5 7b10 | 9424 a000 | 0000 c57b | 108c 2498 | 0000 00c5 
  0x000002a5ec5ed460: 7b10 8424 | 9000 0000 | c5fb 10bc | 2488 0000 | 00c5 fb10 | b424 8000 | 0000 c5fb | 106c 2478 
  0x000002a5ec5ed480: c5fb 1064 | 2470 c5fb | 105c 2468 | c5fb 1054 | 2460 c5fb | 104c 2458 | c5fb 1044 | 2450 4c8b 
  0x000002a5ec5ed4a0: 5c24 404c | 8b54 2438 | 4c8b 4c24 | 304c 8b44 | 2428 488b | 7c24 2048 | 8b74 2418 | 488b 5424 
  0x000002a5ec5ed4c0: 1048 8b4c | 2408 488b | 0424 4881 | c4d0 0000 | 00c5 f877 | 4889 4510 | 4883 ec10 | 4889 0424 
  0x000002a5ec5ed4e0: 48c7 4424 | 0800 0000 | 0041 83bf | c804 0000 | 020f 85bf | 0000 0048 | 81ec 8000 | 0000 4889 
  0x000002a5ec5ed500: 4424 7848 | 894c 2470 | 4889 5424 | 6848 895c | 2460 4889 | 6c24 5048 | 8974 2448 | 4889 7c24 
  0x000002a5ec5ed520: 404c 8944 | 2438 4c89 | 4c24 304c | 8954 2428 | 4c89 5c24 | 204c 8964 | 2418 4c89 | 6c24 104c 
  0x000002a5ec5ed540: 8974 2408 | 4c89 3c24 | 4c8b e448 | 83ec 2048 | 83e4 f048 | b8c0 228c | 8bfc 7f00 | 00ff d049 
  0x000002a5ec5ed560: 8be4 4c8b | 3c24 4c8b | 7424 084c | 8b6c 2410 | 4c8b 6424 | 184c 8b5c | 2420 4c8b | 5424 284c 
  0x000002a5ec5ed580: 8b4c 2430 | 4c8b 4424 | 3848 8b7c | 2440 488b | 7424 4848 | 8b6c 2450 | 488b 5c24 | 6048 8b54 
  0x000002a5ec5ed5a0: 2468 488b | 4c24 7048 | 8b44 2478 | 4881 c480 | 0000 004d | 33e4 488b | 5de8 4c8b | 6b08 4d8d 
  0x000002a5ec5ed5c0: 6d38 4983 | 7f08 000f | 84bb 0000 | 00e8 0500 | 0000 e996 | 0000 0048 | 8d44 2408 | 4c89 6dc0 
  0x000002a5ec5ed5e0: 498b cfc5 | f877 4989 | afb0 0300 | 0049 8987 | a003 0000 | 4883 ec20 | 40f6 c40f | 0f84 1900 
  0x000002a5ec5ed600: 0000 4883 | ec08 48b8 | 006c 548b | fc7f 0000 | ffd0 4883 | c408 e90c | 0000 0048 | b800 6c54 
  0x000002a5ec5ed620: 8bfc 7f00 | 00ff d048 | 83c4 2049 | c787 a003 | 0000 0000 | 0000 49c7 | 87b0 0300 | 0000 0000 
  0x000002a5ec5ed640: 0049 c787 | a803 0000 | 0000 0000 | c5f8 7749 | 837f 0800 | 0f84 0500 | 0000 e961 | 38ff ff4c 
  0x000002a5ec5ed660: 8b6d c04c | 8b75 c84e | 8d74 f500 | c348 b940 | d5b3 8bfc | 7f00 0048 | 83e4 f048 | b870 4a7a 
  0x000002a5ec5ed680: 8bfc 7f00 | 00ff d0f4 | 448b 5b28 | 41f6 c320 | 0f84 7901 | 0000 488d | 55a8 4c8b | 5a08 4d85 
  0x000002a5ec5ed6a0: db0f 85bb | 0000 00e8 | 0500 0000 | e996 0000 | 0048 8d44 | 2408 4c89 | 6dc0 498b | cfc5 f877 
  0x000002a5ec5ed6c0: 4989 afb0 | 0300 0049 | 8987 a003 | 0000 4883 | ec20 40f6 | c40f 0f84 | 1900 0000 | 4883 ec08 
  0x000002a5ec5ed6e0: 48b8 306b | 548b fc7f | 0000 ffd0 | 4883 c408 | e90c 0000 | 0048 b830 | 6b54 8bfc | 7f00 00ff 
  0x000002a5ec5ed700: d048 83c4 | 2049 c787 | a003 0000 | 0000 0000 | 49c7 87b0 | 0300 0000 | 0000 0049 | c787 a803 
  0x000002a5ec5ed720: 0000 0000 | 0000 c5f8 | 7749 837f | 0800 0f84 | 0500 0000 | e987 37ff | ff4c 8b6d | c04c 8b75 
  0x000002a5ec5ed740: c84e 8d74 | f500 c348 | b940 d5b3 | 8bfc 7f00 | 0048 83e4 | f048 b870 | 4a7a 8bfc | 7f00 00ff 
  0x000002a5ec5ed760: d0f4 4c89 | 6dc0 4c8b | 4a08 48c7 | 4208 0000 | 0000 458b | 8718 0600 | 004f 3b4c | 07f8 0f85 
  0x000002a5ec5ed780: 4900 0000 | 4183 af18 | 0600 0008 | 4f3b 4c07 | f00f 842a | 0000 0049 | 8b01 a802 | 0f85 1200 
  0x000002a5ec5ed7a0: 0000 4c8b | c049 83c8 | 01f0 4d0f | b101 0f84 | 0d00 0000 | 4183 8718 | 0600 0008 | e90c 0000 
  0x000002a5ec5ed7c0: 0049 ff8f | 5005 0000 | e93e 0000 | 004c 894a | 0848 8bca | 4883 ec20 | 40f6 c40f | 0f84 1900 
  0x000002a5ec5ed7e0: 0000 4883 | ec08 48b8 | f03d 548b | fc7f 0000 | ffd0 4883 | c408 e90c | 0000 0048 | b8f0 3d54 
  0x000002a5ec5ed800: 8bfc 7f00 | 00ff d048 | 83c4 204c | 8b6d c049 | ba41 addb | 8bfc 7f00 | 0041 803a | 000f 843e 
  0x000002a5ec5ed820: 0000 0048 | 8b55 e849 | 8bcf 4883 | ec20 40f6 | c40f 0f84 | 1900 0000 | 4883 ec08 | 48b8 10ee 
  0x000002a5ec5ed840: 8b8b fc7f | 0000 ffd0 | 4883 c408 | e90c 0000 | 0048 b810 | ee8b 8bfc | 7f00 00ff | d048 83c4 
  0x000002a5ec5ed860: 2048 8b04 | 2448 83c4 | 10c5 fb10 | 0424 4883 | c410 4c8b | 5d18 41ff | d34c 8b5d | f8c9 5f49 
  0x000002a5ec5ed880: 8be3 ffe7 | ba00 0000 | 00e8 0500 | 0000 e996 | 0000 0048 | 8d44 2408 | 4c89 6dc0 | 498b cfc5 
  0x000002a5ec5ed8a0: f877 4989 | afb0 0300 | 0049 8987 | a003 0000 | 4883 ec20 | 40f6 c40f | 0f84 1900 | 0000 4883 
  0x000002a5ec5ed8c0: ec08 48b8 | a031 548b | fc7f 0000 | ffd0 4883 | c408 e90c | 0000 0048 | b8a0 3154 | 8bfc 7f00 
  0x000002a5ec5ed8e0: 00ff d048 | 83c4 2049 | c787 a003 | 0000 0000 | 0000 49c7 | 87b0 0300 | 0000 0000 | 0049 c787 
  0x000002a5ec5ed900: a803 0000 | 0000 0000 | c5f8 7749 | 837f 0800 | 0f84 0500 | 0000 e9a5 | 35ff ff4c | 8b6d c04c 
  0x000002a5ec5ed920: 8b75 c84e | 8d74 f500 | c348 8b5d | e8e9 26f6 | ffff 660f | 1f44 0000 
[/MachCode]

---------------  P R O C E S S  ---------------

Threads class SMR info:
_java_thread_list=0x000002a5ccaecbb0, length=19, elements={
0x000002a5fb3efd50, 0x000002a5fb3f1c80, 0x000002a5fb3f4040, 0x000002a5fb3f6d30,
0x000002a5fb3f9db0, 0x000002a5fb3fec40, 0x000002a5fb3fc1c0, 0x000002a5fb413950,
0x000002a5fb3ff2d0, 0x000002a5fb3ff960, 0x000002a5fb3fd200, 0x000002a5fb3fd890,
0x000002a5fb3ffff0, 0x000002a5fb400680, 0x000002a5fb3fdf20, 0x000002a5fb3fe5b0,
0x000002a5c59b4fe0, 0x000002a5c59afa90, 0x000002a5c59aed70
}

Java Threads: ( => current thread )
  0x000002a5fb3efd50 JavaThread "Reference Handler"          daemon [_thread_blocked, id=13628, stack(0x000000ce47f00000,0x000000ce48000000) (1024K)]
  0x000002a5fb3f1c80 JavaThread "Finalizer"                  daemon [_thread_blocked, id=25548, stack(0x000000ce48000000,0x000000ce48100000) (1024K)]
  0x000002a5fb3f4040 JavaThread "Signal Dispatcher"          daemon [_thread_blocked, id=4332, stack(0x000000ce48100000,0x000000ce48200000) (1024K)]
  0x000002a5fb3f6d30 JavaThread "Attach Listener"            daemon [_thread_blocked, id=28332, stack(0x000000ce48200000,0x000000ce48300000) (1024K)]
  0x000002a5fb3f9db0 JavaThread "Service Thread"             daemon [_thread_blocked, id=15576, stack(0x000000ce48300000,0x000000ce48400000) (1024K)]
  0x000002a5fb3fec40 JavaThread "Monitor Deflation Thread"   daemon [_thread_blocked, id=30088, stack(0x000000ce48400000,0x000000ce48500000) (1024K)]
  0x000002a5fb3fc1c0 JavaThread "C2 CompilerThread0"         daemon [_thread_blocked, id=15140, stack(0x000000ce48500000,0x000000ce48600000) (1024K)]
  0x000002a5fb413950 JavaThread "C1 CompilerThread0"         daemon [_thread_blocked, id=6708, stack(0x000000ce48600000,0x000000ce48700000) (1024K)]
  0x000002a5fb3ff2d0 JavaThread "Notification Thread"        daemon [_thread_blocked, id=23324, stack(0x000000ce48700000,0x000000ce48800000) (1024K)]
  0x000002a5fb3ff960 JavaThread "Common-Cleaner"             daemon [_thread_blocked, id=17940, stack(0x000000ce48800000,0x000000ce48900000) (1024K)]
  0x000002a5fb3fd200 JavaThread "Java2D Disposer"            daemon [_thread_blocked, id=5664, stack(0x000000ce48a00000,0x000000ce48b00000) (1024K)]
  0x000002a5fb3fd890 JavaThread "AWT-Shutdown"                      [_thread_blocked, id=23140, stack(0x000000ce48b00000,0x000000ce48c00000) (1024K)]
  0x000002a5fb3ffff0 JavaThread "AWT-Windows"                daemon [_thread_in_native, id=13024, stack(0x000000ce48c00000,0x000000ce48d00000) (1024K)]
  0x000002a5fb400680 JavaThread "AWT-EventQueue-0"                  [_thread_in_native, id=30644, stack(0x000000ce49400000,0x000000ce49500000) (1024K)]
  0x000002a5fb3fdf20 JavaThread "DestroyJavaVM"                     [_thread_blocked, id=11204, stack(0x000000ce47700000,0x000000ce47800000) (1024K)]
  0x000002a5fb3fe5b0 JavaThread "D3D Screen Updater"         daemon [_thread_blocked, id=10232, stack(0x000000ce49600000,0x000000ce49700000) (1024K)]
  0x000002a5c59b4fe0 JavaThread "TimerQueue"                 daemon [_thread_blocked, id=24200, stack(0x000000ce49700000,0x000000ce49800000) (1024K)]
  0x000002a5c59afa90 JavaThread "mysql-cj-abandoned-connection-cleanup" daemon [_thread_blocked, id=16416, stack(0x000000ce49a00000,0x000000ce49b00000) (1024K)]
=>0x000002a5c59aed70 JavaThread "Thread-0"                          [_thread_in_native, id=21416, stack(0x000000ce49b00000,0x000000ce49c00000) (1024K)]
Total: 19

Other Threads:
  0x000002a5fb3d87a0 VMThread "VM Thread"                           [id=3888, stack(0x000000ce47e00000,0x000000ce47f00000) (1024K)]
  0x000002a5fb3c5b50 WatcherThread "VM Periodic Task Thread"        [id=29580, stack(0x000000ce47d00000,0x000000ce47e00000) (1024K)]
  0x000002a5dc9d9fd0 WorkerThread "GC Thread#0"                     [id=30360, stack(0x000000ce47800000,0x000000ce47900000) (1024K)]
  0x000002a5c52c7410 WorkerThread "GC Thread#1"                     [id=4852, stack(0x000000ce4a500000,0x000000ce4a600000) (1024K)]
  0x000002a5ccab8ea0 WorkerThread "GC Thread#2"                     [id=25696, stack(0x000000ce4a600000,0x000000ce4a700000) (1024K)]
  0x000002a5ccab8af0 WorkerThread "GC Thread#3"                     [id=29748, stack(0x000000ce4a700000,0x000000ce4a800000) (1024K)]
  0x000002a5ccab74d0 WorkerThread "GC Thread#4"                     [id=18812, stack(0x000000ce4a800000,0x000000ce4a900000) (1024K)]
  0x000002a5ccab7c30 WorkerThread "GC Thread#5"                     [id=23264, stack(0x000000ce4a900000,0x000000ce4aa00000) (1024K)]
  0x000002a5ccab69c0 WorkerThread "GC Thread#6"                     [id=9608, stack(0x000000ce4aa00000,0x000000ce4ab00000) (1024K)]
  0x000002a5ccab6260 WorkerThread "GC Thread#7"                     [id=25844, stack(0x000000ce4ab00000,0x000000ce4ac00000) (1024K)]
  0x000002a5dca0a070 ConcurrentGCThread "G1 Main Marker"            [id=12300, stack(0x000000ce47900000,0x000000ce47a00000) (1024K)]
  0x000002a5dca0b320 WorkerThread "G1 Conc#0"                       [id=18872, stack(0x000000ce47a00000,0x000000ce47b00000) (1024K)]
  0x000002a5fb296050 ConcurrentGCThread "G1 Refine#0"               [id=24356, stack(0x000000ce47b00000,0x000000ce47c00000) (1024K)]
  0x000002a5fb296ae0 ConcurrentGCThread "G1 Service"                [id=28892, stack(0x000000ce47c00000,0x000000ce47d00000) (1024K)]
Total: 14

Threads with active compile tasks:
Total: 0

VM state: not at safepoint (normal execution)

VM Mutex/Monitor currently owned by a thread: None

Heap address: 0x0000000721600000, size: 3562 MB, Compressed Oops mode: Zero based, Oop shift amount: 3

CDS archive(s) mapped at: [0x000002a580000000-0x000002a580d70000-0x000002a580d70000), size 14090240, SharedBaseAddress: 0x000002a580000000, ArchiveRelocationMode: 1.
Compressed class space mapped at: 0x000002a581000000-0x000002a5c1000000, reserved size: 1073741824
Narrow klass base: 0x000002a580000000, Narrow klass shift: 0, Narrow klass range: 0x41000000

GC Precious Log:
 CardTable entry size: 512
 Card Set container configuration: InlinePtr #cards 4 size 8 Array Of Cards #cards 16 size 48 Howl #buckets 8 coarsen threshold 3686 Howl Bitmap #cards 512 size 80 coarsen threshold 460 Card regions per heap region 1 cards per card region 4096
 CPUs: 8 total, 8 available
 Memory: 14247M
 Large Page Support: Disabled
 NUMA Support: Disabled
 Compressed Oops: Enabled (Zero based)
 Heap Region Size: 2M
 Heap Min Capacity: 8M
 Heap Initial Capacity: 224M
 Heap Max Capacity: 3562M
 Pre-touch: Disabled
 Parallel Workers: 8
 Concurrent Workers: 2
 Concurrent Refinement Workers: 8
 Periodic GC: Disabled

Heap:
 garbage-first heap   total reserved 3647488K, committed 229376K, used 131520K [0x0000000721600000, 0x0000000800000000)
  region size 2048K, 64 young (131072K), 8 survivors (16384K)
 Metaspace       used 15581K, committed 15872K, reserved 1114112K
  class space    used 1789K, committed 1920K, reserved 1048576K

Heap Regions: E=young(eden), S=young(survivor), O=old, HS=humongous(starts), HC=humongous(continues), CS=collection set, F=free, TAMS=top-at-mark-start, PB=parsable bottom
|   0|0x0000000721600000, 0x0000000721800000, 0x0000000721800000|100%| O|  |TAMS 0x0000000721600000| PB 0x0000000721600000| Untracked |  0
|   1|0x0000000721800000, 0x0000000721a00000, 0x0000000721a00000|100%| O|  |TAMS 0x0000000721800000| PB 0x0000000721800000| Untracked |  0
|   2|0x0000000721a00000, 0x0000000721b8f2b8, 0x0000000721c00000| 77%| O|  |TAMS 0x0000000721a00000| PB 0x0000000721a00000| Untracked |  0
|   3|0x0000000721c00000, 0x0000000721c00000, 0x0000000721e00000|  0%| F|  |TAMS 0x0000000721c00000| PB 0x0000000721c00000| Untracked |  0
|   4|0x0000000721e00000, 0x0000000721e00000, 0x0000000722000000|  0%| F|  |TAMS 0x0000000721e00000| PB 0x0000000721e00000| Untracked |  0
|   5|0x0000000722000000, 0x0000000722000000, 0x0000000722200000|  0%| F|  |TAMS 0x0000000722000000| PB 0x0000000722000000| Untracked |  0
|   6|0x0000000722200000, 0x0000000722200000, 0x0000000722400000|  0%| F|  |TAMS 0x0000000722200000| PB 0x0000000722200000| Untracked |  0
|   7|0x0000000722400000, 0x0000000722400000, 0x0000000722600000|  0%| F|  |TAMS 0x0000000722400000| PB 0x0000000722400000| Untracked |  0
|   8|0x0000000722600000, 0x0000000722600000, 0x0000000722800000|  0%| F|  |TAMS 0x0000000722600000| PB 0x0000000722600000| Untracked |  0
|   9|0x0000000722800000, 0x0000000722800000, 0x0000000722a00000|  0%| F|  |TAMS 0x0000000722800000| PB 0x0000000722800000| Untracked |  0
|  10|0x0000000722a00000, 0x0000000722a00000, 0x0000000722c00000|  0%| F|  |TAMS 0x0000000722a00000| PB 0x0000000722a00000| Untracked |  0
|  11|0x0000000722c00000, 0x0000000722c00000, 0x0000000722e00000|  0%| F|  |TAMS 0x0000000722c00000| PB 0x0000000722c00000| Untracked |  0
|  12|0x0000000722e00000, 0x0000000722e00000, 0x0000000723000000|  0%| F|  |TAMS 0x0000000722e00000| PB 0x0000000722e00000| Untracked |  0
|  13|0x0000000723000000, 0x0000000723000000, 0x0000000723200000|  0%| F|  |TAMS 0x0000000723000000| PB 0x0000000723000000| Untracked |  0
|  14|0x0000000723200000, 0x0000000723200000, 0x0000000723400000|  0%| F|  |TAMS 0x0000000723200000| PB 0x0000000723200000| Untracked |  0
|  15|0x0000000723400000, 0x0000000723400000, 0x0000000723600000|  0%| F|  |TAMS 0x0000000723400000| PB 0x0000000723400000| Untracked |  0
|  16|0x0000000723600000, 0x0000000723600000, 0x0000000723800000|  0%| F|  |TAMS 0x0000000723600000| PB 0x0000000723600000| Untracked |  0
|  17|0x0000000723800000, 0x0000000723800000, 0x0000000723a00000|  0%| F|  |TAMS 0x0000000723800000| PB 0x0000000723800000| Untracked |  0
|  18|0x0000000723a00000, 0x0000000723a00000, 0x0000000723c00000|  0%| F|  |TAMS 0x0000000723a00000| PB 0x0000000723a00000| Untracked |  0
|  19|0x0000000723c00000, 0x0000000723c00000, 0x0000000723e00000|  0%| F|  |TAMS 0x0000000723c00000| PB 0x0000000723c00000| Untracked |  0
|  20|0x0000000723e00000, 0x0000000723e00000, 0x0000000724000000|  0%| F|  |TAMS 0x0000000723e00000| PB 0x0000000723e00000| Untracked |  0
|  21|0x0000000724000000, 0x0000000724000000, 0x0000000724200000|  0%| F|  |TAMS 0x0000000724000000| PB 0x0000000724000000| Untracked |  0
|  22|0x0000000724200000, 0x0000000724200000, 0x0000000724400000|  0%| F|  |TAMS 0x0000000724200000| PB 0x0000000724200000| Untracked |  0
|  23|0x0000000724400000, 0x0000000724400000, 0x0000000724600000|  0%| F|  |TAMS 0x0000000724400000| PB 0x0000000724400000| Untracked |  0
|  24|0x0000000724600000, 0x0000000724600000, 0x0000000724800000|  0%| F|  |TAMS 0x0000000724600000| PB 0x0000000724600000| Untracked |  0
|  25|0x0000000724800000, 0x0000000724800000, 0x0000000724a00000|  0%| F|  |TAMS 0x0000000724800000| PB 0x0000000724800000| Untracked |  0
|  26|0x0000000724a00000, 0x0000000724a00000, 0x0000000724c00000|  0%| F|  |TAMS 0x0000000724a00000| PB 0x0000000724a00000| Untracked |  0
|  27|0x0000000724c00000, 0x0000000724c00000, 0x0000000724e00000|  0%| F|  |TAMS 0x0000000724c00000| PB 0x0000000724c00000| Untracked |  0
|  28|0x0000000724e00000, 0x0000000724e00000, 0x0000000725000000|  0%| F|  |TAMS 0x0000000724e00000| PB 0x0000000724e00000| Untracked |  0
|  29|0x0000000725000000, 0x0000000725000000, 0x0000000725200000|  0%| F|  |TAMS 0x0000000725000000| PB 0x0000000725000000| Untracked |  0
|  30|0x0000000725200000, 0x0000000725200000, 0x0000000725400000|  0%| F|  |TAMS 0x0000000725200000| PB 0x0000000725200000| Untracked |  0
|  31|0x0000000725400000, 0x0000000725400000, 0x0000000725600000|  0%| F|  |TAMS 0x0000000725400000| PB 0x0000000725400000| Untracked |  0
|  32|0x0000000725600000, 0x0000000725600000, 0x0000000725800000|  0%| F|  |TAMS 0x0000000725600000| PB 0x0000000725600000| Untracked |  0
|  33|0x0000000725800000, 0x0000000725800000, 0x0000000725a00000|  0%| F|  |TAMS 0x0000000725800000| PB 0x0000000725800000| Untracked |  0
|  34|0x0000000725a00000, 0x0000000725a00000, 0x0000000725c00000|  0%| F|  |TAMS 0x0000000725a00000| PB 0x0000000725a00000| Untracked |  0
|  35|0x0000000725c00000, 0x0000000725c00000, 0x0000000725e00000|  0%| F|  |TAMS 0x0000000725c00000| PB 0x0000000725c00000| Untracked |  0
|  36|0x0000000725e00000, 0x0000000725e00000, 0x0000000726000000|  0%| F|  |TAMS 0x0000000725e00000| PB 0x0000000725e00000| Untracked |  0
|  37|0x0000000726000000, 0x00000007260e1010, 0x0000000726200000| 43%| S|CS|TAMS 0x0000000726000000| PB 0x0000000726000000| Complete |  0
|  38|0x0000000726200000, 0x0000000726400000, 0x0000000726400000|100%| S|CS|TAMS 0x0000000726200000| PB 0x0000000726200000| Complete |  0
|  39|0x0000000726400000, 0x0000000726600000, 0x0000000726600000|100%| S|CS|TAMS 0x0000000726400000| PB 0x0000000726400000| Complete |  0
|  40|0x0000000726600000, 0x0000000726600000, 0x0000000726800000|  0%| F|  |TAMS 0x0000000726600000| PB 0x0000000726600000| Untracked |  0
|  41|0x0000000726800000, 0x0000000726800000, 0x0000000726a00000|  0%| F|  |TAMS 0x0000000726800000| PB 0x0000000726800000| Untracked |  0
|  42|0x0000000726a00000, 0x0000000726a00000, 0x0000000726c00000|  0%| F|  |TAMS 0x0000000726a00000| PB 0x0000000726a00000| Untracked |  0
|  43|0x0000000726c00000, 0x0000000726c00000, 0x0000000726e00000|  0%| F|  |TAMS 0x0000000726c00000| PB 0x0000000726c00000| Untracked |  0
|  44|0x0000000726e00000, 0x0000000726e00000, 0x0000000727000000|  0%| F|  |TAMS 0x0000000726e00000| PB 0x0000000726e00000| Untracked |  0
|  45|0x0000000727000000, 0x0000000727000000, 0x0000000727200000|  0%| F|  |TAMS 0x0000000727000000| PB 0x0000000727000000| Untracked |  0
|  46|0x0000000727200000, 0x0000000727200000, 0x0000000727400000|  0%| F|  |TAMS 0x0000000727200000| PB 0x0000000727200000| Untracked |  0
|  47|0x0000000727400000, 0x0000000727600000, 0x0000000727600000|100%| S|CS|TAMS 0x0000000727400000| PB 0x0000000727400000| Complete |  0
|  48|0x0000000727600000, 0x0000000727800000, 0x0000000727800000|100%| S|CS|TAMS 0x0000000727600000| PB 0x0000000727600000| Complete |  0
|  49|0x0000000727800000, 0x0000000727a00000, 0x0000000727a00000|100%| S|CS|TAMS 0x0000000727800000| PB 0x0000000727800000| Complete |  0
|  50|0x0000000727a00000, 0x0000000727c00000, 0x0000000727c00000|100%| S|CS|TAMS 0x0000000727a00000| PB 0x0000000727a00000| Complete |  0
|  51|0x0000000727c00000, 0x0000000727e00000, 0x0000000727e00000|100%| S|CS|TAMS 0x0000000727c00000| PB 0x0000000727c00000| Complete |  0
|  52|0x0000000727e00000, 0x0000000727e00000, 0x0000000728000000|  0%| F|  |TAMS 0x0000000727e00000| PB 0x0000000727e00000| Untracked |  0
|  53|0x0000000728000000, 0x0000000728000000, 0x0000000728200000|  0%| F|  |TAMS 0x0000000728000000| PB 0x0000000728000000| Untracked |  0
|  54|0x0000000728200000, 0x0000000728200000, 0x0000000728400000|  0%| F|  |TAMS 0x0000000728200000| PB 0x0000000728200000| Untracked |  0
|  55|0x0000000728400000, 0x0000000728400000, 0x0000000728600000|  0%| F|  |TAMS 0x0000000728400000| PB 0x0000000728400000| Untracked |  0
|  56|0x0000000728600000, 0x00000007287c2020, 0x0000000728800000| 87%| E|  |TAMS 0x0000000728600000| PB 0x0000000728600000| Complete |  0
|  57|0x0000000728800000, 0x00000007289c2020, 0x0000000728a00000| 87%| E|  |TAMS 0x0000000728800000| PB 0x0000000728800000| Complete |  0
|  58|0x0000000728a00000, 0x0000000728c00000, 0x0000000728c00000|100%| E|CS|TAMS 0x0000000728a00000| PB 0x0000000728a00000| Complete |  0
|  59|0x0000000728c00000, 0x0000000728e00000, 0x0000000728e00000|100%| E|CS|TAMS 0x0000000728c00000| PB 0x0000000728c00000| Complete |  0
|  60|0x0000000728e00000, 0x0000000729000000, 0x0000000729000000|100%| E|CS|TAMS 0x0000000728e00000| PB 0x0000000728e00000| Complete |  0
|  61|0x0000000729000000, 0x0000000729200000, 0x0000000729200000|100%| E|CS|TAMS 0x0000000729000000| PB 0x0000000729000000| Complete |  0
|  62|0x0000000729200000, 0x0000000729400000, 0x0000000729400000|100%| E|CS|TAMS 0x0000000729200000| PB 0x0000000729200000| Complete |  0
|  63|0x0000000729400000, 0x0000000729600000, 0x0000000729600000|100%| E|CS|TAMS 0x0000000729400000| PB 0x0000000729400000| Complete |  0
|  64|0x0000000729600000, 0x0000000729800000, 0x0000000729800000|100%| E|CS|TAMS 0x0000000729600000| PB 0x0000000729600000| Complete |  0
|  65|0x0000000729800000, 0x0000000729a00000, 0x0000000729a00000|100%| E|CS|TAMS 0x0000000729800000| PB 0x0000000729800000| Complete |  0
|  66|0x0000000729a00000, 0x0000000729c00000, 0x0000000729c00000|100%| E|CS|TAMS 0x0000000729a00000| PB 0x0000000729a00000| Complete |  0
|  67|0x0000000729c00000, 0x0000000729e00000, 0x0000000729e00000|100%| E|CS|TAMS 0x0000000729c00000| PB 0x0000000729c00000| Complete |  0
|  68|0x0000000729e00000, 0x000000072a000000, 0x000000072a000000|100%| E|CS|TAMS 0x0000000729e00000| PB 0x0000000729e00000| Complete |  0
|  69|0x000000072a000000, 0x000000072a200000, 0x000000072a200000|100%| E|CS|TAMS 0x000000072a000000| PB 0x000000072a000000| Complete |  0
|  70|0x000000072a200000, 0x000000072a400000, 0x000000072a400000|100%| E|CS|TAMS 0x000000072a200000| PB 0x000000072a200000| Complete |  0
|  71|0x000000072a400000, 0x000000072a600000, 0x000000072a600000|100%| E|CS|TAMS 0x000000072a400000| PB 0x000000072a400000| Complete |  0
|  72|0x000000072a600000, 0x000000072a800000, 0x000000072a800000|100%| E|CS|TAMS 0x000000072a600000| PB 0x000000072a600000| Complete |  0
|  73|0x000000072a800000, 0x000000072aa00000, 0x000000072aa00000|100%| E|CS|TAMS 0x000000072a800000| PB 0x000000072a800000| Complete |  0
|  74|0x000000072aa00000, 0x000000072ac00000, 0x000000072ac00000|100%| E|CS|TAMS 0x000000072aa00000| PB 0x000000072aa00000| Complete |  0
|  75|0x000000072ac00000, 0x000000072ae00000, 0x000000072ae00000|100%| E|CS|TAMS 0x000000072ac00000| PB 0x000000072ac00000| Complete |  0
|  76|0x000000072ae00000, 0x000000072b000000, 0x000000072b000000|100%| E|CS|TAMS 0x000000072ae00000| PB 0x000000072ae00000| Complete |  0
|  77|0x000000072b000000, 0x000000072b200000, 0x000000072b200000|100%| E|CS|TAMS 0x000000072b000000| PB 0x000000072b000000| Complete |  0
|  78|0x000000072b200000, 0x000000072b400000, 0x000000072b400000|100%| E|CS|TAMS 0x000000072b200000| PB 0x000000072b200000| Complete |  0
|  79|0x000000072b400000, 0x000000072b600000, 0x000000072b600000|100%| E|CS|TAMS 0x000000072b400000| PB 0x000000072b400000| Complete |  0
|  80|0x000000072b600000, 0x000000072b800000, 0x000000072b800000|100%| E|CS|TAMS 0x000000072b600000| PB 0x000000072b600000| Complete |  0
|  81|0x000000072b800000, 0x000000072ba00000, 0x000000072ba00000|100%| E|CS|TAMS 0x000000072b800000| PB 0x000000072b800000| Complete |  0
|  82|0x000000072ba00000, 0x000000072bc00000, 0x000000072bc00000|100%| E|CS|TAMS 0x000000072ba00000| PB 0x000000072ba00000| Complete |  0
|  83|0x000000072bc00000, 0x000000072be00000, 0x000000072be00000|100%| E|CS|TAMS 0x000000072bc00000| PB 0x000000072bc00000| Complete |  0
|  84|0x000000072be00000, 0x000000072c000000, 0x000000072c000000|100%| E|CS|TAMS 0x000000072be00000| PB 0x000000072be00000| Complete |  0
|  85|0x000000072c000000, 0x000000072c200000, 0x000000072c200000|100%| E|CS|TAMS 0x000000072c000000| PB 0x000000072c000000| Complete |  0
|  86|0x000000072c200000, 0x000000072c400000, 0x000000072c400000|100%| E|CS|TAMS 0x000000072c200000| PB 0x000000072c200000| Complete |  0
|  87|0x000000072c400000, 0x000000072c600000, 0x000000072c600000|100%| E|CS|TAMS 0x000000072c400000| PB 0x000000072c400000| Complete |  0
|  88|0x000000072c600000, 0x000000072c800000, 0x000000072c800000|100%| E|CS|TAMS 0x000000072c600000| PB 0x000000072c600000| Complete |  0
|  89|0x000000072c800000, 0x000000072ca00000, 0x000000072ca00000|100%| E|CS|TAMS 0x000000072c800000| PB 0x000000072c800000| Complete |  0
|  90|0x000000072ca00000, 0x000000072cc00000, 0x000000072cc00000|100%| E|CS|TAMS 0x000000072ca00000| PB 0x000000072ca00000| Complete |  0
|  91|0x000000072cc00000, 0x000000072ce00000, 0x000000072ce00000|100%| E|CS|TAMS 0x000000072cc00000| PB 0x000000072cc00000| Complete |  0
|  92|0x000000072ce00000, 0x000000072d000000, 0x000000072d000000|100%| E|CS|TAMS 0x000000072ce00000| PB 0x000000072ce00000| Complete |  0
|  93|0x000000072d000000, 0x000000072d200000, 0x000000072d200000|100%| E|CS|TAMS 0x000000072d000000| PB 0x000000072d000000| Complete |  0
|  94|0x000000072d200000, 0x000000072d400000, 0x000000072d400000|100%| E|CS|TAMS 0x000000072d200000| PB 0x000000072d200000| Complete |  0
|  95|0x000000072d400000, 0x000000072d600000, 0x000000072d600000|100%| E|CS|TAMS 0x000000072d400000| PB 0x000000072d400000| Complete |  0
|  96|0x000000072d600000, 0x000000072d800000, 0x000000072d800000|100%| E|CS|TAMS 0x000000072d600000| PB 0x000000072d600000| Complete |  0
|  97|0x000000072d800000, 0x000000072da00000, 0x000000072da00000|100%| E|CS|TAMS 0x000000072d800000| PB 0x000000072d800000| Complete |  0
|  98|0x000000072da00000, 0x000000072dc00000, 0x000000072dc00000|100%| E|CS|TAMS 0x000000072da00000| PB 0x000000072da00000| Complete |  0
|  99|0x000000072dc00000, 0x000000072de00000, 0x000000072de00000|100%| E|CS|TAMS 0x000000072dc00000| PB 0x000000072dc00000| Complete |  0
| 100|0x000000072de00000, 0x000000072e000000, 0x000000072e000000|100%| E|CS|TAMS 0x000000072de00000| PB 0x000000072de00000| Complete |  0
| 101|0x000000072e000000, 0x000000072e200000, 0x000000072e200000|100%| E|CS|TAMS 0x000000072e000000| PB 0x000000072e000000| Complete |  0
| 102|0x000000072e200000, 0x000000072e400000, 0x000000072e400000|100%| E|CS|TAMS 0x000000072e200000| PB 0x000000072e200000| Complete |  0
| 103|0x000000072e400000, 0x000000072e600000, 0x000000072e600000|100%| E|CS|TAMS 0x000000072e400000| PB 0x000000072e400000| Complete |  0
| 104|0x000000072e600000, 0x000000072e800000, 0x000000072e800000|100%| E|CS|TAMS 0x000000072e600000| PB 0x000000072e600000| Complete |  0
| 105|0x000000072e800000, 0x000000072ea00000, 0x000000072ea00000|100%| E|CS|TAMS 0x000000072e800000| PB 0x000000072e800000| Complete |  0
| 106|0x000000072ea00000, 0x000000072ec00000, 0x000000072ec00000|100%| E|CS|TAMS 0x000000072ea00000| PB 0x000000072ea00000| Complete |  0
| 107|0x000000072ec00000, 0x000000072ee00000, 0x000000072ee00000|100%| E|CS|TAMS 0x000000072ec00000| PB 0x000000072ec00000| Complete |  0
| 108|0x000000072ee00000, 0x000000072f000000, 0x000000072f000000|100%| E|CS|TAMS 0x000000072ee00000| PB 0x000000072ee00000| Complete |  0
| 109|0x000000072f000000, 0x000000072f200000, 0x000000072f200000|100%| E|CS|TAMS 0x000000072f000000| PB 0x000000072f000000| Complete |  0
| 110|0x000000072f200000, 0x000000072f400000, 0x000000072f400000|100%| E|CS|TAMS 0x000000072f200000| PB 0x000000072f200000| Complete |  0
| 111|0x000000072f400000, 0x000000072f600000, 0x000000072f600000|100%| E|CS|TAMS 0x000000072f400000| PB 0x000000072f400000| Complete |  0

Card table byte_map: [0x000002a5f4ae0000,0x000002a5f51e0000] _byte_map_base: 0x000002a5f11d5000

Marking Bits: (CMBitMap*) 0x000002a5dc9da6e0
 Bits: [0x000002a5f51e0000, 0x000002a5f8988000)

Polling page: 0x000002a5da9f0000

Metaspace:

Usage:
  Non-class:     13.47 MB used.
      Class:      1.75 MB used.
       Both:     15.22 MB used.

Virtual space:
  Non-class space:       64.00 MB reserved,      13.62 MB ( 21%) committed,  1 nodes.
      Class space:        1.00 GB reserved,       1.88 MB ( <1%) committed,  1 nodes.
             Both:        1.06 GB reserved,      15.50 MB (  1%) committed. 

Chunk freelists:
   Non-Class:  2.36 MB
       Class:  14.12 MB
        Both:  16.48 MB

MaxMetaspaceSize: unlimited
CompressedClassSpaceSize: 1.00 GB
Initial GC threshold: 21.00 MB
Current GC threshold: 21.00 MB
CDS: on
 - commit_granule_bytes: 65536.
 - commit_granule_words: 8192.
 - virtual_space_node_default_size: 8388608.
 - enlarge_chunks_in_place: 1.
 - use_allocation_guard: 0.


Internal statistics:

num_allocs_failed_limit: 0.
num_arena_births: 222.
num_arena_deaths: 0.
num_vsnodes_births: 2.
num_vsnodes_deaths: 0.
num_space_committed: 248.
num_space_uncommitted: 0.
num_chunks_returned_to_freelist: 0.
num_chunks_taken_from_freelist: 396.
num_chunk_merges: 0.
num_chunk_splits: 240.
num_chunks_enlarged: 129.
num_inconsistent_stats: 0.

CodeHeap 'non-profiled nmethods': size=120064Kb used=935Kb max_used=935Kb free=119128Kb
 bounds [0x000002a5ecb70000, 0x000002a5ecde0000, 0x000002a5f40b0000]
CodeHeap 'profiled nmethods': size=120000Kb used=4653Kb max_used=4653Kb free=115346Kb
 bounds [0x000002a5e50b0000, 0x000002a5e5540000, 0x000002a5ec5e0000]
CodeHeap 'non-nmethods': size=5696Kb used=1678Kb max_used=1712Kb free=4018Kb
 bounds [0x000002a5ec5e0000, 0x000002a5ec850000, 0x000002a5ecb70000]
CodeCache: size=245760Kb, used=7266Kb, max_used=7300Kb, free=238492Kb
 total_blobs=3794, nmethods=3057, adapters=642, full_count=0
Compilation: enabled, stopped_count=0, restarted_count=0

Compilation events (20 events):
Event: 61.832 Thread 0x000002a5fb413950 3048       3       com.googlecode.javacv.CanvasFrame::showImage (76 bytes)
Event: 61.833 Thread 0x000002a5fb413950 nmethod 3048 0x000002a5e5530d08 code [0x000002a5e5530ea0, 0x000002a5e5531510]
Event: 61.941 Thread 0x000002a5fb413950 3049       3       com.googlecode.javacv.cpp.opencv_core$IplImage::getBufferedImage (8 bytes)
Event: 61.942 Thread 0x000002a5fb413950 nmethod 3049 0x000002a5e5531588 code [0x000002a5e55316a0, 0x000002a5e55317f0]
Event: 61.942 Thread 0x000002a5fb413950 3050       3       com.googlecode.javacv.cpp.opencv_core$IplImage::getBufferedImage (694 bytes)
Event: 61.945 Thread 0x000002a5fb413950 nmethod 3050 0x000002a5e5531888 code [0x000002a5e5532000, 0x000002a5e5535908]
Event: 61.945 Thread 0x000002a5fb413950 3051       3       com.googlecode.javacv.cpp.opencv_core$IplImage::copyTo (603 bytes)
Event: 61.947 Thread 0x000002a5fb413950 nmethod 3051 0x000002a5e5535988 code [0x000002a5e5535ec0, 0x000002a5e5538fe0]
Event: 61.948 Thread 0x000002a5fb413950 3052       3       java.awt.image.BufferedImage::getSampleModel (8 bytes)
Event: 61.948 Thread 0x000002a5fb413950 nmethod 3052 0x000002a5e5539108 code [0x000002a5e5539220, 0x000002a5e55393d8]
Event: 61.948 Thread 0x000002a5fb413950 3053       3       java.awt.image.DataBufferByte::getData (12 bytes)
Event: 61.948 Thread 0x000002a5fb413950 nmethod 3053 0x000002a5e5539408 code [0x000002a5e5539560, 0x000002a5e5539a18]
Event: 61.948 Thread 0x000002a5fb413950 3054       3       sun.java2d.pipe.DrawImage::scaleImage (68 bytes)
Event: 61.949 Thread 0x000002a5fb413950 nmethod 3054 0x000002a5e5539a88 code [0x000002a5e5539c00, 0x000002a5e553a1e8]
Event: 61.949 Thread 0x000002a5fb413950 3055       3       sun.java2d.pipe.DrawImage::scaleImage (186 bytes)
Event: 61.949 Thread 0x000002a5fb413950 nmethod 3055 0x000002a5e553a288 code [0x000002a5e553a440, 0x000002a5e553ae08]
Event: 61.949 Thread 0x000002a5fb413950 3056       3       sun.awt.image.ByteInterleavedRaster::getDataOffset (7 bytes)
Event: 61.949 Thread 0x000002a5fb413950 nmethod 3056 0x000002a5e553ae88 code [0x000002a5e553afa0, 0x000002a5e553b0e0]
Event: 62.039 Thread 0x000002a5fb413950 3057       3       jdk.internal.misc.VM::isBooted (13 bytes)
Event: 62.039 Thread 0x000002a5fb413950 nmethod 3057 0x000002a5e553b188 code [0x000002a5e553b2a0, 0x000002a5e553b3e8]

GC Heap History (14 events):
Event: 26.850 GC heap before
{Heap before GC invocations=0 (full 0):
 garbage-first heap   total reserved 3647488K, committed 229376K, used 24576K [0x0000000721600000, 0x0000000800000000)
  region size 2048K, 12 young (24576K), 0 survivors (0K)
 Metaspace       used 14664K, committed 14912K, reserved 1114112K
  class space    used 1713K, committed 1856K, reserved 1048576K
}
Event: 26.858 GC heap after
{Heap after GC invocations=1 (full 0):
 garbage-first heap   total reserved 3647488K, committed 229376K, used 5348K [0x0000000721600000, 0x0000000800000000)
  region size 2048K, 2 young (4096K), 2 survivors (4096K)
 Metaspace       used 14664K, committed 14912K, reserved 1114112K
  class space    used 1713K, committed 1856K, reserved 1048576K
}
Event: 28.212 GC heap before
{Heap before GC invocations=1 (full 0):
 garbage-first heap   total reserved 3647488K, committed 229376K, used 23780K [0x0000000721600000, 0x0000000800000000)
  region size 2048K, 12 young (24576K), 2 survivors (4096K)
 Metaspace       used 15167K, committed 15424K, reserved 1114112K
  class space    used 1776K, committed 1856K, reserved 1048576K
}
Event: 28.217 GC heap after
{Heap after GC invocations=2 (full 0):
 garbage-first heap   total reserved 3647488K, committed 229376K, used 7152K [0x0000000721600000, 0x0000000800000000)
  region size 2048K, 1 young (2048K), 1 survivors (2048K)
 Metaspace       used 15167K, committed 15424K, reserved 1114112K
  class space    used 1776K, committed 1856K, reserved 1048576K
}
Event: 31.492 GC heap before
{Heap before GC invocations=2 (full 0):
 garbage-first heap   total reserved 3647488K, committed 229376K, used 66544K [0x0000000721600000, 0x0000000800000000)
  region size 2048K, 31 young (63488K), 1 survivors (2048K)
 Metaspace       used 15302K, committed 15552K, reserved 1114112K
  class space    used 1789K, committed 1920K, reserved 1048576K
}
Event: 31.494 GC heap after
{Heap after GC invocations=3 (full 0):
 garbage-first heap   total reserved 3647488K, committed 229376K, used 11755K [0x0000000721600000, 0x0000000800000000)
  region size 2048K, 3 young (6144K), 3 survivors (6144K)
 Metaspace       used 15302K, committed 15552K, reserved 1114112K
  class space    used 1789K, committed 1920K, reserved 1048576K
}
Event: 35.780 GC heap before
{Heap before GC invocations=3 (full 0):
 garbage-first heap   total reserved 3647488K, committed 229376K, used 81387K [0x0000000721600000, 0x0000000800000000)
  region size 2048K, 38 young (77824K), 3 survivors (6144K)
 Metaspace       used 15333K, committed 15616K, reserved 1114112K
  class space    used 1789K, committed 1920K, reserved 1048576K
}
Event: 35.782 GC heap after
{Heap after GC invocations=4 (full 0):
 garbage-first heap   total reserved 3647488K, committed 229376K, used 14784K [0x0000000721600000, 0x0000000800000000)
  region size 2048K, 5 young (10240K), 5 survivors (10240K)
 Metaspace       used 15333K, committed 15616K, reserved 1114112K
  class space    used 1789K, committed 1920K, reserved 1048576K
}
Event: 40.356 GC heap before
{Heap before GC invocations=4 (full 0):
 garbage-first heap   total reserved 3647488K, committed 229376K, used 115136K [0x0000000721600000, 0x0000000800000000)
  region size 2048K, 55 young (112640K), 5 survivors (10240K)
 Metaspace       used 15382K, committed 15680K, reserved 1114112K
  class space    used 1789K, committed 1920K, reserved 1048576K
}
Event: 40.360 GC heap after
{Heap after GC invocations=5 (full 0):
 garbage-first heap   total reserved 3647488K, committed 229376K, used 18880K [0x0000000721600000, 0x0000000800000000)
  region size 2048K, 7 young (14336K), 7 survivors (14336K)
 Metaspace       used 15382K, committed 15680K, reserved 1114112K
  class space    used 1789K, committed 1920K, reserved 1048576K
}
Event: 46.836 GC heap before
{Heap before GC invocations=5 (full 0):
 garbage-first heap   total reserved 3647488K, committed 229376K, used 135616K [0x0000000721600000, 0x0000000800000000)
  region size 2048K, 65 young (133120K), 7 survivors (14336K)
 Metaspace       used 15414K, committed 15680K, reserved 1114112K
  class space    used 1789K, committed 1920K, reserved 1048576K
}
Event: 46.840 GC heap after
{Heap after GC invocations=6 (full 0):
 garbage-first heap   total reserved 3647488K, committed 229376K, used 19780K [0x0000000721600000, 0x0000000800000000)
  region size 2048K, 7 young (14336K), 7 survivors (14336K)
 Metaspace       used 15414K, committed 15680K, reserved 1114112K
  class space    used 1789K, committed 1920K, reserved 1048576K
}
Event: 55.315 GC heap before
{Heap before GC invocations=6 (full 0):
 garbage-first heap   total reserved 3647488K, committed 229376K, used 140612K [0x0000000721600000, 0x0000000800000000)
  region size 2048K, 67 young (137216K), 7 survivors (14336K)
 Metaspace       used 15515K, committed 15744K, reserved 1114112K
  class space    used 1789K, committed 1920K, reserved 1048576K
}
Event: 55.319 GC heap after
{Heap after GC invocations=7 (full 0):
 garbage-first heap   total reserved 3647488K, committed 229376K, used 20928K [0x0000000721600000, 0x0000000800000000)
  region size 2048K, 8 young (16384K), 8 survivors (16384K)
 Metaspace       used 15515K, committed 15744K, reserved 1114112K
  class space    used 1789K, committed 1920K, reserved 1048576K
}

Dll operation events (19 events):
Event: 0.017 Loaded shared library C:\Program Files\Java\jdk-23\bin\java.dll
Event: 0.061 Loaded shared library C:\Program Files\Java\jdk-23\bin\jsvml.dll
Event: 0.100 Loaded shared library C:\Program Files\Java\jdk-23\bin\net.dll
Event: 0.103 Loaded shared library C:\Program Files\Java\jdk-23\bin\nio.dll
Event: 0.107 Loaded shared library C:\Program Files\Java\jdk-23\bin\zip.dll
Event: 0.185 Loaded shared library C:\Program Files\Java\jdk-23\bin\jimage.dll
Event: 0.217 Loaded shared library C:\Program Files\Java\jdk-23\bin\awt.dll
Event: 0.660 Loaded shared library C:\Program Files\Java\jdk-23\bin\freetype.dll
Event: 0.662 Loaded shared library C:\Program Files\Java\jdk-23\bin\fontmanager.dll
Event: 6.100 Loaded shared library C:\Users\HP\AppData\Local\Temp\sqlite-3.47.1.0-6d9c60cc-69c5-4f6c-8605-9496aa40e542-sqlitejdbc.dll
Event: 12.196 Loaded shared library C:\Program Files\Java\jdk-23\bin\verify.dll
Event: 25.850 Loaded shared library C:\Users\HP\AppData\Local\Temp\javacpp75208640545700\msvcr100.dll
Event: 25.866 Loaded shared library C:\Users\HP\AppData\Local\Temp\javacpp75208640545700\msvcp100.dll
Event: 26.066 Loaded shared library C:\Users\HP\AppData\Local\Temp\javacpp75208640545700\opencv_ffmpeg248_64.dll
Event: 26.124 Loaded shared library C:\Users\HP\AppData\Local\Temp\javacpp75208640545700\opencv_core248.dll
Event: 26.178 Loaded shared library C:\Users\HP\AppData\Local\Temp\javacpp75208640545700\opencv_imgproc248.dll
Event: 26.249 Loaded shared library C:\Users\HP\AppData\Local\Temp\javacpp75208640545700\opencv_highgui248.dll
Event: 26.256 Loaded shared library C:\Users\HP\AppData\Local\Temp\javacpp75208640545700\jniopencv_highgui.dll
Event: 26.847 Loaded shared library C:\Users\HP\AppData\Local\Temp\javacpp75208640545700\jniopencv_core.dll

Deoptimization events (20 events):
Event: 32.273 Thread 0x000002a5fb400680 DEOPT PACKING pc=0x000002a5e54885c6 sp=0x000000ce494fda30
Event: 32.273 Thread 0x000002a5fb400680 DEOPT UNPACKING pc=0x000002a5ec634b22 sp=0x000000ce494fcea8 mode 0
Event: 32.274 Thread 0x000002a5fb400680 DEOPT PACKING pc=0x000002a5e54885c6 sp=0x000000ce494fda30
Event: 32.274 Thread 0x000002a5fb400680 DEOPT UNPACKING pc=0x000002a5ec634b22 sp=0x000000ce494fcea8 mode 0
Event: 32.274 Thread 0x000002a5fb400680 DEOPT PACKING pc=0x000002a5e54885c6 sp=0x000000ce494fda30
Event: 32.274 Thread 0x000002a5fb400680 DEOPT UNPACKING pc=0x000002a5ec634b22 sp=0x000000ce494fcea8 mode 0
Event: 32.275 Thread 0x000002a5fb400680 DEOPT PACKING pc=0x000002a5e54885c6 sp=0x000000ce494fda30
Event: 32.275 Thread 0x000002a5fb400680 DEOPT UNPACKING pc=0x000002a5ec634b22 sp=0x000000ce494fcea8 mode 0
Event: 32.275 Thread 0x000002a5fb400680 DEOPT PACKING pc=0x000002a5e54885c6 sp=0x000000ce494fda30
Event: 32.275 Thread 0x000002a5fb400680 DEOPT UNPACKING pc=0x000002a5ec634b22 sp=0x000000ce494fcea8 mode 0
Event: 32.276 Thread 0x000002a5fb400680 DEOPT PACKING pc=0x000002a5e54885c6 sp=0x000000ce494fda30
Event: 32.276 Thread 0x000002a5fb400680 DEOPT UNPACKING pc=0x000002a5ec634b22 sp=0x000000ce494fcea8 mode 0
Event: 32.277 Thread 0x000002a5fb400680 DEOPT PACKING pc=0x000002a5e54885c6 sp=0x000000ce494fda30
Event: 32.277 Thread 0x000002a5fb400680 DEOPT UNPACKING pc=0x000002a5ec634b22 sp=0x000000ce494fcea8 mode 0
Event: 32.277 Thread 0x000002a5fb400680 DEOPT PACKING pc=0x000002a5e54885c6 sp=0x000000ce494fda30
Event: 32.277 Thread 0x000002a5fb400680 DEOPT UNPACKING pc=0x000002a5ec634b22 sp=0x000000ce494fcea8 mode 0
Event: 36.207 Thread 0x000002a5fb400680 DEOPT PACKING pc=0x000002a5e548d933 sp=0x000000ce494fdb70
Event: 36.207 Thread 0x000002a5fb400680 DEOPT UNPACKING pc=0x000002a5ec634b22 sp=0x000000ce494fd068 mode 0
Event: 43.176 Thread 0x000002a5fb400680 DEOPT PACKING pc=0x000002a5e54b0f50 sp=0x000000ce494fdaa0
Event: 43.176 Thread 0x000002a5fb400680 DEOPT UNPACKING pc=0x000002a5ec634b22 sp=0x000000ce494fcf70 mode 0

Classes loaded (20 events):
Event: 26.956 Loading class sun/awt/image/ByteInterleavedRaster
Event: 26.957 Loading class sun/awt/image/ByteComponentRaster
Event: 26.957 Loading class sun/awt/image/ByteComponentRaster done
Event: 26.957 Loading class sun/awt/image/ByteInterleavedRaster done
Event: 29.449 Loading class java/awt/image/AreaAveragingScaleFilter
Event: 29.456 Loading class java/awt/image/ReplicateScaleFilter
Event: 29.456 Loading class java/awt/image/ImageFilter
Event: 29.456 Loading class java/awt/image/ImageFilter done
Event: 29.456 Loading class java/awt/image/ReplicateScaleFilter done
Event: 29.456 Loading class java/awt/image/AreaAveragingScaleFilter done
Event: 29.456 Loading class java/awt/image/FilteredImageSource
Event: 29.456 Loading class java/awt/image/FilteredImageSource done
Event: 29.457 Loading class sun/awt/image/OffScreenImageSource
Event: 29.457 Loading class sun/awt/image/OffScreenImageSource done
Event: 31.356 Loading class javax/swing/plaf/basic/BasicRootPaneUI$Actions
Event: 31.356 Loading class javax/swing/plaf/basic/BasicRootPaneUI$Actions done
Event: 31.358 Loading class jdk/internal/event/ThreadSleepEvent
Event: 31.358 Loading class jdk/internal/event/ThreadSleepEvent done
Event: 31.399 Loading class javax/swing/JMenuBar
Event: 31.400 Loading class javax/swing/JMenuBar done

Classes unloaded (0 events):
No events

Classes redefined (0 events):
No events

Internal exceptions (20 events):
Event: 0.518 Thread 0x000002a5da69f890 Exception <a 'java/lang/ClassNotFoundException'{0x000000072eea85f0}: com/sun/swing/internal/plaf/basic/resources/spi/basicProvider> (0x000000072eea85f0) 
thrown [s\open\src\hotspot\share\classfile\systemDictionary.cpp, line 313]
Event: 0.534 Thread 0x000002a5da69f890 Exception <a 'java/lang/NoSuchMethodError'{0x000000072eec8530}: 'int java.lang.invoke.Invokers$Holder.invokeExact_MT(java.lang.Object, java.lang.Object)'> (0x000000072eec8530) 
thrown [s\open\src\hotspot\share\interpreter\linkResolver.cpp, line 796]
Event: 0.618 Thread 0x000002a5fb3ffff0 Exception <a 'java/lang/NoSuchMethodError'{0x000000072f17f3a0}: 'void java.lang.invoke.DirectMethodHandle$Holder.invokeVirtual(java.lang.Object, java.lang.Object)'> (0x000000072f17f3a0) 
thrown [s\open\src\hotspot\share\interpreter\linkResolver.cpp, line 796]
Event: 0.651 Thread 0x000002a5da69f890 Exception <a 'java/lang/NoSuchMethodError'{0x000000072ef25f20}: 'void java.lang.invoke.DirectMethodHandle$Holder.invokeStaticInit(java.lang.Object)'> (0x000000072ef25f20) 
thrown [s\open\src\hotspot\share\interpreter\linkResolver.cpp, line 796]
Event: 5.779 Thread 0x000002a5fb400680 Exception <a 'java/lang/NoSuchMethodError'{0x000000072ea548f0}: 'void java.lang.invoke.DirectMethodHandle$Holder.invokeStatic(java.lang.Object, java.lang.Object)'> (0x000000072ea548f0) 
thrown [s\open\src\hotspot\share\interpreter\linkResolver.cpp, line 796]
Event: 5.945 Thread 0x000002a5fb400680 Exception <a 'sun/nio/fs/WindowsException'{0x000000072e7647b0}> (0x000000072e7647b0) 
thrown [s\open\src\hotspot\share\prims\jni.cpp, line 520]
Event: 5.986 Thread 0x000002a5fb400680 Exception <a 'java/lang/NoSuchMethodError'{0x000000072e7c74f0}: 'java.lang.Object java.lang.invoke.DirectMethodHandle$Holder.invokeStaticInit(java.lang.Object, int, int, int, int)'> (0x000000072e7c74f0) 
thrown [s\open\src\hotspot\share\interpreter\linkResolver.cpp, line 796]
Event: 6.012 Thread 0x000002a5fb400680 Exception <a 'java/lang/NoSuchMethodError'{0x000000072e4976d0}: 'java.lang.Object java.lang.invoke.DirectMethodHandle$Holder.invokeStaticInit(java.lang.Object, java.lang.Object, int, int, int, int)'> (0x000000072e4976d0) 
thrown [s\open\src\hotspot\share\interpreter\linkResolver.cpp, line 796]
Event: 6.017 Thread 0x000002a5fb400680 Exception <a 'sun/nio/fs/WindowsException'{0x000000072e4a6908}> (0x000000072e4a6908) 
thrown [s\open\src\hotspot\share\prims\jni.cpp, line 520]
Event: 6.019 Thread 0x000002a5fb400680 Exception <a 'sun/nio/fs/WindowsException'{0x000000072e4a7a30}> (0x000000072e4a7a30) 
thrown [s\open\src\hotspot\share\prims\jni.cpp, line 520]
Event: 6.129 Thread 0x000002a5fb400680 Exception <a 'java/lang/NoSuchMethodError'{0x000000072e54b780}: 'java.lang.Object java.lang.invoke.DirectMethodHandle$Holder.invokeSpecial(java.lang.Object, java.lang.Object, int, java.lang.Object, long)'> (0x000000072e54b780) 
thrown [s\open\src\hotspot\share\interpreter\linkResolver.cpp, line 796]
Event: 6.130 Thread 0x000002a5fb400680 Exception <a 'java/lang/NoSuchMethodError'{0x000000072e551a10}: 'java.lang.Object java.lang.invoke.DirectMethodHandle$Holder.newInvokeSpecial(java.lang.Object, java.lang.Object, int)'> (0x000000072e551a10) 
thrown [s\open\src\hotspot\share\interpreter\linkResolver.cpp, line 796]
Event: 6.146 Thread 0x000002a5c59af400 Exception <a 'java/lang/NoSuchMethodError'{0x000000072e58a070}: 'java.lang.Object java.lang.invoke.DirectMethodHandle$Holder.newInvokeSpecial(java.lang.Object, java.lang.Object, java.lang.Object, int, int, int, int, int)'> (0x000000072e58a070) 
thrown [s\open\src\hotspot\share\interpreter\linkResolver.cpp, line 796]
Event: 6.239 Thread 0x000002a5fb400680 Exception <a 'java/lang/NoSuchMethodError'{0x000000072e5ff4e8}: 'int java.lang.invoke.DirectMethodHandle$Holder.invokeStatic(java.lang.Object)'> (0x000000072e5ff4e8) 
thrown [s\open\src\hotspot\share\interpreter\linkResolver.cpp, line 796]
Event: 25.672 Thread 0x000002a5c59aed70 Exception <a 'java/lang/NoSuchMethodError'{0x000000072e197628}: 'int java.lang.invoke.DirectMethodHandle$Holder.invokeStaticInit(java.lang.Object, java.lang.Object, java.lang.Object, java.lang.Object)'> (0x000000072e197628) 
thrown [s\open\src\hotspot\share\interpreter\linkResolver.cpp, line 796]
Event: 25.674 Thread 0x000002a5c59aed70 Exception <a 'java/lang/NoSuchMethodError'{0x000000072e19fdb0}: 'java.lang.Object java.lang.invoke.DirectMethodHandle$Holder.invokeInterface(java.lang.Object, java.lang.Object)'> (0x000000072e19fdb0) 
thrown [s\open\src\hotspot\share\interpreter\linkResolver.cpp, line 796]
Event: 25.675 Thread 0x000002a5c59aed70 Exception <a 'java/lang/IncompatibleClassChangeError'{0x000000072e1a30e0}: Found class java.lang.Object, but interface was expected> (0x000000072e1a30e0) 
thrown [s\open\src\hotspot\share\interpreter\linkResolver.cpp, line 863]
Event: 25.676 Thread 0x000002a5c59aed70 Exception <a 'java/lang/NoSuchMethodError'{0x000000072e1a5918}: 'void java.lang.invoke.DirectMethodHandle$Holder.invokeStaticInit(java.lang.Object, java.lang.Object)'> (0x000000072e1a5918) 
thrown [s\open\src\hotspot\share\interpreter\linkResolver.cpp, line 796]
Event: 25.678 Thread 0x000002a5c59aed70 Exception <a 'java/lang/NoSuchMethodError'{0x000000072e1ab120}: 'int java.lang.invoke.DirectMethodHandle$Holder.invokeStaticInit(java.lang.Object, java.lang.Object)'> (0x000000072e1ab120) 
thrown [s\open\src\hotspot\share\interpreter\linkResolver.cpp, line 796]
Event: 25.756 Thread 0x000002a5c59aed70 Exception <a 'java/lang/NoSuchMethodError'{0x000000072de3f7f8}: 'void java.lang.invoke.DirectMethodHandle$Holder.invokeStatic(java.lang.Object, int, java.lang.Object)'> (0x000000072de3f7f8) 
thrown [s\open\src\hotspot\share\interpreter\linkResolver.cpp, line 796]

VM Operations (20 events):
Event: 25.576 Executing VM operation: HandshakeAllThreads (Deoptimize)
Event: 25.576 Executing VM operation: HandshakeAllThreads (Deoptimize) done
Event: 26.850 Executing VM operation: G1CollectForAllocation (G1 Evacuation Pause)
Event: 26.858 Executing VM operation: G1CollectForAllocation (G1 Evacuation Pause) done
Event: 28.212 Executing VM operation: G1CollectForAllocation (G1 Evacuation Pause)
Event: 28.217 Executing VM operation: G1CollectForAllocation (G1 Evacuation Pause) done
Event: 31.492 Executing VM operation: G1CollectForAllocation (G1 Evacuation Pause)
Event: 31.494 Executing VM operation: G1CollectForAllocation (G1 Evacuation Pause) done
Event: 35.780 Executing VM operation: G1CollectForAllocation (G1 Evacuation Pause)
Event: 35.783 Executing VM operation: G1CollectForAllocation (G1 Evacuation Pause) done
Event: 40.356 Executing VM operation: G1CollectForAllocation (G1 Evacuation Pause)
Event: 40.360 Executing VM operation: G1CollectForAllocation (G1 Evacuation Pause) done
Event: 46.836 Executing VM operation: G1CollectForAllocation (G1 Evacuation Pause)
Event: 46.840 Executing VM operation: G1CollectForAllocation (G1 Evacuation Pause) done
Event: 55.315 Executing VM operation: G1CollectForAllocation (G1 Evacuation Pause)
Event: 55.319 Executing VM operation: G1CollectForAllocation (G1 Evacuation Pause) done
Event: 60.142 Executing VM operation: HandshakeAllThreads (HandshakeForDeflation)
Event: 60.142 Executing VM operation: HandshakeAllThreads (HandshakeForDeflation) done
Event: 60.142 Executing VM operation: RendezvousGCThreads
Event: 60.142 Executing VM operation: RendezvousGCThreads done

Memory protections (0 events):
No events

Nmethod flushes (0 events):
No events

Events (20 events):
Event: 0.134 Thread 0x000002a5fb413950 Thread added: 0x000002a5c5295560
Event: 0.308 Thread 0x000002a5da69f890 Thread added: 0x000002a5fb3fd200
Event: 0.311 Thread 0x000002a5da69f890 Thread added: 0x000002a5fb3fd890
Event: 0.313 Thread 0x000002a5da69f890 Thread added: 0x000002a5fb3ffff0
Event: 0.377 Thread 0x000002a5c5295560 Thread exited: 0x000002a5c5295560
Event: 0.586 Thread 0x000002a5da69f890 Thread added: 0x000002a5fb400680
Event: 0.857 Thread 0x000002a5da69f890 Thread exited: 0x000002a5da69f890
Event: 0.857 Thread 0x000002a5fb3fdf20 Thread added: 0x000002a5fb3fdf20
Event: 0.868 Thread 0x000002a5fb400680 Thread added: 0x000002a5fb3fe5b0
Event: 0.943 Thread 0x000002a5fb400680 Thread added: 0x000002a5c59b4fe0
Event: 5.781 Thread 0x000002a5fb400680 Thread added: 0x000002a5c59afa90
Event: 5.902 Thread 0x000002a5fb413950 Thread added: 0x000002a5c5a73290
Event: 6.142 Thread 0x000002a5fb400680 Thread added: 0x000002a5c59af400
Event: 6.248 Thread 0x000002a5c5a73290 Thread exited: 0x000002a5c5a73290
Event: 11.165 Thread 0x000002a5c59af400 Thread exited: 0x000002a5c59af400
Event: 25.637 Thread 0x000002a5fb400680 Thread added: 0x000002a5c59aed70
Event: 29.471 Thread 0x000002a5fb3fc1c0 Thread added: 0x000002a5ccb22af0
Event: 29.472 Thread 0x000002a5fb3fc1c0 Thread added: 0x000002a5ccb231b0
Event: 29.631 Thread 0x000002a5ccb231b0 Thread exited: 0x000002a5ccb231b0
Event: 30.008 Thread 0x000002a5ccb22af0 Thread exited: 0x000002a5ccb22af0


Dynamic libraries:
0x00007ff602650000 - 0x00007ff602660000 	C:\Program Files\Java\jdk-23\bin\java.exe
0x00007ffcff5f0000 - 0x00007ffcff807000 	C:\WINDOWS\SYSTEM32\ntdll.dll
0x00007ffcfe450000 - 0x00007ffcfe514000 	C:\WINDOWS\System32\KERNEL32.DLL
0x00007ffcfcae0000 - 0x00007ffcfce9a000 	C:\WINDOWS\System32\KERNELBASE.dll
0x00007ffcfd1a0000 - 0x00007ffcfd2b1000 	C:\WINDOWS\System32\ucrtbase.dll
0x00007ffcc1b70000 - 0x00007ffcc1b8b000 	C:\Program Files\Java\jdk-23\bin\VCRUNTIME140.dll
0x00007ffcc1b90000 - 0x00007ffcc1ba7000 	C:\Program Files\Java\jdk-23\bin\jli.dll
0x00007ffcfdee0000 - 0x00007ffcfe08e000 	C:\WINDOWS\System32\USER32.dll
0x00007ffcfcab0000 - 0x00007ffcfcad6000 	C:\WINDOWS\System32\win32u.dll
0x00007ffce28d0000 - 0x00007ffce2b62000 	C:\WINDOWS\WinSxS\amd64_microsoft.windows.common-controls_6595b64144ccf1df_6.0.22621.4541_none_2710d1c57384c085\COMCTL32.dll
0x00007ffcfd540000 - 0x00007ffcfd5e7000 	C:\WINDOWS\System32\msvcrt.dll
0x00007ffcfecf0000 - 0x00007ffcfed19000 	C:\WINDOWS\System32\GDI32.dll
0x00007ffcfcea0000 - 0x00007ffcfcfbb000 	C:\WINDOWS\System32\gdi32full.dll
0x00007ffcfd040000 - 0x00007ffcfd0da000 	C:\WINDOWS\System32\msvcp_win.dll
0x00007ffcfed20000 - 0x00007ffcfed51000 	C:\WINDOWS\System32\IMM32.DLL
0x00007ffcd2410000 - 0x00007ffcd241c000 	C:\Program Files\Java\jdk-23\bin\vcruntime140_1.dll
0x00007ffc94220000 - 0x00007ffc942ae000 	C:\Program Files\Java\jdk-23\bin\msvcp140.dll
0x00007ffc8b170000 - 0x00007ffc8bebf000 	C:\Program Files\Java\jdk-23\bin\server\jvm.dll
0x00007ffcfe390000 - 0x00007ffcfe442000 	C:\WINDOWS\System32\ADVAPI32.dll
0x00007ffcfead0000 - 0x00007ffcfeb77000 	C:\WINDOWS\System32\sechost.dll
0x00007ffcfd2c0000 - 0x00007ffcfd2e8000 	C:\WINDOWS\System32\bcrypt.dll
0x00007ffcfe1f0000 - 0x00007ffcfe304000 	C:\WINDOWS\System32\RPCRT4.dll
0x00007ffcfe310000 - 0x00007ffcfe381000 	C:\WINDOWS\System32\WS2_32.dll
0x00007ffcfc790000 - 0x00007ffcfc7dd000 	C:\WINDOWS\SYSTEM32\POWRPROF.dll
0x00007ffcf8dd0000 - 0x00007ffcf8e04000 	C:\WINDOWS\SYSTEM32\WINMM.dll
0x00007ffcf3b20000 - 0x00007ffcf3b2a000 	C:\WINDOWS\SYSTEM32\VERSION.dll
0x00007ffcfc770000 - 0x00007ffcfc783000 	C:\WINDOWS\SYSTEM32\UMPDC.dll
0x00007ffcfb8c0000 - 0x00007ffcfb8d8000 	C:\WINDOWS\SYSTEM32\kernel.appcore.dll
0x00007ffcc8550000 - 0x00007ffcc855a000 	C:\Program Files\Java\jdk-23\bin\jimage.dll
0x00007ffcf51f0000 - 0x00007ffcf5422000 	C:\WINDOWS\SYSTEM32\DBGHELP.DLL
0x00007ffcfed60000 - 0x00007ffcff0ef000 	C:\WINDOWS\System32\combase.dll
0x00007ffcfd300000 - 0x00007ffcfd3d7000 	C:\WINDOWS\System32\OLEAUT32.dll
0x00007ffce96e0000 - 0x00007ffce9712000 	C:\WINDOWS\SYSTEM32\dbgcore.DLL
0x00007ffcfcfc0000 - 0x00007ffcfd03b000 	C:\WINDOWS\System32\bcryptPrimitives.dll
0x00007ffcc17f0000 - 0x00007ffcc180e000 	C:\Program Files\Java\jdk-23\bin\java.dll
0x00007ffcff240000 - 0x00007ffcff3e5000 	C:\WINDOWS\System32\ole32.dll
0x00007ffcfd5f0000 - 0x00007ffcfde68000 	C:\WINDOWS\System32\SHELL32.dll
0x00007ffcfa7b0000 - 0x00007ffcfb0b8000 	C:\WINDOWS\SYSTEM32\windows.storage.dll
0x00007ffcfa670000 - 0x00007ffcfa7af000 	C:\WINDOWS\SYSTEM32\wintypes.dll
0x00007ffcfe0f0000 - 0x00007ffcfe1ea000 	C:\WINDOWS\System32\SHCORE.dll
0x00007ffcfea70000 - 0x00007ffcfeace000 	C:\WINDOWS\System32\shlwapi.dll
0x00007ffcfc7f0000 - 0x00007ffcfc81b000 	C:\WINDOWS\SYSTEM32\profapi.dll
0x00007ffc90330000 - 0x00007ffc90407000 	C:\Program Files\Java\jdk-23\bin\jsvml.dll
0x00007ffcc7fd0000 - 0x00007ffcc7fe0000 	C:\Program Files\Java\jdk-23\bin\net.dll
0x00007ffcfbd30000 - 0x00007ffcfbd99000 	C:\WINDOWS\system32\mswsock.dll
0x00007ffcc15a0000 - 0x00007ffcc15b6000 	C:\Program Files\Java\jdk-23\bin\nio.dll
0x00007ffcac4e0000 - 0x00007ffcac4f7000 	C:\Program Files\Java\jdk-23\bin\zip.dll
0x00007ffcfb320000 - 0x00007ffcfb34d000 	C:\WINDOWS\SYSTEM32\IPHLPAPI.DLL
0x00007ffcfd2f0000 - 0x00007ffcfd2f9000 	C:\WINDOWS\System32\NSI.dll
0x00007ffc8f2b0000 - 0x00007ffc8f43e000 	C:\Program Files\Java\jdk-23\bin\awt.dll
0x00007ffcf7560000 - 0x00007ffcf75f7000 	C:\WINDOWS\SYSTEM32\apphelp.dll
0x00007ffcf9ff0000 - 0x00007ffcfa01b000 	C:\WINDOWS\system32\DWMAPI.DLL
0x00007ffcf9d50000 - 0x00007ffcf9e01000 	C:\WINDOWS\system32\uxtheme.dll
0x00007ffca8ee0000 - 0x00007ffca8fe0000 	C:\WINDOWS\system32\opengl32.dll
0x00007ffca89f0000 - 0x00007ffca8a1d000 	C:\WINDOWS\SYSTEM32\GLU32.dll
0x00007ffcf9e80000 - 0x00007ffcf9eb7000 	C:\WINDOWS\SYSTEM32\dxcore.dll
0x00007ffcfeb80000 - 0x00007ffcfece1000 	C:\WINDOWS\System32\MSCTF.dll
0x00007ffcaab40000 - 0x00007ffcaace8000 	C:\WINDOWS\system32\d3d9.dll
0x00007ffcf0070000 - 0x00007ffcf022b000 	C:\WINDOWS\System32\DriverStore\FileRepository\u0389648.inf_amd64_00a4b5829b82c480\B385477\aticfx64.dll
0x00007ffcc1c50000 - 0x00007ffcc1c84000 	C:\WINDOWS\System32\DriverStore\FileRepository\u0389648.inf_amd64_00a4b5829b82c480\B385477\atiu9p64.dll
0x00007ffc8f5d0000 - 0x00007ffc90325000 	C:\WINDOWS\System32\DriverStore\FileRepository\u0389648.inf_amd64_00a4b5829b82c480\B385477\atiumd64.dll
0x000000006e8a0000 - 0x000000006f7c7000 	C:\WINDOWS\System32\DriverStore\FileRepository\u0389648.inf_amd64_00a4b5829b82c480\B385477\atiumd6a.dll
0x00007ffcfe520000 - 0x00007ffcfe994000 	C:\WINDOWS\System32\SETUPAPI.dll
0x00007ffcecaf0000 - 0x00007ffcecb25000 	C:\WINDOWS\SYSTEM32\amdihk64.dll
0x00007ffcf3ce0000 - 0x00007ffcf3d29000 	C:\WINDOWS\SYSTEM32\directxdatabasehelper.dll
0x00007ffc94190000 - 0x00007ffc94217000 	C:\Program Files\Java\jdk-23\bin\freetype.dll
0x00007ffc8f1d0000 - 0x00007ffc8f2a7000 	C:\Program Files\Java\jdk-23\bin\fontmanager.dll
0x00007ffcfe9a0000 - 0x00007ffcfea50000 	C:\WINDOWS\System32\clbcatq.dll
0x00007ffcf9b10000 - 0x00007ffcf9cc0000 	C:\WINDOWS\SYSTEM32\WindowsCodecs.dll
0x00007ffcd24b0000 - 0x00007ffcd250e000 	C:\WINDOWS\system32\dataexchange.dll
0x00007ffcf3410000 - 0x00007ffcf36b4000 	C:\WINDOWS\system32\twinapi.appcore.dll
0x00007ffce5480000 - 0x00007ffce55c5000 	C:\WINDOWS\SYSTEM32\textinputframework.dll
0x00007ffcf7230000 - 0x00007ffcf7363000 	C:\WINDOWS\SYSTEM32\CoreMessaging.dll
0x00007ffcf30a0000 - 0x00007ffcf340d000 	C:\WINDOWS\SYSTEM32\CoreUIComponents.dll
0x00007ffcfc060000 - 0x00007ffcfc06c000 	C:\WINDOWS\SYSTEM32\CRYPTBASE.DLL
0x00007ffcfc080000 - 0x00007ffcfc09b000 	C:\WINDOWS\SYSTEM32\CRYPTSP.dll
0x00007ffcfb820000 - 0x00007ffcfb855000 	C:\WINDOWS\system32\rsaenh.dll
0x00007ffcfbdd0000 - 0x00007ffcfbdf8000 	C:\WINDOWS\SYSTEM32\USERENV.dll
0x00007ffc8f0d0000 - 0x00007ffc8f1c9000 	C:\Users\HP\AppData\Local\Temp\sqlite-3.47.1.0-6d9c60cc-69c5-4f6c-8605-9496aa40e542-sqlitejdbc.dll
0x00007ffcc1d80000 - 0x00007ffcc1d90000 	C:\Program Files\Java\jdk-23\bin\verify.dll
0x000000006e1f0000 - 0x000000006e2c1000 	C:\Users\HP\AppData\Local\Temp\javacpp75208640545700\msvcr100.dll
0x000000006e150000 - 0x000000006e1e8000 	C:\Users\HP\AppData\Local\Temp\javacpp75208640545700\msvcp100.dll
0x0000000066840000 - 0x00000000676b4000 	C:\Users\HP\AppData\Local\Temp\javacpp75208640545700\opencv_ffmpeg248_64.dll
0x00007ffce2e20000 - 0x00007ffce2e29000 	C:\WINDOWS\SYSTEM32\WSOCK32.dll
0x00007ffc8ee50000 - 0x00007ffc8f0c2000 	C:\Users\HP\AppData\Local\Temp\javacpp75208640545700\opencv_core248.dll
0x00007ffc8d180000 - 0x00007ffc8d432000 	C:\Users\HP\AppData\Local\Temp\javacpp75208640545700\opencv_imgproc248.dll
0x00007ffc8af20000 - 0x00007ffc8b16d000 	C:\Users\HP\AppData\Local\Temp\javacpp75208640545700\opencv_highgui248.dll
0x00007ffcc1bb0000 - 0x00007ffcc1bca000 	C:\WINDOWS\SYSTEM32\AVICAP32.dll
0x00007ffc94160000 - 0x00007ffc94184000 	C:\WINDOWS\SYSTEM32\AVIFIL32.dll
0x00007ffc948b0000 - 0x00007ffc948db000 	C:\WINDOWS\SYSTEM32\MSVFW32.dll
0x00007ffce8910000 - 0x00007ffce892e000 	C:\WINDOWS\SYSTEM32\MSACM32.dll
0x00007ffc940b0000 - 0x00007ffc940c3000 	C:\Users\HP\AppData\Local\Temp\javacpp75208640545700\jniopencv_highgui.dll
0x00007ffce81f0000 - 0x00007ffce8211000 	C:\Windows\System32\devenum.dll
0x00007ffcfc4c0000 - 0x00007ffcfc50e000 	C:\Windows\System32\CFGMGR32.dll
0x00007ffcfb9d0000 - 0x00007ffcfba04000 	C:\WINDOWS\SYSTEM32\ntmarta.dll
0x00007ffcfc490000 - 0x00007ffcfc4bc000 	C:\WINDOWS\SYSTEM32\DEVOBJ.dll
0x00007ffcfc8c0000 - 0x00007ffcfc932000 	C:\WINDOWS\System32\WINTRUST.dll
0x00007ffcfc940000 - 0x00007ffcfcaa6000 	C:\WINDOWS\System32\CRYPT32.dll
0x00007ffcfc470000 - 0x00007ffcfc482000 	C:\WINDOWS\SYSTEM32\MSASN1.dll
0x00007ffce7930000 - 0x00007ffce793b000 	C:\WINDOWS\SYSTEM32\msdmo.dll
0x00007ffcdbee0000 - 0x00007ffcdbf19000 	C:\Windows\System32\qcap.dll
0x00007ffc91de0000 - 0x00007ffc91fc7000 	C:\Windows\System32\quartz.dll
0x00007ffc98990000 - 0x00007ffc989cb000 	C:\Windows\System32\mfksproxy.dll
0x00007ffcdc7f0000 - 0x00007ffcdc80e000 	C:\Windows\System32\ATL.DLL
0x00007ffcf8e60000 - 0x00007ffcf902e000 	C:\Windows\System32\MFPlat.DLL
0x00007ffcf8e20000 - 0x00007ffcf8e53000 	C:\Windows\System32\RTWorkQ.DLL
0x00007ffcf90e0000 - 0x00007ffcf947b000 	C:\Windows\System32\MFCORE.dll
0x00007ffcdab20000 - 0x00007ffcdabbe000 	C:\Windows\System32\FrameServerClient.dll
0x00007ffcf9520000 - 0x00007ffcf959f000 	C:\Windows\System32\MFSENSORGROUP.dll
0x00007ffcf8e10000 - 0x00007ffcf8e1b000 	C:\Windows\System32\AVRT.dll
0x00007ffcaadb0000 - 0x00007ffcaae45000 	C:\Windows\System32\Windows.Media.MediaControl.dll
0x00007ffcf0550000 - 0x00007ffcf05ee000 	C:\Windows\System32\MMDevAPI.DLL
0x00007ffcda0d0000 - 0x00007ffcda1f1000 	C:\Windows\System32\MFReadWrite.dll
0x00007ffcaad80000 - 0x00007ffcaada6000 	C:\Windows\System32\kswdmcap.ax
0x00007ffc98980000 - 0x00007ffc9898f000 	C:\Windows\System32\vidcap.ax
0x00007ffc8eda0000 - 0x00007ffc8ee4f000 	C:\Windows\System32\qedit.dll
0x00007ffcfd3f0000 - 0x00007ffcfd4f0000 	C:\WINDOWS\System32\COMDLG32.dll
0x00007ffccfd20000 - 0x00007ffccfeda000 	C:\WINDOWS\WinSxS\amd64_microsoft.windows.gdiplus_6595b64144ccf1df_1.1.22621.4541_none_57fbc4aace173a53\gdiplus.dll
0x00007ffc8ae20000 - 0x00007ffc8af1e000 	C:\Windows\System32\DDRAW.dll
0x00007ffcf9ec0000 - 0x00007ffcf9fb7000 	C:\Windows\System32\dxgi.dll
0x00007ffcc1590000 - 0x00007ffcc1599000 	C:\Windows\System32\DCIMAN32.dll
0x00007ffce2c40000 - 0x00007ffce2c69000 	C:\WINDOWS\SYSTEM32\WINMMBASE.dll
0x00007ffcc0f40000 - 0x00007ffcc0f4c000 	C:\WINDOWS\SYSTEM32\msyuv.dll
0x00007ffc8ed00000 - 0x00007ffc8ed9a000 	C:\Users\HP\AppData\Local\Temp\javacpp75208640545700\jniopencv_core.dll

dbghelp: loaded successfully - version: 4.0.5 - missing functions: none
symbol engine: initialized successfully - sym options: 0x614 - pdb path: .;C:\Program Files\Java\jdk-23\bin;C:\WINDOWS\SYSTEM32;C:\WINDOWS\WinSxS\amd64_microsoft.windows.common-controls_6595b64144ccf1df_6.0.22621.4541_none_2710d1c57384c085;C:\Program Files\Java\jdk-23\bin\server;C:\WINDOWS\System32\DriverStore\FileRepository\u0389648.inf_amd64_00a4b5829b82c480\B385477;C:\Users\HP\AppData\Local\Temp;C:\Users\HP\AppData\Local\Temp\javacpp75208640545700;C:\WINDOWS\WinSxS\amd64_microsoft.windows.gdiplus_6595b64144ccf1df_1.1.22621.4541_none_57fbc4aace173a53

VM Arguments:
jvm_args: -Dfile.encoding=UTF-8 
java_command: med1_endoskopi.Med1_Endoskopi
java_class_path (initial): C:\Program Files\NetBeans-22\netbeans\java\modules\ext\AbsoluteLayout.jar;D:\BELAJAR\TES\library\ffmpeg-2.1.1-windows-x86.jar;D:\BELAJAR\TES\library\ffmpeg-2.1.1-windows-x86_64.jar;D:\BELAJAR\TES\library\javacpp.jar;D:\BELAJAR\TES\library\javacv-windows-x86.jar;D:\BELAJAR\TES\library\javacv-windows-x86_64.jar;D:\BELAJAR\TES\library\javacv.jar;D:\BELAJAR\TES\library\jcalendar-1.4.jar;D:\BELAJAR\TES\library\mysql-connector-j-9.1.0.jar;D:\BELAJAR\TES\library\opencv-2.4.8-windows-x86.jar;D:\BELAJAR\TES\library\opencv-2.4.8-windows-x86_64.jar;C:\Users\HP\Downloads\swingx-all-1.6.4.jar;D:\New folder\lib\JasperReport\commons-beanutils-1.8.2.jar;D:\New folder\lib\JasperReport\commons-collections-3.2.1.jar;D:\New folder\lib\JasperReport\commons-digester-2.1.jar;D:\New folder\lib\JasperReport\commons-logging-1.1.jar;D:\New folder\lib\JasperReport\groovy-all-2.0.1.jar;D:\New folder\lib\JasperReport\iText-2.1.7.js2.jar;D:\New folder\lib\JasperReport\jasperreports-5.6.0.jar;D:\New folder\lib\JasperReport\org-jdesktop-layout.jar;D:\SQLite\sqlite-jdbc-3.47.1.0.jar;D:\SQLite\New\med1_endoskopi\build\classes
Launcher Type: SUN_STANDARD

[Global flags]
     intx CICompilerCount                          = 4                                         {product} {ergonomic}
     uint ConcGCThreads                            = 2                                         {product} {ergonomic}
     uint G1ConcRefinementThreads                  = 8                                         {product} {ergonomic}
   size_t G1HeapRegionSize                         = 2097152                                   {product} {ergonomic}
   size_t InitialHeapSize                          = 234881024                                 {product} {ergonomic}
   size_t MarkStackSize                            = 4194304                                   {product} {ergonomic}
   size_t MarkStackSizeMax                         = 536870912                                 {product} {ergonomic}
   size_t MaxHeapSize                              = 3735027712                                {product} {ergonomic}
   size_t MaxNewSize                               = 2239758336                                {product} {ergonomic}
   size_t MinHeapDeltaBytes                        = 2097152                                   {product} {ergonomic}
   size_t MinHeapSize                              = 8388608                                   {product} {ergonomic}
    uintx NonNMethodCodeHeapSize                   = 5832704                                {pd product} {ergonomic}
    uintx NonProfiledCodeHeapSize                  = 122945536                              {pd product} {ergonomic}
    uintx ProfiledCodeHeapSize                     = 122880000                              {pd product} {ergonomic}
    uintx ReservedCodeCacheSize                    = 251658240                              {pd product} {ergonomic}
     bool SegmentedCodeCache                       = true                                      {product} {ergonomic}
   size_t SoftMaxHeapSize                          = 3735027712                             {manageable} {ergonomic}
     bool UseCompressedOops                        = true                           {product lp64_product} {ergonomic}
     bool UseG1GC                                  = true                                      {product} {ergonomic}
     bool UseLargePagesIndividualAllocation        = false                                  {pd product} {ergonomic}

Logging:
Log output configuration:
 #0: stdout all=warning uptime,level,tags foldmultilines=false
 #1: stderr all=off uptime,level,tags foldmultilines=false

Environment Variables:
PATH=C:\Program Files\Common Files\Oracle\Java\javapath;C:\Program Files\Microsoft MPI\Bin\;C:\WINDOWS\system32;C:\WINDOWS;C:\WINDOWS\System32\Wbem;C:\WINDOWS\System32\WindowsPowerShell\v1.0\;C:\WINDOWS\System32\OpenSSH\;C:\xampp\php;C:\ProgramData\ComposerSetup\bin;C:\ProgramData\chocolatey\bin;C:\Program Files\Microsoft SQL Server\Client SDK\ODBC\170\Tools\Binn\;C:\Program Files\dotnet\;C:\Program Files (x86)\Microsoft SQL Server\160\DTS\Binn\;C:\Program Files (x86)\Microsoft SQL Server\160\Tools\Binn\;C:\Program Files\Microsoft SQL Server\160\Tools\Binn\;C:\Program Files\Microsoft SQL Server\160\DTS\Binn\;C:\Program Files\Git\cmd;C:\Users\HP\AppData\Roaming\nvm;C:\Program Files\nodejs;C:\dev\flutter\bin;C:\Program Files\Go\bin;C:\Program Files\PuTTY\;C:\Program Files\Docker\Docker\resources\bin;C:\Users\HP\Downloads\opencv\build\x64\vc16\bin;C:\Program Files\Java\jdk-1.8\bin;C:\Program Files\Microsoft SQL Server\150\Tools\Binn\;C:\Users\HP\AppData\Local\Programs\Python\Python312\Scripts\;C:\Users\HP\AppData\Local\Programs\Python\Python312\;C:\Users\HP\AppData\Local\Microsoft\WindowsApps;C:\Users\HP\AppData\Roaming\npm;C:\Users\HP\AppData\Roaming\Composer\vendor\bin;C:\Program Files\kdiff3;C:\Users\HP\.dotnet\tools;C:\Program Files\Azure Data Studio\bin;C:\Users\HP\AppData\Local\Programs\Microsoft VS Code\bin;C:\Users\HP\AppData\Roaming\nvm;C:\Program Files\nodejs;C:\Users\HP\go\bin;C:\Program Files\Java\jdk-1.8\bin;
USERNAME=HP
OS=Windows_NT
PROCESSOR_IDENTIFIER=AMD64 Family 23 Model 24 Stepping 1, AuthenticAMD
TMP=C:\Users\HP\AppData\Local\Temp
TEMP=C:\Users\HP\AppData\Local\Temp




Periodic native trim disabled

---------------  S Y S T E M  ---------------

OS:
 Windows 11 , 64 bit Build 22621 (10.0.22621.4391)
OS uptime: 0 days 20:54 hours
Hyper-V role detected

CPU: total 8 (initial active 8) (8 cores per cpu, 2 threads per core) family 23 model 24 stepping 1 microcode 0x0, cx8, cmov, fxsr, ht, mmx, 3dnowpref, sse, sse2, sse3, ssse3, sse4a, sse4.1, sse4.2, popcnt, lzcnt, tsc, tscinvbit, avx, avx2, aes, clmul, bmi1, bmi2, adx, sha, fma, vzeroupper, clflush, clflushopt, hv, rdtscp, f16c
Processor Information for the first 8 processors :
  Max Mhz: 2100, Current Mhz: 2100, Mhz Limit: 2100

Memory: 4k page, system-wide physical 14247M (1145M free)
TotalPageFile size 27047M (AvailPageFile size 4399M)
current process WorkingSet (physical memory assigned to process): 286M, peak: 289M
current process commit charge ("private bytes"): 444M, peak: 460M

vm_info: Java HotSpot(TM) 64-Bit Server VM (23.0.1+11-39) for windows-amd64 JRE (23.0.1+11-39), built on 2024-09-30T07:20:43Z with MS VC++ 17.6 (VS2022)

END.
