#
# A fatal error has been detected by the Java Runtime Environment:
#
#  EXCEPTION_ACCESS_VIOLATION (0xc0000005) at pc=0x00007ffdd1923fba, pid=19572, tid=2700
#
# JRE version: Java(TM) SE Runtime Environment (23.0+37) (build 23+37-2369)
# Java VM: Java HotSpot(TM) 64-Bit Server VM (23+37-2369, mixed mode, sharing, tiered, compressed oops, compressed class ptrs, g1 gc, windows-amd64)
# Problematic frame:
# C  [ntdll.dll+0x33fba]
#
# No core dump will be written. Minidumps are not enabled by default on client versions of Windows
#
# If you would like to submit a bug report, please visit:
#   https://bugreport.java.com/bugreport/crash.jsp
# The crash happened outside the Java Virtual Machine in native code.
# See problematic frame for where to report the bug.
#

---------------  S U M M A R Y ------------

Command Line: -Dfile.encoding=UTF-8 med1_endoskopi.Med1_Endoskopi

Host: AMD Ryzen 5 3500U with Radeon Vega Mobile Gfx  , 8 cores, 13G,  Windows 11 , 64 bit Build 22621 (10.0.22621.4391)
Time: Wed Jan 15 17:26:45 2025 SE Asia Standard Time elapsed time: 20.911737 seconds (0d 0h 0m 20s)

---------------  T H R E A D  ---------------

Current thread (0x000001ff5d107300):  JavaThread "Thread-0"         [_thread_in_native, id=2700, stack(0x0000009652100000,0x0000009652200000) (1024K)]

Stack: [0x0000009652100000,0x0000009652200000],  sp=0x00000096521fed50,  free space=1019k
Native frames: (J=compiled Java code, j=interpreted, Vv=VM code, C=native code)
C  [ntdll.dll+0x33fba]  (no source info available)
C  [ntdll.dll+0x21d04]  (no source info available)
C  [ntdll.dll+0x21af2]  (no source info available)
C  [opencv_highgui248.dll+0x15963]  (no source info available)
C  [opencv_highgui248.dll+0x16946]  (no source info available)
C  [opencv_highgui248.dll+0x1129]  (no source info available)
C  [jniopencv_highgui.dll+0x6a76]  (no source info available)
C  0x000001ff07b8fa98  (no source info available)

The last pc belongs to native nmethod (printed below).
Java frames: (J=compiled Java code, j=interpreted, Vv=VM code)
J 2775  com.googlecode.javacv.cpp.opencv_highgui.cvRetrieveFrame(Lcom/googlecode/javacv/cpp/opencv_highgui$CvCapture;I)Lcom/googlecode/javacv/cpp/opencv_core$IplImage; (0 bytes) @ 0x000001ff07b8f9fd [0x000001ff07b8f9a0+0x000000000000005d]
j  com.googlecode.javacv.cpp.opencv_highgui.cvRetrieveFrame(Lcom/googlecode/javacv/cpp/opencv_highgui$CvCapture;)Lcom/googlecode/javacv/cpp/opencv_core$IplImage;+2
j  com.googlecode.javacv.OpenCVFrameGrabber.grab()Lcom/googlecode/javacv/cpp/opencv_core$IplImage;+4
j  View.Assesment.lambda$CameraViewer$0(Lcom/googlecode/javacv/CanvasFrame;)V+40
j  View.Assesment$$Lambda+0x000001ff181c60a8.run()V+8
j  java.lang.Thread.runWith(Ljava/lang/Object;Ljava/lang/Runnable;)V+5 java.base@23
j  java.lang.Thread.run()V+19 java.base@23
v  ~StubRoutines::call_stub 0x000001ff07530fcd

siginfo: EXCEPTION_ACCESS_VIOLATION (0xc0000005), writing address 0x0000000000000024


Registers:
RAX=0x0000000000000000, RBX=0x0000000000000000, RCX=0x000001ff64ada568, RDX=0x00000000fffffffa
RSP=0x00000096521fed50, RBP=0x00000096521fedf9, RSI=0x0000000000000000, RDI=0x000001ff64ada568
R8 =0x0000000000000000, R9 =0x0000000000000000, R10=0x0000000000000000, R11=0x0001f25ecdfea400
R12=0x000001ff64ada570, R13=0x0000000000000000, R14=0x0000000000000000, R15=0x00000000fffffffa
RIP=0x00007ffdd1923fba, EFLAGS=0x0000000000010213


Register to memory mapping:

RAX=0x0 is null
RBX=0x0 is null
RCX=0x000001ff64ada568 points into unknown readable memory: 0x0000000000000000 | 00 00 00 00 00 00 00 00
RDX=0x00000000fffffffa is an unknown value
RSP=0x00000096521fed50 is pointing into the stack for thread: 0x000001ff5d107300
RBP=0x00000096521fedf9 is pointing into the stack for thread: 0x000001ff5d107300
RSI=0x0 is null
RDI=0x000001ff64ada568 points into unknown readable memory: 0x0000000000000000 | 00 00 00 00 00 00 00 00
R8 =0x0 is null
R9 =0x0 is null
R10=0x0 is null
R11=0x0001f25ecdfea400 is an unknown value
R12=0x000001ff64ada570 points into unknown readable memory: 0x00000000fffffffa | fa ff ff ff 00 00 00 00
R13=0x0 is null
R14=0x0 is null
R15=0x00000000fffffffa is an unknown value

Top of Stack: (sp=0x00000096521fed50)
0x00000096521fed50:   ffffffffffffffff 0000000000000000
0x00000096521fed60:   000001ff58284aea 0000000000000017
0x00000096521fed70:   000001ff58289d00 0000000000000000
0x00000096521fed80:   00000007217c85d0 000001ff58284cb0
0x00000096521fed90:   0000000000000000 0000009600000000
0x00000096521feda0:   00000096521feea8 000001ff07538700
0x00000096521fedb0:   0000000000000000 0000000000000000
0x00000096521fedc0:   00000000000003e8 00000000000005dc
0x00000096521fedd0:   0000000000000000 0000000000000000
0x00000096521fede0:   3ff4000000000000 000000964f83a000
0x00000096521fedf0:   3ff4000000000000 0000000000000000
0x00000096521fee00:   000000072196dba8 000000072196dba8
0x00000096521fee10:   000000072196db28 000000072196d9e8
0x00000096521fee20:   0000000000000320 00005dc62d550c20
0x00000096521fee30:   0000000000000001 00000096521ff080
0x00000096521fee40:   000001ff64ada568 000001ff64ada570
0x00000096521fee50:   0000000000000001 00007ffdd1911d04
0x00000096521fee60:   fffffffffffffff7 0000000000000000
0x00000096521fee70:   0000000000000000 0000000000000000
0x00000096521fee80:   0000000000000000 00000007217d14e0
0x00000096521fee90:   000001ff00000000 000001ff5d107300
0x00000096521feea0:   00000096521ff080 000001ff658b0090
0x00000096521feeb0:   0000000000000000 0000000000000000
0x00000096521feec0:   0000000000000001 00007ffd7cb6e600
0x00000096521feed0:   00007ffd7cb6e640 00007ffdd1911af2
0x00000096521feee0:   0000000000000001 0000000000000000
0x00000096521feef0:   00000096521ff080 0000000000000000
0x00000096521fef00:   0000000000000001 00007ffd7c955963
0x00000096521fef10:   00007ffd7cb6e640 0000000000000000
0x00000096521fef20:   0000000700000000 0000000000000b84
0x00000096521fef30:   0000000000000000 00000096521fef58
0x00000096521fef40:   00000096521fefb0 000001ff07538700 

Instructions: (pc=0x00007ffdd1923fba)
0x00007ffdd1923eba:   49 8b 0e 49 8b d2 e8 bb 00 07 00 8b d8 3d 02 01
0x00007ffdd1923eca:   00 00 0f 84 2f 88 07 00 81 fb 01 01 00 00 0f 45
0x00007ffdd1923eda:   f3 8b c6 48 8b 5c 24 30 48 8b 6c 24 38 48 8b 74
0x00007ffdd1923eea:   24 40 48 8b 7c 24 48 48 83 c4 20 41 5e c3 cc 33
0x00007ffdd1923efa:   c0 eb e0 cc cc cc cc cc cc cc cc cc cc cc cc cc
0x00007ffdd1923f0a:   cc cc cc cc cc cc 48 89 5c 24 10 48 89 74 24 18
0x00007ffdd1923f1a:   48 89 7c 24 20 55 41 54 41 55 41 56 41 57 48 8d
0x00007ffdd1923f2a:   6c 24 c9 48 81 ec e0 00 00 00 48 8b 05 f5 a5 16
0x00007ffdd1923f3a:   00 48 33 c4 48 89 45 2f 65 48 8b 04 25 30 00 00
0x00007ffdd1923f4a:   00 48 8b f9 33 db c6 45 97 00 48 8d 0d 05 c4 14
0x00007ffdd1923f5a:   00 48 89 45 ef 89 5d 9b 44 8b fa 48 3b f9 0f 84
0x00007ffdd1923f6a:   c2 02 00 00 38 1d 14 25 15 00 0f 85 31 03 00 00
0x00007ffdd1923f7a:   39 1d 28 25 15 00 0f 85 f4 02 00 00 38 1d cc 1f
0x00007ffdd1923f8a:   15 00 4c 8d 35 cd 1f 15 00 4c 0f 45 f3 48 39 5f
0x00007ffdd1923f9a:   18 0f 84 5f 02 00 00 48 83 3f ff 0f 84 62 02 00
0x00007ffdd1923faa:   00 48 8b 07 44 8b eb 89 5d 9f 48 83 f8 ff 74 03
0x00007ffdd1923fba:   ff 40 24 4c 8b 67 18 48 8d 77 10 4c 89 65 e7 48
0x00007ffdd1923fca:   8b de 48 89 5d a7 e8 cb 70 00 00 85 c0 0f 85 53
0x00007ffdd1923fda:   87 07 00 48 8b de b9 82 03 fe 7f 48 89 5d a7 80
0x00007ffdd1923fea:   39 00 0f 85 5a 87 07 00 49 83 fc ff 0f 85 c5 02
0x00007ffdd1923ffa:   00 00 4c 8d 4d af 49 83 e1 fc 4c 8d 67 08 4c 89
0x00007ffdd192400a:   4d df 33 f6 4c 89 65 af c7 45 d7 01 00 00 00 48
0x00007ffdd192401a:   89 75 c7 48 89 75 bf 48 89 75 cf 65 48 8b 0c 25
0x00007ffdd192402a:   30 00 00 00 48 8b 41 48 48 89 45 b7 49 8b c4 4c
0x00007ffdd192403a:   8b 69 60 48 c1 e8 05 49 81 c5 a0 03 00 00 83 e0
0x00007ffdd192404a:   7f 4c 8d 04 c5 00 00 00 00 4d 03 c5 49 8b 08 48
0x00007ffdd192405a:   8b d9 48 8d 45 af 83 e3 03 48 8b d1 49 0b d9 48
0x00007ffdd192406a:   83 e2 fc 48 85 d2 48 89 55 bf 48 0f 45 c6 48 89
0x00007ffdd192407a:   45 cf 48 8b c3 48 83 c8 02 48 85 d2 48 0f 45 d8
0x00007ffdd192408a:   48 8b c1 f0 49 0f b1 18 0f 85 90 01 00 00 32 d9
0x00007ffdd192409a:   f6 c3 02 0f 85 c1 00 00 00 41 8b 04 24 41 3b c7
0x00007ffdd19240aa:   0f 85 2f 01 00 00 66 83 3c 25 6a 03 fe 7f 01 76 


Stack slot to memory mapping:

stack at sp + 0 slots: 0xffffffffffffffff is an unknown value
stack at sp + 1 slots: 0x0 is null
stack at sp + 2 slots: 0x000001ff58284aea is pointing into metadata
stack at sp + 3 slots: 0x0000000000000017 is an unknown value
stack at sp + 4 slots: 0x000001ff58289d00 is pointing into metadata
stack at sp + 5 slots: 0x0 is null
stack at sp + 6 slots: 0x00000007217c85d0 is an oop: java.lang.Class 
{0x00000007217c85d0} - klass: 'java/lang/Class'
 - ---- fields (total size 15 words):
 - private volatile transient 'classRedefinedCount' 'I' @12  0 (0x00000000)
 - injected 'klass' 'J' @16  2195131089120 (0x000001ff180240e0)
 - injected 'array_klass' 'J' @24  0 (0x0000000000000000)
 - injected 'oop_size' 'I' @32  15 (0x0000000f)
 - injected 'static_oop_field_count' 'I' @36  1 (0x00000001)
 - private volatile transient 'cachedConstructor' 'Ljava/lang/reflect/Constructor;' @40  null (0x00000000)
 - private transient 'name' 'Ljava/lang/String;' @44  null (0x00000000)
 - private transient 'module' 'Ljava/lang/Module;' @48  a 'java/lang/Module'{0x000000072188a1f0} (0xe431143e)
 - private final 'classLoader' 'Ljava/lang/ClassLoader;' @52  null (0x00000000)
 - private transient 'classData' 'Ljava/lang/Object;' @56  null (0x00000000)
 - private transient 'packageName' 'Ljava/lang/String;' @60  null (0x00000000)
 - private final 'componentType' 'Ljava/lang/Class;' @64  null (0x00000000)
 - private volatile transient 'reflectionData' 'Ljava/lang/ref/SoftReference;' @68  null (0x00000000)
 - private volatile transient 'genericInfo' 'Lsun/reflect/generics/repository/ClassRepository;' @72  null (0x00000000)
 - private volatile transient 'enumConstants' '[Ljava/lang/Object;' @76  null (0x00000000)
 - private volatile transient 'enumConstantDirectory' 'Ljava/util/Map;' @80  null (0x00000000)
 - private volatile transient 'annotationData' 'Ljava/lang/Class$AnnotationData;' @84  null (0x00000000)
 - private volatile transient 'annotationType' 'Lsun/reflect/annotation/AnnotationType;' @88  null (0x00000000)
 - transient 'classValueMap' 'Ljava/lang/ClassValue$ClassValueMap;' @92  null (0x00000000)
 - injected 'protection_domain' 'Ljava/lang/Object;' @96  null (0x00000000)
 - injected 'signers_name' 'Ljava/lang/Object;' @100  null (0x00000000)
 - injected 'source_file' 'Ljava/lang/Object;' @104  null (0x00000000)
 - signature: Lsun/java2d/d3d/D3DGraphicsConfig;
 - ---- static fields (1):
 - private static 'imageCaps' 'Ljava/awt/ImageCapabilities;' @112  a 'sun/java2d/d3d/D3DGraphicsConfig$D3DImageCaps'{0x00000007217b0e60} (0xe42f61cc)
stack at sp + 7 slots: {method} {0x000001ff58284cb8} 'flip' '(Lsun/awt/windows/WComponentPeer;Ljava/awt/Component;Ljava/awt/image/VolatileImage;IIIILjava/awt/BufferCapabilities$FlipContents;)V' in 'sun/java2d/d3d/D3DGraphicsConfig'

Lock stack of current Java thread (top to bottom):


Compiled method (n/a) 21159 2775     n 0       com.googlecode.javacv.cpp.opencv_highgui::cvRetrieveFrame (native)
 total in heap  [0x000001ff07b8f888,0x000001ff07b8fde8] = 1376
 relocation     [0x000001ff07b8f960,0x000001ff07b8f998] = 56
 main code      [0x000001ff07b8f9a0,0x000001ff07b8fddb] = 1083
 stub code      [0x000001ff07b8fddb,0x000001ff07b8fde0] = 5
 oops           [0x000001ff07b8fde0,0x000001ff07b8fde8] = 8

[Constant Pool (empty)]

[MachCode]
[Entry Point]
  # {method} {0x000001ff58b3e5f8} 'cvRetrieveFrame' '(Lcom/googlecode/javacv/cpp/opencv_highgui$CvCapture;I)Lcom/googlecode/javacv/cpp/opencv_core$IplImage;' in 'com/googlecode/javacv/cpp/opencv_highgui'
  # parm0:    rdx:rdx   = 'com/googlecode/javacv/cpp/opencv_highgui$CvCapture'
  # parm1:    r8        = int
  #           [sp+0x70]  (sp of caller)
  0x000001ff07b8f9a0: 6690 448b | 5208 443b 

  0x000001ff07b8f9a8: ;   {runtime_call ic_miss_stub}
  0x000001ff07b8f9a8: 5008 0f85 | 30eb 9eff 
[Verified Entry Point]
  0x000001ff07b8f9b0: 8984 2400 | 80ff ff55 | 488b ec48 | 83ec 6090 | 4181 7f20 | 0100 0000 

  0x000001ff07b8f9c8: ;   {runtime_call StubRoutines (final stubs)}
  0x000001ff07b8f9c8: 7405 e871 | 7d9d ff4d | 8bc8 4889 | 5424 2048 | 83fa 004c | 8d44 2420 | 4c0f 4444 

  0x000001ff07b8f9e4: ;   {oop(a 'java/lang/Class'{0x0000000721622158} = 'com/googlecode/javacv/cpp/opencv_highgui')}
  0x000001ff07b8f9e4: 2420 49be | 5821 6221 | 0700 0000 | 4c89 7424 | 504c 8d74 | 2450 498b | d6c5 f877 

  0x000001ff07b8fa00: ;   {internal_word}
  0x000001ff07b8fa00: 49ba fdf9 | b807 ff01 | 0000 4d89 | 97a8 0300 | 0049 89a7 | a003 0000 

  0x000001ff07b8fa18: ;   {external_word}
  0x000001ff07b8fa18: 49ba 41ad | 0e62 fd7f | 0000 4180 | 3a00 0f84 | 4e00 0000 | 5241 5041 

  0x000001ff07b8fa30: ;   {metadata({method} {0x000001ff58b3e5f8} 'cvRetrieveFrame' '(Lcom/googlecode/javacv/cpp/opencv_highgui$CvCapture;I)Lcom/googlecode/javacv/cpp/opencv_core$IplImage;' in 'com/googlecode/javacv/cpp/opencv_highgui')}
  0x000001ff07b8fa30: 5148 baf0 | e5b3 58ff | 0100 0049 | 8bcf 4883 | ec20 40f6 | c40f 0f84 | 1900 0000 | 4883 ec08 
  0x000001ff07b8fa50: ;   {runtime_call}
  0x000001ff07b8fa50: 48b8 00ee | be61 fd7f | 0000 ffd0 | 4883 c408 | e90c 0000 

  0x000001ff07b8fa64: ;   {runtime_call}
  0x000001ff07b8fa64: 0048 b800 | eebe 61fd | 7f00 00ff | d048 83c4 | 2041 5941 | 585a 498d | 8fc0 0300 | 0041 c787 
  0x000001ff07b8fa84: 4404 0000 | 0400 0000 

  0x000001ff07b8fa8c: ;   {runtime_call}
  0x000001ff07b8fa8c: 48b8 206a | c7ad fd7f | 0000 ffd0 | c5f8 7741 | c787 4404 | 0000 0500 | 0000 f083 | 4424 c000 
  0x000001ff07b8faac: 493b af48 | 0400 000f | 870e 0000 | 0041 83bf | 4004 0000 | 000f 842b | 0000 00c5 | f877 4889 
  0x000001ff07b8facc: 45f8 498b | cf4c 8be4 | 4883 ec20 | 4883 e4f0 

  0x000001ff07b8fadc: ;   {runtime_call}
  0x000001ff07b8fadc: 48b8 90a9 | 8861 fd7f | 0000 ffd0 | 498b e44d | 33e4 488b | 45f8 41c7 | 8744 0400 | 0008 0000 
  0x000001ff07b8fafc: 0041 83bf | c804 0000 | 020f 84a3 

  0x000001ff07b8fb08: ;   {external_word}
  0x000001ff07b8fb08: 0200 0049 | ba41 ad0e | 62fd 7f00 | 0041 803a | 000f 844c | 0000 0048 

  0x000001ff07b8fb20: ;   {metadata({method} {0x000001ff58b3e5f8} 'cvRetrieveFrame' '(Lcom/googlecode/javacv/cpp/opencv_highgui$CvCapture;I)Lcom/googlecode/javacv/cpp/opencv_core$IplImage;' in 'com/googlecode/javacv/cpp/opencv_highgui')}
  0x000001ff07b8fb20: 8945 f848 | baf0 e5b3 | 58ff 0100 | 0049 8bcf | 4883 ec20 | 40f6 c40f | 0f84 1900 | 0000 4883 
  0x000001ff07b8fb40: ;   {runtime_call}
  0x000001ff07b8fb40: ec08 48b8 | 00ee be61 | fd7f 0000 | ffd0 4883 | c408 e90c 

  0x000001ff07b8fb54: ;   {runtime_call}
  0x000001ff07b8fb54: 0000 0048 | b800 eebe | 61fd 7f00 | 00ff d048 | 83c4 2048 | 8b45 f849 | c787 a003 | 0000 0000 
  0x000001ff07b8fb74: 0000 49c7 | 87a8 0300 | 0000 0000 | 00c5 f877 | 4885 c00f | 84fe 0100 | 00a8 030f | 8508 0000 
  0x000001ff07b8fb94: 0048 8b00 | e9ee 0100 | 00a8 010f | 8509 0000 | 0048 8b40 | fee9 dd01 | 0000 488b | 40ff 4180 
  0x000001ff07b8fbb4: 7f38 000f | 84ce 0100 | 0048 83f8 | 000f 84c4 | 0100 0049 | 8b4f 2848 | 83f9 000f | 8414 0000 
  0x000001ff07b8fbd4: 0048 83e9 | 0849 894f | 2849 034f | 3048 8901 | e9a2 0100 | 0048 81ec | d000 0000 | 4889 0424 
  0x000001ff07b8fbf4: 4889 4c24 | 0848 8954 | 2410 4889 | 7424 1848 | 897c 2420 | 4c89 4424 | 284c 894c | 2430 4c89 
  0x000001ff07b8fc14: 5424 384c | 895c 2440 | c5fb 1144 | 2450 c5fb | 114c 2458 | c5fb 1154 | 2460 c5fb | 115c 2468 
  0x000001ff07b8fc34: c5fb 1164 | 2470 c5fb | 116c 2478 | c5fb 11b4 | 2480 0000 | 00c5 fb11 | bc24 8800 | 0000 c57b 
  0x000001ff07b8fc54: ;   {no_reloc}
  0x000001ff07b8fc54: 1184 2490 | 0000 00c5 | 7b11 8c24 | 9800 0000 | c57b 1194 | 24a0 0000 | 00c5 7b11 | 9c24 a800 
  0x000001ff07b8fc74: 0000 c57b | 11a4 24b0 | 0000 00c5 | 7b11 ac24 | b800 0000 | c57b 11b4 | 24c0 0000 | 00c5 7b11 
  0x000001ff07b8fc94: bc24 c800 | 0000 498b | d748 8bc8 | 4883 ec20 | 40f6 c40f | 0f84 1900 | 0000 4883 

  0x000001ff07b8fcb0: ;   {runtime_call}
  0x000001ff07b8fcb0: ec08 48b8 | e007 7c61 | fd7f 0000 | ffd0 4883 | c408 e90c 

  0x000001ff07b8fcc4: ;   {runtime_call}
  0x000001ff07b8fcc4: 0000 0048 | b8e0 077c | 61fd 7f00 | 00ff d048 | 83c4 20c5 | 7b10 bc24 | c800 0000 | c57b 10b4 
  0x000001ff07b8fce4: 24c0 0000 | 00c5 7b10 | ac24 b800 | 0000 c57b | 10a4 24b0 | 0000 00c5 | 7b10 9c24 | a800 0000 
  0x000001ff07b8fd04: c57b 1094 | 24a0 0000 | 00c5 7b10 | 8c24 9800 | 0000 c57b | 1084 2490 | 0000 00c5 | fb10 bc24 
  0x000001ff07b8fd24: 8800 0000 | c5fb 10b4 | 2480 0000 | 00c5 fb10 | 6c24 78c5 | fb10 6424 | 70c5 fb10 | 5c24 68c5 
  0x000001ff07b8fd44: fb10 5424 | 60c5 fb10 | 4c24 58c5 | fb10 4424 | 504c 8b5c | 2440 4c8b | 5424 384c | 8b4c 2430 
  0x000001ff07b8fd64: 4c8b 4424 | 2848 8b7c | 2420 488b | 7424 1848 | 8b54 2410 | 488b 4c24 | 0848 8b04 | 2448 81c4 
  0x000001ff07b8fd84: d000 0000 | c5f8 7749 | 8b8f 3004 | 0000 c781 | 0001 0000 | 0000 0000 | c949 837f | 0800 0f85 
  0x000001ff07b8fda4: 0100 0000 

  0x000001ff07b8fda8: ;   {runtime_call StubRoutines (initial stubs)}
  0x000001ff07b8fda8: c3e9 1211 | 9aff c5f8 | 7748 8945 | f84c 8be4 | 4883 ec20 | 4883 e4f0 

  0x000001ff07b8fdc0: ;   {runtime_call}
  0x000001ff07b8fdc0: 48b8 b022 | bf61 fd7f | 0000 ffd0 | 498b e44d | 33e4 488b | 45f8 e930 | fdff fff4 | f4f4 f4f4 
[/MachCode]


---------------  P R O C E S S  ---------------

Threads class SMR info:
_java_thread_list=0x000001ff5d170c20, length=19, elements={
0x000001ff16202e30, 0x000001ff16203860, 0x000001ff162062c0, 0x000001ff16208940,
0x000001ff1620efe0, 0x000001ff1620f780, 0x000001ff16213880, 0x000001ff1621c080,
0x000001ff16375d20, 0x000001ff16379c20, 0x000001ff165f6e50, 0x000001ff16608fd0,
0x000001ff16619250, 0x000001ff5cc474d0, 0x000001ff754e0350, 0x000001ff1637b6d0,
0x000001ff5cdb5160, 0x000001ff5ce013d0, 0x000001ff5d107300
}

Java Threads: ( => current thread )
  0x000001ff16202e30 JavaThread "Reference Handler"          daemon [_thread_blocked, id=27664, stack(0x0000009650500000,0x0000009650600000) (1024K)]
  0x000001ff16203860 JavaThread "Finalizer"                  daemon [_thread_blocked, id=4744, stack(0x0000009650600000,0x0000009650700000) (1024K)]
  0x000001ff162062c0 JavaThread "Signal Dispatcher"          daemon [_thread_blocked, id=25592, stack(0x0000009650700000,0x0000009650800000) (1024K)]
  0x000001ff16208940 JavaThread "Attach Listener"            daemon [_thread_blocked, id=28832, stack(0x0000009650800000,0x0000009650900000) (1024K)]
  0x000001ff1620efe0 JavaThread "Service Thread"             daemon [_thread_blocked, id=15928, stack(0x0000009650900000,0x0000009650a00000) (1024K)]
  0x000001ff1620f780 JavaThread "Monitor Deflation Thread"   daemon [_thread_blocked, id=26180, stack(0x0000009650a00000,0x0000009650b00000) (1024K)]
  0x000001ff16213880 JavaThread "C2 CompilerThread0"         daemon [_thread_blocked, id=20804, stack(0x0000009650b00000,0x0000009650c00000) (1024K)]
  0x000001ff1621c080 JavaThread "C1 CompilerThread0"         daemon [_thread_blocked, id=29520, stack(0x0000009650c00000,0x0000009650d00000) (1024K)]
  0x000001ff16375d20 JavaThread "Notification Thread"        daemon [_thread_blocked, id=19408, stack(0x0000009650d00000,0x0000009650e00000) (1024K)]
  0x000001ff16379c20 JavaThread "Common-Cleaner"             daemon [_thread_blocked, id=11276, stack(0x0000009650e00000,0x0000009650f00000) (1024K)]
  0x000001ff165f6e50 JavaThread "Java2D Disposer"            daemon [_thread_blocked, id=19544, stack(0x0000009650f00000,0x0000009651000000) (1024K)]
  0x000001ff16608fd0 JavaThread "AWT-Shutdown"                      [_thread_blocked, id=8264, stack(0x0000009651000000,0x0000009651100000) (1024K)]
  0x000001ff16619250 JavaThread "AWT-Windows"                daemon [_thread_in_native, id=8024, stack(0x0000009651100000,0x0000009651200000) (1024K)]
  0x000001ff5cc474d0 JavaThread "AWT-EventQueue-0"                  [_thread_blocked, id=4256, stack(0x0000009651a00000,0x0000009651b00000) (1024K)]
  0x000001ff754e0350 JavaThread "DestroyJavaVM"                     [_thread_blocked, id=29512, stack(0x000000964fd00000,0x000000964fe00000) (1024K)]
  0x000001ff1637b6d0 JavaThread "D3D Screen Updater"         daemon [_thread_blocked, id=29884, stack(0x0000009651c00000,0x0000009651d00000) (1024K)]
  0x000001ff5cdb5160 JavaThread "TimerQueue"                 daemon [_thread_blocked, id=27512, stack(0x0000009651d00000,0x0000009651e00000) (1024K)]
  0x000001ff5ce013d0 JavaThread "mysql-cj-abandoned-connection-cleanup" daemon [_thread_blocked, id=3932, stack(0x0000009652000000,0x0000009652100000) (1024K)]
=>0x000001ff5d107300 JavaThread "Thread-0"                          [_thread_in_native, id=2700, stack(0x0000009652100000,0x0000009652200000) (1024K)]
Total: 19

Other Threads:
  0x000001ff161ebd70 VMThread "VM Thread"                           [id=28096, stack(0x0000009650400000,0x0000009650500000) (1024K)]
  0x000001ff161d9190 WatcherThread "VM Periodic Task Thread"        [id=28608, stack(0x0000009650300000,0x0000009650400000) (1024K)]
  0x000001ff777a9520 WorkerThread "GC Thread#0"                     [id=31684, stack(0x000000964fe00000,0x000000964ff00000) (1024K)]
  0x000001ff62d725a0 WorkerThread "GC Thread#1"                     [id=19384, stack(0x0000009652900000,0x0000009652a00000) (1024K)]
  0x000001ff62d72950 WorkerThread "GC Thread#2"                     [id=26312, stack(0x0000009652a00000,0x0000009652b00000) (1024K)]
  0x000001ff62958090 WorkerThread "GC Thread#3"                     [id=4812, stack(0x0000009652b00000,0x0000009652c00000) (1024K)]
  0x000001ff62958440 WorkerThread "GC Thread#4"                     [id=20532, stack(0x0000009652c00000,0x0000009652d00000) (1024K)]
  0x000001ff6295a800 WorkerThread "GC Thread#5"                     [id=30852, stack(0x0000009652d00000,0x0000009652e00000) (1024K)]
  0x000001ff62caaa80 WorkerThread "GC Thread#6"                     [id=7300, stack(0x0000009652e00000,0x0000009652f00000) (1024K)]
  0x000001ff62caae30 WorkerThread "GC Thread#7"                     [id=14300, stack(0x0000009652f00000,0x0000009653000000) (1024K)]
  0x000001ff777bbba0 ConcurrentGCThread "G1 Main Marker"            [id=10304, stack(0x000000964ff00000,0x0000009650000000) (1024K)]
  0x000001ff777bc860 WorkerThread "G1 Conc#0"                       [id=18436, stack(0x0000009650000000,0x0000009650100000) (1024K)]
  0x000001ff7780ead0 ConcurrentGCThread "G1 Refine#0"               [id=20568, stack(0x0000009650100000,0x0000009650200000) (1024K)]
  0x000001ff160aa080 ConcurrentGCThread "G1 Service"                [id=23712, stack(0x0000009650200000,0x0000009650300000) (1024K)]
Total: 14

Threads with active compile tasks:
Total: 0

VM state: not at safepoint (normal execution)

VM Mutex/Monitor currently owned by a thread: None

Heap address: 0x0000000721600000, size: 3562 MB, Compressed Oops mode: Zero based, Oop shift amount: 3

CDS archive(s) mapped at: [0x000001ff17000000-0x000001ff17d70000-0x000001ff17d70000), size 14090240, SharedBaseAddress: 0x000001ff17000000, ArchiveRelocationMode: 1.
Compressed class space mapped at: 0x000001ff18000000-0x000001ff58000000, reserved size: 1073741824
Narrow klass base: 0x000001ff17000000, Narrow klass shift: 0, Narrow klass range: 0x41000000

GC Precious Log:
 CardTable entry size: 512
 Card Set container configuration: InlinePtr #cards 4 size 8 Array Of Cards #cards 16 size 48 Howl #buckets 8 coarsen threshold 3686 Howl Bitmap #cards 512 size 80 coarsen threshold 460 Card regions per heap region 1 cards per card region 4096
 CPUs: 8 total, 8 available
 Memory: 14247M
 Large Page Support: Disabled
 NUMA Support: Disabled
 Compressed Oops: Enabled (Zero based)
 Heap Region Size: 2M
 Heap Min Capacity: 8M
 Heap Initial Capacity: 224M
 Heap Max Capacity: 3562M
 Pre-touch: Disabled
 Parallel Workers: 8
 Concurrent Workers: 2
 Concurrent Refinement Workers: 8
 Periodic GC: Disabled

Heap:
 garbage-first heap   total reserved 3647488K, committed 229376K, used 60292K [0x0000000721600000, 0x0000000800000000)
  region size 2048K, 26 young (53248K), 8 survivors (16384K)
 Metaspace       used 15130K, committed 15424K, reserved 1114112K
  class space    used 1751K, committed 1920K, reserved 1048576K

Heap Regions: E=young(eden), S=young(survivor), O=old, HS=humongous(starts), HC=humongous(continues), CS=collection set, F=free, TAMS=top-at-mark-start, PB=parsable bottom
|   0|0x0000000721600000, 0x0000000721800000, 0x0000000721800000|100%| O|  |TAMS 0x0000000721600000| PB 0x0000000721600000| Untracked |  0
|   1|0x0000000721800000, 0x0000000721a00000, 0x0000000721a00000|100%| O|  |TAMS 0x0000000721800000| PB 0x0000000721800000| Untracked |  0
|   2|0x0000000721a00000, 0x0000000721c00000, 0x0000000721c00000|100%| O|  |TAMS 0x0000000721a00000| PB 0x0000000721a00000| Untracked |  0
|   3|0x0000000721c00000, 0x0000000721e00000, 0x0000000721e00000|100%| O|  |TAMS 0x0000000721c00000| PB 0x0000000721c00000| Untracked |  0
|   4|0x0000000721e00000, 0x0000000722000000, 0x0000000722000000|100%| O|  |TAMS 0x0000000721e00000| PB 0x0000000721e00000| Untracked |  0
|   5|0x0000000722000000, 0x00000007220e1010, 0x0000000722200000| 43%| O|  |TAMS 0x0000000722000000| PB 0x0000000722000000| Untracked |  0
|   6|0x0000000722200000, 0x0000000722200000, 0x0000000722400000|  0%| F|  |TAMS 0x0000000722200000| PB 0x0000000722200000| Untracked |  0
|   7|0x0000000722400000, 0x0000000722400000, 0x0000000722600000|  0%| F|  |TAMS 0x0000000722400000| PB 0x0000000722400000| Untracked |  0
|   8|0x0000000722600000, 0x0000000722600000, 0x0000000722800000|  0%| F|  |TAMS 0x0000000722600000| PB 0x0000000722600000| Untracked |  0
|   9|0x0000000722800000, 0x0000000722800000, 0x0000000722a00000|  0%| F|  |TAMS 0x0000000722800000| PB 0x0000000722800000| Untracked |  0
|  10|0x0000000722a00000, 0x0000000722a00000, 0x0000000722c00000|  0%| F|  |TAMS 0x0000000722a00000| PB 0x0000000722a00000| Untracked |  0
|  11|0x0000000722c00000, 0x0000000722c00000, 0x0000000722e00000|  0%| F|  |TAMS 0x0000000722c00000| PB 0x0000000722c00000| Untracked |  0
|  12|0x0000000722e00000, 0x0000000722e00000, 0x0000000723000000|  0%| F|  |TAMS 0x0000000722e00000| PB 0x0000000722e00000| Untracked |  0
|  13|0x0000000723000000, 0x0000000723000000, 0x0000000723200000|  0%| F|  |TAMS 0x0000000723000000| PB 0x0000000723000000| Untracked |  0
|  14|0x0000000723200000, 0x0000000723200000, 0x0000000723400000|  0%| F|  |TAMS 0x0000000723200000| PB 0x0000000723200000| Untracked |  0
|  15|0x0000000723400000, 0x0000000723400000, 0x0000000723600000|  0%| F|  |TAMS 0x0000000723400000| PB 0x0000000723400000| Untracked |  0
|  16|0x0000000723600000, 0x0000000723600000, 0x0000000723800000|  0%| F|  |TAMS 0x0000000723600000| PB 0x0000000723600000| Untracked |  0
|  17|0x0000000723800000, 0x0000000723800000, 0x0000000723a00000|  0%| F|  |TAMS 0x0000000723800000| PB 0x0000000723800000| Untracked |  0
|  18|0x0000000723a00000, 0x0000000723a00000, 0x0000000723c00000|  0%| F|  |TAMS 0x0000000723a00000| PB 0x0000000723a00000| Untracked |  0
|  19|0x0000000723c00000, 0x0000000723c00000, 0x0000000723e00000|  0%| F|  |TAMS 0x0000000723c00000| PB 0x0000000723c00000| Untracked |  0
|  20|0x0000000723e00000, 0x0000000723e00000, 0x0000000724000000|  0%| F|  |TAMS 0x0000000723e00000| PB 0x0000000723e00000| Untracked |  0
|  21|0x0000000724000000, 0x0000000724000000, 0x0000000724200000|  0%| F|  |TAMS 0x0000000724000000| PB 0x0000000724000000| Untracked |  0
|  22|0x0000000724200000, 0x0000000724200000, 0x0000000724400000|  0%| F|  |TAMS 0x0000000724200000| PB 0x0000000724200000| Untracked |  0
|  23|0x0000000724400000, 0x0000000724400000, 0x0000000724600000|  0%| F|  |TAMS 0x0000000724400000| PB 0x0000000724400000| Untracked |  0
|  24|0x0000000724600000, 0x0000000724600000, 0x0000000724800000|  0%| F|  |TAMS 0x0000000724600000| PB 0x0000000724600000| Untracked |  0
|  25|0x0000000724800000, 0x0000000724800000, 0x0000000724a00000|  0%| F|  |TAMS 0x0000000724800000| PB 0x0000000724800000| Untracked |  0
|  26|0x0000000724a00000, 0x0000000724a00000, 0x0000000724c00000|  0%| F|  |TAMS 0x0000000724a00000| PB 0x0000000724a00000| Untracked |  0
|  27|0x0000000724c00000, 0x0000000724c00000, 0x0000000724e00000|  0%| F|  |TAMS 0x0000000724c00000| PB 0x0000000724c00000| Untracked |  0
|  28|0x0000000724e00000, 0x0000000724e00000, 0x0000000725000000|  0%| F|  |TAMS 0x0000000724e00000| PB 0x0000000724e00000| Untracked |  0
|  29|0x0000000725000000, 0x0000000725000000, 0x0000000725200000|  0%| F|  |TAMS 0x0000000725000000| PB 0x0000000725000000| Untracked |  0
|  30|0x0000000725200000, 0x0000000725200000, 0x0000000725400000|  0%| F|  |TAMS 0x0000000725200000| PB 0x0000000725200000| Untracked |  0
|  31|0x0000000725400000, 0x0000000725400000, 0x0000000725600000|  0%| F|  |TAMS 0x0000000725400000| PB 0x0000000725400000| Untracked |  0
|  32|0x0000000725600000, 0x0000000725600000, 0x0000000725800000|  0%| F|  |TAMS 0x0000000725600000| PB 0x0000000725600000| Untracked |  0
|  33|0x0000000725800000, 0x0000000725800000, 0x0000000725a00000|  0%| F|  |TAMS 0x0000000725800000| PB 0x0000000725800000| Untracked |  0
|  34|0x0000000725a00000, 0x0000000725a00000, 0x0000000725c00000|  0%| F|  |TAMS 0x0000000725a00000| PB 0x0000000725a00000| Untracked |  0
|  35|0x0000000725c00000, 0x0000000725c00000, 0x0000000725e00000|  0%| F|  |TAMS 0x0000000725c00000| PB 0x0000000725c00000| Untracked |  0
|  36|0x0000000725e00000, 0x0000000725e00000, 0x0000000726000000|  0%| F|  |TAMS 0x0000000725e00000| PB 0x0000000725e00000| Untracked |  0
|  37|0x0000000726000000, 0x0000000726000000, 0x0000000726200000|  0%| F|  |TAMS 0x0000000726000000| PB 0x0000000726000000| Untracked |  0
|  38|0x0000000726200000, 0x0000000726200000, 0x0000000726400000|  0%| F|  |TAMS 0x0000000726200000| PB 0x0000000726200000| Untracked |  0
|  39|0x0000000726400000, 0x0000000726400000, 0x0000000726600000|  0%| F|  |TAMS 0x0000000726400000| PB 0x0000000726400000| Untracked |  0
|  40|0x0000000726600000, 0x0000000726600000, 0x0000000726800000|  0%| F|  |TAMS 0x0000000726600000| PB 0x0000000726600000| Untracked |  0
|  41|0x0000000726800000, 0x0000000726800000, 0x0000000726a00000|  0%| F|  |TAMS 0x0000000726800000| PB 0x0000000726800000| Untracked |  0
|  42|0x0000000726a00000, 0x0000000726c00000, 0x0000000726c00000|100%| S|CS|TAMS 0x0000000726a00000| PB 0x0000000726a00000| Complete |  0
|  43|0x0000000726c00000, 0x0000000726e00000, 0x0000000726e00000|100%| S|CS|TAMS 0x0000000726c00000| PB 0x0000000726c00000| Complete |  0
|  44|0x0000000726e00000, 0x0000000727000000, 0x0000000727000000|100%| S|CS|TAMS 0x0000000726e00000| PB 0x0000000726e00000| Complete |  0
|  45|0x0000000727000000, 0x0000000727200000, 0x0000000727200000|100%| S|CS|TAMS 0x0000000727000000| PB 0x0000000727000000| Complete |  0
|  46|0x0000000727200000, 0x0000000727400000, 0x0000000727400000|100%| S|CS|TAMS 0x0000000727200000| PB 0x0000000727200000| Complete |  0
|  47|0x0000000727400000, 0x0000000727600000, 0x0000000727600000|100%| S|CS|TAMS 0x0000000727400000| PB 0x0000000727400000| Complete |  0
|  48|0x0000000727600000, 0x0000000727800000, 0x0000000727800000|100%| S|CS|TAMS 0x0000000727600000| PB 0x0000000727600000| Complete |  0
|  49|0x0000000727800000, 0x0000000727a00000, 0x0000000727a00000|100%| S|CS|TAMS 0x0000000727800000| PB 0x0000000727800000| Complete |  0
|  50|0x0000000727a00000, 0x0000000727a00000, 0x0000000727c00000|  0%| F|  |TAMS 0x0000000727a00000| PB 0x0000000727a00000| Untracked |  0
|  51|0x0000000727c00000, 0x0000000727c00000, 0x0000000727e00000|  0%| F|  |TAMS 0x0000000727c00000| PB 0x0000000727c00000| Untracked |  0
|  52|0x0000000727e00000, 0x0000000727e00000, 0x0000000728000000|  0%| F|  |TAMS 0x0000000727e00000| PB 0x0000000727e00000| Untracked |  0
|  53|0x0000000728000000, 0x0000000728000000, 0x0000000728200000|  0%| F|  |TAMS 0x0000000728000000| PB 0x0000000728000000| Untracked |  0
|  54|0x0000000728200000, 0x0000000728200000, 0x0000000728400000|  0%| F|  |TAMS 0x0000000728200000| PB 0x0000000728200000| Untracked |  0
|  55|0x0000000728400000, 0x0000000728400000, 0x0000000728600000|  0%| F|  |TAMS 0x0000000728400000| PB 0x0000000728400000| Untracked |  0
|  56|0x0000000728600000, 0x0000000728600000, 0x0000000728800000|  0%| F|  |TAMS 0x0000000728600000| PB 0x0000000728600000| Untracked |  0
|  57|0x0000000728800000, 0x0000000728800000, 0x0000000728a00000|  0%| F|  |TAMS 0x0000000728800000| PB 0x0000000728800000| Untracked |  0
|  58|0x0000000728a00000, 0x0000000728a00000, 0x0000000728c00000|  0%| F|  |TAMS 0x0000000728a00000| PB 0x0000000728a00000| Untracked |  0
|  59|0x0000000728c00000, 0x0000000728c00000, 0x0000000728e00000|  0%| F|  |TAMS 0x0000000728c00000| PB 0x0000000728c00000| Untracked |  0
|  60|0x0000000728e00000, 0x0000000728e00000, 0x0000000729000000|  0%| F|  |TAMS 0x0000000728e00000| PB 0x0000000728e00000| Untracked |  0
|  61|0x0000000729000000, 0x0000000729000000, 0x0000000729200000|  0%| F|  |TAMS 0x0000000729000000| PB 0x0000000729000000| Untracked |  0
|  62|0x0000000729200000, 0x0000000729200000, 0x0000000729400000|  0%| F|  |TAMS 0x0000000729200000| PB 0x0000000729200000| Untracked |  0
|  63|0x0000000729400000, 0x0000000729400000, 0x0000000729600000|  0%| F|  |TAMS 0x0000000729400000| PB 0x0000000729400000| Untracked |  0
|  64|0x0000000729600000, 0x0000000729600000, 0x0000000729800000|  0%| F|  |TAMS 0x0000000729600000| PB 0x0000000729600000| Untracked |  0
|  65|0x0000000729800000, 0x0000000729800000, 0x0000000729a00000|  0%| F|  |TAMS 0x0000000729800000| PB 0x0000000729800000| Untracked |  0
|  66|0x0000000729a00000, 0x0000000729a00000, 0x0000000729c00000|  0%| F|  |TAMS 0x0000000729a00000| PB 0x0000000729a00000| Untracked |  0
|  67|0x0000000729c00000, 0x0000000729c00000, 0x0000000729e00000|  0%| F|  |TAMS 0x0000000729c00000| PB 0x0000000729c00000| Untracked |  0
|  68|0x0000000729e00000, 0x0000000729e00000, 0x000000072a000000|  0%| F|  |TAMS 0x0000000729e00000| PB 0x0000000729e00000| Untracked |  0
|  69|0x000000072a000000, 0x000000072a000000, 0x000000072a200000|  0%| F|  |TAMS 0x000000072a000000| PB 0x000000072a000000| Untracked |  0
|  70|0x000000072a200000, 0x000000072a200000, 0x000000072a400000|  0%| F|  |TAMS 0x000000072a200000| PB 0x000000072a200000| Untracked |  0
|  71|0x000000072a400000, 0x000000072a400000, 0x000000072a600000|  0%| F|  |TAMS 0x000000072a400000| PB 0x000000072a400000| Untracked |  0
|  72|0x000000072a600000, 0x000000072a600000, 0x000000072a800000|  0%| F|  |TAMS 0x000000072a600000| PB 0x000000072a600000| Untracked |  0
|  73|0x000000072a800000, 0x000000072a800000, 0x000000072aa00000|  0%| F|  |TAMS 0x000000072a800000| PB 0x000000072a800000| Untracked |  0
|  74|0x000000072aa00000, 0x000000072aa00000, 0x000000072ac00000|  0%| F|  |TAMS 0x000000072aa00000| PB 0x000000072aa00000| Untracked |  0
|  75|0x000000072ac00000, 0x000000072ac00000, 0x000000072ae00000|  0%| F|  |TAMS 0x000000072ac00000| PB 0x000000072ac00000| Untracked |  0
|  76|0x000000072ae00000, 0x000000072ae00000, 0x000000072b000000|  0%| F|  |TAMS 0x000000072ae00000| PB 0x000000072ae00000| Untracked |  0
|  77|0x000000072b000000, 0x000000072b000000, 0x000000072b200000|  0%| F|  |TAMS 0x000000072b000000| PB 0x000000072b000000| Untracked |  0
|  78|0x000000072b200000, 0x000000072b200000, 0x000000072b400000|  0%| F|  |TAMS 0x000000072b200000| PB 0x000000072b200000| Untracked |  0
|  79|0x000000072b400000, 0x000000072b400000, 0x000000072b600000|  0%| F|  |TAMS 0x000000072b400000| PB 0x000000072b400000| Untracked |  0
|  80|0x000000072b600000, 0x000000072b600000, 0x000000072b800000|  0%| F|  |TAMS 0x000000072b600000| PB 0x000000072b600000| Untracked |  0
|  81|0x000000072b800000, 0x000000072b800000, 0x000000072ba00000|  0%| F|  |TAMS 0x000000072b800000| PB 0x000000072b800000| Untracked |  0
|  82|0x000000072ba00000, 0x000000072ba00000, 0x000000072bc00000|  0%| F|  |TAMS 0x000000072ba00000| PB 0x000000072ba00000| Untracked |  0
|  83|0x000000072bc00000, 0x000000072bc00000, 0x000000072be00000|  0%| F|  |TAMS 0x000000072bc00000| PB 0x000000072bc00000| Untracked |  0
|  84|0x000000072be00000, 0x000000072be00000, 0x000000072c000000|  0%| F|  |TAMS 0x000000072be00000| PB 0x000000072be00000| Untracked |  0
|  85|0x000000072c000000, 0x000000072c000000, 0x000000072c200000|  0%| F|  |TAMS 0x000000072c000000| PB 0x000000072c000000| Untracked |  0
|  86|0x000000072c200000, 0x000000072c200000, 0x000000072c400000|  0%| F|  |TAMS 0x000000072c200000| PB 0x000000072c200000| Untracked |  0
|  87|0x000000072c400000, 0x000000072c400000, 0x000000072c600000|  0%| F|  |TAMS 0x000000072c400000| PB 0x000000072c400000| Untracked |  0
|  88|0x000000072c600000, 0x000000072c600000, 0x000000072c800000|  0%| F|  |TAMS 0x000000072c600000| PB 0x000000072c600000| Untracked |  0
|  89|0x000000072c800000, 0x000000072c800000, 0x000000072ca00000|  0%| F|  |TAMS 0x000000072c800000| PB 0x000000072c800000| Untracked |  0
|  90|0x000000072ca00000, 0x000000072ca00000, 0x000000072cc00000|  0%| F|  |TAMS 0x000000072ca00000| PB 0x000000072ca00000| Untracked |  0
|  91|0x000000072cc00000, 0x000000072cc00000, 0x000000072ce00000|  0%| F|  |TAMS 0x000000072cc00000| PB 0x000000072cc00000| Untracked |  0
|  92|0x000000072ce00000, 0x000000072ce00000, 0x000000072d000000|  0%| F|  |TAMS 0x000000072ce00000| PB 0x000000072ce00000| Untracked |  0
|  93|0x000000072d000000, 0x000000072d000000, 0x000000072d200000|  0%| F|  |TAMS 0x000000072d000000| PB 0x000000072d000000| Untracked |  0
|  94|0x000000072d200000, 0x000000072d2e1010, 0x000000072d400000| 43%| E|  |TAMS 0x000000072d200000| PB 0x000000072d200000| Complete |  0
|  95|0x000000072d400000, 0x000000072d5e21c8, 0x000000072d600000| 94%| E|  |TAMS 0x000000072d400000| PB 0x000000072d400000| Complete |  0
|  96|0x000000072d600000, 0x000000072d800000, 0x000000072d800000|100%| E|CS|TAMS 0x000000072d600000| PB 0x000000072d600000| Complete |  0
|  97|0x000000072d800000, 0x000000072da00000, 0x000000072da00000|100%| E|CS|TAMS 0x000000072d800000| PB 0x000000072d800000| Complete |  0
|  98|0x000000072da00000, 0x000000072dc00000, 0x000000072dc00000|100%| E|CS|TAMS 0x000000072da00000| PB 0x000000072da00000| Complete |  0
|  99|0x000000072dc00000, 0x000000072de00000, 0x000000072de00000|100%| E|CS|TAMS 0x000000072dc00000| PB 0x000000072dc00000| Complete |  0
| 100|0x000000072de00000, 0x000000072e000000, 0x000000072e000000|100%| E|CS|TAMS 0x000000072de00000| PB 0x000000072de00000| Complete |  0
| 101|0x000000072e000000, 0x000000072e200000, 0x000000072e200000|100%| E|CS|TAMS 0x000000072e000000| PB 0x000000072e000000| Complete |  0
| 102|0x000000072e200000, 0x000000072e400000, 0x000000072e400000|100%| E|CS|TAMS 0x000000072e200000| PB 0x000000072e200000| Complete |  0
| 103|0x000000072e400000, 0x000000072e600000, 0x000000072e600000|100%| E|CS|TAMS 0x000000072e400000| PB 0x000000072e400000| Complete |  0
| 104|0x000000072e600000, 0x000000072e800000, 0x000000072e800000|100%| E|CS|TAMS 0x000000072e600000| PB 0x000000072e600000| Complete |  0
| 105|0x000000072e800000, 0x000000072ea00000, 0x000000072ea00000|100%| E|CS|TAMS 0x000000072e800000| PB 0x000000072e800000| Complete |  0
| 106|0x000000072ea00000, 0x000000072ec00000, 0x000000072ec00000|100%| E|CS|TAMS 0x000000072ea00000| PB 0x000000072ea00000| Complete |  0
| 107|0x000000072ec00000, 0x000000072ee00000, 0x000000072ee00000|100%| E|CS|TAMS 0x000000072ec00000| PB 0x000000072ec00000| Complete |  0
| 108|0x000000072ee00000, 0x000000072f000000, 0x000000072f000000|100%| E|CS|TAMS 0x000000072ee00000| PB 0x000000072ee00000| Complete |  0
| 109|0x000000072f000000, 0x000000072f200000, 0x000000072f200000|100%| E|CS|TAMS 0x000000072f000000| PB 0x000000072f000000| Complete |  0
| 110|0x000000072f200000, 0x000000072f400000, 0x000000072f400000|100%| E|CS|TAMS 0x000000072f200000| PB 0x000000072f200000| Complete |  0
| 111|0x000000072f400000, 0x000000072f600000, 0x000000072f600000|100%| E|CS|TAMS 0x000000072f400000| PB 0x000000072f400000| Complete |  0

Card table byte_map: [0x000001ff0f920000,0x000001ff10020000] _byte_map_base: 0x000001ff0c015000

Marking Bits: (CMBitMap*) 0x000001ff777a9c30
 Bits: [0x000001ff10020000, 0x000001ff137c8000)

Polling page: 0x000001ff755d0000

Metaspace:

Usage:
  Non-class:     13.07 MB used.
      Class:      1.71 MB used.
       Both:     14.78 MB used.

Virtual space:
  Non-class space:       64.00 MB reserved,      13.19 MB ( 21%) committed,  1 nodes.
      Class space:        1.00 GB reserved,       1.88 MB ( <1%) committed,  1 nodes.
             Both:        1.06 GB reserved,      15.06 MB (  1%) committed. 

Chunk freelists:
   Non-Class:  2.41 MB
       Class:  14.12 MB
        Both:  16.53 MB

MaxMetaspaceSize: unlimited
CompressedClassSpaceSize: 1.00 GB
Initial GC threshold: 21.00 MB
Current GC threshold: 21.00 MB
CDS: on
 - commit_granule_bytes: 65536.
 - commit_granule_words: 8192.
 - virtual_space_node_default_size: 8388608.
 - enlarge_chunks_in_place: 1.
 - use_allocation_guard: 0.


Internal statistics:

num_allocs_failed_limit: 0.
num_arena_births: 220.
num_arena_deaths: 0.
num_vsnodes_births: 2.
num_vsnodes_deaths: 0.
num_space_committed: 241.
num_space_uncommitted: 0.
num_chunks_returned_to_freelist: 0.
num_chunks_taken_from_freelist: 382.
num_chunk_merges: 0.
num_chunk_splits: 238.
num_chunks_enlarged: 129.
num_inconsistent_stats: 0.

CodeHeap 'non-profiled nmethods': size=120064Kb used=849Kb max_used=849Kb free=119214Kb
 bounds [0x000001ff07ac0000, 0x000001ff07d30000, 0x000001ff0f000000]
CodeHeap 'profiled nmethods': size=120000Kb used=4191Kb max_used=4191Kb free=115808Kb
 bounds [0x000001ff00000000, 0x000001ff00420000, 0x000001ff07530000]
CodeHeap 'non-nmethods': size=5696Kb used=1668Kb max_used=1688Kb free=4027Kb
 bounds [0x000001ff07530000, 0x000001ff077a0000, 0x000001ff07ac0000]
CodeCache: size=245760Kb, used=6708Kb, max_used=6728Kb, free=239049Kb
 total_blobs=3552, nmethods=2824, adapters=633, full_count=0
Compilation: enabled, stopped_count=0, restarted_count=0

Compilation events (20 events):
Event: 20.012 Thread 0x000001ff1621c080 2812       3       sun.java2d.pipe.DrawImage::isBgOperation (22 bytes)
Event: 20.012 Thread 0x000001ff1621c080 nmethod 2812 0x000001ff00411e08 code [0x000001ff00411f40, 0x000001ff00412298]
Event: 20.012 Thread 0x000001ff1621c080 2813       3       sun.java2d.pipe.DrawImage::scaleSurfaceData (79 bytes)
Event: 20.013 Thread 0x000001ff1621c080 nmethod 2813 0x000001ff00412308 code [0x000001ff00412480, 0x000001ff00412c68]
Event: 20.013 Thread 0x000001ff1621c080 2814       3       sun.java2d.loops.CompositeType::equals (29 bytes)
Event: 20.013 Thread 0x000001ff1621c080 nmethod 2814 0x000001ff00412d08 code [0x000001ff00412e40, 0x000001ff004131a8]
Event: 20.039 Thread 0x000001ff16213880 2815       4       jdk.internal.misc.Unsafe::putReferenceOpaque (9 bytes)
Event: 20.041 Thread 0x000001ff16213880 nmethod 2815 0x000001ff07b93e88 code [0x000001ff07b93f80, 0x000001ff07b940d0]
Event: 20.096 Thread 0x000001ff1621c080 2816       3       java.awt.Component::handleEvent (256 bytes)
Event: 20.097 Thread 0x000001ff1621c080 nmethod 2816 0x000001ff00413208 code [0x000001ff004133e0, 0x000001ff00414220]
Event: 20.301 Thread 0x000001ff1621c080 2817       3       java.awt.Component::postEvent (80 bytes)
Event: 20.302 Thread 0x000001ff1621c080 nmethod 2817 0x000001ff00414308 code [0x000001ff00414480, 0x000001ff00414968]
Event: 20.302 Thread 0x000001ff1621c080 2818       3       java.awt.Event::translate (21 bytes)
Event: 20.302 Thread 0x000001ff1621c080 nmethod 2818 0x000001ff00414a08 code [0x000001ff00414b20, 0x000001ff00414c40]
Event: 20.313 Thread 0x000001ff1621c080 2819       3       sun.awt.image.SunVolatileImage::validate (9 bytes)
Event: 20.314 Thread 0x000001ff1621c080 nmethod 2819 0x000001ff00414d08 code [0x000001ff00414e20, 0x000001ff00414ff0]
Event: 20.314 Thread 0x000001ff1621c080 2820   !   3       sun.awt.image.VolatileSurfaceManager::validate (213 bytes)
Event: 20.315 Thread 0x000001ff1621c080 nmethod 2820 0x000001ff00415088 code [0x000001ff00415280, 0x000001ff00416098]
Event: 20.645 Thread 0x000001ff1621c080 2821       1       java.awt.Window::getTemporaryLostComponent (5 bytes)
Event: 20.646 Thread 0x000001ff1621c080 nmethod 2821 0x000001ff07b94188 code [0x000001ff07b942a0, 0x000001ff07b94370]

GC Heap History (12 events):
Event: 15.380 GC heap before
{Heap before GC invocations=0 (full 0):
 garbage-first heap   total reserved 3647488K, committed 229376K, used 22528K [0x0000000721600000, 0x0000000800000000)
  region size 2048K, 12 young (24576K), 0 survivors (0K)
 Metaspace       used 14785K, committed 15040K, reserved 1114112K
  class space    used 1739K, committed 1856K, reserved 1048576K
}
Event: 15.396 GC heap after
{Heap after GC invocations=1 (full 0):
 garbage-first heap   total reserved 3647488K, committed 229376K, used 6420K [0x0000000721600000, 0x0000000800000000)
  region size 2048K, 2 young (4096K), 2 survivors (4096K)
 Metaspace       used 14785K, committed 15040K, reserved 1114112K
  class space    used 1739K, committed 1856K, reserved 1048576K
}
Event: 15.661 GC heap before
{Heap before GC invocations=1 (full 0):
 garbage-first heap   total reserved 3647488K, committed 229376K, used 24852K [0x0000000721600000, 0x0000000800000000)
  region size 2048K, 12 young (24576K), 2 survivors (4096K)
 Metaspace       used 14830K, committed 15168K, reserved 1114112K
  class space    used 1742K, committed 1920K, reserved 1048576K
}
Event: 15.671 GC heap after
{Heap after GC invocations=2 (full 0):
 garbage-first heap   total reserved 3647488K, committed 229376K, used 10205K [0x0000000721600000, 0x0000000800000000)
  region size 2048K, 2 young (4096K), 2 survivors (4096K)
 Metaspace       used 14830K, committed 15168K, reserved 1114112K
  class space    used 1742K, committed 1920K, reserved 1048576K
}
Event: 16.177 GC heap before
{Heap before GC invocations=2 (full 0):
 garbage-first heap   total reserved 3647488K, committed 229376K, used 61405K [0x0000000721600000, 0x0000000800000000)
  region size 2048K, 28 young (57344K), 2 survivors (4096K)
 Metaspace       used 14934K, committed 15232K, reserved 1114112K
  class space    used 1751K, committed 1920K, reserved 1048576K
}
Event: 16.183 GC heap after
{Heap after GC invocations=3 (full 0):
 garbage-first heap   total reserved 3647488K, committed 229376K, used 15236K [0x0000000721600000, 0x0000000800000000)
  region size 2048K, 4 young (8192K), 4 survivors (8192K)
 Metaspace       used 14934K, committed 15232K, reserved 1114112K
  class space    used 1751K, committed 1920K, reserved 1048576K
}
Event: 16.798 GC heap before
{Heap before GC invocations=3 (full 0):
 garbage-first heap   total reserved 3647488K, committed 229376K, used 76676K [0x0000000721600000, 0x0000000800000000)
  region size 2048K, 35 young (71680K), 4 survivors (8192K)
 Metaspace       used 14997K, committed 15296K, reserved 1114112K
  class space    used 1751K, committed 1920K, reserved 1048576K
}
Event: 16.804 GC heap after
{Heap after GC invocations=4 (full 0):
 garbage-first heap   total reserved 3647488K, committed 229376K, used 19332K [0x0000000721600000, 0x0000000800000000)
  region size 2048K, 5 young (10240K), 5 survivors (10240K)
 Metaspace       used 14997K, committed 15296K, reserved 1114112K
  class space    used 1751K, committed 1920K, reserved 1048576K
}
Event: 17.671 GC heap before
{Heap before GC invocations=4 (full 0):
 garbage-first heap   total reserved 3647488K, committed 229376K, used 109444K [0x0000000721600000, 0x0000000800000000)
  region size 2048K, 50 young (102400K), 5 survivors (10240K)
 Metaspace       used 15055K, committed 15360K, reserved 1114112K
  class space    used 1751K, committed 1920K, reserved 1048576K
}
Event: 17.679 GC heap after
{Heap after GC invocations=5 (full 0):
 garbage-first heap   total reserved 3647488K, committed 229376K, used 24328K [0x0000000721600000, 0x0000000800000000)
  region size 2048K, 7 young (14336K), 7 survivors (14336K)
 Metaspace       used 15055K, committed 15360K, reserved 1114112K
  class space    used 1751K, committed 1920K, reserved 1048576K
}
Event: 19.573 GC heap before
{Heap before GC invocations=5 (full 0):
 garbage-first heap   total reserved 3647488K, committed 229376K, used 134920K [0x0000000721600000, 0x0000000800000000)
  region size 2048K, 62 young (126976K), 7 survivors (14336K)
 Metaspace       used 15105K, committed 15424K, reserved 1114112K
  class space    used 1751K, committed 1920K, reserved 1048576K
}
Event: 19.582 GC heap after
{Heap after GC invocations=6 (full 0):
 garbage-first heap   total reserved 3647488K, committed 229376K, used 27524K [0x0000000721600000, 0x0000000800000000)
  region size 2048K, 8 young (16384K), 8 survivors (16384K)
 Metaspace       used 15105K, committed 15424K, reserved 1114112K
  class space    used 1751K, committed 1920K, reserved 1048576K
}

Dll operation events (19 events):
Event: 0.015 Loaded shared library C:\Program Files\Java\jdk-23\bin\java.dll
Event: 0.068 Loaded shared library C:\Program Files\Java\jdk-23\bin\jsvml.dll
Event: 0.117 Loaded shared library C:\Program Files\Java\jdk-23\bin\net.dll
Event: 0.120 Loaded shared library C:\Program Files\Java\jdk-23\bin\nio.dll
Event: 0.126 Loaded shared library C:\Program Files\Java\jdk-23\bin\zip.dll
Event: 0.218 Loaded shared library C:\Program Files\Java\jdk-23\bin\jimage.dll
Event: 0.248 Loaded shared library C:\Program Files\Java\jdk-23\bin\awt.dll
Event: 0.800 Loaded shared library C:\Program Files\Java\jdk-23\bin\freetype.dll
Event: 0.802 Loaded shared library C:\Program Files\Java\jdk-23\bin\fontmanager.dll
Event: 6.823 Loaded shared library C:\Users\HP\AppData\Local\Temp\sqlite-3.47.1.0-9092ccf2-f7ff-44fa-b6f4-d3c929cde872-sqlitejdbc.dll
Event: 9.952 Loaded shared library C:\Program Files\Java\jdk-23\bin\verify.dll
Event: 14.119 Loaded shared library C:\Users\HP\AppData\Local\Temp\javacpp536405313384400\msvcr100.dll
Event: 14.146 Loaded shared library C:\Users\HP\AppData\Local\Temp\javacpp536405313384400\msvcp100.dll
Event: 14.418 Loaded shared library C:\Users\HP\AppData\Local\Temp\javacpp536405313384400\opencv_ffmpeg248_64.dll
Event: 14.478 Loaded shared library C:\Users\HP\AppData\Local\Temp\javacpp536405313384400\opencv_core248.dll
Event: 14.537 Loaded shared library C:\Users\HP\AppData\Local\Temp\javacpp536405313384400\opencv_imgproc248.dll
Event: 14.606 Loaded shared library C:\Users\HP\AppData\Local\Temp\javacpp536405313384400\opencv_highgui248.dll
Event: 14.616 Loaded shared library C:\Users\HP\AppData\Local\Temp\javacpp536405313384400\jniopencv_highgui.dll
Event: 15.169 Loaded shared library C:\Users\HP\AppData\Local\Temp\javacpp536405313384400\jniopencv_core.dll

Deoptimization events (20 events):
Event: 16.204 Thread 0x000001ff5cc474d0 DEOPT PACKING pc=0x000001ff00387046 sp=0x0000009651afdd90
Event: 16.204 Thread 0x000001ff5cc474d0 DEOPT UNPACKING pc=0x000001ff07584b22 sp=0x0000009651afd208 mode 0
Event: 16.204 Thread 0x000001ff5cc474d0 DEOPT PACKING pc=0x000001ff00387046 sp=0x0000009651afdd90
Event: 16.204 Thread 0x000001ff5cc474d0 DEOPT UNPACKING pc=0x000001ff07584b22 sp=0x0000009651afd208 mode 0
Event: 16.205 Thread 0x000001ff5cc474d0 DEOPT PACKING pc=0x000001ff00387046 sp=0x0000009651afdd90
Event: 16.205 Thread 0x000001ff5cc474d0 DEOPT UNPACKING pc=0x000001ff07584b22 sp=0x0000009651afd208 mode 0
Event: 16.206 Thread 0x000001ff5cc474d0 DEOPT PACKING pc=0x000001ff00387046 sp=0x0000009651afdd90
Event: 16.206 Thread 0x000001ff5cc474d0 DEOPT UNPACKING pc=0x000001ff07584b22 sp=0x0000009651afd208 mode 0
Event: 16.206 Thread 0x000001ff5cc474d0 DEOPT PACKING pc=0x000001ff00387046 sp=0x0000009651afdd90
Event: 16.206 Thread 0x000001ff5cc474d0 DEOPT UNPACKING pc=0x000001ff07584b22 sp=0x0000009651afd208 mode 0
Event: 16.207 Thread 0x000001ff5cc474d0 DEOPT PACKING pc=0x000001ff00387046 sp=0x0000009651afdd90
Event: 16.207 Thread 0x000001ff5cc474d0 DEOPT UNPACKING pc=0x000001ff07584b22 sp=0x0000009651afd208 mode 0
Event: 16.207 Thread 0x000001ff5cc474d0 DEOPT PACKING pc=0x000001ff00387046 sp=0x0000009651afdd90
Event: 16.207 Thread 0x000001ff5cc474d0 DEOPT UNPACKING pc=0x000001ff07584b22 sp=0x0000009651afd208 mode 0
Event: 16.208 Thread 0x000001ff5cc474d0 DEOPT PACKING pc=0x000001ff00387046 sp=0x0000009651afdd90
Event: 16.208 Thread 0x000001ff5cc474d0 DEOPT UNPACKING pc=0x000001ff07584b22 sp=0x0000009651afd208 mode 0
Event: 16.209 Thread 0x000001ff5cc474d0 DEOPT PACKING pc=0x000001ff00387046 sp=0x0000009651afdd90
Event: 16.209 Thread 0x000001ff5cc474d0 DEOPT UNPACKING pc=0x000001ff07584b22 sp=0x0000009651afd208 mode 0
Event: 17.536 Thread 0x000001ff5cc474d0 DEOPT PACKING pc=0x000001ff003b7650 sp=0x0000009651afdd50
Event: 17.536 Thread 0x000001ff5cc474d0 DEOPT UNPACKING pc=0x000001ff07584b22 sp=0x0000009651afd220 mode 0

Classes loaded (20 events):
Event: 15.303 Loading class java/awt/image/PixelInterleavedSampleModel
Event: 15.303 Loading class java/awt/image/PixelInterleavedSampleModel done
Event: 15.303 Loading class sun/awt/image/ByteInterleavedRaster
Event: 15.303 Loading class sun/awt/image/ByteComponentRaster
Event: 15.304 Loading class sun/awt/image/ByteComponentRaster done
Event: 15.304 Loading class sun/awt/image/ByteInterleavedRaster done
Event: 15.684 Loading class java/awt/image/AreaAveragingScaleFilter
Event: 15.684 Loading class java/awt/image/ReplicateScaleFilter
Event: 15.684 Loading class java/awt/image/ImageFilter
Event: 15.684 Loading class java/awt/image/ImageFilter done
Event: 15.684 Loading class java/awt/image/ReplicateScaleFilter done
Event: 15.684 Loading class java/awt/image/AreaAveragingScaleFilter done
Event: 15.684 Loading class java/awt/image/FilteredImageSource
Event: 15.685 Loading class java/awt/image/FilteredImageSource done
Event: 15.685 Loading class sun/awt/image/OffScreenImageSource
Event: 15.685 Loading class sun/awt/image/OffScreenImageSource done
Event: 15.912 Loading class javax/swing/plaf/basic/BasicButtonListener$Actions
Event: 15.912 Loading class javax/swing/plaf/basic/BasicButtonListener$Actions done
Event: 15.913 Loading class javax/swing/JMenuBar
Event: 15.914 Loading class javax/swing/JMenuBar done

Classes unloaded (0 events):
No events

Classes redefined (0 events):
No events

Internal exceptions (20 events):
Event: 0.642 Thread 0x000001ff754e0350 Exception <a 'java/lang/ClassNotFoundException'{0x000000072ee48ee0}: com/sun/swing/internal/plaf/basic/resources/spi/basicProvider> (0x000000072ee48ee0) 
thrown [s\open\src\hotspot\share\classfile\systemDictionary.cpp, line 313]
Event: 0.661 Thread 0x000001ff754e0350 Exception <a 'java/lang/NoSuchMethodError'{0x000000072ee68dd0}: 'int java.lang.invoke.Invokers$Holder.invokeExact_MT(java.lang.Object, java.lang.Object)'> (0x000000072ee68dd0) 
thrown [s\open\src\hotspot\share\interpreter\linkResolver.cpp, line 796]
Event: 0.766 Thread 0x000001ff16619250 Exception <a 'java/lang/NoSuchMethodError'{0x000000072f1045b0}: 'void java.lang.invoke.DirectMethodHandle$Holder.invokeVirtual(java.lang.Object, java.lang.Object)'> (0x000000072f1045b0) 
thrown [s\open\src\hotspot\share\interpreter\linkResolver.cpp, line 796]
Event: 0.793 Thread 0x000001ff754e0350 Exception <a 'java/lang/NoSuchMethodError'{0x000000072eec6c88}: 'void java.lang.invoke.DirectMethodHandle$Holder.invokeStaticInit(java.lang.Object)'> (0x000000072eec6c88) 
thrown [s\open\src\hotspot\share\interpreter\linkResolver.cpp, line 796]
Event: 6.368 Thread 0x000001ff5cc474d0 Exception <a 'java/lang/NoSuchMethodError'{0x000000072ed49420}: 'void java.lang.invoke.DirectMethodHandle$Holder.invokeStatic(java.lang.Object, java.lang.Object)'> (0x000000072ed49420) 
thrown [s\open\src\hotspot\share\interpreter\linkResolver.cpp, line 796]
Event: 6.615 Thread 0x000001ff5cc474d0 Exception <a 'sun/nio/fs/WindowsException'{0x000000072e92b3f8}> (0x000000072e92b3f8) 
thrown [s\open\src\hotspot\share\prims\jni.cpp, line 520]
Event: 6.666 Thread 0x000001ff5cc474d0 Exception <a 'java/lang/NoSuchMethodError'{0x000000072e985408}: 'java.lang.Object java.lang.invoke.DirectMethodHandle$Holder.invokeStaticInit(java.lang.Object, int, int, int, int)'> (0x000000072e985408) 
thrown [s\open\src\hotspot\share\interpreter\linkResolver.cpp, line 796]
Event: 6.700 Thread 0x000001ff5cc474d0 Exception <a 'java/lang/NoSuchMethodError'{0x000000072e9d3618}: 'java.lang.Object java.lang.invoke.DirectMethodHandle$Holder.invokeStaticInit(java.lang.Object, java.lang.Object, int, int, int, int)'> (0x000000072e9d3618) 
thrown [s\open\src\hotspot\share\interpreter\linkResolver.cpp, line 796]
Event: 6.706 Thread 0x000001ff5cc474d0 Exception <a 'sun/nio/fs/WindowsException'{0x000000072e9e2728}> (0x000000072e9e2728) 
thrown [s\open\src\hotspot\share\prims\jni.cpp, line 520]
Event: 6.710 Thread 0x000001ff5cc474d0 Exception <a 'sun/nio/fs/WindowsException'{0x000000072e9e3850}> (0x000000072e9e3850) 
thrown [s\open\src\hotspot\share\prims\jni.cpp, line 520]
Event: 6.878 Thread 0x000001ff5cc474d0 Exception <a 'java/lang/NoSuchMethodError'{0x000000072e687f30}: 'java.lang.Object java.lang.invoke.DirectMethodHandle$Holder.invokeSpecial(java.lang.Object, java.lang.Object, int, java.lang.Object, long)'> (0x000000072e687f30) 
thrown [s\open\src\hotspot\share\interpreter\linkResolver.cpp, line 796]
Event: 6.879 Thread 0x000001ff5cc474d0 Exception <a 'java/lang/NoSuchMethodError'{0x000000072e68e1c0}: 'java.lang.Object java.lang.invoke.DirectMethodHandle$Holder.newInvokeSpecial(java.lang.Object, java.lang.Object, int)'> (0x000000072e68e1c0) 
thrown [s\open\src\hotspot\share\interpreter\linkResolver.cpp, line 796]
Event: 6.906 Thread 0x000001ff5d106c70 Exception <a 'java/lang/NoSuchMethodError'{0x000000072e6ff9d8}: 'java.lang.Object java.lang.invoke.DirectMethodHandle$Holder.newInvokeSpecial(java.lang.Object, java.lang.Object, java.lang.Object, int, int, int, int, int)'> (0x000000072e6ff9d8) 
thrown [s\open\src\hotspot\share\interpreter\linkResolver.cpp, line 796]
Event: 7.001 Thread 0x000001ff5cc474d0 Exception <a 'java/lang/NoSuchMethodError'{0x000000072e6c0c28}: 'int java.lang.invoke.DirectMethodHandle$Holder.invokeStatic(java.lang.Object)'> (0x000000072e6c0c28) 
thrown [s\open\src\hotspot\share\interpreter\linkResolver.cpp, line 796]
Event: 13.940 Thread 0x000001ff5d107300 Exception <a 'java/lang/NoSuchMethodError'{0x000000072e219c58}: 'int java.lang.invoke.DirectMethodHandle$Holder.invokeStaticInit(java.lang.Object, java.lang.Object, java.lang.Object, java.lang.Object)'> (0x000000072e219c58) 
thrown [s\open\src\hotspot\share\interpreter\linkResolver.cpp, line 796]
Event: 13.943 Thread 0x000001ff5d107300 Exception <a 'java/lang/NoSuchMethodError'{0x000000072e2223e0}: 'java.lang.Object java.lang.invoke.DirectMethodHandle$Holder.invokeInterface(java.lang.Object, java.lang.Object)'> (0x000000072e2223e0) 
thrown [s\open\src\hotspot\share\interpreter\linkResolver.cpp, line 796]
Event: 13.944 Thread 0x000001ff5d107300 Exception <a 'java/lang/IncompatibleClassChangeError'{0x000000072e225710}: Found class java.lang.Object, but interface was expected> (0x000000072e225710) 
thrown [s\open\src\hotspot\share\interpreter\linkResolver.cpp, line 863]
Event: 13.946 Thread 0x000001ff5d107300 Exception <a 'java/lang/NoSuchMethodError'{0x000000072e227f48}: 'void java.lang.invoke.DirectMethodHandle$Holder.invokeStaticInit(java.lang.Object, java.lang.Object)'> (0x000000072e227f48) 
thrown [s\open\src\hotspot\share\interpreter\linkResolver.cpp, line 796]
Event: 13.949 Thread 0x000001ff5d107300 Exception <a 'java/lang/NoSuchMethodError'{0x000000072e22e5d0}: 'int java.lang.invoke.DirectMethodHandle$Holder.invokeStaticInit(java.lang.Object, java.lang.Object)'> (0x000000072e22e5d0) 
thrown [s\open\src\hotspot\share\interpreter\linkResolver.cpp, line 796]
Event: 14.028 Thread 0x000001ff5d107300 Exception <a 'java/lang/NoSuchMethodError'{0x000000072e2c1d48}: 'void java.lang.invoke.DirectMethodHandle$Holder.invokeStatic(java.lang.Object, int, java.lang.Object)'> (0x000000072e2c1d48) 
thrown [s\open\src\hotspot\share\interpreter\linkResolver.cpp, line 796]

VM Operations (20 events):
Event: 9.974 Executing VM operation: HandshakeAllThreads (Deoptimize)
Event: 9.974 Executing VM operation: HandshakeAllThreads (Deoptimize) done
Event: 10.001 Executing VM operation: HandshakeAllThreads (Deoptimize)
Event: 10.001 Executing VM operation: HandshakeAllThreads (Deoptimize) done
Event: 10.137 Executing VM operation: HandshakeAllThreads (Deoptimize)
Event: 10.137 Executing VM operation: HandshakeAllThreads (Deoptimize) done
Event: 13.850 Executing VM operation: HandshakeAllThreads (Deoptimize)
Event: 13.850 Executing VM operation: HandshakeAllThreads (Deoptimize) done
Event: 15.380 Executing VM operation: G1CollectForAllocation (G1 Evacuation Pause)
Event: 15.396 Executing VM operation: G1CollectForAllocation (G1 Evacuation Pause) done
Event: 15.661 Executing VM operation: G1CollectForAllocation (G1 Evacuation Pause)
Event: 15.672 Executing VM operation: G1CollectForAllocation (G1 Evacuation Pause) done
Event: 16.177 Executing VM operation: G1CollectForAllocation (G1 Evacuation Pause)
Event: 16.183 Executing VM operation: G1CollectForAllocation (G1 Evacuation Pause) done
Event: 16.798 Executing VM operation: G1CollectForAllocation (G1 Evacuation Pause)
Event: 16.804 Executing VM operation: G1CollectForAllocation (G1 Evacuation Pause) done
Event: 17.671 Executing VM operation: G1CollectForAllocation (G1 Evacuation Pause)
Event: 17.680 Executing VM operation: G1CollectForAllocation (G1 Evacuation Pause) done
Event: 19.573 Executing VM operation: G1CollectForAllocation (G1 Evacuation Pause)
Event: 19.582 Executing VM operation: G1CollectForAllocation (G1 Evacuation Pause) done

Memory protections (0 events):
No events

Nmethod flushes (0 events):
No events

Events (20 events):
Event: 0.428 Thread 0x000001ff754e0350 Thread added: 0x000001ff165f6e50
Event: 0.431 Thread 0x000001ff754e0350 Thread added: 0x000001ff16608fd0
Event: 0.433 Thread 0x000001ff754e0350 Thread added: 0x000001ff16619250
Event: 0.750 Thread 0x000001ff754e0350 Thread added: 0x000001ff5cc474d0
Event: 1.045 Thread 0x000001ff754e0350 Thread exited: 0x000001ff754e0350
Event: 1.045 Thread 0x000001ff754e0350 Thread added: 0x000001ff754e0350
Event: 1.054 Thread 0x000001ff5cc474d0 Thread added: 0x000001ff1637b6d0
Event: 1.190 Thread 0x000001ff5cc474d0 Thread added: 0x000001ff5cdb5160
Event: 6.370 Thread 0x000001ff5cc474d0 Thread added: 0x000001ff5ce013d0
Event: 6.693 Thread 0x000001ff1621c080 Thread added: 0x000001ff5d119070
Event: 6.899 Thread 0x000001ff5cc474d0 Thread added: 0x000001ff5d106c70
Event: 7.481 Thread 0x000001ff5d119070 Thread exited: 0x000001ff5d119070
Event: 11.928 Thread 0x000001ff5d106c70 Thread exited: 0x000001ff5d106c70
Event: 13.919 Thread 0x000001ff5cc474d0 Thread added: 0x000001ff5d107300
Event: 15.703 Thread 0x000001ff16213880 Thread added: 0x000001ff5cf7a090
Event: 15.703 Thread 0x000001ff16213880 Thread added: 0x000001ff62ad5e50
Event: 15.914 Thread 0x000001ff62ad5e50 Thread exited: 0x000001ff62ad5e50
Event: 16.023 Thread 0x000001ff5cf7a090 Thread exited: 0x000001ff5cf7a090
Event: 16.988 Thread 0x000001ff1621c080 Thread added: 0x000001ff62ab8b40
Event: 17.112 Thread 0x000001ff62ab8b40 Thread exited: 0x000001ff62ab8b40


Dynamic libraries:
0x00007ff752e80000 - 0x00007ff752e90000 	C:\Program Files\Java\jdk-23\bin\java.exe
0x00007ffdd18f0000 - 0x00007ffdd1b07000 	C:\WINDOWS\SYSTEM32\ntdll.dll
0x00007ffdd0510000 - 0x00007ffdd05d4000 	C:\WINDOWS\System32\KERNEL32.DLL
0x00007ffdcef40000 - 0x00007ffdcf2fa000 	C:\WINDOWS\System32\KERNELBASE.dll
0x00007ffdcf3b0000 - 0x00007ffdcf4c1000 	C:\WINDOWS\System32\ucrtbase.dll
0x00007ffdbc6d0000 - 0x00007ffdbc6eb000 	C:\Program Files\Java\jdk-23\bin\VCRUNTIME140.dll
0x00007ffdb6770000 - 0x00007ffdb6787000 	C:\Program Files\Java\jdk-23\bin\jli.dll
0x00007ffdcf5f0000 - 0x00007ffdcf79e000 	C:\WINDOWS\System32\USER32.dll
0x00007ffdac940000 - 0x00007ffdacbd2000 	C:\WINDOWS\WinSxS\amd64_microsoft.windows.common-controls_6595b64144ccf1df_6.0.22621.4541_none_2710d1c57384c085\COMCTL32.dll
0x00007ffdcebc0000 - 0x00007ffdcebe6000 	C:\WINDOWS\System32\win32u.dll
0x00007ffdd1680000 - 0x00007ffdd1727000 	C:\WINDOWS\System32\msvcrt.dll
0x00007ffdcfb20000 - 0x00007ffdcfb49000 	C:\WINDOWS\System32\GDI32.dll
0x00007ffdcf4d0000 - 0x00007ffdcf5eb000 	C:\WINDOWS\System32\gdi32full.dll
0x00007ffdcede0000 - 0x00007ffdcee7a000 	C:\WINDOWS\System32\msvcp_win.dll
0x00007ffdd1510000 - 0x00007ffdd1541000 	C:\WINDOWS\System32\IMM32.DLL
0x00007ffdcad70000 - 0x00007ffdcad7c000 	C:\Program Files\Java\jdk-23\bin\vcruntime140_1.dll
0x00007ffda7d90000 - 0x00007ffda7e1e000 	C:\Program Files\Java\jdk-23\bin\msvcp140.dll
0x00007ffd614a0000 - 0x00007ffd621ef000 	C:\Program Files\Java\jdk-23\bin\server\jvm.dll
0x00007ffdcf8a0000 - 0x00007ffdcf952000 	C:\WINDOWS\System32\ADVAPI32.dll
0x00007ffdd0460000 - 0x00007ffdd0507000 	C:\WINDOWS\System32\sechost.dll
0x00007ffdcf380000 - 0x00007ffdcf3a8000 	C:\WINDOWS\System32\bcrypt.dll
0x00007ffdd0670000 - 0x00007ffdd0784000 	C:\WINDOWS\System32\RPCRT4.dll
0x00007ffdd01f0000 - 0x00007ffdd0261000 	C:\WINDOWS\System32\WS2_32.dll
0x00007ffdcea90000 - 0x00007ffdceadd000 	C:\WINDOWS\SYSTEM32\POWRPROF.dll
0x00007ffdc5b40000 - 0x00007ffdc5b4a000 	C:\WINDOWS\SYSTEM32\VERSION.dll
0x00007ffdcaf20000 - 0x00007ffdcaf54000 	C:\WINDOWS\SYSTEM32\WINMM.dll
0x00007ffdcea70000 - 0x00007ffdcea83000 	C:\WINDOWS\SYSTEM32\UMPDC.dll
0x00007ffdcdb60000 - 0x00007ffdcdb78000 	C:\WINDOWS\SYSTEM32\kernel.appcore.dll
0x00007ffdcad20000 - 0x00007ffdcad2a000 	C:\Program Files\Java\jdk-23\bin\jimage.dll
0x00007ffdc6b40000 - 0x00007ffdc6d72000 	C:\WINDOWS\SYSTEM32\DBGHELP.DLL
0x00007ffdd0790000 - 0x00007ffdd0b1f000 	C:\WINDOWS\System32\combase.dll
0x00007ffdd17d0000 - 0x00007ffdd18a7000 	C:\WINDOWS\System32\OLEAUT32.dll
0x00007ffdc0130000 - 0x00007ffdc0162000 	C:\WINDOWS\SYSTEM32\dbgcore.DLL
0x00007ffdcf300000 - 0x00007ffdcf37b000 	C:\WINDOWS\System32\bcryptPrimitives.dll
0x00007ffdbc460000 - 0x00007ffdbc47e000 	C:\Program Files\Java\jdk-23\bin\java.dll
0x00007ffdcfb50000 - 0x00007ffdcfcf5000 	C:\WINDOWS\System32\ole32.dll
0x00007ffdd0b20000 - 0x00007ffdd1398000 	C:\WINDOWS\System32\SHELL32.dll
0x00007ffdccab0000 - 0x00007ffdcd3b8000 	C:\WINDOWS\SYSTEM32\windows.storage.dll
0x00007ffdcc970000 - 0x00007ffdccaaf000 	C:\WINDOWS\SYSTEM32\wintypes.dll
0x00007ffdcf7a0000 - 0x00007ffdcf89a000 	C:\WINDOWS\System32\SHCORE.dll
0x00007ffdd1550000 - 0x00007ffdd15ae000 	C:\WINDOWS\System32\shlwapi.dll
0x00007ffdceaf0000 - 0x00007ffdceb1b000 	C:\WINDOWS\SYSTEM32\profapi.dll
0x00007ffda97a0000 - 0x00007ffda9877000 	C:\Program Files\Java\jdk-23\bin\jsvml.dll
0x00007ffdc8c40000 - 0x00007ffdc8c50000 	C:\Program Files\Java\jdk-23\bin\net.dll
0x00007ffdce030000 - 0x00007ffdce099000 	C:\WINDOWS\system32\mswsock.dll
0x00007ffdbc170000 - 0x00007ffdbc186000 	C:\Program Files\Java\jdk-23\bin\nio.dll
0x00007ffdb6850000 - 0x00007ffdb6867000 	C:\Program Files\Java\jdk-23\bin\zip.dll
0x00007ffdcd620000 - 0x00007ffdcd64d000 	C:\WINDOWS\SYSTEM32\IPHLPAPI.DLL
0x00007ffdcfd00000 - 0x00007ffdcfd09000 	C:\WINDOWS\System32\NSI.dll
0x00007ffd8b130000 - 0x00007ffd8b2be000 	C:\Program Files\Java\jdk-23\bin\awt.dll
0x00007ffdca0d0000 - 0x00007ffdca167000 	C:\WINDOWS\SYSTEM32\apphelp.dll
0x00007ffdcc2f0000 - 0x00007ffdcc31b000 	C:\WINDOWS\system32\DWMAPI.DLL
0x00007ffdcc060000 - 0x00007ffdcc111000 	C:\WINDOWS\system32\uxtheme.dll
0x00007ffd87ed0000 - 0x00007ffd87fd0000 	C:\WINDOWS\system32\opengl32.dll
0x00007ffd879b0000 - 0x00007ffd879dd000 	C:\WINDOWS\SYSTEM32\GLU32.dll
0x00007ffdcc180000 - 0x00007ffdcc1b7000 	C:\WINDOWS\SYSTEM32\dxcore.dll
0x00007ffdd13a0000 - 0x00007ffdd1501000 	C:\WINDOWS\System32\MSCTF.dll
0x00007ffd899b0000 - 0x00007ffd89b58000 	C:\WINDOWS\system32\d3d9.dll
0x00007ffdb1900000 - 0x00007ffdb1abb000 	C:\WINDOWS\System32\DriverStore\FileRepository\u0389648.inf_amd64_00a4b5829b82c480\B385477\aticfx64.dll
0x00007ffdb3480000 - 0x00007ffdb34b4000 	C:\WINDOWS\System32\DriverStore\FileRepository\u0389648.inf_amd64_00a4b5829b82c480\B385477\atiu9p64.dll
0x00007ffd5b680000 - 0x00007ffd5c3d5000 	C:\WINDOWS\System32\DriverStore\FileRepository\u0389648.inf_amd64_00a4b5829b82c480\B385477\atiumd64.dll
0x000000005ff90000 - 0x0000000060eb7000 	C:\WINDOWS\System32\DriverStore\FileRepository\u0389648.inf_amd64_00a4b5829b82c480\B385477\atiumd6a.dll
0x00007ffdcfd70000 - 0x00007ffdd01e4000 	C:\WINDOWS\System32\SETUPAPI.dll
0x00007ffdaf7e0000 - 0x00007ffdaf815000 	C:\WINDOWS\SYSTEM32\amdihk64.dll
0x00007ffdb5740000 - 0x00007ffdb5789000 	C:\WINDOWS\SYSTEM32\directxdatabasehelper.dll
0x00007ffd9b610000 - 0x00007ffd9b697000 	C:\Program Files\Java\jdk-23\bin\freetype.dll
0x00007ffd934e0000 - 0x00007ffd935b7000 	C:\Program Files\Java\jdk-23\bin\fontmanager.dll
0x00007ffdd0280000 - 0x00007ffdd0330000 	C:\WINDOWS\System32\clbcatq.dll
0x00007ffdcbe00000 - 0x00007ffdcbfb0000 	C:\WINDOWS\SYSTEM32\WindowsCodecs.dll
0x00007ffda76b0000 - 0x00007ffda770e000 	C:\WINDOWS\system32\dataexchange.dll
0x00007ffdc5e50000 - 0x00007ffdc60f4000 	C:\WINDOWS\system32\twinapi.appcore.dll
0x00007ffdb2e40000 - 0x00007ffdb2f85000 	C:\WINDOWS\SYSTEM32\textinputframework.dll
0x00007ffdc9b80000 - 0x00007ffdc9cb3000 	C:\WINDOWS\SYSTEM32\CoreMessaging.dll
0x00007ffdb6c10000 - 0x00007ffdb6f7d000 	C:\WINDOWS\SYSTEM32\CoreUIComponents.dll
0x00007ffdce360000 - 0x00007ffdce36c000 	C:\WINDOWS\SYSTEM32\CRYPTBASE.DLL
0x00007ffdce380000 - 0x00007ffdce39b000 	C:\WINDOWS\SYSTEM32\CRYPTSP.dll
0x00007ffdcdb20000 - 0x00007ffdcdb55000 	C:\WINDOWS\system32\rsaenh.dll
0x00007ffdce0d0000 - 0x00007ffdce0f8000 	C:\WINDOWS\SYSTEM32\USERENV.dll
0x00007ffd92e10000 - 0x00007ffd92f09000 	C:\Users\HP\AppData\Local\Temp\sqlite-3.47.1.0-9092ccf2-f7ff-44fa-b6f4-d3c929cde872-sqlitejdbc.dll
0x00007ffdc7c90000 - 0x00007ffdc7ca0000 	C:\Program Files\Java\jdk-23\bin\verify.dll
0x000000005f670000 - 0x000000005f741000 	C:\Users\HP\AppData\Local\Temp\javacpp536405313384400\msvcr100.dll
0x000000005f5d0000 - 0x000000005f668000 	C:\Users\HP\AppData\Local\Temp\javacpp536405313384400\msvcp100.dll
0x0000000066840000 - 0x00000000676b4000 	C:\Users\HP\AppData\Local\Temp\javacpp536405313384400\opencv_ffmpeg248_64.dll
0x00007ffdbafe0000 - 0x00007ffdbafe9000 	C:\WINDOWS\SYSTEM32\WSOCK32.dll
0x00007ffd90620000 - 0x00007ffd90892000 	C:\Users\HP\AppData\Local\Temp\javacpp536405313384400\opencv_core248.dll
0x00007ffd817a0000 - 0x00007ffd81a52000 	C:\Users\HP\AppData\Local\Temp\javacpp536405313384400\opencv_imgproc248.dll
0x00007ffd7c940000 - 0x00007ffd7cb8d000 	C:\Users\HP\AppData\Local\Temp\javacpp536405313384400\opencv_highgui248.dll
0x00007ffdb6730000 - 0x00007ffdb674a000 	C:\WINDOWS\SYSTEM32\AVICAP32.dll
0x00007ffdb3370000 - 0x00007ffdb3394000 	C:\WINDOWS\SYSTEM32\AVIFIL32.dll
0x00007ffdb4380000 - 0x00007ffdb43ab000 	C:\WINDOWS\SYSTEM32\MSVFW32.dll
0x00007ffd98fe0000 - 0x00007ffd98ffe000 	C:\WINDOWS\SYSTEM32\MSACM32.dll
0x00007ffdadc70000 - 0x00007ffdadc83000 	C:\Users\HP\AppData\Local\Temp\javacpp536405313384400\jniopencv_highgui.dll
0x00007ffdbdfe0000 - 0x00007ffdbe001000 	C:\Windows\System32\devenum.dll
0x00007ffdce830000 - 0x00007ffdce87e000 	C:\Windows\System32\CFGMGR32.dll
0x00007ffdcdcd0000 - 0x00007ffdcdd04000 	C:\WINDOWS\SYSTEM32\ntmarta.dll
0x00007ffdce800000 - 0x00007ffdce82c000 	C:\WINDOWS\SYSTEM32\DEVOBJ.dll
0x00007ffdcebf0000 - 0x00007ffdcec62000 	C:\WINDOWS\System32\WINTRUST.dll
0x00007ffdcec70000 - 0x00007ffdcedd6000 	C:\WINDOWS\System32\CRYPT32.dll
0x00007ffdce770000 - 0x00007ffdce782000 	C:\WINDOWS\SYSTEM32\MSASN1.dll
0x00007ffdbdfd0000 - 0x00007ffdbdfdb000 	C:\WINDOWS\SYSTEM32\msdmo.dll
0x00007ffdac570000 - 0x00007ffdac5a9000 	C:\Windows\System32\qcap.dll
0x00007ffd5a280000 - 0x00007ffd5a467000 	C:\Windows\System32\quartz.dll
0x00007ffdad6b0000 - 0x00007ffdad6eb000 	C:\Windows\System32\mfksproxy.dll
0x00007ffdb2720000 - 0x00007ffdb273e000 	C:\Windows\System32\ATL.DLL
0x00007ffdcb160000 - 0x00007ffdcb32e000 	C:\Windows\System32\MFPlat.DLL
0x00007ffdcb120000 - 0x00007ffdcb153000 	C:\Windows\System32\RTWorkQ.DLL
0x00007ffd8fcc0000 - 0x00007ffd8fd06000 	C:\Windows\System32\FrameServerMonitorClient.dll
0x00007ffdcb820000 - 0x00007ffdcb89f000 	C:\Windows\System32\MFSENSORGROUP.dll
0x00007ffd8de60000 - 0x00007ffd8debd000 	C:\Windows\System32\ksproxy.ax
0x00007ffdcaed0000 - 0x00007ffdcaed9000 	C:\Windows\System32\ksuser.dll
0x00007ffd8a020000 - 0x00007ffd8a0b5000 	C:\Windows\System32\Windows.Media.MediaControl.dll
0x00007ffdc5110000 - 0x00007ffdc51ae000 	C:\Windows\System32\MMDevAPI.DLL
0x00007ffdbed20000 - 0x00007ffdbed2f000 	C:\Windows\System32\vidcap.ax
0x00007ffda49e0000 - 0x00007ffda4a06000 	C:\Windows\System32\kswdmcap.ax
0x00007ffd90460000 - 0x00007ffd9050f000 	C:\Windows\System32\qedit.dll
0x00007ffdd0330000 - 0x00007ffdd0430000 	C:\WINDOWS\System32\COMDLG32.dll
0x00007ffd99980000 - 0x00007ffd99b3a000 	C:\WINDOWS\WinSxS\amd64_microsoft.windows.gdiplus_6595b64144ccf1df_1.1.22621.4541_none_57fbc4aace173a53\gdiplus.dll
0x00007ffd8b4c0000 - 0x00007ffd8b5be000 	C:\Windows\System32\DDRAW.dll
0x00007ffdcc1e0000 - 0x00007ffdcc2d7000 	C:\Windows\System32\dxgi.dll
0x00007ffdb6800000 - 0x00007ffdb6809000 	C:\Windows\System32\DCIMAN32.dll
0x00007ffdbb590000 - 0x00007ffdbb5b9000 	C:\WINDOWS\SYSTEM32\WINMMBASE.dll
0x00007ffdca700000 - 0x00007ffdca74b000 	C:\Windows\System32\CapabilityAccessManagerClient.dll
0x00007ffd93a30000 - 0x00007ffd93aca000 	C:\Users\HP\AppData\Local\Temp\javacpp536405313384400\jniopencv_core.dll

dbghelp: loaded successfully - version: 4.0.5 - missing functions: none
symbol engine: initialized successfully - sym options: 0x614 - pdb path: .;C:\Program Files\Java\jdk-23\bin;C:\WINDOWS\SYSTEM32;C:\WINDOWS\WinSxS\amd64_microsoft.windows.common-controls_6595b64144ccf1df_6.0.22621.4541_none_2710d1c57384c085;C:\Program Files\Java\jdk-23\bin\server;C:\WINDOWS\System32\DriverStore\FileRepository\u0389648.inf_amd64_00a4b5829b82c480\B385477;C:\Users\HP\AppData\Local\Temp;C:\Users\HP\AppData\Local\Temp\javacpp536405313384400;C:\WINDOWS\WinSxS\amd64_microsoft.windows.gdiplus_6595b64144ccf1df_1.1.22621.4541_none_57fbc4aace173a53

VM Arguments:
jvm_args: -Dfile.encoding=UTF-8 
java_command: med1_endoskopi.Med1_Endoskopi
java_class_path (initial): C:\Program Files\NetBeans-23\netbeans\java\modules\ext\AbsoluteLayout.jar;D:\BELAJAR\TES\library\ffmpeg-2.1.1-windows-x86.jar;D:\BELAJAR\TES\library\ffmpeg-2.1.1-windows-x86_64.jar;D:\BELAJAR\TES\library\javacpp.jar;D:\BELAJAR\TES\library\javacv-windows-x86.jar;D:\BELAJAR\TES\library\javacv-windows-x86_64.jar;D:\BELAJAR\TES\library\javacv.jar;D:\BELAJAR\TES\library\jcalendar-1.4.jar;D:\BELAJAR\TES\library\mysql-connector-j-9.1.0.jar;D:\BELAJAR\TES\library\opencv-2.4.8-windows-x86.jar;D:\BELAJAR\TES\library\opencv-2.4.8-windows-x86_64.jar;C:\Users\HP\Downloads\swingx-all-1.6.4.jar;D:\SQLite\sqlite-jdbc-3.47.1.0.jar;D:\SQLite\Lib\commons-beanutils-1.9.4.jar;D:\SQLite\Lib\commons-collections4-4.4.jar;D:\SQLite\Lib\commons-digester-1.7.jar;D:\SQLite\Lib\commons-logging-1.3.0.jar;D:\SQLite\Lib\itext-4.2.1.jar;D:\SQLite\Lib\jasperreports-6.20.6.jar;D:\SQLite\New\med1_endoskopi\build\classes
Launcher Type: SUN_STANDARD

[Global flags]
     intx CICompilerCount                          = 4                                         {product} {ergonomic}
     uint ConcGCThreads                            = 2                                         {product} {ergonomic}
     uint G1ConcRefinementThreads                  = 8                                         {product} {ergonomic}
   size_t G1HeapRegionSize                         = 2097152                                   {product} {ergonomic}
   size_t InitialHeapSize                          = 234881024                                 {product} {ergonomic}
   size_t MarkStackSize                            = 4194304                                   {product} {ergonomic}
   size_t MarkStackSizeMax                         = 536870912                                 {product} {ergonomic}
   size_t MaxHeapSize                              = 3735027712                                {product} {ergonomic}
   size_t MaxNewSize                               = 2239758336                                {product} {ergonomic}
   size_t MinHeapDeltaBytes                        = 2097152                                   {product} {ergonomic}
   size_t MinHeapSize                              = 8388608                                   {product} {ergonomic}
    uintx NonNMethodCodeHeapSize                   = 5832704                                {pd product} {ergonomic}
    uintx NonProfiledCodeHeapSize                  = 122945536                              {pd product} {ergonomic}
    uintx ProfiledCodeHeapSize                     = 122880000                              {pd product} {ergonomic}
    uintx ReservedCodeCacheSize                    = 251658240                              {pd product} {ergonomic}
     bool SegmentedCodeCache                       = true                                      {product} {ergonomic}
   size_t SoftMaxHeapSize                          = 3735027712                             {manageable} {ergonomic}
     bool UseCompressedOops                        = true                           {product lp64_product} {ergonomic}
     bool UseG1GC                                  = true                                      {product} {ergonomic}
     bool UseLargePagesIndividualAllocation        = false                                  {pd product} {ergonomic}

Logging:
Log output configuration:
 #0: stdout all=warning uptime,level,tags foldmultilines=false
 #1: stderr all=off uptime,level,tags foldmultilines=false

Environment Variables:
PATH=C:\Program Files\Common Files\Oracle\Java\javapath;C:\Program Files (x86)\Common Files\Oracle\Java\java8path;C:\Program Files (x86)\Common Files\Oracle\Java\javapath;C:\Program Files\Microsoft MPI\Bin\;C:\WINDOWS\system32;C:\WINDOWS;C:\WINDOWS\System32\Wbem;C:\WINDOWS\System32\WindowsPowerShell\v1.0\;C:\WINDOWS\System32\OpenSSH\;C:\xampp\php;C:\ProgramData\ComposerSetup\bin;C:\ProgramData\chocolatey\bin;C:\Program Files\Microsoft SQL Server\Client SDK\ODBC\170\Tools\Binn\;C:\Program Files\dotnet\;C:\Program Files (x86)\Microsoft SQL Server\160\DTS\Binn\;C:\Program Files (x86)\Microsoft SQL Server\160\Tools\Binn\;C:\Program Files\Microsoft SQL Server\160\Tools\Binn\;C:\Program Files\Microsoft SQL Server\160\DTS\Binn\;C:\Program Files\Git\cmd;C:\Users\HP\AppData\Roaming\nvm;C:\Program Files\nodejs;C:\dev\flutter\bin;C:\Program Files\Go\bin;C:\Program Files\PuTTY\;C:\Program Files\Docker\Docker\resources\bin;C:\Users\HP\Downloads\opencv\build\x64\vc16\bin;C:\Program Files\Java\jdk-23\bin;C:\Program Files\Microsoft SQL Server\150\Tools\Binn\;C:\Users\HP\AppData\Local\Programs\Python\Python312\Scripts\;C:\Users\HP\AppData\Local\Programs\Python\Python312\;C:\Users\HP\AppData\Local\Microsoft\WindowsApps;C:\Users\HP\AppData\Roaming\npm;C:\Users\HP\AppData\Roaming\Composer\vendor\bin;C:\Program Files\kdiff3;C:\Users\HP\.dotnet\tools;C:\Program Files\Azure Data Studio\bin;C:\Users\HP\AppData\Local\Programs\Microsoft VS Code\bin;C:\Users\HP\AppData\Roaming\nvm;C:\Program Files\nodejs;C:\Users\HP\go\bin;C:\Program Files\Java\jdk-23\bin;
USERNAME=HP
OS=Windows_NT
PROCESSOR_IDENTIFIER=AMD64 Family 23 Model 24 Stepping 1, AuthenticAMD
TMP=C:\Users\HP\AppData\Local\Temp
TEMP=C:\Users\HP\AppData\Local\Temp




Periodic native trim disabled

---------------  S Y S T E M  ---------------

OS:
 Windows 11 , 64 bit Build 22621 (10.0.22621.4391)
OS uptime: 6 days 5:00 hours
Hyper-V role detected

CPU: total 8 (initial active 8) (8 cores per cpu, 2 threads per core) family 23 model 24 stepping 1 microcode 0x0, cx8, cmov, fxsr, ht, mmx, 3dnowpref, sse, sse2, sse3, ssse3, sse4a, sse4.1, sse4.2, popcnt, lzcnt, tsc, tscinvbit, avx, avx2, aes, clmul, bmi1, bmi2, adx, sha, fma, vzeroupper, clflush, clflushopt, hv, rdtscp, f16c
Processor Information for the first 8 processors :
  Max Mhz: 2100, Current Mhz: 2100, Mhz Limit: 2100

Memory: 4k page, system-wide physical 14247M (3287M free)
TotalPageFile size 27047M (AvailPageFile size 10199M)
current process WorkingSet (physical memory assigned to process): 270M, peak: 284M
current process commit charge ("private bytes"): 436M, peak: 462M

vm_info: Java HotSpot(TM) 64-Bit Server VM (23+37-2369) for windows-amd64 JRE (23+37-2369), built on 2024-08-20T16:01:23Z with MS VC++ 17.6 (VS2022)

END.
