#
# A fatal error has been detected by the Java Runtime Environment:
#
#  EXCEPTION_ACCESS_VIOLATION (0xc0000005) at pc=0x0000000000000000, pid=23020, tid=10980
#
# JRE version: Java(TM) SE Runtime Environment (23.0+37) (build 23+37-2369)
# Java VM: Java HotSpot(TM) 64-Bit Server VM (23+37-2369, mixed mode, sharing, tiered, compressed oops, compressed class ptrs, g1 gc, windows-amd64)
# Problematic frame:
# C  [opencv_highgui248.dll+0x13c69]
#
# No core dump will be written. Minidumps are not enabled by default on client versions of Windows
#
# If you would like to submit a bug report, please visit:
#   https://bugreport.java.com/bugreport/crash.jsp
# The crash happened outside the Java Virtual Machine in native code.
# See problematic frame for where to report the bug.
#

---------------  S U M M A R Y ------------

Command Line: -Dfile.encoding=UTF-8 --module-path=D:\Viola Yosevi\Java Projects\Med1_Endoskopi\build\classes View.Assesment

Host: AMD Ryzen 5 3550H with Radeon Vega Mobile Gfx  , 8 cores, 13G,  Windows 11 , 64 bit Build 22621 (10.0.22621.4391)
Time: Tue Jan  7 16:31:26 2025 SE Asia Standard Time elapsed time: 29.333994 seconds (0d 0h 0m 29s)

---------------  T H R E A D  ---------------

Current thread (0x000001b21fa58a60):  JavaThread "Thread-0"         [_thread_in_native, id=10980, stack(0x000000292c900000,0x000000292ca00000) (1024K)]

Stack: [0x000000292c900000,0x000000292ca00000],  sp=0x000000292c9feea0,  free space=1019k
Native frames: (J=compiled Java code, j=interpreted, Vv=VM code, C=native code)

Java frames: (J=compiled Java code, j=interpreted, Vv=VM code)
j  com.googlecode.javacv.cpp.opencv_highgui.cvReleaseCapture(Lcom/googlecode/javacv/cpp/opencv_highgui$CvCapture;)V+0
j  com.googlecode.javacv.OpenCVFrameGrabber.stop()V+11
j  View.Assesment.lambda$CameraViewer$0(Lcom/googlecode/javacv/CanvasFrame;)V+79
j  View.Assesment$$Lambda+0x000001b1d31baee0.run()V+8
j  java.lang.Thread.runWith(Ljava/lang/Object;Ljava/lang/Runnable;)V+5 java.base@23
j  java.lang.Thread.run()V+19 java.base@23
v  ~StubRoutines::call_stub 0x000001b1c29e0fcd

siginfo: EXCEPTION_ACCESS_VIOLATION (0xc0000005), data execution prevention violation at address 0x0000000000000000


Registers:
RAX=0x000001b2214cef60, RBX=0x000001b2214cae30, RCX=0x000001b2214ca760, RDX=0x0000000000000000
RSP=0x000000292c9fee98, RBP=0x00007ff96277e690, RSI=0x0000000000000000, RDI=0x000001b2214cae30
R8 =0x0000000000000001, R9 =0x0000000721ce1080, R10=0x00007ff978d58ec0, R11=0x000000000000000e
R12=0x0000000000000000, R13=0x000001b213d31398, R14=0x000000292c9ff080, R15=0x000001b21fa58a60
RIP=0x0000000000000000, EFLAGS=0x0000000000010246


Register to memory mapping:

RAX=0x000001b2214cef60 points into unknown readable memory: 0x000001b2215d0350 | 50 03 5d 21 b2 01 00 00
RBX=0x000001b2214cae30 points into unknown readable memory: 0x00000280000e1000 | 00 10 0e 00 80 02 00 00
RCX=0x000001b2214ca760 points into unknown readable memory: 0x000001b2214cef60 | 60 ef 4c 21 b2 01 00 00
RDX=0x0 is null
RSP=0x000000292c9fee98 is pointing into the stack for thread: 0x000001b21fa58a60
RBP=0x00007ff96277e690 opencv_highgui248.dll
RSI=0x0 is null
RDI=0x000001b2214cae30 points into unknown readable memory: 0x00000280000e1000 | 00 10 0e 00 80 02 00 00
R8 =0x0000000000000001 is an unknown value
R9 =0x0000000721ce1080 is an oop: com.googlecode.javacv.cpp.opencv_highgui$CvCapture 
{0x0000000721ce1080} - klass: 'com/googlecode/javacv/cpp/opencv_highgui$CvCapture'
 - ---- fields (total size 5 words):
 - protected 'position' 'I' @12  0 (0x00000000)
 - protected 'address' 'J' @16  1864574472656 (0x000001b2214c91d0)
 - protected 'limit' 'I' @24  0 (0x00000000)
 - protected 'capacity' 'I' @28  0 (0x00000000)
 - private 'deallocator' 'Lcom/googlecode/javacpp/Pointer$Deallocator;' @32  null (0x00000000)
R10=0x00007ff978d58ec0 jvm.dll
R11=0x000000000000000e is an unknown value
R12=0x0 is null
R13=0x000001b213d31398 is pointing into metadata
R14=0x000000292c9ff080 is pointing into the stack for thread: 0x000001b21fa58a60
R15=0x000001b21fa58a60 is a thread

Top of Stack: (sp=0x000000292c9fee98)
0x000000292c9fee98:   00007ff962563c69 000001b2214cae30
0x000000292c9feea8:   00007ff96277e690 0000000000000000
0x000000292c9feeb8:   000001b213405897 000001b2214c91d0
0x000000292c9feec8:   00007ff9625686aa 000001b2214cae30
0x000000292c9feed8:   00007ff9784b51cd 000001b2134343a0
0x000000292c9feee8:   00000000000000b6 fffffffffffffffe
0x000000292c9feef8:   000001b1d1823cf8 000001b2214c91d0
0x000000292c9fef08:   00007ff962568bac 000001b1c29e8700
0x000000292c9fef18:   0000000000000001 000000292c9ff060
0x000000292c9fef28:   000001b21fa58e20 fffffffffffffffe
0x000000292c9fef38:   000001b1d248a728 000000292c9ff080
0x000000292c9fef48:   00007ff96255104f 000001b2214c91d0
0x000000292c9fef58:   0000000000000000 000000292c9fef88
0x000000292c9fef68:   000000292c9fefd8 000001b2214c91d0
0x000000292c9fef78:   000001b2214c91d0 000000292c9ff040
0x000000292c9fef88:   000001b1bb6448d4 fffffffffffffff7
0x000000292c9fef98:   00007ff9c80e6b4a 000000292c9ff008
0x000000292c9fefa8:   000001b1d2491ae8 0000000000000000
0x000000292c9fefb8:   0000000720fe8258 000001b1d24910f8
0x000000292c9fefc8:   fffffffffffffffe 00000000000036b4
0x000000292c9fefd8:   0000000000000001 000001b213d313a0
0x000000292c9fefe8:   000001b1c29ed207 000001b21fa58e20
0x000000292c9feff8:   fffffffffffffff7 000000292c9ff080
0x000000292c9ff008:   000001b2214c91d0 000001b1d2491ae8
0x000000292c9ff018:   fffffffffffffff7 0000000000000000
0x000000292c9ff028:   0000000000000004 000001b213d2ff38
0x000000292c9ff038:   0000000000000000 0000000721043c60
0x000000292c9ff048:   000001b213d313a0 0000000000000000
0x000000292c9ff058:   000000292c9ff080 000000292c9ff0d0
0x000000292c9ff068:   000001b1c29e8700 0000000721043c60
0x000000292c9ff078:   000001b1c29ea5d7 0000000721ce1080
0x000000292c9ff088:   fffffffffffffff7 000001b21343437b 

Instructions: (pc=0x00007ff962563c69)
0x00007ff962563b69:   50 01 00 00 48 8d 0d b4 43 11 00 ff 15 06 1a 11
0x00007ff962563b79:   00 48 8b 4c 24 20 48 8b 11 ff 52 10 48 8b 4c 24
0x00007ff962563b89:   28 48 89 74 24 20 48 8b 01 ff 50 10 85 db 0f 84
0x00007ff962563b99:   d3 fe ff ff eb 28 40 38 35 66 17 21 00 74 1f 48
0x00007ff962563ba9:   8d 0d 51 43 11 00 eb 10 40 38 35 54 17 21 00 74
0x00007ff962563bb9:   0d 48 8d 0d 17 43 11 00 ff 15 b9 19 11 00 48 8b
0x00007ff962563bc9:   8c 24 50 02 00 00 48 33 cc e8 59 65 0f 00 4c 8d
0x00007ff962563bd9:   9c 24 60 02 00 00 49 8b 5b 18 49 8b 73 20 49 8b
0x00007ff962563be9:   e3 5f c3 cc cc cc cc 40 53 48 83 ec 20 80 b9 9c
0x00007ff962563bf9:   00 00 00 00 48 8b d9 0f 84 55 03 00 00 80 3d ff
0x00007ff962563c09:   16 21 00 00 48 89 7c 24 30 74 13 8b 91 b0 00 00
0x00007ff962563c19:   00 48 8d 0d 37 45 11 00 ff 15 59 19 11 00 48 83
0x00007ff962563c29:   bb 90 00 00 00 00 74 70 48 8b 4b 60 48 85 c9 74
0x00007ff962563c39:   67 48 8b 01 33 d2 44 8d 42 01 ff 50 48 80 3d bf
0x00007ff962563c49:   16 21 00 00 74 0d 48 8d 0d da 44 11 00 ff 15 24
0x00007ff962563c59:   19 11 00 48 8b 8b 90 00 00 00 48 8b 01 ff 50 10
0x00007ff962563c69:   80 bb 9b 00 00 00 00 74 18 48 8b 8b b8 03 00 00
0x00007ff962563c79:   e8 f0 65 0f 00 48 8b 8b c0 03 00 00 e8 e4 65 0f
0x00007ff962563c89:   00 48 8b 8b 90 00 00 00 48 85 c9 74 0b 48 8b 01
0x00007ff962563c99:   ba 01 00 00 00 ff 50 28 48 8b 4b 38 48 85 c9 74
0x00007ff962563ca9:   44 48 8b 01 ff 50 40 85 c0 79 16 80 3d 51 16 21
0x00007ff962563cb9:   00 00 74 0d 48 8d 0d 44 44 11 00 ff 15 b6 18 11
0x00007ff962563cc9:   00 48 8b 4b 38 48 8b 01 ff 50 48 85 c0 79 16 80
0x00007ff962563cd9:   3d 2d 16 21 00 00 74 0d 48 8d 0d f8 43 11 00 ff
0x00007ff962563ce9:   15 92 18 11 00 48 8b 53 40 48 85 d2 74 08 48 8b
0x00007ff962563cf9:   cb e8 e1 fb ff ff 33 ff 48 39 7b 50 74 24 40 38
0x00007ff962563d09:   3d fe 15 21 00 74 0d 48 8d 0d a9 43 11 00 ff 15
0x00007ff962563d19:   63 18 11 00 48 8b 4b 50 48 8b 01 ff 50 10 48 89
0x00007ff962563d29:   7b 50 48 39 7b 40 74 24 40 38 3d d4 15 21 00 74
0x00007ff962563d39:   0d 48 8d 0d 5f 43 11 00 ff 15 39 18 11 00 48 8b
0x00007ff962563d49:   4b 40 48 8b 01 ff 50 10 48 89 7b 40 48 39 7b 48
0x00007ff962563d59:   74 24 40 38 3d aa 15 21 00 74 0d 48 8d 0d 0d 43 


Stack slot to memory mapping:

stack at sp + 0 slots: 0x000001b2214cae30 points into unknown readable memory: 0x00000280000e1000 | 00 10 0e 00 80 02 00 00
stack at sp + 1 slots: 0x00007ff96277e690 opencv_highgui248.dll
stack at sp + 2 slots: 0x0 is null
stack at sp + 3 slots: 0x000001b213405897 is pointing into metadata
stack at sp + 4 slots: 0x000001b2214c91d0 points into unknown readable memory: 0x00007ff9626786d8 | d8 86 67 62 f9 7f 00 00
stack at sp + 5 slots: 0x00007ff9625686aa opencv_highgui248.dll
stack at sp + 6 slots: 0x000001b2214cae30 points into unknown readable memory: 0x00000280000e1000 | 00 10 0e 00 80 02 00 00
stack at sp + 7 slots: 0x00007ff9784b51cd jvm.dll

Lock stack of current Java thread (top to bottom):


---------------  P R O C E S S  ---------------

Threads class SMR info:
_java_thread_list=0x000001b21fdbbb40, length=19, elements={
0x000001b1d17db900, 0x000001b1d17dc820, 0x000001b1d17e3810, 0x000001b1d17e5280,
0x000001b1d17e8d00, 0x000001b1d17f5650, 0x000001b1d17eabe0, 0x000001b1d17ebaa0,
0x000001b1d190a340, 0x000001b1d1a3b3f0, 0x000001b21705b020, 0x000001b21705d6a0,
0x000001b21705e480, 0x000001b1d1c28090, 0x000001b1b2d8b4d0, 0x000001b21f66a9c0,
0x000001b21f89b220, 0x000001b21f88bee0, 0x000001b21fa58a60
}

Java Threads: ( => current thread )
  0x000001b1d17db900 JavaThread "Reference Handler"          daemon [_thread_blocked, id=7572, stack(0x000000292b100000,0x000000292b200000) (1024K)]
  0x000001b1d17dc820 JavaThread "Finalizer"                  daemon [_thread_blocked, id=14400, stack(0x000000292b200000,0x000000292b300000) (1024K)]
  0x000001b1d17e3810 JavaThread "Signal Dispatcher"          daemon [_thread_blocked, id=5888, stack(0x000000292b300000,0x000000292b400000) (1024K)]
  0x000001b1d17e5280 JavaThread "Attach Listener"            daemon [_thread_blocked, id=17796, stack(0x000000292b400000,0x000000292b500000) (1024K)]
  0x000001b1d17e8d00 JavaThread "Service Thread"             daemon [_thread_blocked, id=17992, stack(0x000000292b500000,0x000000292b600000) (1024K)]
  0x000001b1d17f5650 JavaThread "Monitor Deflation Thread"   daemon [_thread_blocked, id=14364, stack(0x000000292b600000,0x000000292b700000) (1024K)]
  0x000001b1d17eabe0 JavaThread "C2 CompilerThread0"         daemon [_thread_blocked, id=8276, stack(0x000000292b700000,0x000000292b800000) (1024K)]
  0x000001b1d17ebaa0 JavaThread "C1 CompilerThread0"         daemon [_thread_blocked, id=20444, stack(0x000000292b800000,0x000000292b900000) (1024K)]
  0x000001b1d190a340 JavaThread "Common-Cleaner"             daemon [_thread_blocked, id=21784, stack(0x000000292b900000,0x000000292ba00000) (1024K)]
  0x000001b1d1a3b3f0 JavaThread "Notification Thread"        daemon [_thread_blocked, id=16532, stack(0x000000292ba00000,0x000000292bb00000) (1024K)]
  0x000001b21705b020 JavaThread "Java2D Disposer"            daemon [_thread_blocked, id=13424, stack(0x000000292bc00000,0x000000292bd00000) (1024K)]
  0x000001b21705d6a0 JavaThread "AWT-Shutdown"                      [_thread_blocked, id=16052, stack(0x000000292bd00000,0x000000292be00000) (1024K)]
  0x000001b21705e480 JavaThread "AWT-Windows"                daemon [_thread_in_native, id=21932, stack(0x000000292be00000,0x000000292bf00000) (1024K)]
  0x000001b1d1c28090 JavaThread "AWT-EventQueue-0"                  [_thread_in_native, id=19684, stack(0x000000292bb00000,0x000000292bc00000) (1024K)]
  0x000001b1b2d8b4d0 JavaThread "DestroyJavaVM"                     [_thread_blocked, id=11652, stack(0x000000292a900000,0x000000292aa00000) (1024K)]
  0x000001b21f66a9c0 JavaThread "mysql-cj-abandoned-connection-cleanup" daemon [_thread_blocked, id=24288, stack(0x000000292c800000,0x000000292c900000) (1024K)]
  0x000001b21f89b220 JavaThread "TimerQueue"                 daemon [_thread_blocked, id=15004, stack(0x000000292ca00000,0x000000292cb00000) (1024K)]
  0x000001b21f88bee0 JavaThread "D3D Screen Updater"         daemon [_thread_blocked, id=19020, stack(0x000000292cb00000,0x000000292cc00000) (1024K)]
=>0x000001b21fa58a60 JavaThread "Thread-0"                          [_thread_in_native, id=10980, stack(0x000000292c900000,0x000000292ca00000) (1024K)]
Total: 19

Other Threads:
  0x000001b1d17c41a0 VMThread "VM Thread"                           [id=17124, stack(0x000000292b000000,0x000000292b100000) (1024K)]
  0x000001b1d17b4800 WatcherThread "VM Periodic Task Thread"        [id=3652, stack(0x000000292af00000,0x000000292b000000) (1024K)]
  0x000001b1b2de3e30 WorkerThread "GC Thread#0"                     [id=20804, stack(0x000000292aa00000,0x000000292ab00000) (1024K)]
  0x000001b21fa5e2d0 WorkerThread "GC Thread#1"                     [id=6540, stack(0x000000292cc00000,0x000000292cd00000) (1024K)]
  0x000001b21fa5be90 WorkerThread "GC Thread#2"                     [id=11332, stack(0x000000292cd00000,0x000000292ce00000) (1024K)]
  0x000001b21fa57030 WorkerThread "GC Thread#3"                     [id=10632, stack(0x000000292ce00000,0x000000292cf00000) (1024K)]
  0x000001b21f9ecf90 WorkerThread "GC Thread#4"                     [id=10484, stack(0x000000292cf00000,0x000000292d000000) (1024K)]
  0x000001b21f9ed340 WorkerThread "GC Thread#5"                     [id=10520, stack(0x000000292d000000,0x000000292d100000) (1024K)]
  0x000001b21fa12650 WorkerThread "GC Thread#6"                     [id=24296, stack(0x000000292d100000,0x000000292d200000) (1024K)]
  0x000001b21fa12db0 WorkerThread "GC Thread#7"                     [id=22240, stack(0x000000292d200000,0x000000292d300000) (1024K)]
  0x000001b1b2df6a30 ConcurrentGCThread "G1 Main Marker"            [id=21292, stack(0x000000292ab00000,0x000000292ac00000) (1024K)]
  0x000001b1b2df94f0 WorkerThread "G1 Conc#0"                       [id=10024, stack(0x000000292ac00000,0x000000292ad00000) (1024K)]
  0x000001b1d16841c0 ConcurrentGCThread "G1 Refine#0"               [id=10408, stack(0x000000292ad00000,0x000000292ae00000) (1024K)]
  0x000001b1d1684b50 ConcurrentGCThread "G1 Service"                [id=24212, stack(0x000000292ae00000,0x000000292af00000) (1024K)]
Total: 14

Threads with active compile tasks:
Total: 0

VM state: not at safepoint (normal execution)

VM Mutex/Monitor currently owned by a thread: None

Heap address: 0x0000000720e00000, size: 3570 MB, Compressed Oops mode: Zero based, Oop shift amount: 3

CDS archive(s) mapped at: [0x000001b1d2000000-0x000001b1d2d70000-0x000001b1d2d70000), size 14090240, SharedBaseAddress: 0x000001b1d2000000, ArchiveRelocationMode: 1.
Compressed class space mapped at: 0x000001b1d3000000-0x000001b213000000, reserved size: 1073741824
Narrow klass base: 0x000001b1d2000000, Narrow klass shift: 0, Narrow klass range: 0x41000000

GC Precious Log:
 CardTable entry size: 512
 Card Set container configuration: InlinePtr #cards 4 size 8 Array Of Cards #cards 16 size 48 Howl #buckets 8 coarsen threshold 3686 Howl Bitmap #cards 512 size 80 coarsen threshold 460 Card regions per heap region 1 cards per card region 4096
 CPUs: 8 total, 8 available
 Memory: 14273M
 Large Page Support: Disabled
 NUMA Support: Disabled
 Compressed Oops: Enabled (Zero based)
 Heap Region Size: 2M
 Heap Min Capacity: 8M
 Heap Initial Capacity: 224M
 Heap Max Capacity: 3570M
 Pre-touch: Disabled
 Parallel Workers: 8
 Concurrent Workers: 2
 Concurrent Refinement Workers: 8
 Periodic GC: Disabled

Heap:
 garbage-first heap   total reserved 3655680K, committed 229376K, used 35792K [0x0000000720e00000, 0x0000000800000000)
  region size 2048K, 11 young (22528K), 9 survivors (18432K)
 Metaspace       used 18701K, committed 19008K, reserved 1114112K
  class space    used 2109K, committed 2240K, reserved 1048576K

Heap Regions: E=young(eden), S=young(survivor), O=old, HS=humongous(starts), HC=humongous(continues), CS=collection set, F=free, TAMS=top-at-mark-start, PB=parsable bottom
|   0|0x0000000720e00000, 0x0000000721000000, 0x0000000721000000|100%| O|  |TAMS 0x0000000720e00000| PB 0x0000000720e00000| Untracked |  0
|   1|0x0000000721000000, 0x0000000721200000, 0x0000000721200000|100%| O|  |TAMS 0x0000000721000000| PB 0x0000000721000000| Untracked |  0
|   2|0x0000000721200000, 0x0000000721400000, 0x0000000721400000|100%| O|  |TAMS 0x0000000721200000| PB 0x0000000721200000| Untracked |  0
|   3|0x0000000721400000, 0x0000000721600000, 0x0000000721600000|100%| O|  |TAMS 0x0000000721400000| PB 0x0000000721400000| Untracked |  0
|   4|0x0000000721600000, 0x0000000721800000, 0x0000000721800000|100%| O|  |TAMS 0x0000000721600000| PB 0x0000000721600000| Untracked |  0
|   5|0x0000000721800000, 0x0000000721a00000, 0x0000000721a00000|100%| O|  |TAMS 0x0000000721800000| PB 0x0000000721800000| Untracked |  0
|   6|0x0000000721a00000, 0x0000000721c00000, 0x0000000721c00000|100%| O|  |TAMS 0x0000000721a00000| PB 0x0000000721a00000| Untracked |  0
|   7|0x0000000721c00000, 0x0000000721e00000, 0x0000000721e00000|100%| O|  |TAMS 0x0000000721c00000| PB 0x0000000721c00000| Untracked |  0
|   8|0x0000000721e00000, 0x0000000721e13260, 0x0000000722000000|  3%| O|  |TAMS 0x0000000721e00000| PB 0x0000000721e00000| Untracked |  0
|   9|0x0000000722000000, 0x0000000722000000, 0x0000000722200000|  0%| F|  |TAMS 0x0000000722000000| PB 0x0000000722000000| Untracked |  0
|  10|0x0000000722200000, 0x0000000722200000, 0x0000000722400000|  0%| F|  |TAMS 0x0000000722200000| PB 0x0000000722200000| Untracked |  0
|  11|0x0000000722400000, 0x0000000722400000, 0x0000000722600000|  0%| F|  |TAMS 0x0000000722400000| PB 0x0000000722400000| Untracked |  0
|  12|0x0000000722600000, 0x0000000722600000, 0x0000000722800000|  0%| F|  |TAMS 0x0000000722600000| PB 0x0000000722600000| Untracked |  0
|  13|0x0000000722800000, 0x0000000722800000, 0x0000000722a00000|  0%| F|  |TAMS 0x0000000722800000| PB 0x0000000722800000| Untracked |  0
|  14|0x0000000722a00000, 0x0000000722a00000, 0x0000000722c00000|  0%| F|  |TAMS 0x0000000722a00000| PB 0x0000000722a00000| Untracked |  0
|  15|0x0000000722c00000, 0x0000000722c00000, 0x0000000722e00000|  0%| F|  |TAMS 0x0000000722c00000| PB 0x0000000722c00000| Untracked |  0
|  16|0x0000000722e00000, 0x0000000722e00000, 0x0000000723000000|  0%| F|  |TAMS 0x0000000722e00000| PB 0x0000000722e00000| Untracked |  0
|  17|0x0000000723000000, 0x0000000723000000, 0x0000000723200000|  0%| F|  |TAMS 0x0000000723000000| PB 0x0000000723000000| Untracked |  0
|  18|0x0000000723200000, 0x0000000723200000, 0x0000000723400000|  0%| F|  |TAMS 0x0000000723200000| PB 0x0000000723200000| Untracked |  0
|  19|0x0000000723400000, 0x0000000723400000, 0x0000000723600000|  0%| F|  |TAMS 0x0000000723400000| PB 0x0000000723400000| Untracked |  0
|  20|0x0000000723600000, 0x0000000723600000, 0x0000000723800000|  0%| F|  |TAMS 0x0000000723600000| PB 0x0000000723600000| Untracked |  0
|  21|0x0000000723800000, 0x0000000723800000, 0x0000000723a00000|  0%| F|  |TAMS 0x0000000723800000| PB 0x0000000723800000| Untracked |  0
|  22|0x0000000723a00000, 0x0000000723a00000, 0x0000000723c00000|  0%| F|  |TAMS 0x0000000723a00000| PB 0x0000000723a00000| Untracked |  0
|  23|0x0000000723c00000, 0x0000000723c00000, 0x0000000723e00000|  0%| F|  |TAMS 0x0000000723c00000| PB 0x0000000723c00000| Untracked |  0
|  24|0x0000000723e00000, 0x0000000723e00000, 0x0000000724000000|  0%| F|  |TAMS 0x0000000723e00000| PB 0x0000000723e00000| Untracked |  0
|  25|0x0000000724000000, 0x0000000724000000, 0x0000000724200000|  0%| F|  |TAMS 0x0000000724000000| PB 0x0000000724000000| Untracked |  0
|  26|0x0000000724200000, 0x0000000724200000, 0x0000000724400000|  0%| F|  |TAMS 0x0000000724200000| PB 0x0000000724200000| Untracked |  0
|  27|0x0000000724400000, 0x0000000724400000, 0x0000000724600000|  0%| F|  |TAMS 0x0000000724400000| PB 0x0000000724400000| Untracked |  0
|  28|0x0000000724600000, 0x0000000724600000, 0x0000000724800000|  0%| F|  |TAMS 0x0000000724600000| PB 0x0000000724600000| Untracked |  0
|  29|0x0000000724800000, 0x0000000724800000, 0x0000000724a00000|  0%| F|  |TAMS 0x0000000724800000| PB 0x0000000724800000| Untracked |  0
|  30|0x0000000724a00000, 0x0000000724a00000, 0x0000000724c00000|  0%| F|  |TAMS 0x0000000724a00000| PB 0x0000000724a00000| Untracked |  0
|  31|0x0000000724c00000, 0x0000000724c00000, 0x0000000724e00000|  0%| F|  |TAMS 0x0000000724c00000| PB 0x0000000724c00000| Untracked |  0
|  32|0x0000000724e00000, 0x0000000724e00000, 0x0000000725000000|  0%| F|  |TAMS 0x0000000724e00000| PB 0x0000000724e00000| Untracked |  0
|  33|0x0000000725000000, 0x0000000725000000, 0x0000000725200000|  0%| F|  |TAMS 0x0000000725000000| PB 0x0000000725000000| Untracked |  0
|  34|0x0000000725200000, 0x0000000725200000, 0x0000000725400000|  0%| F|  |TAMS 0x0000000725200000| PB 0x0000000725200000| Untracked |  0
|  35|0x0000000725400000, 0x0000000725400000, 0x0000000725600000|  0%| F|  |TAMS 0x0000000725400000| PB 0x0000000725400000| Untracked |  0
|  36|0x0000000725600000, 0x0000000725600000, 0x0000000725800000|  0%| F|  |TAMS 0x0000000725600000| PB 0x0000000725600000| Untracked |  0
|  37|0x0000000725800000, 0x00000007258e1010, 0x0000000725a00000| 43%| S|CS|TAMS 0x0000000725800000| PB 0x0000000725800000| Complete |  0
|  38|0x0000000725a00000, 0x0000000725c00000, 0x0000000725c00000|100%| S|CS|TAMS 0x0000000725a00000| PB 0x0000000725a00000| Complete |  0
|  39|0x0000000725c00000, 0x0000000725e00000, 0x0000000725e00000|100%| S|CS|TAMS 0x0000000725c00000| PB 0x0000000725c00000| Complete |  0
|  40|0x0000000725e00000, 0x0000000726000000, 0x0000000726000000|100%| S|CS|TAMS 0x0000000725e00000| PB 0x0000000725e00000| Complete |  0
|  41|0x0000000726000000, 0x0000000726200000, 0x0000000726200000|100%| S|CS|TAMS 0x0000000726000000| PB 0x0000000726000000| Complete |  0
|  42|0x0000000726200000, 0x0000000726400000, 0x0000000726400000|100%| S|CS|TAMS 0x0000000726200000| PB 0x0000000726200000| Complete |  0
|  43|0x0000000726400000, 0x0000000726400000, 0x0000000726600000|  0%| F|  |TAMS 0x0000000726400000| PB 0x0000000726400000| Untracked |  0
|  44|0x0000000726600000, 0x0000000726600000, 0x0000000726800000|  0%| F|  |TAMS 0x0000000726600000| PB 0x0000000726600000| Untracked |  0
|  45|0x0000000726800000, 0x0000000726800000, 0x0000000726a00000|  0%| F|  |TAMS 0x0000000726800000| PB 0x0000000726800000| Untracked |  0
|  46|0x0000000726a00000, 0x0000000726a00000, 0x0000000726c00000|  0%| F|  |TAMS 0x0000000726a00000| PB 0x0000000726a00000| Untracked |  0
|  47|0x0000000726c00000, 0x0000000726c00000, 0x0000000726e00000|  0%| F|  |TAMS 0x0000000726c00000| PB 0x0000000726c00000| Untracked |  0
|  48|0x0000000726e00000, 0x0000000726e00000, 0x0000000727000000|  0%| F|  |TAMS 0x0000000726e00000| PB 0x0000000726e00000| Untracked |  0
|  49|0x0000000727000000, 0x0000000727000000, 0x0000000727200000|  0%| F|  |TAMS 0x0000000727000000| PB 0x0000000727000000| Untracked |  0
|  50|0x0000000727200000, 0x0000000727200000, 0x0000000727400000|  0%| F|  |TAMS 0x0000000727200000| PB 0x0000000727200000| Untracked |  0
|  51|0x0000000727400000, 0x0000000727600000, 0x0000000727600000|100%| S|CS|TAMS 0x0000000727400000| PB 0x0000000727400000| Complete |  0
|  52|0x0000000727600000, 0x0000000727800000, 0x0000000727800000|100%| S|CS|TAMS 0x0000000727600000| PB 0x0000000727600000| Complete |  0
|  53|0x0000000727800000, 0x0000000727a00000, 0x0000000727a00000|100%| S|CS|TAMS 0x0000000727800000| PB 0x0000000727800000| Complete |  0
|  54|0x0000000727a00000, 0x0000000727a00000, 0x0000000727c00000|  0%| F|  |TAMS 0x0000000727a00000| PB 0x0000000727a00000| Untracked |  0
|  55|0x0000000727c00000, 0x0000000727c00000, 0x0000000727e00000|  0%| F|  |TAMS 0x0000000727c00000| PB 0x0000000727c00000| Untracked |  0
|  56|0x0000000727e00000, 0x0000000727e00000, 0x0000000728000000|  0%| F|  |TAMS 0x0000000727e00000| PB 0x0000000727e00000| Untracked |  0
|  57|0x0000000728000000, 0x0000000728000000, 0x0000000728200000|  0%| F|  |TAMS 0x0000000728000000| PB 0x0000000728000000| Untracked |  0
|  58|0x0000000728200000, 0x0000000728200000, 0x0000000728400000|  0%| F|  |TAMS 0x0000000728200000| PB 0x0000000728200000| Untracked |  0
|  59|0x0000000728400000, 0x0000000728400000, 0x0000000728600000|  0%| F|  |TAMS 0x0000000728400000| PB 0x0000000728400000| Untracked |  0
|  60|0x0000000728600000, 0x0000000728600000, 0x0000000728800000|  0%| F|  |TAMS 0x0000000728600000| PB 0x0000000728600000| Untracked |  0
|  61|0x0000000728800000, 0x0000000728800000, 0x0000000728a00000|  0%| F|  |TAMS 0x0000000728800000| PB 0x0000000728800000| Untracked |  0
|  62|0x0000000728a00000, 0x0000000728a00000, 0x0000000728c00000|  0%| F|  |TAMS 0x0000000728a00000| PB 0x0000000728a00000| Untracked |  0
|  63|0x0000000728c00000, 0x0000000728c00000, 0x0000000728e00000|  0%| F|  |TAMS 0x0000000728c00000| PB 0x0000000728c00000| Untracked |  0
|  64|0x0000000728e00000, 0x0000000728e00000, 0x0000000729000000|  0%| F|  |TAMS 0x0000000728e00000| PB 0x0000000728e00000| Untracked |  0
|  65|0x0000000729000000, 0x0000000729000000, 0x0000000729200000|  0%| F|  |TAMS 0x0000000729000000| PB 0x0000000729000000| Untracked |  0
|  66|0x0000000729200000, 0x0000000729200000, 0x0000000729400000|  0%| F|  |TAMS 0x0000000729200000| PB 0x0000000729200000| Untracked |  0
|  67|0x0000000729400000, 0x0000000729400000, 0x0000000729600000|  0%| F|  |TAMS 0x0000000729400000| PB 0x0000000729400000| Untracked |  0
|  68|0x0000000729600000, 0x0000000729600000, 0x0000000729800000|  0%| F|  |TAMS 0x0000000729600000| PB 0x0000000729600000| Untracked |  0
|  69|0x0000000729800000, 0x0000000729800000, 0x0000000729a00000|  0%| F|  |TAMS 0x0000000729800000| PB 0x0000000729800000| Untracked |  0
|  70|0x0000000729a00000, 0x0000000729a00000, 0x0000000729c00000|  0%| F|  |TAMS 0x0000000729a00000| PB 0x0000000729a00000| Untracked |  0
|  71|0x0000000729c00000, 0x0000000729c00000, 0x0000000729e00000|  0%| F|  |TAMS 0x0000000729c00000| PB 0x0000000729c00000| Untracked |  0
|  72|0x0000000729e00000, 0x0000000729e00000, 0x000000072a000000|  0%| F|  |TAMS 0x0000000729e00000| PB 0x0000000729e00000| Untracked |  0
|  73|0x000000072a000000, 0x000000072a000000, 0x000000072a200000|  0%| F|  |TAMS 0x000000072a000000| PB 0x000000072a000000| Untracked |  0
|  74|0x000000072a200000, 0x000000072a200000, 0x000000072a400000|  0%| F|  |TAMS 0x000000072a200000| PB 0x000000072a200000| Untracked |  0
|  75|0x000000072a400000, 0x000000072a400000, 0x000000072a600000|  0%| F|  |TAMS 0x000000072a400000| PB 0x000000072a400000| Untracked |  0
|  76|0x000000072a600000, 0x000000072a600000, 0x000000072a800000|  0%| F|  |TAMS 0x000000072a600000| PB 0x000000072a600000| Untracked |  0
|  77|0x000000072a800000, 0x000000072a800000, 0x000000072aa00000|  0%| F|  |TAMS 0x000000072a800000| PB 0x000000072a800000| Untracked |  0
|  78|0x000000072aa00000, 0x000000072aa00000, 0x000000072ac00000|  0%| F|  |TAMS 0x000000072aa00000| PB 0x000000072aa00000| Untracked |  0
|  79|0x000000072ac00000, 0x000000072ac00000, 0x000000072ae00000|  0%| F|  |TAMS 0x000000072ac00000| PB 0x000000072ac00000| Untracked |  0
|  80|0x000000072ae00000, 0x000000072ae00000, 0x000000072b000000|  0%| F|  |TAMS 0x000000072ae00000| PB 0x000000072ae00000| Untracked |  0
|  81|0x000000072b000000, 0x000000072b000000, 0x000000072b200000|  0%| F|  |TAMS 0x000000072b000000| PB 0x000000072b000000| Untracked |  0
|  82|0x000000072b200000, 0x000000072b200000, 0x000000072b400000|  0%| F|  |TAMS 0x000000072b200000| PB 0x000000072b200000| Untracked |  0
|  83|0x000000072b400000, 0x000000072b400000, 0x000000072b600000|  0%| F|  |TAMS 0x000000072b400000| PB 0x000000072b400000| Untracked |  0
|  84|0x000000072b600000, 0x000000072b600000, 0x000000072b800000|  0%| F|  |TAMS 0x000000072b600000| PB 0x000000072b600000| Untracked |  0
|  85|0x000000072b800000, 0x000000072b800000, 0x000000072ba00000|  0%| F|  |TAMS 0x000000072b800000| PB 0x000000072b800000| Untracked |  0
|  86|0x000000072ba00000, 0x000000072ba00000, 0x000000072bc00000|  0%| F|  |TAMS 0x000000072ba00000| PB 0x000000072ba00000| Untracked |  0
|  87|0x000000072bc00000, 0x000000072bc00000, 0x000000072be00000|  0%| F|  |TAMS 0x000000072bc00000| PB 0x000000072bc00000| Untracked |  0
|  88|0x000000072be00000, 0x000000072be00000, 0x000000072c000000|  0%| F|  |TAMS 0x000000072be00000| PB 0x000000072be00000| Untracked |  0
|  89|0x000000072c000000, 0x000000072c000000, 0x000000072c200000|  0%| F|  |TAMS 0x000000072c000000| PB 0x000000072c000000| Untracked |  0
|  90|0x000000072c200000, 0x000000072c200000, 0x000000072c400000|  0%| F|  |TAMS 0x000000072c200000| PB 0x000000072c200000| Untracked |  0
|  91|0x000000072c400000, 0x000000072c400000, 0x000000072c600000|  0%| F|  |TAMS 0x000000072c400000| PB 0x000000072c400000| Untracked |  0
|  92|0x000000072c600000, 0x000000072c600000, 0x000000072c800000|  0%| F|  |TAMS 0x000000072c600000| PB 0x000000072c600000| Untracked |  0
|  93|0x000000072c800000, 0x000000072c800000, 0x000000072ca00000|  0%| F|  |TAMS 0x000000072c800000| PB 0x000000072c800000| Untracked |  0
|  94|0x000000072ca00000, 0x000000072ca00000, 0x000000072cc00000|  0%| F|  |TAMS 0x000000072ca00000| PB 0x000000072ca00000| Untracked |  0
|  95|0x000000072cc00000, 0x000000072cc00000, 0x000000072ce00000|  0%| F|  |TAMS 0x000000072cc00000| PB 0x000000072cc00000| Untracked |  0
|  96|0x000000072ce00000, 0x000000072ce00000, 0x000000072d000000|  0%| F|  |TAMS 0x000000072ce00000| PB 0x000000072ce00000| Untracked |  0
|  97|0x000000072d000000, 0x000000072d000000, 0x000000072d200000|  0%| F|  |TAMS 0x000000072d000000| PB 0x000000072d000000| Untracked |  0
|  98|0x000000072d200000, 0x000000072d200000, 0x000000072d400000|  0%| F|  |TAMS 0x000000072d200000| PB 0x000000072d200000| Untracked |  0
|  99|0x000000072d400000, 0x000000072d400000, 0x000000072d600000|  0%| F|  |TAMS 0x000000072d400000| PB 0x000000072d400000| Untracked |  0
| 100|0x000000072d600000, 0x000000072d600000, 0x000000072d800000|  0%| F|  |TAMS 0x000000072d600000| PB 0x000000072d600000| Untracked |  0
| 101|0x000000072d800000, 0x000000072d800000, 0x000000072da00000|  0%| F|  |TAMS 0x000000072d800000| PB 0x000000072d800000| Untracked |  0
| 102|0x000000072da00000, 0x000000072da00000, 0x000000072dc00000|  0%| F|  |TAMS 0x000000072da00000| PB 0x000000072da00000| Untracked |  0
| 103|0x000000072dc00000, 0x000000072dc00000, 0x000000072de00000|  0%| F|  |TAMS 0x000000072dc00000| PB 0x000000072dc00000| Untracked |  0
| 104|0x000000072de00000, 0x000000072de00000, 0x000000072e000000|  0%| F|  |TAMS 0x000000072de00000| PB 0x000000072de00000| Untracked |  0
| 105|0x000000072e000000, 0x000000072e000000, 0x000000072e200000|  0%| F|  |TAMS 0x000000072e000000| PB 0x000000072e000000| Untracked |  0
| 106|0x000000072e200000, 0x000000072e200000, 0x000000072e400000|  0%| F|  |TAMS 0x000000072e200000| PB 0x000000072e200000| Untracked |  0
| 107|0x000000072e400000, 0x000000072e400000, 0x000000072e600000|  0%| F|  |TAMS 0x000000072e400000| PB 0x000000072e400000| Untracked |  0
| 108|0x000000072e600000, 0x000000072e600000, 0x000000072e800000|  0%| F|  |TAMS 0x000000072e600000| PB 0x000000072e600000| Untracked |  0
| 109|0x000000072e800000, 0x000000072e800000, 0x000000072ea00000|  0%| F|  |TAMS 0x000000072e800000| PB 0x000000072e800000| Untracked |  0
| 110|0x000000072ea00000, 0x000000072eb5ca10, 0x000000072ec00000| 68%| E|  |TAMS 0x000000072ea00000| PB 0x000000072ea00000| Complete |  0
| 111|0x000000072ec00000, 0x000000072ee00000, 0x000000072ee00000|100%| E|CS|TAMS 0x000000072ec00000| PB 0x000000072ec00000| Complete |  0

Card table byte_map: [0x000001b1caee0000,0x000001b1cb5e0000] _byte_map_base: 0x000001b1c75d9000

Marking Bits: (CMBitMap*) 0x000001b1b2de4450
 Bits: [0x000001b1cb5e0000, 0x000001b1ceda8000)

Polling page: 0x000001b1b2540000

Metaspace:

Usage:
  Non-class:     16.20 MB used.
      Class:      2.06 MB used.
       Both:     18.26 MB used.

Virtual space:
  Non-class space:       64.00 MB reserved,      16.38 MB ( 26%) committed,  1 nodes.
      Class space:        1.00 GB reserved,       2.19 MB ( <1%) committed,  1 nodes.
             Both:        1.06 GB reserved,      18.56 MB (  2%) committed. 

Chunk freelists:
   Non-Class:  15.00 MB
       Class:  13.66 MB
        Both:  28.66 MB

MaxMetaspaceSize: unlimited
CompressedClassSpaceSize: 1.00 GB
Initial GC threshold: 21.00 MB
Current GC threshold: 21.00 MB
CDS: on
 - commit_granule_bytes: 65536.
 - commit_granule_words: 8192.
 - virtual_space_node_default_size: 8388608.
 - enlarge_chunks_in_place: 1.
 - use_allocation_guard: 0.


Internal statistics:

num_allocs_failed_limit: 0.
num_arena_births: 212.
num_arena_deaths: 0.
num_vsnodes_births: 2.
num_vsnodes_deaths: 0.
num_space_committed: 297.
num_space_uncommitted: 0.
num_chunks_returned_to_freelist: 0.
num_chunks_taken_from_freelist: 434.
num_chunk_merges: 0.
num_chunk_splits: 278.
num_chunks_enlarged: 179.
num_inconsistent_stats: 0.

CodeHeap 'non-profiled nmethods': size=120064Kb used=1012Kb max_used=1012Kb free=119051Kb
 bounds [0x000001b1c2f70000, 0x000001b1c31e0000, 0x000001b1ca4b0000]
CodeHeap 'profiled nmethods': size=120000Kb used=4723Kb max_used=4723Kb free=115276Kb
 bounds [0x000001b1bb4b0000, 0x000001b1bb950000, 0x000001b1c29e0000]
CodeHeap 'non-nmethods': size=5696Kb used=1756Kb max_used=1787Kb free=3939Kb
 bounds [0x000001b1c29e0000, 0x000001b1c2c50000, 0x000001b1c2f70000]
CodeCache: size=245760Kb, used=7491Kb, max_used=7522Kb, free=238266Kb
 total_blobs=3929, nmethods=3125, adapters=709, full_count=0
Compilation: enabled, stopped_count=0, restarted_count=0

Compilation events (20 events):
Event: 29.145 Thread 0x000001b1d17ebaa0 3116       3       sun.awt.image.SunWritableRaster::<init> (20 bytes)
Event: 29.146 Thread 0x000001b1d17ebaa0 nmethod 3116 0x000001b1bb949688 code [0x000001b1bb9497c0, 0x000001b1bb949aa0]
Event: 29.273 Thread 0x000001b1d17ebaa0 3117       3       java.awt.image.DataBuffer::<init> (40 bytes)
Event: 29.277 Thread 0x000001b1d17ebaa0 nmethod 3117 0x000001b1bb949b08 code [0x000001b1bb949c40, 0x000001b1bb949f70]
Event: 29.277 Thread 0x000001b1d17ebaa0 3118       3       java.lang.ref.ReferenceQueue::remove0 (18 bytes)
Event: 29.278 Thread 0x000001b1d17ebaa0 nmethod 3118 0x000001b1bb94a008 code [0x000001b1bb94a140, 0x000001b1bb94a3f0]
Event: 29.278 Thread 0x000001b1d17ebaa0 3119   !   3       java.lang.ref.ReferenceQueue::remove (31 bytes)
Event: 29.278 Thread 0x000001b1d17ebaa0 nmethod 3119 0x000001b1bb94a408 code [0x000001b1bb94a600, 0x000001b1bb94b108]
Event: 29.278 Thread 0x000001b1d17ebaa0 3120   !   3       sun.java2d.Disposer::safeDispose (19 bytes)
Event: 29.279 Thread 0x000001b1d17ebaa0 nmethod 3120 0x000001b1bb94b188 code [0x000001b1bb94b2c0, 0x000001b1bb94b530]
Event: 29.288 Thread 0x000001b1d17ebaa0 3121       3       sun.java2d.DefaultDisposerRecord::dispose (12 bytes)
Event: 29.288 Thread 0x000001b1d17ebaa0 nmethod 3121 0x000001b1bb94b588 code [0x000001b1bb94b6a0, 0x000001b1bb94b7e8]
Event: 29.288 Thread 0x000001b1d17ebaa0 3122       3       sun.java2d.Disposer::clearDeferredRecords (31 bytes)
Event: 29.288 Thread 0x000001b1d17ebaa0 nmethod 3122 0x000001b1bb94b888 code [0x000001b1bb94ba20, 0x000001b1bb94bff0]
Event: 29.288 Thread 0x000001b1d17ebaa0 3123       3       java.util.concurrent.ConcurrentLinkedDeque::isEmpty (13 bytes)
Event: 29.288 Thread 0x000001b1d17ebaa0 nmethod 3123 0x000001b1bb94c088 code [0x000001b1bb94c1a0, 0x000001b1bb94c330]
Event: 29.288 Thread 0x000001b1d17ebaa0 3124       3       java.util.concurrent.ConcurrentLinkedDeque::peekFirst (48 bytes)
Event: 29.289 Thread 0x000001b1d17ebaa0 nmethod 3124 0x000001b1bb94c388 code [0x000001b1bb94c4e0, 0x000001b1bb94c860]
Event: 29.289 Thread 0x000001b1d17ebaa0 3125       3       java.util.concurrent.ConcurrentLinkedDeque::first (65 bytes)
Event: 29.289 Thread 0x000001b1d17ebaa0 nmethod 3125 0x000001b1bb94c888 code [0x000001b1bb94c9e0, 0x000001b1bb94ce38]

GC Heap History (14 events):
Event: 4.244 GC heap before
{Heap before GC invocations=0 (full 0):
 garbage-first heap   total reserved 3655680K, committed 229376K, used 22528K [0x0000000720e00000, 0x0000000800000000)
  region size 2048K, 12 young (24576K), 0 survivors (0K)
 Metaspace       used 16060K, committed 16320K, reserved 1114112K
  class space    used 1859K, committed 1984K, reserved 1048576K
}
Event: 4.251 GC heap after
{Heap after GC invocations=1 (full 0):
 garbage-first heap   total reserved 3655680K, committed 229376K, used 6176K [0x0000000720e00000, 0x0000000800000000)
  region size 2048K, 2 young (4096K), 2 survivors (4096K)
 Metaspace       used 16060K, committed 16320K, reserved 1114112K
  class space    used 1859K, committed 1984K, reserved 1048576K
}
Event: 5.993 GC heap before
{Heap before GC invocations=1 (full 0):
 garbage-first heap   total reserved 3655680K, committed 229376K, used 24608K [0x0000000720e00000, 0x0000000800000000)
  region size 2048K, 12 young (24576K), 2 survivors (4096K)
 Metaspace       used 17626K, committed 17856K, reserved 1114112K
  class space    used 2043K, committed 2176K, reserved 1048576K
}
Event: 5.997 GC heap after
{Heap after GC invocations=2 (full 0):
 garbage-first heap   total reserved 3655680K, committed 229376K, used 12278K [0x0000000720e00000, 0x0000000800000000)
  region size 2048K, 2 young (4096K), 2 survivors (4096K)
 Metaspace       used 17626K, committed 17856K, reserved 1114112K
  class space    used 2043K, committed 2176K, reserved 1048576K
}
Event: 9.640 GC heap before
{Heap before GC invocations=2 (full 0):
 garbage-first heap   total reserved 3655680K, committed 229376K, used 63478K [0x0000000720e00000, 0x0000000800000000)
  region size 2048K, 28 young (57344K), 2 survivors (4096K)
 Metaspace       used 18256K, committed 18496K, reserved 1114112K
  class space    used 2108K, committed 2240K, reserved 1048576K
}
Event: 9.643 GC heap after
{Heap after GC invocations=3 (full 0):
 garbage-first heap   total reserved 3655680K, committed 229376K, used 19332K [0x0000000720e00000, 0x0000000800000000)
  region size 2048K, 4 young (8192K), 4 survivors (8192K)
 Metaspace       used 18256K, committed 18496K, reserved 1114112K
  class space    used 2108K, committed 2240K, reserved 1048576K
}
Event: 11.688 GC heap before
{Heap before GC invocations=3 (full 0):
 garbage-first heap   total reserved 3655680K, committed 229376K, used 82820K [0x0000000720e00000, 0x0000000800000000)
  region size 2048K, 36 young (73728K), 4 survivors (8192K)
 Metaspace       used 18365K, committed 18624K, reserved 1114112K
  class space    used 2108K, committed 2240K, reserved 1048576K
}
Event: 11.691 GC heap after
{Heap after GC invocations=4 (full 0):
 garbage-first heap   total reserved 3655680K, committed 229376K, used 23428K [0x0000000720e00000, 0x0000000800000000)
  region size 2048K, 5 young (10240K), 5 survivors (10240K)
 Metaspace       used 18365K, committed 18624K, reserved 1114112K
  class space    used 2108K, committed 2240K, reserved 1048576K
}
Event: 17.032 GC heap before
{Heap before GC invocations=4 (full 0):
 garbage-first heap   total reserved 3655680K, committed 229376K, used 117636K [0x0000000720e00000, 0x0000000800000000)
  region size 2048K, 52 young (106496K), 5 survivors (10240K)
 Metaspace       used 18481K, committed 18752K, reserved 1114112K
  class space    used 2108K, committed 2240K, reserved 1048576K
}
Event: 17.036 GC heap after
{Heap after GC invocations=5 (full 0):
 garbage-first heap   total reserved 3655680K, committed 229376K, used 25367K [0x0000000720e00000, 0x0000000800000000)
  region size 2048K, 6 young (12288K), 6 survivors (12288K)
 Metaspace       used 18481K, committed 18752K, reserved 1114112K
  class space    used 2108K, committed 2240K, reserved 1048576K
}
Event: 23.306 GC heap before
{Heap before GC invocations=5 (full 0):
 garbage-first heap   total reserved 3655680K, committed 229376K, used 135959K [0x0000000720e00000, 0x0000000800000000)
  region size 2048K, 61 young (124928K), 6 survivors (12288K)
 Metaspace       used 18559K, committed 18880K, reserved 1114112K
  class space    used 2108K, committed 2240K, reserved 1048576K
}
Event: 23.314 GC heap after
{Heap after GC invocations=6 (full 0):
 garbage-first heap   total reserved 3655680K, committed 229376K, used 31620K [0x0000000720e00000, 0x0000000800000000)
  region size 2048K, 8 young (16384K), 8 survivors (16384K)
 Metaspace       used 18559K, committed 18880K, reserved 1114112K
  class space    used 2108K, committed 2240K, reserved 1048576K
}
Event: 29.273 GC heap before
{Heap before GC invocations=6 (full 0):
 garbage-first heap   total reserved 3655680K, committed 229376K, used 148356K [0x0000000720e00000, 0x0000000800000000)
  region size 2048K, 66 young (135168K), 8 survivors (16384K)
 Metaspace       used 18694K, committed 19008K, reserved 1114112K
  class space    used 2109K, committed 2240K, reserved 1048576K
}
Event: 29.277 GC heap after
{Heap after GC invocations=7 (full 0):
 garbage-first heap   total reserved 3655680K, committed 229376K, used 33744K [0x0000000720e00000, 0x0000000800000000)
  region size 2048K, 9 young (18432K), 9 survivors (18432K)
 Metaspace       used 18694K, committed 19008K, reserved 1114112K
  class space    used 2109K, committed 2240K, reserved 1048576K
}

Dll operation events (19 events):
Event: 0.011 Loaded shared library D:\Viola Yosevi\Application\Java\jdk-23\bin\java.dll
Event: 0.047 Loaded shared library D:\Viola Yosevi\Application\Java\jdk-23\bin\jsvml.dll
Event: 0.087 Loaded shared library D:\Viola Yosevi\Application\Java\jdk-23\bin\net.dll
Event: 0.089 Loaded shared library D:\Viola Yosevi\Application\Java\jdk-23\bin\nio.dll
Event: 0.118 Loaded shared library D:\Viola Yosevi\Application\Java\jdk-23\bin\zip.dll
Event: 0.164 Loaded shared library D:\Viola Yosevi\Application\Java\jdk-23\bin\jimage.dll
Event: 0.181 Loaded shared library D:\Viola Yosevi\Application\Java\jdk-23\bin\awt.dll
Event: 0.330 Loaded shared library D:\Viola Yosevi\Application\Java\jdk-23\bin\freetype.dll
Event: 0.331 Loaded shared library D:\Viola Yosevi\Application\Java\jdk-23\bin\fontmanager.dll
Event: 0.679 Loaded shared library D:\Viola Yosevi\Application\Java\jdk-23\bin\verify.dll
Event: 1.074 Loaded shared library D:\Viola Yosevi\Application\Java\jdk-23\bin\extnet.dll
Event: 4.348 Loaded shared library C:\Users\user\AppData\Local\Temp\javacpp101059592556100\msvcr100.dll
Event: 4.369 Loaded shared library C:\Users\user\AppData\Local\Temp\javacpp101059592556100\msvcp100.dll
Event: 4.663 Loaded shared library C:\Users\user\AppData\Local\Temp\javacpp101059592556100\opencv_ffmpeg248_64.dll
Event: 4.710 Loaded shared library C:\Users\user\AppData\Local\Temp\javacpp101059592556100\opencv_core248.dll
Event: 4.755 Loaded shared library C:\Users\user\AppData\Local\Temp\javacpp101059592556100\opencv_imgproc248.dll
Event: 4.802 Loaded shared library C:\Users\user\AppData\Local\Temp\javacpp101059592556100\opencv_highgui248.dll
Event: 4.811 Loaded shared library C:\Users\user\AppData\Local\Temp\javacpp101059592556100\jniopencv_highgui.dll
Event: 5.363 Loaded shared library C:\Users\user\AppData\Local\Temp\javacpp101059592556100\jniopencv_core.dll

Deoptimization events (20 events):
Event: 11.453 Thread 0x000001b1d1c28090 Uncommon trap: trap_request=0xffffffbe fr.pc=0x000001b1c3039840 relative=0x00000000000006e0
Event: 11.453 Thread 0x000001b1d1c28090 Uncommon trap: reason=profile_predicate action=maybe_recompile pc=0x000001b1c3039840 method=java.awt.LinearGradientPaintContext.fillRaster([IIIIIII)V @ 53 c2
Event: 11.453 Thread 0x000001b1d1c28090 DEOPT PACKING pc=0x000001b1c3039840 sp=0x000000292bbfd790
Event: 11.453 Thread 0x000001b1d1c28090 DEOPT UNPACKING pc=0x000001b1c2a34402 sp=0x000000292bbfd748 mode 2
Event: 11.453 Thread 0x000001b1d1c28090 Uncommon trap: trap_request=0xffffffbe fr.pc=0x000001b1c3036f5c relative=0x000000000000085c
Event: 11.453 Thread 0x000001b1d1c28090 Uncommon trap: reason=profile_predicate action=maybe_recompile pc=0x000001b1c3036f5c method=java.awt.LinearGradientPaintContext.fillRaster([IIIIIII)V @ 50 c2
Event: 11.453 Thread 0x000001b1d1c28090 DEOPT PACKING pc=0x000001b1c3036f5c sp=0x000000292bbfd770
Event: 11.453 Thread 0x000001b1d1c28090 DEOPT UNPACKING pc=0x000001b1c2a34402 sp=0x000000292bbfd758 mode 2
Event: 13.105 Thread 0x000001b1d1c28090 DEOPT PACKING pc=0x000001b1bb821def sp=0x000000292bbfcce0
Event: 13.105 Thread 0x000001b1d1c28090 DEOPT UNPACKING pc=0x000001b1c2a34b22 sp=0x000000292bbfc0d8 mode 0
Event: 13.142 Thread 0x000001b1d1c28090 DEOPT PACKING pc=0x000001b1bb821def sp=0x000000292bbfd6e0
Event: 13.142 Thread 0x000001b1d1c28090 DEOPT UNPACKING pc=0x000001b1c2a34b22 sp=0x000000292bbfcad8 mode 0
Event: 14.713 Thread 0x000001b1d1c28090 DEOPT PACKING pc=0x000001b1bb876b50 sp=0x000000292bbfe010
Event: 14.713 Thread 0x000001b1d1c28090 DEOPT UNPACKING pc=0x000001b1c2a34b22 sp=0x000000292bbfd4e0 mode 0
Event: 14.816 Thread 0x000001b1d1c28090 DEOPT PACKING pc=0x000001b1bb7e116a sp=0x000000292bbfd570
Event: 14.816 Thread 0x000001b1d1c28090 DEOPT UNPACKING pc=0x000001b1c2a34b22 sp=0x000000292bbfc9f8 mode 0
Event: 18.937 Thread 0x000001b1d1c28090 DEOPT PACKING pc=0x000001b1bb7143b9 sp=0x000000292bbfd6c0
Event: 18.937 Thread 0x000001b1d1c28090 DEOPT UNPACKING pc=0x000001b1c2a34b22 sp=0x000000292bbfca48 mode 0
Event: 18.938 Thread 0x000001b1d1c28090 DEOPT PACKING pc=0x000001b1bb727240 sp=0x000000292bbfd850
Event: 18.938 Thread 0x000001b1d1c28090 DEOPT UNPACKING pc=0x000001b1c2a34b22 sp=0x000000292bbfcc50 mode 0

Classes loaded (20 events):
Event: 6.133 Loading class sun/awt/ModalExclude done
Event: 6.133 Loading class javax/swing/JWindow
Event: 6.133 Loading class javax/swing/JWindow done
Event: 6.133 Loading class javax/swing/Popup$HeavyWeightWindow done
Event: 6.167 Loading class javax/swing/plaf/synth/SynthGraphicsUtils$SynthIconWrapper
Event: 6.167 Loading class javax/swing/plaf/synth/SynthGraphicsUtils$SynthIconWrapper done
Event: 6.168 Loading class javax/swing/plaf/nimbus/OptionPanePainter
Event: 6.168 Loading class javax/swing/plaf/nimbus/OptionPanePainter done
Event: 6.170 Loading class java/awt/geom/EllipseIterator
Event: 6.170 Loading class java/awt/geom/EllipseIterator done
Event: 7.750 Loading class java/awt/KeyboardFocusManager$2
Event: 7.750 Loading class java/awt/KeyboardFocusManager$2 done
Event: 7.750 Loading class sun/awt/SunToolkit$1
Event: 7.750 Loading class sun/awt/SunToolkit$1 done
Event: 9.134 Loading class javax/swing/Timer$1
Event: 9.134 Loading class javax/swing/Timer$1 done
Event: 9.135 Loading class java/awt/Window$1DisposeAction
Event: 9.135 Loading class java/awt/Window$1DisposeAction done
Event: 27.078 Loading class sun/awt/windows/WComponentPeer$1
Event: 27.079 Loading class sun/awt/windows/WComponentPeer$1 done

Classes unloaded (0 events):
No events

Classes redefined (0 events):
No events

Internal exceptions (20 events):
Event: 0.656 Thread 0x000001b1d1c28090 Exception <a 'java/lang/ClassNotFoundException'{0x000000072e486588}: com/sun/swing/internal/plaf/synth/resources/spi/synthProvider> (0x000000072e486588) 
thrown [s\open\src\hotspot\share\classfile\systemDictionary.cpp, line 313]
Event: 0.675 Thread 0x000001b1d1c28090 Exception <a 'java/lang/NoSuchMethodError'{0x000000072e4ca038}: 'int java.lang.invoke.Invokers$Holder.invokeExact_MT(java.lang.Object, java.lang.Object)'> (0x000000072e4ca038) 
thrown [s\open\src\hotspot\share\interpreter\linkResolver.cpp, line 796]
Event: 0.684 Thread 0x000001b1d1c28090 Exception <a 'java/lang/NoSuchMethodError'{0x000000072e4e4c08}: 'void java.lang.invoke.DirectMethodHandle$Holder.invokeStatic(java.lang.Object, java.lang.Object)'> (0x000000072e4e4c08) 
thrown [s\open\src\hotspot\share\interpreter\linkResolver.cpp, line 796]
Event: 0.691 Thread 0x000001b1d1c28090 Exception <a 'java/lang/NoSuchMethodError'{0x000000072e4f09b8}: 'java.lang.Object java.lang.invoke.DirectMethodHandle$Holder.newInvokeSpecial(java.lang.Object, java.lang.Object, int)'> (0x000000072e4f09b8) 
thrown [s\open\src\hotspot\share\interpreter\linkResolver.cpp, line 796]
Event: 0.693 Thread 0x000001b1d1c28090 Exception <a 'java/lang/NoSuchMethodError'{0x000000072e504f40}: 'java.lang.Object java.lang.invoke.DirectMethodHandle$Holder.invokeStatic(java.lang.Object, java.lang.Object, java.lang.Object, java.lang.Object, int)'> (0x000000072e504f40) 
thrown [s\open\src\hotspot\share\interpreter\linkResolver.cpp, line 796]
Event: 0.695 Thread 0x000001b1d1c28090 Exception <a 'java/lang/NoSuchMethodError'{0x000000072e510938}: 'int java.lang.invoke.DirectMethodHandle$Holder.invokeSpecial(java.lang.Object, java.lang.Object, java.lang.Object)'> (0x000000072e510938) 
thrown [s\open\src\hotspot\share\interpreter\linkResolver.cpp, line 796]
Event: 0.779 Thread 0x000001b21705e480 Exception <a 'java/lang/NoSuchMethodError'{0x000000072e97f318}: 'void java.lang.invoke.DirectMethodHandle$Holder.invokeVirtual(java.lang.Object, java.lang.Object)'> (0x000000072e97f318) 
thrown [s\open\src\hotspot\share\interpreter\linkResolver.cpp, line 796]
Event: 0.797 Thread 0x000001b1d1c28090 Exception <a 'java/lang/NoSuchMethodError'{0x000000072e5cb770}: 'void java.lang.invoke.DirectMethodHandle$Holder.invokeStaticInit(java.lang.Object)'> (0x000000072e5cb770) 
thrown [s\open\src\hotspot\share\interpreter\linkResolver.cpp, line 796]
Event: 0.961 Thread 0x000001b1d1c28090 Exception <a 'java/lang/NoSuchMethodError'{0x000000072e3fdc40}: 'java.lang.Object java.lang.invoke.DirectMethodHandle$Holder.invokeInterface(java.lang.Object, java.lang.Object)'> (0x000000072e3fdc40) 
thrown [s\open\src\hotspot\share\interpreter\linkResolver.cpp, line 796]
Event: 0.983 Thread 0x000001b1d1c28090 Exception <a 'java/lang/NoSuchMethodError'{0x000000072e092a58}: 'java.lang.Object java.lang.invoke.DirectMethodHandle$Holder.invokeVirtual(java.lang.Object, java.lang.Object, java.lang.Object)'> (0x000000072e092a58) 
thrown [s\open\src\hotspot\share\interpreter\linkResolver.cpp, line 796]
Event: 4.235 Thread 0x000001b21fa58a60 Exception <a 'java/lang/NoSuchMethodError'{0x000000072d7bed18}: 'int java.lang.invoke.DirectMethodHandle$Holder.invokeStaticInit(java.lang.Object, java.lang.Object, java.lang.Object, java.lang.Object)'> (0x000000072d7bed18) 
thrown [s\open\src\hotspot\share\interpreter\linkResolver.cpp, line 796]
Event: 4.236 Thread 0x000001b21fa58a60 Exception <a 'java/lang/IncompatibleClassChangeError'{0x000000072d7c6ea8}: Found class java.lang.Object, but interface was expected> (0x000000072d7c6ea8) 
thrown [s\open\src\hotspot\share\interpreter\linkResolver.cpp, line 863]
Event: 4.237 Thread 0x000001b21fa58a60 Exception <a 'java/lang/NoSuchMethodError'{0x000000072d7c96e0}: 'void java.lang.invoke.DirectMethodHandle$Holder.invokeStaticInit(java.lang.Object, java.lang.Object)'> (0x000000072d7c96e0) 
thrown [s\open\src\hotspot\share\interpreter\linkResolver.cpp, line 796]
Event: 4.238 Thread 0x000001b21fa58a60 Exception <a 'java/lang/NoSuchMethodError'{0x000000072d7ce8c8}: 'int java.lang.invoke.DirectMethodHandle$Holder.invokeStaticInit(java.lang.Object, java.lang.Object)'> (0x000000072d7ce8c8) 
thrown [s\open\src\hotspot\share\interpreter\linkResolver.cpp, line 796]
Event: 4.283 Thread 0x000001b21fa58a60 Exception <a 'java/lang/NoSuchMethodError'{0x000000072ec638e8}: 'void java.lang.invoke.DirectMethodHandle$Holder.invokeStatic(java.lang.Object, int, java.lang.Object)'> (0x000000072ec638e8) 
thrown [s\open\src\hotspot\share\interpreter\linkResolver.cpp, line 796]
Event: 11.453 Thread 0x000001b1d1c28090 Implicit null exception at 0x000001b1c3039251 to 0x000001b1c3039806
Event: 11.453 Thread 0x000001b1d1c28090 Implicit null exception at 0x000001b1c30367e1 to 0x000001b1c3036f14
Event: 11.453 Thread 0x000001b1d1c28090 Implicit null exception at 0x000001b1c30367e1 to 0x000001b1c3036f14
Event: 11.453 Thread 0x000001b1d1c28090 Implicit null exception at 0x000001b1c3039251 to 0x000001b1c3039806
Event: 11.453 Thread 0x000001b1d1c28090 Implicit null exception at 0x000001b1c30367e1 to 0x000001b1c3036f14

VM Operations (20 events):
Event: 1.503 Executing VM operation: HandshakeAllThreads (Deoptimize)
Event: 1.503 Executing VM operation: HandshakeAllThreads (Deoptimize) done
Event: 4.187 Executing VM operation: HandshakeAllThreads (Deoptimize)
Event: 4.187 Executing VM operation: HandshakeAllThreads (Deoptimize) done
Event: 4.197 Executing VM operation: HandshakeAllThreads (Deoptimize)
Event: 4.197 Executing VM operation: HandshakeAllThreads (Deoptimize) done
Event: 4.244 Executing VM operation: G1CollectForAllocation (G1 Evacuation Pause)
Event: 4.251 Executing VM operation: G1CollectForAllocation (G1 Evacuation Pause) done
Event: 5.993 Executing VM operation: G1CollectForAllocation (G1 Evacuation Pause)
Event: 5.997 Executing VM operation: G1CollectForAllocation (G1 Evacuation Pause) done
Event: 9.640 Executing VM operation: G1CollectForAllocation (G1 Evacuation Pause)
Event: 9.643 Executing VM operation: G1CollectForAllocation (G1 Evacuation Pause) done
Event: 11.688 Executing VM operation: G1CollectForAllocation (G1 Evacuation Pause)
Event: 11.691 Executing VM operation: G1CollectForAllocation (G1 Evacuation Pause) done
Event: 17.032 Executing VM operation: G1CollectForAllocation (G1 Evacuation Pause)
Event: 17.036 Executing VM operation: G1CollectForAllocation (G1 Evacuation Pause) done
Event: 23.306 Executing VM operation: G1CollectForAllocation (G1 Evacuation Pause)
Event: 23.314 Executing VM operation: G1CollectForAllocation (G1 Evacuation Pause) done
Event: 29.273 Executing VM operation: G1CollectForAllocation (G1 Evacuation Pause)
Event: 29.277 Executing VM operation: G1CollectForAllocation (G1 Evacuation Pause) done

Memory protections (0 events):
No events

Nmethod flushes (0 events):
No events

Events (20 events):
Event: 0.074 Thread 0x000001b1b2d8b4d0 Thread added: 0x000001b1d190a340
Event: 0.108 Thread 0x000001b1b2d8b4d0 Thread added: 0x000001b1d1a3b3f0
Event: 0.112 Thread 0x000001b1d17ebaa0 Thread added: 0x000001b1d1a3e280
Event: 0.246 Thread 0x000001b1b2d8b4d0 Thread added: 0x000001b21705b020
Event: 0.248 Thread 0x000001b1b2d8b4d0 Thread added: 0x000001b21705d6a0
Event: 0.249 Thread 0x000001b1b2d8b4d0 Thread added: 0x000001b21705e480
Event: 0.379 Thread 0x000001b1d1a3e280 Thread exited: 0x000001b1d1a3e280
Event: 0.393 Thread 0x000001b1b2d8b4d0 Thread added: 0x000001b1d1c28090
Event: 0.393 Thread 0x000001b1b2d8b4d0 Thread exited: 0x000001b1b2d8b4d0
Event: 0.393 Thread 0x000001b1b2d8b4d0 Thread added: 0x000001b1b2d8b4d0
Event: 0.913 Thread 0x000001b1d1c28090 Thread added: 0x000001b21f66a9c0
Event: 0.970 Thread 0x000001b1d17ebaa0 Thread added: 0x000001b21f6a4fe0
Event: 1.250 Thread 0x000001b1d1c28090 Thread added: 0x000001b21f89b220
Event: 1.334 Thread 0x000001b1d1c28090 Thread added: 0x000001b21f88bee0
Event: 2.628 Thread 0x000001b21f6a4fe0 Thread exited: 0x000001b21f6a4fe0
Event: 4.229 Thread 0x000001b1d1c28090 Thread added: 0x000001b21fa58a60
Event: 6.021 Thread 0x000001b1d17eabe0 Thread added: 0x000001b21fb22c60
Event: 6.021 Thread 0x000001b1d17eabe0 Thread added: 0x000001b21fb27fc0
Event: 6.189 Thread 0x000001b21fb27fc0 Thread exited: 0x000001b21fb27fc0
Event: 6.189 Thread 0x000001b21fb22c60 Thread exited: 0x000001b21fb22c60


Dynamic libraries:
0x00007ff6f4d80000 - 0x00007ff6f4d90000 	D:\Viola Yosevi\Application\Java\jdk-23\bin\java.exe
0x00007ff9ddfb0000 - 0x00007ff9de1c7000 	C:\WINDOWS\SYSTEM32\ntdll.dll
0x00007ff9a7700000 - 0x00007ff9a771a000 	C:\Program Files\Avast Software\Avast\aswhook.dll
0x00007ff9dc130000 - 0x00007ff9dc1f4000 	C:\WINDOWS\System32\KERNEL32.DLL
0x00007ff9db3a0000 - 0x00007ff9db75a000 	C:\WINDOWS\System32\KERNELBASE.dll
0x00007ff9db950000 - 0x00007ff9dba61000 	C:\WINDOWS\System32\ucrtbase.dll
0x00007ff9c7a60000 - 0x00007ff9c7a7b000 	D:\Viola Yosevi\Application\Java\jdk-23\bin\VCRUNTIME140.dll
0x00007ff9d6f40000 - 0x00007ff9d6f57000 	D:\Viola Yosevi\Application\Java\jdk-23\bin\jli.dll
0x00007ff9dd260000 - 0x00007ff9dd40e000 	C:\WINDOWS\System32\USER32.dll
0x00007ff9c85f0000 - 0x00007ff9c8882000 	C:\WINDOWS\WinSxS\amd64_microsoft.windows.common-controls_6595b64144ccf1df_6.0.22621.4541_none_2710d1c57384c085\COMCTL32.dll
0x00007ff9dcc20000 - 0x00007ff9dccc7000 	C:\WINDOWS\System32\msvcrt.dll
0x00007ff9dbb90000 - 0x00007ff9dbbb6000 	C:\WINDOWS\System32\win32u.dll
0x00007ff9dcf00000 - 0x00007ff9dcf29000 	C:\WINDOWS\System32\GDI32.dll
0x00007ff9db280000 - 0x00007ff9db39b000 	C:\WINDOWS\System32\gdi32full.dll
0x00007ff9dba70000 - 0x00007ff9dbb0a000 	C:\WINDOWS\System32\msvcp_win.dll
0x00007ff9dd470000 - 0x00007ff9dd4a1000 	C:\WINDOWS\System32\IMM32.DLL
0x00007ff9c53f0000 - 0x00007ff9c53fc000 	D:\Viola Yosevi\Application\Java\jdk-23\bin\vcruntime140_1.dll
0x00007ff979860000 - 0x00007ff9798ee000 	D:\Viola Yosevi\Application\Java\jdk-23\bin\msvcp140.dll
0x00007ff9780e0000 - 0x00007ff978e2f000 	D:\Viola Yosevi\Application\Java\jdk-23\bin\server\jvm.dll
0x00007ff9dc510000 - 0x00007ff9dc5c2000 	C:\WINDOWS\System32\ADVAPI32.dll
0x00007ff9dd060000 - 0x00007ff9dd107000 	C:\WINDOWS\System32\sechost.dll
0x00007ff9dbc80000 - 0x00007ff9dbca8000 	C:\WINDOWS\System32\bcrypt.dll
0x00007ff9dc200000 - 0x00007ff9dc314000 	C:\WINDOWS\System32\RPCRT4.dll
0x00007ff9dd1e0000 - 0x00007ff9dd251000 	C:\WINDOWS\System32\WS2_32.dll
0x00007ff9d6400000 - 0x00007ff9d6434000 	C:\WINDOWS\SYSTEM32\WINMM.dll
0x00007ff9db150000 - 0x00007ff9db19d000 	C:\WINDOWS\SYSTEM32\POWRPROF.dll
0x00007ff9d3720000 - 0x00007ff9d372a000 	C:\WINDOWS\SYSTEM32\VERSION.dll
0x00007ff9db130000 - 0x00007ff9db143000 	C:\WINDOWS\SYSTEM32\UMPDC.dll
0x00007ff9da290000 - 0x00007ff9da2a8000 	C:\WINDOWS\SYSTEM32\kernel.appcore.dll
0x00007ff9c53c0000 - 0x00007ff9c53ca000 	D:\Viola Yosevi\Application\Java\jdk-23\bin\jimage.dll
0x00007ff9cfde0000 - 0x00007ff9d0012000 	C:\WINDOWS\SYSTEM32\DBGHELP.DLL
0x00007ff9dc5d0000 - 0x00007ff9dc95f000 	C:\WINDOWS\System32\combase.dll
0x00007ff9dcdd0000 - 0x00007ff9dcea7000 	C:\WINDOWS\System32\OLEAUT32.dll
0x00007ff9cf700000 - 0x00007ff9cf732000 	C:\WINDOWS\SYSTEM32\dbgcore.DLL
0x00007ff9dbb10000 - 0x00007ff9dbb8b000 	C:\WINDOWS\System32\bcryptPrimitives.dll
0x00007ff9c53d0000 - 0x00007ff9c53ee000 	D:\Viola Yosevi\Application\Java\jdk-23\bin\java.dll
0x00007ff9dc960000 - 0x00007ff9dcb05000 	C:\WINDOWS\System32\ole32.dll
0x00007ff9dd6f0000 - 0x00007ff9ddf68000 	C:\WINDOWS\System32\SHELL32.dll
0x00007ff9d9170000 - 0x00007ff9d9a78000 	C:\WINDOWS\SYSTEM32\windows.storage.dll
0x00007ff9d9030000 - 0x00007ff9d916f000 	C:\WINDOWS\SYSTEM32\wintypes.dll
0x00007ff9dccd0000 - 0x00007ff9dcdca000 	C:\WINDOWS\System32\SHCORE.dll
0x00007ff9dd410000 - 0x00007ff9dd46e000 	C:\WINDOWS\System32\shlwapi.dll
0x00007ff9db1b0000 - 0x00007ff9db1db000 	C:\WINDOWS\SYSTEM32\profapi.dll
0x00007ff979df0000 - 0x00007ff979ec7000 	D:\Viola Yosevi\Application\Java\jdk-23\bin\jsvml.dll
0x00007ff9c1b40000 - 0x00007ff9c1b50000 	D:\Viola Yosevi\Application\Java\jdk-23\bin\net.dll
0x00007ff9da710000 - 0x00007ff9da779000 	C:\WINDOWS\system32\mswsock.dll
0x00007ff9a4d30000 - 0x00007ff9a4d46000 	D:\Viola Yosevi\Application\Java\jdk-23\bin\nio.dll
0x00007ff998620000 - 0x00007ff998637000 	D:\Viola Yosevi\Application\Java\jdk-23\bin\zip.dll
0x00007ff9798f0000 - 0x00007ff979a7e000 	D:\Viola Yosevi\Application\Java\jdk-23\bin\awt.dll
0x00007ff9d5720000 - 0x00007ff9d57b7000 	C:\WINDOWS\SYSTEM32\apphelp.dll
0x00007ff9d8720000 - 0x00007ff9d87d1000 	C:\WINDOWS\system32\uxtheme.dll
0x00007ff9dc320000 - 0x00007ff9dc481000 	C:\WINDOWS\System32\MSCTF.dll
0x00007ff9d89b0000 - 0x00007ff9d89db000 	C:\WINDOWS\system32\DWMAPI.DLL
0x00007ff977b40000 - 0x00007ff977bc7000 	D:\Viola Yosevi\Application\Java\jdk-23\bin\freetype.dll
0x00007ff975960000 - 0x00007ff975a37000 	D:\Viola Yosevi\Application\Java\jdk-23\bin\fontmanager.dll
0x00007ff977bd0000 - 0x00007ff977cd0000 	C:\WINDOWS\system32\opengl32.dll
0x00007ff994cb0000 - 0x00007ff994cdd000 	C:\WINDOWS\SYSTEM32\GLU32.dll
0x00007ff9d8840000 - 0x00007ff9d8877000 	C:\WINDOWS\SYSTEM32\dxcore.dll
0x00007ff9cf7d0000 - 0x00007ff9cf978000 	C:\WINDOWS\system32\d3d9.dll
0x00007ff9d31d0000 - 0x00007ff9d3219000 	C:\WINDOWS\SYSTEM32\directxdatabasehelper.dll
0x00007ff9da9f0000 - 0x00007ff9daa02000 	C:\WINDOWS\SYSTEM32\msasn1.dll
0x00007ff9d3690000 - 0x00007ff9d36c2000 	C:\WINDOWS\SYSTEM32\cryptnet.dll
0x00007ff9db7e0000 - 0x00007ff9db946000 	C:\WINDOWS\System32\CRYPT32.dll
0x00007ff9da9b0000 - 0x00007ff9da9bc000 	C:\WINDOWS\SYSTEM32\cryptbase.dll
0x00007ff9db760000 - 0x00007ff9db7d2000 	C:\WINDOWS\System32\WINTRUST.DLL
0x00007ff9dd1c0000 - 0x00007ff9dd1df000 	C:\WINDOWS\System32\imagehlp.dll
0x00007ff9da990000 - 0x00007ff9da9ab000 	C:\WINDOWS\SYSTEM32\CRYPTSP.dll
0x00007ff9da1f0000 - 0x00007ff9da225000 	C:\WINDOWS\system32\rsaenh.dll
0x00007ff9ac370000 - 0x00007ff9ac420000 	C:\WINDOWS\System32\DriverStore\FileRepository\nvam.inf_amd64_4c9ded46d0fbe1f8\nvldumdx.dll
0x00007ff9d3520000 - 0x00007ff9d3682000 	C:\WINDOWS\SYSTEM32\drvstore.dll
0x00007ff9dae50000 - 0x00007ff9dae7c000 	C:\WINDOWS\SYSTEM32\devobj.dll
0x00007ff9dae80000 - 0x00007ff9daece000 	C:\WINDOWS\SYSTEM32\cfgmgr32.dll
0x00007ff9daa60000 - 0x00007ff9daaac000 	C:\WINDOWS\SYSTEM32\wldp.dll
0x00007ff91f310000 - 0x00007ff920a9c000 	C:\WINDOWS\System32\DriverStore\FileRepository\nvam.inf_amd64_4c9ded46d0fbe1f8\nvd3dumx.dll
0x00007ff9973d0000 - 0x00007ff997693000 	C:\WINDOWS\system32\nvspcap64.dll
0x00007ff9da3a0000 - 0x00007ff9da3d4000 	C:\WINDOWS\SYSTEM32\ntmarta.dll
0x00007ff9da7b0000 - 0x00007ff9da7d6000 	C:\WINDOWS\SYSTEM32\gpapi.dll
0x00007ff9cfc00000 - 0x00007ff9cfddb000 	C:\WINDOWS\System32\DriverStore\FileRepository\u0361708.inf_amd64_7de6b99937f60751\B358199\aticfx64.dll
0x00007ff9c4f00000 - 0x00007ff9c4f33000 	C:\WINDOWS\System32\DriverStore\FileRepository\u0361708.inf_amd64_7de6b99937f60751\B358199\atiu9p64.dll
0x00007ff90be30000 - 0x00007ff90cac6000 	C:\WINDOWS\System32\DriverStore\FileRepository\u0361708.inf_amd64_7de6b99937f60751\B358199\atiumd64.dll
0x0000000073180000 - 0x0000000073ffd000 	C:\WINDOWS\System32\DriverStore\FileRepository\u0361708.inf_amd64_7de6b99937f60751\B358199\atiumd6a.dll
0x00007ff9ced60000 - 0x00007ff9ced8f000 	C:\WINDOWS\SYSTEM32\amdihk64.dll
0x00007ff9beb90000 - 0x00007ff9beba0000 	D:\Viola Yosevi\Application\Java\jdk-23\bin\verify.dll
0x00007ff9dd110000 - 0x00007ff9dd1c0000 	C:\WINDOWS\System32\clbcatq.dll
0x00007ff9d8540000 - 0x00007ff9d86f0000 	C:\WINDOWS\SYSTEM32\WindowsCodecs.dll
0x00007ff9c4df0000 - 0x00007ff9c4e4e000 	C:\WINDOWS\system32\dataexchange.dll
0x00007ff9d1000000 - 0x00007ff9d12a4000 	C:\WINDOWS\system32\twinapi.appcore.dll
0x00007ff9d9d10000 - 0x00007ff9d9e12000 	C:\WINDOWS\SYSTEM32\DNSAPI.dll
0x00007ff9d9ce0000 - 0x00007ff9d9d0d000 	C:\WINDOWS\SYSTEM32\IPHLPAPI.DLL
0x00007ff9dd040000 - 0x00007ff9dd049000 	C:\WINDOWS\System32\NSI.dll
0x00007ff9d6900000 - 0x00007ff9d690a000 	C:\Windows\System32\rasadhlp.dll
0x00007ff9d2c20000 - 0x00007ff9d2ca3000 	C:\WINDOWS\System32\fwpuclnt.dll
0x00007ff9bb390000 - 0x00007ff9bb399000 	D:\Viola Yosevi\Application\Java\jdk-23\bin\extnet.dll
0x00007ff9c9c20000 - 0x00007ff9c9d65000 	C:\WINDOWS\SYSTEM32\textinputframework.dll
0x00007ff9d5250000 - 0x00007ff9d5383000 	C:\WINDOWS\SYSTEM32\CoreMessaging.dll
0x00007ff9d25e0000 - 0x00007ff9d294d000 	C:\WINDOWS\SYSTEM32\CoreUIComponents.dll
0x00000000746a0000 - 0x0000000074771000 	C:\Users\user\AppData\Local\Temp\javacpp101059592556100\msvcr100.dll
0x0000000074600000 - 0x0000000074698000 	C:\Users\user\AppData\Local\Temp\javacpp101059592556100\msvcp100.dll
0x0000000066840000 - 0x00000000676b4000 	C:\Users\user\AppData\Local\Temp\javacpp101059592556100\opencv_ffmpeg248_64.dll
0x00007ff9c2440000 - 0x00007ff9c2449000 	C:\WINDOWS\SYSTEM32\WSOCK32.dll
0x00007ff972b40000 - 0x00007ff972db2000 	C:\Users\user\AppData\Local\Temp\javacpp101059592556100\opencv_core248.dll
0x00007ff968530000 - 0x00007ff9687e2000 	C:\Users\user\AppData\Local\Temp\javacpp101059592556100\opencv_imgproc248.dll
0x00007ff962550000 - 0x00007ff96279d000 	C:\Users\user\AppData\Local\Temp\javacpp101059592556100\opencv_highgui248.dll
0x00007ff9c93b0000 - 0x00007ff9c93db000 	C:\WINDOWS\SYSTEM32\MSVFW32.dll
0x00007ff9ce1f0000 - 0x00007ff9ce20a000 	C:\WINDOWS\SYSTEM32\AVICAP32.dll
0x00007ff9c9380000 - 0x00007ff9c93a4000 	C:\WINDOWS\SYSTEM32\AVIFIL32.dll
0x00007ff9ce1c0000 - 0x00007ff9ce1de000 	C:\WINDOWS\SYSTEM32\MSACM32.dll
0x00007ff9c80e0000 - 0x00007ff9c80f3000 	C:\Users\user\AppData\Local\Temp\javacpp101059592556100\jniopencv_highgui.dll
0x00007ff9d7230000 - 0x00007ff9d7251000 	C:\Windows\System32\devenum.dll
0x00007ff9dbcb0000 - 0x00007ff9dc124000 	C:\WINDOWS\System32\setupapi.dll
0x00007ff9d7380000 - 0x00007ff9d738b000 	C:\WINDOWS\SYSTEM32\msdmo.dll
0x00007ff9c8060000 - 0x00007ff9c8099000 	C:\Windows\System32\qcap.dll
0x00007ff9670f0000 - 0x00007ff9672d7000 	C:\Windows\System32\quartz.dll
0x00007ff982610000 - 0x00007ff98264b000 	C:\Windows\System32\mfksproxy.dll
0x00007ff9c79c0000 - 0x00007ff9c79de000 	C:\Windows\System32\ATL.DLL
0x00007ff9d69d0000 - 0x00007ff9d6b9e000 	C:\Windows\System32\MFPlat.DLL
0x00007ff9d6920000 - 0x00007ff9d6953000 	C:\Windows\System32\RTWorkQ.DLL
0x00007ff96df80000 - 0x00007ff96e31b000 	C:\Windows\System32\MFCORE.dll
0x00007ff968050000 - 0x00007ff9680ee000 	C:\Windows\System32\FrameServerClient.dll
0x00007ff96c3a0000 - 0x00007ff96c41f000 	C:\Windows\System32\MFSENSORGROUP.dll
0x00007ff9d6910000 - 0x00007ff9d691b000 	C:\Windows\System32\AVRT.dll
0x00007ff967040000 - 0x00007ff9670d5000 	C:\Windows\System32\Windows.Media.MediaControl.dll
0x00007ff9ced90000 - 0x00007ff9cee2e000 	C:\Windows\System32\MMDevAPI.DLL
0x00007ff966a80000 - 0x00007ff966ba1000 	C:\Windows\System32\MFReadWrite.dll
0x00007ff9a51c0000 - 0x00007ff9a51e6000 	C:\Windows\System32\kswdmcap.ax
0x00007ff9d7350000 - 0x00007ff9d735f000 	C:\Windows\System32\vidcap.ax
0x00007ff9c7b20000 - 0x00007ff9c7bcf000 	C:\Windows\System32\qedit.dll
0x00007ff9dcb20000 - 0x00007ff9dcc20000 	C:\WINDOWS\System32\COMDLG32.dll

dbghelp: loaded successfully - version: 4.0.5 - missing functions: none
symbol engine: initialized successfully - sym options: 0x614 - pdb path: .;D:\Viola Yosevi\Application\Java\jdk-23\bin;C:\WINDOWS\SYSTEM32;C:\Program Files\Avast Software\Avast;C:\WINDOWS\WinSxS\amd64_microsoft.windows.common-controls_6595b64144ccf1df_6.0.22621.4541_none_2710d1c57384c085;D:\Viola Yosevi\Application\Java\jdk-23\bin\server;C:\WINDOWS\System32\DriverStore\FileRepository\nvam.inf_amd64_4c9ded46d0fbe1f8;C:\WINDOWS\System32\DriverStore\FileRepository\u0361708.inf_amd64_7de6b99937f60751\B358199;C:\Users\user\AppData\Local\Temp\javacpp101059592556100;C:\WINDOWS\WinSxS\amd64_microsoft.windows.gdiplus_6595b64144ccf1df_1.1.22621.4541_none_57fbc4aace173a53;C:\Program Files (x86)\K-Lite Codec Pack\Filters\DirectVobSub64

VM Arguments:
jvm_args: -Dfile.encoding=UTF-8 --module-path=D:\Viola Yosevi\Java Projects\Med1_Endoskopi\build\classes 
java_command: View.Assesment
java_class_path (initial): D:\Viola Yosevi\Components\jCalendar\lib\jcalendar-1.4.jar;E:\APK DOWNLOAD\mysql-connector-j-9.1.0\mysql-connector-j-9.1.0.jar;E:\APK DOWNLOAD\javacv-bin\javacpp.jar;E:\APK DOWNLOAD\javacv-bin\javacv-windows-x86.jar;E:\APK DOWNLOAD\javacv-bin\javacv-windows-x86_64.jar;E:\APK DOWNLOAD\javacv-bin\javacv.jar;E:\APK DOWNLOAD\javacv-cppjars\ffmpeg-2.1.1-windows-x86.jar;E:\APK DOWNLOAD\javacv-cppjars\ffmpeg-2.1.1-windows-x86_64.jar;E:\APK DOWNLOAD\javacv-cppjars\opencv-2.4.8-windows-x86.jar;E:\APK DOWNLOAD\javacv-cppjars\opencv-2.4.8-windows-x86_64.jar;D:\Viola Yosevi\Application\NetBeans-21\netbeans\java\modules\ext\AbsoluteLayout.jar;D:\Viola Yosevi\library\swingx-all-1.6.4.jar;D:\Viola Yosevi\library\sqlite-jdbc-3.47.1.0.jar;D:\Viola Yosevi\library\commons-beanutils-1.9.4.jar;D:\Viola Yosevi\library\commons-collections4-4.4.jar;D:\Viola Yosevi\library\commons-digester-1.7.jar;D:\Viola Yosevi\library\commons-logging-1.3.0.jar;D:\Viola Yosevi\library\itext-4.2.1.jar;D:\Viola Yosevi\library\jasperreports-6.20.6.jar;D:\Viola Yosevi\Java Projects\Med1_Endoskopi\build\classes
Launcher Type: SUN_STANDARD

[Global flags]
     intx CICompilerCount                          = 4                                         {product} {ergonomic}
     uint ConcGCThreads                            = 2                                         {product} {ergonomic}
     uint G1ConcRefinementThreads                  = 8                                         {product} {ergonomic}
   size_t G1HeapRegionSize                         = 2097152                                   {product} {ergonomic}
   size_t InitialHeapSize                          = 234881024                                 {product} {ergonomic}
   size_t MarkStackSize                            = 4194304                                   {product} {ergonomic}
   size_t MarkStackSizeMax                         = 536870912                                 {product} {ergonomic}
   size_t MaxHeapSize                              = 3743416320                                {product} {ergonomic}
   size_t MaxNewSize                               = 2246049792                                {product} {ergonomic}
   size_t MinHeapDeltaBytes                        = 2097152                                   {product} {ergonomic}
   size_t MinHeapSize                              = 8388608                                   {product} {ergonomic}
    uintx NonNMethodCodeHeapSize                   = 5832704                                {pd product} {ergonomic}
    uintx NonProfiledCodeHeapSize                  = 122945536                              {pd product} {ergonomic}
    uintx ProfiledCodeHeapSize                     = 122880000                              {pd product} {ergonomic}
    uintx ReservedCodeCacheSize                    = 251658240                              {pd product} {ergonomic}
     bool SegmentedCodeCache                       = true                                      {product} {ergonomic}
   size_t SoftMaxHeapSize                          = 3743416320                             {manageable} {ergonomic}
     bool UseCompressedOops                        = true                           {product lp64_product} {ergonomic}
     bool UseG1GC                                  = true                                      {product} {ergonomic}
     bool UseLargePagesIndividualAllocation        = false                                  {pd product} {ergonomic}

Logging:
Log output configuration:
 #0: stdout all=warning uptime,level,tags foldmultilines=false
 #1: stderr all=off uptime,level,tags foldmultilines=false

Environment Variables:
JAVA_HOME=D:\Viola Yosevi\Application\Java\jdk-23
PATH=C:\Program Files\Common Files\Oracle\Java\javapath;C:\Windows\system32;C:\Windows;C:\Windows\System32\Wbem;C:\Windows\System32\WindowsPowerShell\v1.0\;C:\Windows\System32\OpenSSH\;C:\Program Files (x86)\NVIDIA Corporation\PhysX\Common;C:\Program Files\NVIDIA Corporation\NVIDIA NvDLISR;D:\Viola Yosevi\Application\Git\cmd;C:\WINDOWS\system32;C:\WINDOWS;C:\WINDOWS\System32\Wbem;C:\WINDOWS\System32\WindowsPowerShell\v1.0\;C:\WINDOWS\System32\OpenSSH\;C:\ProgramData\ComposerSetup\bin;D:\Viola Yosevi\Application\xampp\php;D:\Viola Yosevi\Application\nvm;D:\Viola Yosevi\Application\NodeJs;C:\Users\user\AppData\Local\Programs\Python\Python312\Scripts\;C:\Users\user\AppData\Local\Programs\Python\Python312;D:\Xampp Version 5\php;D:\Viola Yosevi\xampp\php;D:\Viola Yosevi\Application\OpenSSL-Win64\bin;C:\Program Files (x86)\Microsoft SQL Server\160\Tools\Binn\;C:\Program Files\Microsoft SQL Server\160\Tools\Binn\;C:\Program Files\Microsoft SQL Server\Client SDK\ODBC\170\Tools\Binn\;C:\Program Files\Microsoft SQL Server\160\DTS\Binn\;C:\Program Files (x86)\Microsoft SQL Server\160\DTS\Binn\;D:\Viola Yosevi\Application\NodeJs\;C:\ProgramData\chocolatey\bin;D:\Viola Yosevi\Application\flutter\bin;D:\Viola Yosevi\Application\flutter\bin\cache\dart-sdk\bin;D:\Viola Yosevi\Application\nvm;D:\Viola Yosevi\Application\SQLite\sqlite;E:\APK DOWNLOAD\opencv\build\x64\vc16\bin;C:\Users\user\AppData\Local\Programs\Python\Launcher\;C:\Users\user\AppData\Local\Microsoft\WindowsApps;D:\Viola Yosevi\Application\Microsoft VS Code\bin;D:\Viola Yosevi\Application\xampp\php;C:\Users\user\AppData\Roaming\npm;C:\Users\user\AppData\Roaming\Composer\vendor\bin;D:\Viola Yosevi\Application\nvm;D:\Viola Yosevi\Application\NodeJs;C:\Users\user\AppData\Local\Programs\Python\Python312;C:\Users\user\AppData\Local\Programs\Python\Python312\Scripts\;C:\Users\user\AppData\Local\GitHubDesktop\bin
USERNAME=user
OS=Windows_NT
PROCESSOR_IDENTIFIER=AMD64 Family 23 Model 24 Stepping 1, AuthenticAMD
TMP=C:\Users\user\AppData\Local\Temp
TEMP=C:\Users\user\AppData\Local\Temp




Periodic native trim disabled

---------------  S Y S T E M  ---------------

OS:
 Windows 11 , 64 bit Build 22621 (10.0.22621.4391)
OS uptime: 1 days 4:04 hours
Hyper-V role detected

CPU: total 8 (initial active 8) (8 cores per cpu, 2 threads per core) family 23 model 24 stepping 1 microcode 0x0, cx8, cmov, fxsr, ht, mmx, 3dnowpref, sse, sse2, sse3, ssse3, sse4a, sse4.1, sse4.2, popcnt, lzcnt, tsc, tscinvbit, avx, avx2, aes, clmul, bmi1, bmi2, adx, sha, fma, vzeroupper, clflush, clflushopt, hv, rdtscp, f16c
Processor Information for the first 8 processors :
  Max Mhz: 2100, Current Mhz: 2100, Mhz Limit: 2100

Memory: 4k page, system-wide physical 14273M (4992M free)
TotalPageFile size 28097M (AvailPageFile size 14457M)
current process WorkingSet (physical memory assigned to process): 304M, peak: 306M
current process commit charge ("private bytes"): 576M, peak: 595M

vm_info: Java HotSpot(TM) 64-Bit Server VM (23+37-2369) for windows-amd64 JRE (23+37-2369), built on 2024-08-20T16:01:23Z with MS VC++ 17.6 (VS2022)

END.
