#
# A fatal error has been detected by the Java Runtime Environment:
#
#  EXCEPTION_ACCESS_VIOLATION (0xc0000005) at pc=0x0000000000000000, pid=5972, tid=6904
#
# JRE version: Java(TM) SE Runtime Environment (23.0+37) (build 23+37-2369)
# Java VM: Java HotSpot(TM) 64-Bit Server VM (23+37-2369, mixed mode, sharing, tiered, compressed oops, compressed class ptrs, g1 gc, windows-amd64)
# Problematic frame:
# C  [opencv_highgui248.dll+0x13c69]
#
# No core dump will be written. Minidumps are not enabled by default on client versions of Windows
#
# If you would like to submit a bug report, please visit:
#   https://bugreport.java.com/bugreport/crash.jsp
# The crash happened outside the Java Virtual Machine in native code.
# See problematic frame for where to report the bug.
#

---------------  S U M M A R Y ------------

Command Line: -Dfile.encoding=UTF-8 --module-path=D:\Viola Yosevi\Java Projects\Med1_Endoskopi\build\classes View.Assesment

Host: AMD Ryzen 5 3550H with Radeon Vega Mobile Gfx  , 8 cores, 13G,  Windows 11 , 64 bit Build 22621 (10.0.22621.4391)
Time: Tue Jan  7 16:27:48 2025 SE Asia Standard Time elapsed time: 51.357195 seconds (0d 0h 0m 51s)

---------------  T H R E A D  ---------------

Current thread (0x0000019b6efaa3d0):  JavaThread "Thread-0"         [_thread_in_native, id=6904, stack(0x0000005d6c500000,0x0000005d6c600000) (1024K)]

Stack: [0x0000005d6c500000,0x0000005d6c600000],  sp=0x0000005d6c5fede0,  free space=1019k
Native frames: (J=compiled Java code, j=interpreted, Vv=VM code, C=native code)

Java frames: (J=compiled Java code, j=interpreted, Vv=VM code)
j  com.googlecode.javacv.cpp.opencv_highgui.cvReleaseCapture(Lcom/googlecode/javacv/cpp/opencv_highgui$CvCapture;)V+0
j  com.googlecode.javacv.OpenCVFrameGrabber.stop()V+11
j  View.Assesment.lambda$CameraViewer$0(Lcom/googlecode/javacv/CanvasFrame;)V+79
j  View.Assesment$$Lambda+0x0000019b011baee0.run()V+8
j  java.lang.Thread.runWith(Ljava/lang/Object;Ljava/lang/Runnable;)V+5 java.base@23
j  java.lang.Thread.run()V+19 java.base@23
v  ~StubRoutines::call_stub 0x0000019b5d8d0fcd

siginfo: EXCEPTION_ACCESS_VIOLATION (0xc0000005), data execution prevention violation at address 0x0000000000000000


Registers:
RAX=0x0000019b7044ef60, RBX=0x0000019b7044ae30, RCX=0x0000019b7044a760, RDX=0x0000000000000000
RSP=0x0000005d6c5fedd8, RBP=0x00007ff96277e690, RSI=0x0000000000000000, RDI=0x0000019b7044ae30
R8 =0x0000000000000001, R9 =0x0000000726f26098, R10=0x00007ff978d58ec0, R11=0x000000000000000c
R12=0x0000000000000000, R13=0x0000019b41d31398, R14=0x0000005d6c5fefc0, R15=0x0000019b6efaa3d0
RIP=0x0000000000000000, EFLAGS=0x0000000000010246


Register to memory mapping:

RAX=0x0000019b7044ef60 points into unknown readable memory: 0x0000019b705b0350 | 50 03 5b 70 9b 01 00 00
RBX=0x0000019b7044ae30 points into unknown readable memory: 0x00000280000e1000 | 00 10 0e 00 80 02 00 00
RCX=0x0000019b7044a760 points into unknown readable memory: 0x0000019b7044ef60 | 60 ef 44 70 9b 01 00 00
RDX=0x0 is null
RSP=0x0000005d6c5fedd8 is pointing into the stack for thread: 0x0000019b6efaa3d0
RBP=0x00007ff96277e690 opencv_highgui248.dll
RSI=0x0 is null
RDI=0x0000019b7044ae30 points into unknown readable memory: 0x00000280000e1000 | 00 10 0e 00 80 02 00 00
R8 =0x0000000000000001 is an unknown value
R9 =0x0000000726f26098 is an oop: com.googlecode.javacv.cpp.opencv_highgui$CvCapture 
{0x0000000726f26098} - klass: 'com/googlecode/javacv/cpp/opencv_highgui$CvCapture'
 - ---- fields (total size 5 words):
 - protected 'position' 'I' @12  0 (0x00000000)
 - protected 'address' 'J' @16  1767115101104 (0x0000019b704493b0)
 - protected 'limit' 'I' @24  0 (0x00000000)
 - protected 'capacity' 'I' @28  0 (0x00000000)
 - private 'deallocator' 'Lcom/googlecode/javacpp/Pointer$Deallocator;' @32  null (0x00000000)
R10=0x00007ff978d58ec0 jvm.dll
R11=0x000000000000000c is an unknown value
R12=0x0 is null
R13=0x0000019b41d31398 is pointing into metadata
R14=0x0000005d6c5fefc0 is pointing into the stack for thread: 0x0000019b6efaa3d0
R15=0x0000019b6efaa3d0 is a thread

Top of Stack: (sp=0x0000005d6c5fedd8)
0x0000005d6c5fedd8:   00007ff962563c69 0000019b7044ae30
0x0000005d6c5fede8:   00007ff96277e690 0000000000000000
0x0000005d6c5fedf8:   0000019b41405897 0000019b704493b0
0x0000005d6c5fee08:   00007ff9625686aa 0000019b7044ae30
0x0000005d6c5fee18:   00007ff9784b51cd 0000019b414343a0
0x0000005d6c5fee28:   00000000000000b6 fffffffffffffffe
0x0000005d6c5fee38:   0000019b6edc5b58 0000019b704493b0
0x0000005d6c5fee48:   00007ff962568bac 0000019b5d8d8700
0x0000005d6c5fee58:   0000000000000001 0000005d6c5fefa0
0x0000005d6c5fee68:   0000019b6efaa790 fffffffffffffffe
0x0000005d6c5fee78:   0000019b0048a728 0000005d6c5fefc0
0x0000005d6c5fee88:   00007ff96255104f 0000019b704493b0
0x0000005d6c5fee98:   0000000000000000 0000005d6c5feec8
0x0000005d6c5feea8:   0000005d6c5fef18 0000019b704493b0
0x0000005d6c5feeb8:   0000019b704493b0 0000005d6c5fef80
0x0000005d6c5feec8:   0000019b565380d4 fffffffffffffff7
0x0000005d6c5feed8:   00007ff9c9396b4a 0000005d6c5fef48
0x0000005d6c5feee8:   0000019b00491ae8 0000000000000000
0x0000005d6c5feef8:   0000000720fe9d40 0000019b004910f8
0x0000005d6c5fef08:   fffffffffffffffe 000000000000372d
0x0000005d6c5fef18:   0000000000000001 0000019b41d313a0
0x0000005d6c5fef28:   0000019b5d8dd207 0000019b6efaa790
0x0000005d6c5fef38:   fffffffffffffff7 0000005d6c5fefc0
0x0000005d6c5fef48:   0000019b704493b0 0000019b00491ae8
0x0000005d6c5fef58:   fffffffffffffff7 0000000000000000
0x0000005d6c5fef68:   0000000000000004 0000019b41d2ff38
0x0000005d6c5fef78:   0000000000000000 000000072105de38
0x0000005d6c5fef88:   0000019b41d313a0 0000000000000000
0x0000005d6c5fef98:   0000005d6c5fefc0 0000005d6c5ff010
0x0000005d6c5fefa8:   0000019b5d8d8700 000000072105de38
0x0000005d6c5fefb8:   0000019b5d8da5d7 0000000726f26098
0x0000005d6c5fefc8:   fffffffffffffff7 0000019b4143437b 

Instructions: (pc=0x00007ff962563c69)
0x00007ff962563b69:   50 01 00 00 48 8d 0d b4 43 11 00 ff 15 06 1a 11
0x00007ff962563b79:   00 48 8b 4c 24 20 48 8b 11 ff 52 10 48 8b 4c 24
0x00007ff962563b89:   28 48 89 74 24 20 48 8b 01 ff 50 10 85 db 0f 84
0x00007ff962563b99:   d3 fe ff ff eb 28 40 38 35 66 17 21 00 74 1f 48
0x00007ff962563ba9:   8d 0d 51 43 11 00 eb 10 40 38 35 54 17 21 00 74
0x00007ff962563bb9:   0d 48 8d 0d 17 43 11 00 ff 15 b9 19 11 00 48 8b
0x00007ff962563bc9:   8c 24 50 02 00 00 48 33 cc e8 59 65 0f 00 4c 8d
0x00007ff962563bd9:   9c 24 60 02 00 00 49 8b 5b 18 49 8b 73 20 49 8b
0x00007ff962563be9:   e3 5f c3 cc cc cc cc 40 53 48 83 ec 20 80 b9 9c
0x00007ff962563bf9:   00 00 00 00 48 8b d9 0f 84 55 03 00 00 80 3d ff
0x00007ff962563c09:   16 21 00 00 48 89 7c 24 30 74 13 8b 91 b0 00 00
0x00007ff962563c19:   00 48 8d 0d 37 45 11 00 ff 15 59 19 11 00 48 83
0x00007ff962563c29:   bb 90 00 00 00 00 74 70 48 8b 4b 60 48 85 c9 74
0x00007ff962563c39:   67 48 8b 01 33 d2 44 8d 42 01 ff 50 48 80 3d bf
0x00007ff962563c49:   16 21 00 00 74 0d 48 8d 0d da 44 11 00 ff 15 24
0x00007ff962563c59:   19 11 00 48 8b 8b 90 00 00 00 48 8b 01 ff 50 10
0x00007ff962563c69:   80 bb 9b 00 00 00 00 74 18 48 8b 8b b8 03 00 00
0x00007ff962563c79:   e8 f0 65 0f 00 48 8b 8b c0 03 00 00 e8 e4 65 0f
0x00007ff962563c89:   00 48 8b 8b 90 00 00 00 48 85 c9 74 0b 48 8b 01
0x00007ff962563c99:   ba 01 00 00 00 ff 50 28 48 8b 4b 38 48 85 c9 74
0x00007ff962563ca9:   44 48 8b 01 ff 50 40 85 c0 79 16 80 3d 51 16 21
0x00007ff962563cb9:   00 00 74 0d 48 8d 0d 44 44 11 00 ff 15 b6 18 11
0x00007ff962563cc9:   00 48 8b 4b 38 48 8b 01 ff 50 48 85 c0 79 16 80
0x00007ff962563cd9:   3d 2d 16 21 00 00 74 0d 48 8d 0d f8 43 11 00 ff
0x00007ff962563ce9:   15 92 18 11 00 48 8b 53 40 48 85 d2 74 08 48 8b
0x00007ff962563cf9:   cb e8 e1 fb ff ff 33 ff 48 39 7b 50 74 24 40 38
0x00007ff962563d09:   3d fe 15 21 00 74 0d 48 8d 0d a9 43 11 00 ff 15
0x00007ff962563d19:   63 18 11 00 48 8b 4b 50 48 8b 01 ff 50 10 48 89
0x00007ff962563d29:   7b 50 48 39 7b 40 74 24 40 38 3d d4 15 21 00 74
0x00007ff962563d39:   0d 48 8d 0d 5f 43 11 00 ff 15 39 18 11 00 48 8b
0x00007ff962563d49:   4b 40 48 8b 01 ff 50 10 48 89 7b 40 48 39 7b 48
0x00007ff962563d59:   74 24 40 38 3d aa 15 21 00 74 0d 48 8d 0d 0d 43 


Stack slot to memory mapping:

stack at sp + 0 slots: 0x0000019b7044ae30 points into unknown readable memory: 0x0000019b705b0080 | 80 00 5b 70 9b 01 00 00
stack at sp + 1 slots: 0x00007ff96277e690 opencv_highgui248.dll
stack at sp + 2 slots: 0x0 is null
stack at sp + 3 slots: 0x0000019b41405897 is pointing into metadata
stack at sp + 4 slots: 0x0000019b704493b0 points into unknown readable memory: 0x00007ff962676108 | 08 61 67 62 f9 7f 00 00
stack at sp + 5 slots: 0x00007ff9625686aa opencv_highgui248.dll
stack at sp + 6 slots: 0x0000019b7044ae30 points into unknown readable memory: 0x0000019b705b0080 | 80 00 5b 70 9b 01 00 00
stack at sp + 7 slots: 0x00007ff9784b51cd jvm.dll

Lock stack of current Java thread (top to bottom):


---------------  P R O C E S S  ---------------

Threads class SMR info:
_java_thread_list=0x0000019b6f3aa330, length=19, elements={
0x0000019b6c6c8410, 0x0000019b6c6ca340, 0x0000019b6c6cfcc0, 0x0000019b6c6ce080,
0x0000019b6c6d19b0, 0x0000019b6c6d2820, 0x0000019b6c6e2830, 0x0000019b6c6e32e0,
0x0000019b450e2e70, 0x0000019b450e1ac0, 0x0000019b450e2150, 0x0000019b450e0da0,
0x0000019b450e27e0, 0x0000019b450e3500, 0x0000019b450e3b90, 0x0000019b450e1430,
0x0000019b6efab0f0, 0x0000019b6efacb30, 0x0000019b6efaa3d0
}

Java Threads: ( => current thread )
  0x0000019b6c6c8410 JavaThread "Reference Handler"          daemon [_thread_blocked, id=4208, stack(0x0000005d6a900000,0x0000005d6aa00000) (1024K)]
  0x0000019b6c6ca340 JavaThread "Finalizer"                  daemon [_thread_blocked, id=15804, stack(0x0000005d6aa00000,0x0000005d6ab00000) (1024K)]
  0x0000019b6c6cfcc0 JavaThread "Signal Dispatcher"          daemon [_thread_blocked, id=13952, stack(0x0000005d6ab00000,0x0000005d6ac00000) (1024K)]
  0x0000019b6c6ce080 JavaThread "Attach Listener"            daemon [_thread_blocked, id=18312, stack(0x0000005d6ac00000,0x0000005d6ad00000) (1024K)]
  0x0000019b6c6d19b0 JavaThread "Service Thread"             daemon [_thread_blocked, id=15692, stack(0x0000005d6ad00000,0x0000005d6ae00000) (1024K)]
  0x0000019b6c6d2820 JavaThread "Monitor Deflation Thread"   daemon [_thread_blocked, id=7248, stack(0x0000005d6ae00000,0x0000005d6af00000) (1024K)]
  0x0000019b6c6e2830 JavaThread "C2 CompilerThread0"         daemon [_thread_blocked, id=15796, stack(0x0000005d6af00000,0x0000005d6b000000) (1024K)]
  0x0000019b6c6e32e0 JavaThread "C1 CompilerThread0"         daemon [_thread_blocked, id=24504, stack(0x0000005d6b000000,0x0000005d6b100000) (1024K)]
  0x0000019b450e2e70 JavaThread "Common-Cleaner"             daemon [_thread_blocked, id=22944, stack(0x0000005d6b100000,0x0000005d6b200000) (1024K)]
  0x0000019b450e1ac0 JavaThread "Notification Thread"        daemon [_thread_blocked, id=13016, stack(0x0000005d6b200000,0x0000005d6b300000) (1024K)]
  0x0000019b450e2150 JavaThread "Java2D Disposer"            daemon [_thread_blocked, id=20544, stack(0x0000005d6b400000,0x0000005d6b500000) (1024K)]
  0x0000019b450e0da0 JavaThread "AWT-Shutdown"                      [_thread_blocked, id=11816, stack(0x0000005d6b500000,0x0000005d6b600000) (1024K)]
  0x0000019b450e27e0 JavaThread "AWT-Windows"                daemon [_thread_in_native, id=2968, stack(0x0000005d6b600000,0x0000005d6b700000) (1024K)]
  0x0000019b450e3500 JavaThread "AWT-EventQueue-0"                  [_thread_blocked, id=3704, stack(0x0000005d6b700000,0x0000005d6b800000) (1024K)]
  0x0000019b450e3b90 JavaThread "DestroyJavaVM"                     [_thread_blocked, id=2068, stack(0x0000005d6a100000,0x0000005d6a200000) (1024K)]
  0x0000019b450e1430 JavaThread "mysql-cj-abandoned-connection-cleanup" daemon [_thread_blocked, id=11024, stack(0x0000005d6c100000,0x0000005d6c200000) (1024K)]
  0x0000019b6efab0f0 JavaThread "TimerQueue"                 daemon [_thread_blocked, id=21920, stack(0x0000005d6c200000,0x0000005d6c300000) (1024K)]
  0x0000019b6efacb30 JavaThread "D3D Screen Updater"         daemon [_thread_blocked, id=13032, stack(0x0000005d6c300000,0x0000005d6c400000) (1024K)]
=>0x0000019b6efaa3d0 JavaThread "Thread-0"                          [_thread_in_native, id=6904, stack(0x0000005d6c500000,0x0000005d6c600000) (1024K)]
Total: 19

Other Threads:
  0x0000019b6c6b1220 VMThread "VM Thread"                           [id=18184, stack(0x0000005d6a800000,0x0000005d6a900000) (1024K)]
  0x0000019b6c6a05e0 WatcherThread "VM Periodic Task Thread"        [id=24568, stack(0x0000005d6a700000,0x0000005d6a800000) (1024K)]
  0x0000019b4dcd0f50 WorkerThread "GC Thread#0"                     [id=11380, stack(0x0000005d6a200000,0x0000005d6a300000) (1024K)]
  0x0000019b6ed4dad0 WorkerThread "GC Thread#1"                     [id=7140, stack(0x0000005d6c600000,0x0000005d6c700000) (1024K)]
  0x0000019b6ec5b450 WorkerThread "GC Thread#2"                     [id=17964, stack(0x0000005d6c700000,0x0000005d6c800000) (1024K)]
  0x0000019b6ec5b800 WorkerThread "GC Thread#3"                     [id=19360, stack(0x0000005d6c800000,0x0000005d6c900000) (1024K)]
  0x0000019b6ec5bbb0 WorkerThread "GC Thread#4"                     [id=24180, stack(0x0000005d6c900000,0x0000005d6ca00000) (1024K)]
  0x0000019b6ed4a380 WorkerThread "GC Thread#5"                     [id=15160, stack(0x0000005d6ca00000,0x0000005d6cb00000) (1024K)]
  0x0000019b6ed46fe0 WorkerThread "GC Thread#6"                     [id=23920, stack(0x0000005d6cb00000,0x0000005d6cc00000) (1024K)]
  0x0000019b6ed48600 WorkerThread "GC Thread#7"                     [id=1372, stack(0x0000005d6cc00000,0x0000005d6cd00000) (1024K)]
  0x0000019b4dce38f0 ConcurrentGCThread "G1 Main Marker"            [id=20764, stack(0x0000005d6a300000,0x0000005d6a400000) (1024K)]
  0x0000019b4dce5bb0 WorkerThread "G1 Conc#0"                       [id=16064, stack(0x0000005d6a400000,0x0000005d6a500000) (1024K)]
  0x0000019b6c56e550 ConcurrentGCThread "G1 Refine#0"               [id=2528, stack(0x0000005d6a500000,0x0000005d6a600000) (1024K)]
  0x0000019b6c56ed80 ConcurrentGCThread "G1 Service"                [id=6200, stack(0x0000005d6a600000,0x0000005d6a700000) (1024K)]
Total: 14

Threads with active compile tasks:
Total: 0

VM state: not at safepoint (normal execution)

VM Mutex/Monitor currently owned by a thread: None

Heap address: 0x0000000720e00000, size: 3570 MB, Compressed Oops mode: Zero based, Oop shift amount: 3

CDS archive(s) mapped at: [0x0000019b00000000-0x0000019b00d70000-0x0000019b00d70000), size 14090240, SharedBaseAddress: 0x0000019b00000000, ArchiveRelocationMode: 1.
Compressed class space mapped at: 0x0000019b01000000-0x0000019b41000000, reserved size: 1073741824
Narrow klass base: 0x0000019b00000000, Narrow klass shift: 0, Narrow klass range: 0x41000000

GC Precious Log:
 CardTable entry size: 512
 Card Set container configuration: InlinePtr #cards 4 size 8 Array Of Cards #cards 16 size 48 Howl #buckets 8 coarsen threshold 3686 Howl Bitmap #cards 512 size 80 coarsen threshold 460 Card regions per heap region 1 cards per card region 4096
 CPUs: 8 total, 8 available
 Memory: 14273M
 Large Page Support: Disabled
 NUMA Support: Disabled
 Compressed Oops: Enabled (Zero based)
 Heap Region Size: 2M
 Heap Min Capacity: 8M
 Heap Initial Capacity: 224M
 Heap Max Capacity: 3570M
 Pre-touch: Disabled
 Parallel Workers: 8
 Concurrent Workers: 2
 Concurrent Refinement Workers: 8
 Periodic GC: Disabled

Heap:
 garbage-first heap   total reserved 3655680K, committed 229376K, used 133772K [0x0000000720e00000, 0x0000000800000000)
  region size 2048K, 62 young (126976K), 8 survivors (16384K)
 Metaspace       used 18684K, committed 19008K, reserved 1114112K
  class space    used 2114K, committed 2240K, reserved 1048576K

Heap Regions: E=young(eden), S=young(survivor), O=old, HS=humongous(starts), HC=humongous(continues), CS=collection set, F=free, TAMS=top-at-mark-start, PB=parsable bottom
|   0|0x0000000720e00000, 0x0000000721000000, 0x0000000721000000|100%| O|  |TAMS 0x0000000720e00000| PB 0x0000000720e00000| Untracked |  1
|   1|0x0000000721000000, 0x0000000721200000, 0x0000000721200000|100%| O|  |TAMS 0x0000000721000000| PB 0x0000000721000000| Untracked |  0
|   2|0x0000000721200000, 0x0000000721400000, 0x0000000721400000|100%| O|  |TAMS 0x0000000721200000| PB 0x0000000721200000| Untracked |  0
|   3|0x0000000721400000, 0x0000000721600000, 0x0000000721600000|100%| O|  |TAMS 0x0000000721400000| PB 0x0000000721400000| Untracked |  0
|   4|0x0000000721600000, 0x0000000721800000, 0x0000000721800000|100%| O|  |TAMS 0x0000000721600000| PB 0x0000000721600000| Untracked |  0
|   5|0x0000000721800000, 0x00000007219c2020, 0x0000000721a00000| 87%| O|  |TAMS 0x0000000721800000| PB 0x0000000721800000| Untracked |  0
|   6|0x0000000721a00000, 0x0000000721a00000, 0x0000000721c00000|  0%| F|  |TAMS 0x0000000721a00000| PB 0x0000000721a00000| Untracked |  0
|   7|0x0000000721c00000, 0x0000000721c00000, 0x0000000721e00000|  0%| F|  |TAMS 0x0000000721c00000| PB 0x0000000721c00000| Untracked |  0
|   8|0x0000000721e00000, 0x0000000721e00000, 0x0000000722000000|  0%| F|  |TAMS 0x0000000721e00000| PB 0x0000000721e00000| Untracked |  0
|   9|0x0000000722000000, 0x0000000722000000, 0x0000000722200000|  0%| F|  |TAMS 0x0000000722000000| PB 0x0000000722000000| Untracked |  0
|  10|0x0000000722200000, 0x0000000722200000, 0x0000000722400000|  0%| F|  |TAMS 0x0000000722200000| PB 0x0000000722200000| Untracked |  0
|  11|0x0000000722400000, 0x0000000722400000, 0x0000000722600000|  0%| F|  |TAMS 0x0000000722400000| PB 0x0000000722400000| Untracked |  0
|  12|0x0000000722600000, 0x0000000722600000, 0x0000000722800000|  0%| F|  |TAMS 0x0000000722600000| PB 0x0000000722600000| Untracked |  0
|  13|0x0000000722800000, 0x0000000722800000, 0x0000000722a00000|  0%| F|  |TAMS 0x0000000722800000| PB 0x0000000722800000| Untracked |  0
|  14|0x0000000722a00000, 0x0000000722a00000, 0x0000000722c00000|  0%| F|  |TAMS 0x0000000722a00000| PB 0x0000000722a00000| Untracked |  0
|  15|0x0000000722c00000, 0x0000000722c00000, 0x0000000722e00000|  0%| F|  |TAMS 0x0000000722c00000| PB 0x0000000722c00000| Untracked |  0
|  16|0x0000000722e00000, 0x0000000722e00000, 0x0000000723000000|  0%| F|  |TAMS 0x0000000722e00000| PB 0x0000000722e00000| Untracked |  0
|  17|0x0000000723000000, 0x0000000723000000, 0x0000000723200000|  0%| F|  |TAMS 0x0000000723000000| PB 0x0000000723000000| Untracked |  0
|  18|0x0000000723200000, 0x0000000723200000, 0x0000000723400000|  0%| F|  |TAMS 0x0000000723200000| PB 0x0000000723200000| Untracked |  0
|  19|0x0000000723400000, 0x0000000723400000, 0x0000000723600000|  0%| F|  |TAMS 0x0000000723400000| PB 0x0000000723400000| Untracked |  0
|  20|0x0000000723600000, 0x0000000723600000, 0x0000000723800000|  0%| F|  |TAMS 0x0000000723600000| PB 0x0000000723600000| Untracked |  0
|  21|0x0000000723800000, 0x0000000723800000, 0x0000000723a00000|  0%| F|  |TAMS 0x0000000723800000| PB 0x0000000723800000| Untracked |  0
|  22|0x0000000723a00000, 0x0000000723a00000, 0x0000000723c00000|  0%| F|  |TAMS 0x0000000723a00000| PB 0x0000000723a00000| Untracked |  0
|  23|0x0000000723c00000, 0x0000000723c00000, 0x0000000723e00000|  0%| F|  |TAMS 0x0000000723c00000| PB 0x0000000723c00000| Untracked |  0
|  24|0x0000000723e00000, 0x0000000723e00000, 0x0000000724000000|  0%| F|  |TAMS 0x0000000723e00000| PB 0x0000000723e00000| Untracked |  0
|  25|0x0000000724000000, 0x0000000724000000, 0x0000000724200000|  0%| F|  |TAMS 0x0000000724000000| PB 0x0000000724000000| Untracked |  0
|  26|0x0000000724200000, 0x0000000724200000, 0x0000000724400000|  0%| F|  |TAMS 0x0000000724200000| PB 0x0000000724200000| Untracked |  0
|  27|0x0000000724400000, 0x0000000724400000, 0x0000000724600000|  0%| F|  |TAMS 0x0000000724400000| PB 0x0000000724400000| Untracked |  0
|  28|0x0000000724600000, 0x0000000724600000, 0x0000000724800000|  0%| F|  |TAMS 0x0000000724600000| PB 0x0000000724600000| Untracked |  0
|  29|0x0000000724800000, 0x0000000724800000, 0x0000000724a00000|  0%| F|  |TAMS 0x0000000724800000| PB 0x0000000724800000| Untracked |  0
|  30|0x0000000724a00000, 0x0000000724a00000, 0x0000000724c00000|  0%| F|  |TAMS 0x0000000724a00000| PB 0x0000000724a00000| Untracked |  0
|  31|0x0000000724c00000, 0x0000000724c00000, 0x0000000724e00000|  0%| F|  |TAMS 0x0000000724c00000| PB 0x0000000724c00000| Untracked |  0
|  32|0x0000000724e00000, 0x0000000724e00000, 0x0000000725000000|  0%| F|  |TAMS 0x0000000724e00000| PB 0x0000000724e00000| Untracked |  0
|  33|0x0000000725000000, 0x0000000725000000, 0x0000000725200000|  0%| F|  |TAMS 0x0000000725000000| PB 0x0000000725000000| Untracked |  0
|  34|0x0000000725200000, 0x0000000725200000, 0x0000000725400000|  0%| F|  |TAMS 0x0000000725200000| PB 0x0000000725200000| Untracked |  0
|  35|0x0000000725400000, 0x0000000725400000, 0x0000000725600000|  0%| F|  |TAMS 0x0000000725400000| PB 0x0000000725400000| Untracked |  0
|  36|0x0000000725600000, 0x0000000725600000, 0x0000000725800000|  0%| F|  |TAMS 0x0000000725600000| PB 0x0000000725600000| Untracked |  0
|  37|0x0000000725800000, 0x0000000725800000, 0x0000000725a00000|  0%| F|  |TAMS 0x0000000725800000| PB 0x0000000725800000| Untracked |  0
|  38|0x0000000725a00000, 0x0000000725a00000, 0x0000000725c00000|  0%| F|  |TAMS 0x0000000725a00000| PB 0x0000000725a00000| Untracked |  0
|  39|0x0000000725c00000, 0x0000000725c00000, 0x0000000725e00000|  0%| F|  |TAMS 0x0000000725c00000| PB 0x0000000725c00000| Untracked |  0
|  40|0x0000000725e00000, 0x0000000725e00000, 0x0000000726000000|  0%| F|  |TAMS 0x0000000725e00000| PB 0x0000000725e00000| Untracked |  0
|  41|0x0000000726000000, 0x0000000726000000, 0x0000000726200000|  0%| F|  |TAMS 0x0000000726000000| PB 0x0000000726000000| Untracked |  0
|  42|0x0000000726200000, 0x00000007262e1010, 0x0000000726400000| 43%| S|CS|TAMS 0x0000000726200000| PB 0x0000000726200000| Complete |  0
|  43|0x0000000726400000, 0x0000000726600000, 0x0000000726600000|100%| S|CS|TAMS 0x0000000726400000| PB 0x0000000726400000| Complete |  0
|  44|0x0000000726600000, 0x0000000726800000, 0x0000000726800000|100%| S|CS|TAMS 0x0000000726600000| PB 0x0000000726600000| Complete |  0
|  45|0x0000000726800000, 0x0000000726a00000, 0x0000000726a00000|100%| S|CS|TAMS 0x0000000726800000| PB 0x0000000726800000| Complete |  0
|  46|0x0000000726a00000, 0x0000000726c00000, 0x0000000726c00000|100%| S|CS|TAMS 0x0000000726a00000| PB 0x0000000726a00000| Complete |  0
|  47|0x0000000726c00000, 0x0000000726e00000, 0x0000000726e00000|100%| S|CS|TAMS 0x0000000726c00000| PB 0x0000000726c00000| Complete |  0
|  48|0x0000000726e00000, 0x0000000727000000, 0x0000000727000000|100%| S|CS|TAMS 0x0000000726e00000| PB 0x0000000726e00000| Complete |  0
|  49|0x0000000727000000, 0x0000000727200000, 0x0000000727200000|100%| S|CS|TAMS 0x0000000727000000| PB 0x0000000727000000| Complete |  0
|  50|0x0000000727200000, 0x0000000727200000, 0x0000000727400000|  0%| F|  |TAMS 0x0000000727200000| PB 0x0000000727200000| Untracked |  0
|  51|0x0000000727400000, 0x0000000727400000, 0x0000000727600000|  0%| F|  |TAMS 0x0000000727400000| PB 0x0000000727400000| Untracked |  0
|  52|0x0000000727600000, 0x0000000727600000, 0x0000000727800000|  0%| F|  |TAMS 0x0000000727600000| PB 0x0000000727600000| Untracked |  0
|  53|0x0000000727800000, 0x0000000727800000, 0x0000000727a00000|  0%| F|  |TAMS 0x0000000727800000| PB 0x0000000727800000| Untracked |  0
|  54|0x0000000727a00000, 0x0000000727a00000, 0x0000000727c00000|  0%| F|  |TAMS 0x0000000727a00000| PB 0x0000000727a00000| Untracked |  0
|  55|0x0000000727c00000, 0x0000000727c00000, 0x0000000727e00000|  0%| F|  |TAMS 0x0000000727c00000| PB 0x0000000727c00000| Untracked |  0
|  56|0x0000000727e00000, 0x0000000727e00000, 0x0000000728000000|  0%| F|  |TAMS 0x0000000727e00000| PB 0x0000000727e00000| Untracked |  0
|  57|0x0000000728000000, 0x0000000728000000, 0x0000000728200000|  0%| F|  |TAMS 0x0000000728000000| PB 0x0000000728000000| Untracked |  0
|  58|0x0000000728200000, 0x00000007283c2020, 0x0000000728400000| 87%| E|  |TAMS 0x0000000728200000| PB 0x0000000728200000| Complete |  0
|  59|0x0000000728400000, 0x00000007285c2020, 0x0000000728600000| 87%| E|  |TAMS 0x0000000728400000| PB 0x0000000728400000| Complete |  0
|  60|0x0000000728600000, 0x0000000728800000, 0x0000000728800000|100%| E|CS|TAMS 0x0000000728600000| PB 0x0000000728600000| Complete |  0
|  61|0x0000000728800000, 0x0000000728a00000, 0x0000000728a00000|100%| E|CS|TAMS 0x0000000728800000| PB 0x0000000728800000| Complete |  0
|  62|0x0000000728a00000, 0x0000000728c00000, 0x0000000728c00000|100%| E|CS|TAMS 0x0000000728a00000| PB 0x0000000728a00000| Complete |  0
|  63|0x0000000728c00000, 0x0000000728e00000, 0x0000000728e00000|100%| E|CS|TAMS 0x0000000728c00000| PB 0x0000000728c00000| Complete |  0
|  64|0x0000000728e00000, 0x0000000729000000, 0x0000000729000000|100%| E|CS|TAMS 0x0000000728e00000| PB 0x0000000728e00000| Complete |  0
|  65|0x0000000729000000, 0x0000000729200000, 0x0000000729200000|100%| E|CS|TAMS 0x0000000729000000| PB 0x0000000729000000| Complete |  0
|  66|0x0000000729200000, 0x0000000729400000, 0x0000000729400000|100%| E|CS|TAMS 0x0000000729200000| PB 0x0000000729200000| Complete |  0
|  67|0x0000000729400000, 0x0000000729600000, 0x0000000729600000|100%| E|CS|TAMS 0x0000000729400000| PB 0x0000000729400000| Complete |  0
|  68|0x0000000729600000, 0x0000000729800000, 0x0000000729800000|100%| E|CS|TAMS 0x0000000729600000| PB 0x0000000729600000| Complete |  0
|  69|0x0000000729800000, 0x0000000729a00000, 0x0000000729a00000|100%| E|CS|TAMS 0x0000000729800000| PB 0x0000000729800000| Complete |  0
|  70|0x0000000729a00000, 0x0000000729c00000, 0x0000000729c00000|100%| E|CS|TAMS 0x0000000729a00000| PB 0x0000000729a00000| Complete |  0
|  71|0x0000000729c00000, 0x0000000729e00000, 0x0000000729e00000|100%| E|CS|TAMS 0x0000000729c00000| PB 0x0000000729c00000| Complete |  0
|  72|0x0000000729e00000, 0x000000072a000000, 0x000000072a000000|100%| E|CS|TAMS 0x0000000729e00000| PB 0x0000000729e00000| Complete |  0
|  73|0x000000072a000000, 0x000000072a200000, 0x000000072a200000|100%| E|CS|TAMS 0x000000072a000000| PB 0x000000072a000000| Complete |  0
|  74|0x000000072a200000, 0x000000072a400000, 0x000000072a400000|100%| E|CS|TAMS 0x000000072a200000| PB 0x000000072a200000| Complete |  0
|  75|0x000000072a400000, 0x000000072a600000, 0x000000072a600000|100%| E|CS|TAMS 0x000000072a400000| PB 0x000000072a400000| Complete |  0
|  76|0x000000072a600000, 0x000000072a800000, 0x000000072a800000|100%| E|CS|TAMS 0x000000072a600000| PB 0x000000072a600000| Complete |  0
|  77|0x000000072a800000, 0x000000072aa00000, 0x000000072aa00000|100%| E|CS|TAMS 0x000000072a800000| PB 0x000000072a800000| Complete |  0
|  78|0x000000072aa00000, 0x000000072ac00000, 0x000000072ac00000|100%| E|CS|TAMS 0x000000072aa00000| PB 0x000000072aa00000| Complete |  0
|  79|0x000000072ac00000, 0x000000072ae00000, 0x000000072ae00000|100%| E|CS|TAMS 0x000000072ac00000| PB 0x000000072ac00000| Complete |  0
|  80|0x000000072ae00000, 0x000000072b000000, 0x000000072b000000|100%| E|CS|TAMS 0x000000072ae00000| PB 0x000000072ae00000| Complete |  0
|  81|0x000000072b000000, 0x000000072b200000, 0x000000072b200000|100%| E|CS|TAMS 0x000000072b000000| PB 0x000000072b000000| Complete |  0
|  82|0x000000072b200000, 0x000000072b400000, 0x000000072b400000|100%| E|CS|TAMS 0x000000072b200000| PB 0x000000072b200000| Complete |  0
|  83|0x000000072b400000, 0x000000072b600000, 0x000000072b600000|100%| E|CS|TAMS 0x000000072b400000| PB 0x000000072b400000| Complete |  0
|  84|0x000000072b600000, 0x000000072b800000, 0x000000072b800000|100%| E|CS|TAMS 0x000000072b600000| PB 0x000000072b600000| Complete |  0
|  85|0x000000072b800000, 0x000000072ba00000, 0x000000072ba00000|100%| E|CS|TAMS 0x000000072b800000| PB 0x000000072b800000| Complete |  0
|  86|0x000000072ba00000, 0x000000072bc00000, 0x000000072bc00000|100%| E|CS|TAMS 0x000000072ba00000| PB 0x000000072ba00000| Complete |  0
|  87|0x000000072bc00000, 0x000000072be00000, 0x000000072be00000|100%| E|CS|TAMS 0x000000072bc00000| PB 0x000000072bc00000| Complete |  0
|  88|0x000000072be00000, 0x000000072c000000, 0x000000072c000000|100%| E|CS|TAMS 0x000000072be00000| PB 0x000000072be00000| Complete |  0
|  89|0x000000072c000000, 0x000000072c200000, 0x000000072c200000|100%| E|CS|TAMS 0x000000072c000000| PB 0x000000072c000000| Complete |  0
|  90|0x000000072c200000, 0x000000072c400000, 0x000000072c400000|100%| E|CS|TAMS 0x000000072c200000| PB 0x000000072c200000| Complete |  0
|  91|0x000000072c400000, 0x000000072c600000, 0x000000072c600000|100%| E|CS|TAMS 0x000000072c400000| PB 0x000000072c400000| Complete |  0
|  92|0x000000072c600000, 0x000000072c800000, 0x000000072c800000|100%| E|CS|TAMS 0x000000072c600000| PB 0x000000072c600000| Complete |  0
|  93|0x000000072c800000, 0x000000072ca00000, 0x000000072ca00000|100%| E|CS|TAMS 0x000000072c800000| PB 0x000000072c800000| Complete |  0
|  94|0x000000072ca00000, 0x000000072cc00000, 0x000000072cc00000|100%| E|CS|TAMS 0x000000072ca00000| PB 0x000000072ca00000| Complete |  0
|  95|0x000000072cc00000, 0x000000072ce00000, 0x000000072ce00000|100%| E|CS|TAMS 0x000000072cc00000| PB 0x000000072cc00000| Complete |  0
|  96|0x000000072ce00000, 0x000000072d000000, 0x000000072d000000|100%| E|CS|TAMS 0x000000072ce00000| PB 0x000000072ce00000| Complete |  0
|  97|0x000000072d000000, 0x000000072d200000, 0x000000072d200000|100%| E|CS|TAMS 0x000000072d000000| PB 0x000000072d000000| Complete |  0
|  98|0x000000072d200000, 0x000000072d400000, 0x000000072d400000|100%| E|CS|TAMS 0x000000072d200000| PB 0x000000072d200000| Complete |  0
|  99|0x000000072d400000, 0x000000072d600000, 0x000000072d600000|100%| E|CS|TAMS 0x000000072d400000| PB 0x000000072d400000| Complete |  0
| 100|0x000000072d600000, 0x000000072d800000, 0x000000072d800000|100%| E|CS|TAMS 0x000000072d600000| PB 0x000000072d600000| Complete |  0
| 101|0x000000072d800000, 0x000000072da00000, 0x000000072da00000|100%| E|CS|TAMS 0x000000072d800000| PB 0x000000072d800000| Complete |  0
| 102|0x000000072da00000, 0x000000072dc00000, 0x000000072dc00000|100%| E|CS|TAMS 0x000000072da00000| PB 0x000000072da00000| Complete |  0
| 103|0x000000072dc00000, 0x000000072de00000, 0x000000072de00000|100%| E|CS|TAMS 0x000000072dc00000| PB 0x000000072dc00000| Complete |  0
| 104|0x000000072de00000, 0x000000072e000000, 0x000000072e000000|100%| E|CS|TAMS 0x000000072de00000| PB 0x000000072de00000| Complete |  0
| 105|0x000000072e000000, 0x000000072e200000, 0x000000072e200000|100%| E|CS|TAMS 0x000000072e000000| PB 0x000000072e000000| Complete |  0
| 106|0x000000072e200000, 0x000000072e400000, 0x000000072e400000|100%| E|CS|TAMS 0x000000072e200000| PB 0x000000072e200000| Complete |  0
| 107|0x000000072e400000, 0x000000072e600000, 0x000000072e600000|100%| E|CS|TAMS 0x000000072e400000| PB 0x000000072e400000| Complete |  0
| 108|0x000000072e600000, 0x000000072e800000, 0x000000072e800000|100%| E|CS|TAMS 0x000000072e600000| PB 0x000000072e600000| Complete |  0
| 109|0x000000072e800000, 0x000000072ea00000, 0x000000072ea00000|100%| E|CS|TAMS 0x000000072e800000| PB 0x000000072e800000| Complete |  0
| 110|0x000000072ea00000, 0x000000072ec00000, 0x000000072ec00000|100%| E|CS|TAMS 0x000000072ea00000| PB 0x000000072ea00000| Complete |  0
| 111|0x000000072ec00000, 0x000000072ee00000, 0x000000072ee00000|100%| E|CS|TAMS 0x000000072ec00000| PB 0x000000072ec00000| Complete |  0

Card table byte_map: [0x0000019b65dd0000,0x0000019b664d0000] _byte_map_base: 0x0000019b624c9000

Marking Bits: (CMBitMap*) 0x0000019b4dcd1660
 Bits: [0x0000019b664d0000, 0x0000019b69c98000)

Polling page: 0x0000019b4bb10000

Metaspace:

Usage:
  Non-class:     16.18 MB used.
      Class:      2.06 MB used.
       Both:     18.25 MB used.

Virtual space:
  Non-class space:       64.00 MB reserved,      16.38 MB ( 26%) committed,  1 nodes.
      Class space:        1.00 GB reserved,       2.19 MB ( <1%) committed,  1 nodes.
             Both:        1.06 GB reserved,      18.56 MB (  2%) committed. 

Chunk freelists:
   Non-Class:  15.00 MB
       Class:  13.66 MB
        Both:  28.66 MB

MaxMetaspaceSize: unlimited
CompressedClassSpaceSize: 1.00 GB
Initial GC threshold: 21.00 MB
Current GC threshold: 21.00 MB
CDS: on
 - commit_granule_bytes: 65536.
 - commit_granule_words: 8192.
 - virtual_space_node_default_size: 8388608.
 - enlarge_chunks_in_place: 1.
 - use_allocation_guard: 0.


Internal statistics:

num_allocs_failed_limit: 0.
num_arena_births: 212.
num_arena_deaths: 0.
num_vsnodes_births: 2.
num_vsnodes_deaths: 0.
num_space_committed: 297.
num_space_uncommitted: 0.
num_chunks_returned_to_freelist: 0.
num_chunks_taken_from_freelist: 434.
num_chunk_merges: 0.
num_chunk_splits: 279.
num_chunks_enlarged: 179.
num_inconsistent_stats: 0.

CodeHeap 'non-profiled nmethods': size=120064Kb used=1074Kb max_used=1074Kb free=118989Kb
 bounds [0x0000019b5de60000, 0x0000019b5e0d0000, 0x0000019b653a0000]
CodeHeap 'profiled nmethods': size=120000Kb used=4647Kb max_used=4647Kb free=115352Kb
 bounds [0x0000019b563a0000, 0x0000019b56830000, 0x0000019b5d8d0000]
CodeHeap 'non-nmethods': size=5696Kb used=1757Kb max_used=1795Kb free=3938Kb
 bounds [0x0000019b5d8d0000, 0x0000019b5db40000, 0x0000019b5de60000]
CodeCache: size=245760Kb, used=7478Kb, max_used=7516Kb, free=238279Kb
 total_blobs=3899, nmethods=3095, adapters=709, full_count=0
Compilation: enabled, stopped_count=0, restarted_count=0

Compilation events (20 events):
Event: 48.751 Thread 0x0000019b6c6e2830 3085       4       sun.awt.AWTAutoShutdown::notifyToolkitThreadFree (8 bytes)
Event: 48.753 Thread 0x0000019b6c6e2830 nmethod 3085 0x0000019b5df6b788 code [0x0000019b5df6b8c0, 0x0000019b5df6bdb0]
Event: 48.784 Thread 0x0000019b6c6e2830 3086       4       java.security.AccessControlContext::combine (205 bytes)
Event: 48.784 Thread 0x0000019b6c6e32e0 3087       3       java.awt.event.InputEvent$1::canAccessSystemClipboard (5 bytes)
Event: 48.784 Thread 0x0000019b6c6e32e0 nmethod 3087 0x0000019b56826088 code [0x0000019b568261a0, 0x0000019b568262b8]
Event: 48.793 Thread 0x0000019b6c6e2830 nmethod 3086 0x0000019b5df6be08 code [0x0000019b5df6bf40, 0x0000019b5df6c868]
Event: 48.972 Thread 0x0000019b6c6e32e0 3088       3       sun.java2d.SunGraphics2D::setTransform (53 bytes)
Event: 48.972 Thread 0x0000019b6c6e32e0 nmethod 3088 0x0000019b56826388 code [0x0000019b568264e0, 0x0000019b568267a0]
Event: 48.972 Thread 0x0000019b6c6e32e0 3089       3       java.awt.geom.AffineTransform::setToTranslation (66 bytes)
Event: 48.972 Thread 0x0000019b6c6e32e0 nmethod 3089 0x0000019b56826808 code [0x0000019b56826920, 0x0000019b56826b60]
Event: 49.213 Thread 0x0000019b6c6e2830 3090       4       java.util.HashMap::afterNodeRemoval (1 bytes)
Event: 49.213 Thread 0x0000019b6c6e2830 nmethod 3090 0x0000019b5df6c888 code [0x0000019b5df6c980, 0x0000019b5df6c9f8]
Event: 49.691 Thread 0x0000019b6c6e32e0 3091       3       javax.swing.JComponent::removeNotify (55 bytes)
Event: 49.692 Thread 0x0000019b6c6e32e0 nmethod 3091 0x0000019b56826b88 code [0x0000019b56826d80, 0x0000019b56827718]
Event: 49.692 Thread 0x0000019b6c6e32e0 3092       3       javax.swing.JComponent::unregisterWithKeyboardManager (63 bytes)
Event: 49.692 Thread 0x0000019b6c6e32e0 nmethod 3092 0x0000019b56827808 code [0x0000019b568279c0, 0x0000019b56828250]
Event: 49.693 Thread 0x0000019b6c6e32e0 3093       3       javax.swing.JComponent::deregisterNextFocusableComponent (53 bytes)
Event: 49.693 Thread 0x0000019b6c6e32e0 nmethod 3093 0x0000019b56828288 code [0x0000019b56828440, 0x0000019b56828d30]
Event: 51.324 Thread 0x0000019b6c6e32e0 3094       3       java.awt.image.DataBuffer::getDataTypeSize (29 bytes)
Event: 51.324 Thread 0x0000019b6c6e32e0 nmethod 3094 0x0000019b56828d88 code [0x0000019b56828ec0, 0x0000019b56829158]

GC Heap History (12 events):
Event: 20.617 GC heap before
{Heap before GC invocations=0 (full 0):
 garbage-first heap   total reserved 3655680K, committed 229376K, used 22528K [0x0000000720e00000, 0x0000000800000000)
  region size 2048K, 12 young (24576K), 0 survivors (0K)
 Metaspace       used 16113K, committed 16320K, reserved 1114112K
  class space    used 1862K, committed 1984K, reserved 1048576K
}
Event: 20.624 GC heap after
{Heap after GC invocations=1 (full 0):
 garbage-first heap   total reserved 3655680K, committed 229376K, used 6288K [0x0000000720e00000, 0x0000000800000000)
  region size 2048K, 2 young (4096K), 2 survivors (4096K)
 Metaspace       used 16113K, committed 16320K, reserved 1114112K
  class space    used 1862K, committed 1984K, reserved 1048576K
}
Event: 22.570 GC heap before
{Heap before GC invocations=1 (full 0):
 garbage-first heap   total reserved 3655680K, committed 229376K, used 24720K [0x0000000720e00000, 0x0000000800000000)
  region size 2048K, 12 young (24576K), 2 survivors (4096K)
 Metaspace       used 17669K, committed 17920K, reserved 1114112K
  class space    used 2045K, committed 2176K, reserved 1048576K
}
Event: 22.575 GC heap after
{Heap after GC invocations=2 (full 0):
 garbage-first heap   total reserved 3655680K, committed 229376K, used 13188K [0x0000000720e00000, 0x0000000800000000)
  region size 2048K, 2 young (4096K), 2 survivors (4096K)
 Metaspace       used 17669K, committed 17920K, reserved 1114112K
  class space    used 2045K, committed 2176K, reserved 1048576K
}
Event: 26.332 GC heap before
{Heap before GC invocations=2 (full 0):
 garbage-first heap   total reserved 3655680K, committed 229376K, used 64388K [0x0000000720e00000, 0x0000000800000000)
  region size 2048K, 28 young (57344K), 2 survivors (4096K)
 Metaspace       used 18301K, committed 18560K, reserved 1114112K
  class space    used 2110K, committed 2240K, reserved 1048576K
}
Event: 26.335 GC heap after
{Heap after GC invocations=3 (full 0):
 garbage-first heap   total reserved 3655680K, committed 229376K, used 19332K [0x0000000720e00000, 0x0000000800000000)
  region size 2048K, 4 young (8192K), 4 survivors (8192K)
 Metaspace       used 18301K, committed 18560K, reserved 1114112K
  class space    used 2110K, committed 2240K, reserved 1048576K
}
Event: 28.140 GC heap before
{Heap before GC invocations=3 (full 0):
 garbage-first heap   total reserved 3655680K, committed 229376K, used 82820K [0x0000000720e00000, 0x0000000800000000)
  region size 2048K, 36 young (73728K), 4 survivors (8192K)
 Metaspace       used 18383K, committed 18624K, reserved 1114112K
  class space    used 2110K, committed 2240K, reserved 1048576K
}
Event: 28.144 GC heap after
{Heap after GC invocations=4 (full 0):
 garbage-first heap   total reserved 3655680K, committed 229376K, used 22280K [0x0000000720e00000, 0x0000000800000000)
  region size 2048K, 5 young (10240K), 5 survivors (10240K)
 Metaspace       used 18383K, committed 18624K, reserved 1114112K
  class space    used 2110K, committed 2240K, reserved 1048576K
}
Event: 33.364 GC heap before
{Heap before GC invocations=4 (full 0):
 garbage-first heap   total reserved 3655680K, committed 229376K, used 116488K [0x0000000720e00000, 0x0000000800000000)
  region size 2048K, 52 young (106496K), 5 survivors (10240K)
 Metaspace       used 18498K, committed 18752K, reserved 1114112K
  class space    used 2110K, committed 2240K, reserved 1048576K
}
Event: 33.368 GC heap after
{Heap after GC invocations=5 (full 0):
 garbage-first heap   total reserved 3655680K, committed 229376K, used 25230K [0x0000000720e00000, 0x0000000800000000)
  region size 2048K, 7 young (14336K), 7 survivors (14336K)
 Metaspace       used 18498K, committed 18752K, reserved 1114112K
  class space    used 2110K, committed 2240K, reserved 1048576K
}
Event: 40.908 GC heap before
{Heap before GC invocations=5 (full 0):
 garbage-first heap   total reserved 3655680K, committed 229376K, used 135822K [0x0000000720e00000, 0x0000000800000000)
  region size 2048K, 62 young (126976K), 7 survivors (14336K)
 Metaspace       used 18606K, committed 18880K, reserved 1114112K
  class space    used 2114K, committed 2240K, reserved 1048576K
}
Event: 40.912 GC heap after
{Heap after GC invocations=6 (full 0):
 garbage-first heap   total reserved 3655680K, committed 229376K, used 27276K [0x0000000720e00000, 0x0000000800000000)
  region size 2048K, 8 young (16384K), 8 survivors (16384K)
 Metaspace       used 18606K, committed 18880K, reserved 1114112K
  class space    used 2114K, committed 2240K, reserved 1048576K
}

Dll operation events (19 events):
Event: 0.011 Loaded shared library D:\Viola Yosevi\Application\Java\jdk-23\bin\java.dll
Event: 0.046 Loaded shared library D:\Viola Yosevi\Application\Java\jdk-23\bin\jsvml.dll
Event: 0.087 Loaded shared library D:\Viola Yosevi\Application\Java\jdk-23\bin\net.dll
Event: 0.090 Loaded shared library D:\Viola Yosevi\Application\Java\jdk-23\bin\nio.dll
Event: 0.117 Loaded shared library D:\Viola Yosevi\Application\Java\jdk-23\bin\zip.dll
Event: 0.164 Loaded shared library D:\Viola Yosevi\Application\Java\jdk-23\bin\jimage.dll
Event: 0.181 Loaded shared library D:\Viola Yosevi\Application\Java\jdk-23\bin\awt.dll
Event: 0.357 Loaded shared library D:\Viola Yosevi\Application\Java\jdk-23\bin\freetype.dll
Event: 0.358 Loaded shared library D:\Viola Yosevi\Application\Java\jdk-23\bin\fontmanager.dll
Event: 0.690 Loaded shared library D:\Viola Yosevi\Application\Java\jdk-23\bin\verify.dll
Event: 1.090 Loaded shared library D:\Viola Yosevi\Application\Java\jdk-23\bin\extnet.dll
Event: 20.733 Loaded shared library C:\Users\user\AppData\Local\Temp\javacpp100836351272400\msvcr100.dll
Event: 20.751 Loaded shared library C:\Users\user\AppData\Local\Temp\javacpp100836351272400\msvcp100.dll
Event: 21.018 Loaded shared library C:\Users\user\AppData\Local\Temp\javacpp100836351272400\opencv_ffmpeg248_64.dll
Event: 21.060 Loaded shared library C:\Users\user\AppData\Local\Temp\javacpp100836351272400\opencv_core248.dll
Event: 21.098 Loaded shared library C:\Users\user\AppData\Local\Temp\javacpp100836351272400\opencv_imgproc248.dll
Event: 21.144 Loaded shared library C:\Users\user\AppData\Local\Temp\javacpp100836351272400\opencv_highgui248.dll
Event: 21.153 Loaded shared library C:\Users\user\AppData\Local\Temp\javacpp100836351272400\jniopencv_highgui.dll
Event: 21.691 Loaded shared library C:\Users\user\AppData\Local\Temp\javacpp100836351272400\jniopencv_core.dll

Deoptimization events (20 events):
Event: 28.160 Thread 0x0000019b450e3500 DEOPT PACKING pc=0x0000019b5df28e44 sp=0x0000005d6b7fd600
Event: 28.160 Thread 0x0000019b450e3500 DEOPT UNPACKING pc=0x0000019b5d924402 sp=0x0000005d6b7fd5e8 mode 2
Event: 28.160 Thread 0x0000019b450e3500 Uncommon trap: trap_request=0xffffffbe fr.pc=0x0000019b5df2cacc relative=0x00000000000006ec
Event: 28.160 Thread 0x0000019b450e3500 Uncommon trap: reason=profile_predicate action=maybe_recompile pc=0x0000019b5df2cacc method=java.awt.LinearGradientPaintContext.fillRaster([IIIIIII)V @ 53 c2
Event: 28.160 Thread 0x0000019b450e3500 DEOPT PACKING pc=0x0000019b5df2cacc sp=0x0000005d6b7fd620
Event: 28.160 Thread 0x0000019b450e3500 DEOPT UNPACKING pc=0x0000019b5d924402 sp=0x0000005d6b7fd5d8 mode 2
Event: 28.160 Thread 0x0000019b450e3500 Uncommon trap: trap_request=0xffffffbe fr.pc=0x0000019b5df28e44 relative=0x0000000000000844
Event: 28.160 Thread 0x0000019b450e3500 Uncommon trap: reason=profile_predicate action=maybe_recompile pc=0x0000019b5df28e44 method=java.awt.LinearGradientPaintContext.fillRaster([IIIIIII)V @ 50 c2
Event: 28.160 Thread 0x0000019b450e3500 DEOPT PACKING pc=0x0000019b5df28e44 sp=0x0000005d6b7fd600
Event: 28.160 Thread 0x0000019b450e3500 DEOPT UNPACKING pc=0x0000019b5d924402 sp=0x0000005d6b7fd5e8 mode 2
Event: 29.967 Thread 0x0000019b450e3500 DEOPT PACKING pc=0x0000019b56640eea sp=0x0000005d6b7fcb20
Event: 29.967 Thread 0x0000019b450e3500 DEOPT UNPACKING pc=0x0000019b5d924b22 sp=0x0000005d6b7fbfa8 mode 0
Event: 29.990 Thread 0x0000019b450e3500 DEOPT PACKING pc=0x0000019b5670c5ef sp=0x0000005d6b7fcbe0
Event: 29.990 Thread 0x0000019b450e3500 DEOPT UNPACKING pc=0x0000019b5d924b22 sp=0x0000005d6b7fbfd8 mode 0
Event: 31.694 Thread 0x0000019b450e3500 DEOPT PACKING pc=0x0000019b56778bd0 sp=0x0000005d6b7fdea0
Event: 31.694 Thread 0x0000019b450e3500 DEOPT UNPACKING pc=0x0000019b5d924b22 sp=0x0000005d6b7fd370 mode 0
Event: 31.782 Thread 0x0000019b450e3500 DEOPT PACKING pc=0x0000019b56634708 sp=0x0000005d6b7fce60
Event: 31.782 Thread 0x0000019b450e3500 DEOPT UNPACKING pc=0x0000019b5d924b22 sp=0x0000005d6b7fc258 mode 0
Event: 32.822 Thread 0x0000019b450e3500 DEOPT PACKING pc=0x0000019b56627639 sp=0x0000005d6b7fd5d0
Event: 32.822 Thread 0x0000019b450e3500 DEOPT UNPACKING pc=0x0000019b5d924b22 sp=0x0000005d6b7fc958 mode 0

Classes loaded (20 events):
Event: 22.683 Loading class sun/awt/ModalExclude done
Event: 22.684 Loading class javax/swing/JWindow
Event: 22.684 Loading class javax/swing/JWindow done
Event: 22.684 Loading class javax/swing/Popup$HeavyWeightWindow done
Event: 22.719 Loading class javax/swing/plaf/synth/SynthGraphicsUtils$SynthIconWrapper
Event: 22.719 Loading class javax/swing/plaf/synth/SynthGraphicsUtils$SynthIconWrapper done
Event: 22.719 Loading class javax/swing/plaf/nimbus/OptionPanePainter
Event: 22.719 Loading class javax/swing/plaf/nimbus/OptionPanePainter done
Event: 22.721 Loading class java/awt/geom/EllipseIterator
Event: 22.722 Loading class java/awt/geom/EllipseIterator done
Event: 24.327 Loading class java/awt/KeyboardFocusManager$2
Event: 24.327 Loading class java/awt/KeyboardFocusManager$2 done
Event: 24.327 Loading class sun/awt/SunToolkit$1
Event: 24.328 Loading class sun/awt/SunToolkit$1 done
Event: 25.683 Loading class javax/swing/Timer$1
Event: 25.683 Loading class javax/swing/Timer$1 done
Event: 25.683 Loading class java/awt/Window$1DisposeAction
Event: 25.683 Loading class java/awt/Window$1DisposeAction done
Event: 38.521 Loading class java/awt/Scrollbar
Event: 38.521 Loading class java/awt/Scrollbar done

Classes unloaded (0 events):
No events

Classes redefined (0 events):
No events

Internal exceptions (20 events):
Event: 0.667 Thread 0x0000019b450e3500 Exception <a 'java/lang/ClassNotFoundException'{0x000000072e4867a0}: com/sun/swing/internal/plaf/synth/resources/spi/synthProvider> (0x000000072e4867a0) 
thrown [s\open\src\hotspot\share\classfile\systemDictionary.cpp, line 313]
Event: 0.686 Thread 0x0000019b450e3500 Exception <a 'java/lang/NoSuchMethodError'{0x000000072e4ca250}: 'int java.lang.invoke.Invokers$Holder.invokeExact_MT(java.lang.Object, java.lang.Object)'> (0x000000072e4ca250) 
thrown [s\open\src\hotspot\share\interpreter\linkResolver.cpp, line 796]
Event: 0.695 Thread 0x0000019b450e3500 Exception <a 'java/lang/NoSuchMethodError'{0x000000072e4e4e40}: 'void java.lang.invoke.DirectMethodHandle$Holder.invokeStatic(java.lang.Object, java.lang.Object)'> (0x000000072e4e4e40) 
thrown [s\open\src\hotspot\share\interpreter\linkResolver.cpp, line 796]
Event: 0.701 Thread 0x0000019b450e3500 Exception <a 'java/lang/NoSuchMethodError'{0x000000072e4f0bf0}: 'java.lang.Object java.lang.invoke.DirectMethodHandle$Holder.newInvokeSpecial(java.lang.Object, java.lang.Object, int)'> (0x000000072e4f0bf0) 
thrown [s\open\src\hotspot\share\interpreter\linkResolver.cpp, line 796]
Event: 0.703 Thread 0x0000019b450e3500 Exception <a 'java/lang/NoSuchMethodError'{0x000000072e505180}: 'java.lang.Object java.lang.invoke.DirectMethodHandle$Holder.invokeStatic(java.lang.Object, java.lang.Object, java.lang.Object, java.lang.Object, int)'> (0x000000072e505180) 
thrown [s\open\src\hotspot\share\interpreter\linkResolver.cpp, line 796]
Event: 0.705 Thread 0x0000019b450e3500 Exception <a 'java/lang/NoSuchMethodError'{0x000000072e510b78}: 'int java.lang.invoke.DirectMethodHandle$Holder.invokeSpecial(java.lang.Object, java.lang.Object, java.lang.Object)'> (0x000000072e510b78) 
thrown [s\open\src\hotspot\share\interpreter\linkResolver.cpp, line 796]
Event: 0.798 Thread 0x0000019b450e27e0 Exception <a 'java/lang/NoSuchMethodError'{0x000000072e97f800}: 'void java.lang.invoke.DirectMethodHandle$Holder.invokeVirtual(java.lang.Object, java.lang.Object)'> (0x000000072e97f800) 
thrown [s\open\src\hotspot\share\interpreter\linkResolver.cpp, line 796]
Event: 0.815 Thread 0x0000019b450e3500 Exception <a 'java/lang/NoSuchMethodError'{0x000000072e5cb5e8}: 'void java.lang.invoke.DirectMethodHandle$Holder.invokeStaticInit(java.lang.Object)'> (0x000000072e5cb5e8) 
thrown [s\open\src\hotspot\share\interpreter\linkResolver.cpp, line 796]
Event: 0.974 Thread 0x0000019b450e3500 Exception <a 'java/lang/NoSuchMethodError'{0x000000072e3fd518}: 'java.lang.Object java.lang.invoke.DirectMethodHandle$Holder.invokeInterface(java.lang.Object, java.lang.Object)'> (0x000000072e3fd518) 
thrown [s\open\src\hotspot\share\interpreter\linkResolver.cpp, line 796]
Event: 1.000 Thread 0x0000019b450e3500 Exception <a 'java/lang/NoSuchMethodError'{0x000000072e0905a0}: 'java.lang.Object java.lang.invoke.DirectMethodHandle$Holder.invokeVirtual(java.lang.Object, java.lang.Object, java.lang.Object)'> (0x000000072e0905a0) 
thrown [s\open\src\hotspot\share\interpreter\linkResolver.cpp, line 796]
Event: 20.607 Thread 0x0000019b6efaa3d0 Exception <a 'java/lang/NoSuchMethodError'{0x000000072d7ba168}: 'int java.lang.invoke.DirectMethodHandle$Holder.invokeStaticInit(java.lang.Object, java.lang.Object, java.lang.Object, java.lang.Object)'> (0x000000072d7ba168) 
thrown [s\open\src\hotspot\share\interpreter\linkResolver.cpp, line 796]
Event: 20.608 Thread 0x0000019b6efaa3d0 Exception <a 'java/lang/IncompatibleClassChangeError'{0x000000072d7c22f8}: Found class java.lang.Object, but interface was expected> (0x000000072d7c22f8) 
thrown [s\open\src\hotspot\share\interpreter\linkResolver.cpp, line 863]
Event: 20.609 Thread 0x0000019b6efaa3d0 Exception <a 'java/lang/NoSuchMethodError'{0x000000072d7c4b30}: 'void java.lang.invoke.DirectMethodHandle$Holder.invokeStaticInit(java.lang.Object, java.lang.Object)'> (0x000000072d7c4b30) 
thrown [s\open\src\hotspot\share\interpreter\linkResolver.cpp, line 796]
Event: 20.610 Thread 0x0000019b6efaa3d0 Exception <a 'java/lang/NoSuchMethodError'{0x000000072d7c9d78}: 'int java.lang.invoke.DirectMethodHandle$Holder.invokeStaticInit(java.lang.Object, java.lang.Object)'> (0x000000072d7c9d78) 
thrown [s\open\src\hotspot\share\interpreter\linkResolver.cpp, line 796]
Event: 20.662 Thread 0x0000019b6efaa3d0 Exception <a 'java/lang/NoSuchMethodError'{0x000000072ec5ec40}: 'void java.lang.invoke.DirectMethodHandle$Holder.invokeStatic(java.lang.Object, int, java.lang.Object)'> (0x000000072ec5ec40) 
thrown [s\open\src\hotspot\share\interpreter\linkResolver.cpp, line 796]
Event: 28.159 Thread 0x0000019b450e3500 Implicit null exception at 0x0000019b5df2c4cf to 0x0000019b5df2ca91
Event: 28.160 Thread 0x0000019b450e3500 Implicit null exception at 0x0000019b5df286e1 to 0x0000019b5df28dfc
Event: 28.160 Thread 0x0000019b450e3500 Implicit null exception at 0x0000019b5df286e1 to 0x0000019b5df28dfc
Event: 28.160 Thread 0x0000019b450e3500 Implicit null exception at 0x0000019b5df2c4cf to 0x0000019b5df2ca91
Event: 28.160 Thread 0x0000019b450e3500 Implicit null exception at 0x0000019b5df286e1 to 0x0000019b5df28dfc

VM Operations (20 events):
Event: 1.465 Executing VM operation: HandshakeAllThreads (Deoptimize)
Event: 1.465 Executing VM operation: HandshakeAllThreads (Deoptimize) done
Event: 1.507 Executing VM operation: HandshakeAllThreads (Deoptimize)
Event: 1.507 Executing VM operation: HandshakeAllThreads (Deoptimize) done
Event: 20.559 Executing VM operation: HandshakeAllThreads (Deoptimize)
Event: 20.560 Executing VM operation: HandshakeAllThreads (Deoptimize) done
Event: 20.570 Executing VM operation: HandshakeAllThreads (Deoptimize)
Event: 20.570 Executing VM operation: HandshakeAllThreads (Deoptimize) done
Event: 20.617 Executing VM operation: G1CollectForAllocation (G1 Evacuation Pause)
Event: 20.624 Executing VM operation: G1CollectForAllocation (G1 Evacuation Pause) done
Event: 22.570 Executing VM operation: G1CollectForAllocation (G1 Evacuation Pause)
Event: 22.575 Executing VM operation: G1CollectForAllocation (G1 Evacuation Pause) done
Event: 26.332 Executing VM operation: G1CollectForAllocation (G1 Evacuation Pause)
Event: 26.335 Executing VM operation: G1CollectForAllocation (G1 Evacuation Pause) done
Event: 28.140 Executing VM operation: G1CollectForAllocation (G1 Evacuation Pause)
Event: 28.144 Executing VM operation: G1CollectForAllocation (G1 Evacuation Pause) done
Event: 33.364 Executing VM operation: G1CollectForAllocation (G1 Evacuation Pause)
Event: 33.368 Executing VM operation: G1CollectForAllocation (G1 Evacuation Pause) done
Event: 40.908 Executing VM operation: G1CollectForAllocation (G1 Evacuation Pause)
Event: 40.912 Executing VM operation: G1CollectForAllocation (G1 Evacuation Pause) done

Memory protections (0 events):
No events

Nmethod flushes (0 events):
No events

Events (20 events):
Event: 0.115 Thread 0x0000019b6c6e32e0 Thread added: 0x0000019b451a3ea0
Event: 0.271 Thread 0x0000019b4b9d23c0 Thread added: 0x0000019b450e2150
Event: 0.273 Thread 0x0000019b4b9d23c0 Thread added: 0x0000019b450e0da0
Event: 0.275 Thread 0x0000019b4b9d23c0 Thread added: 0x0000019b450e27e0
Event: 0.418 Thread 0x0000019b4b9d23c0 Thread added: 0x0000019b450e3500
Event: 0.419 Thread 0x0000019b4b9d23c0 Thread exited: 0x0000019b4b9d23c0
Event: 0.419 Thread 0x0000019b450e3b90 Thread added: 0x0000019b450e3b90
Event: 0.663 Thread 0x0000019b451a3ea0 Thread exited: 0x0000019b451a3ea0
Event: 0.754 Thread 0x0000019b6c6e32e0 Thread added: 0x0000019b45cbf480
Event: 0.927 Thread 0x0000019b450e3500 Thread added: 0x0000019b450e1430
Event: 1.269 Thread 0x0000019b450e3500 Thread added: 0x0000019b6efab0f0
Event: 1.358 Thread 0x0000019b450e3500 Thread added: 0x0000019b6efacb30
Event: 1.396 Thread 0x0000019b45cbf480 Thread exited: 0x0000019b45cbf480
Event: 20.600 Thread 0x0000019b450e3500 Thread added: 0x0000019b6efaa3d0
Event: 22.592 Thread 0x0000019b6c6e2830 Thread added: 0x0000019b6f1d8da0
Event: 22.592 Thread 0x0000019b6c6e2830 Thread added: 0x0000019b6e9d90a0
Event: 23.071 Thread 0x0000019b6f1d8da0 Thread exited: 0x0000019b6f1d8da0
Event: 23.071 Thread 0x0000019b6e9d90a0 Thread exited: 0x0000019b6e9d90a0
Event: 29.992 Thread 0x0000019b6c6e32e0 Thread added: 0x0000019b6ea3e7b0
Event: 30.374 Thread 0x0000019b6ea3e7b0 Thread exited: 0x0000019b6ea3e7b0


Dynamic libraries:
0x00007ff6f4d80000 - 0x00007ff6f4d90000 	D:\Viola Yosevi\Application\Java\jdk-23\bin\java.exe
0x00007ff9ddfb0000 - 0x00007ff9de1c7000 	C:\WINDOWS\SYSTEM32\ntdll.dll
0x00007ff9a7700000 - 0x00007ff9a771a000 	C:\Program Files\Avast Software\Avast\aswhook.dll
0x00007ff9dc130000 - 0x00007ff9dc1f4000 	C:\WINDOWS\System32\KERNEL32.DLL
0x00007ff9db3a0000 - 0x00007ff9db75a000 	C:\WINDOWS\System32\KERNELBASE.dll
0x00007ff9db950000 - 0x00007ff9dba61000 	C:\WINDOWS\System32\ucrtbase.dll
0x00007ff9c7a60000 - 0x00007ff9c7a7b000 	D:\Viola Yosevi\Application\Java\jdk-23\bin\VCRUNTIME140.dll
0x00007ff9d6f40000 - 0x00007ff9d6f57000 	D:\Viola Yosevi\Application\Java\jdk-23\bin\jli.dll
0x00007ff9dd260000 - 0x00007ff9dd40e000 	C:\WINDOWS\System32\USER32.dll
0x00007ff9c85f0000 - 0x00007ff9c8882000 	C:\WINDOWS\WinSxS\amd64_microsoft.windows.common-controls_6595b64144ccf1df_6.0.22621.4541_none_2710d1c57384c085\COMCTL32.dll
0x00007ff9dbb90000 - 0x00007ff9dbbb6000 	C:\WINDOWS\System32\win32u.dll
0x00007ff9dcc20000 - 0x00007ff9dccc7000 	C:\WINDOWS\System32\msvcrt.dll
0x00007ff9dcf00000 - 0x00007ff9dcf29000 	C:\WINDOWS\System32\GDI32.dll
0x00007ff9db280000 - 0x00007ff9db39b000 	C:\WINDOWS\System32\gdi32full.dll
0x00007ff9dba70000 - 0x00007ff9dbb0a000 	C:\WINDOWS\System32\msvcp_win.dll
0x00007ff9dd470000 - 0x00007ff9dd4a1000 	C:\WINDOWS\System32\IMM32.DLL
0x00007ff9c53f0000 - 0x00007ff9c53fc000 	D:\Viola Yosevi\Application\Java\jdk-23\bin\vcruntime140_1.dll
0x00007ff979860000 - 0x00007ff9798ee000 	D:\Viola Yosevi\Application\Java\jdk-23\bin\msvcp140.dll
0x00007ff9780e0000 - 0x00007ff978e2f000 	D:\Viola Yosevi\Application\Java\jdk-23\bin\server\jvm.dll
0x00007ff9dc510000 - 0x00007ff9dc5c2000 	C:\WINDOWS\System32\ADVAPI32.dll
0x00007ff9dd060000 - 0x00007ff9dd107000 	C:\WINDOWS\System32\sechost.dll
0x00007ff9dbc80000 - 0x00007ff9dbca8000 	C:\WINDOWS\System32\bcrypt.dll
0x00007ff9dc200000 - 0x00007ff9dc314000 	C:\WINDOWS\System32\RPCRT4.dll
0x00007ff9dd1e0000 - 0x00007ff9dd251000 	C:\WINDOWS\System32\WS2_32.dll
0x00007ff9d6400000 - 0x00007ff9d6434000 	C:\WINDOWS\SYSTEM32\WINMM.dll
0x00007ff9db150000 - 0x00007ff9db19d000 	C:\WINDOWS\SYSTEM32\POWRPROF.dll
0x00007ff9d3720000 - 0x00007ff9d372a000 	C:\WINDOWS\SYSTEM32\VERSION.dll
0x00007ff9db130000 - 0x00007ff9db143000 	C:\WINDOWS\SYSTEM32\UMPDC.dll
0x00007ff9da290000 - 0x00007ff9da2a8000 	C:\WINDOWS\SYSTEM32\kernel.appcore.dll
0x00007ff9c53c0000 - 0x00007ff9c53ca000 	D:\Viola Yosevi\Application\Java\jdk-23\bin\jimage.dll
0x00007ff9cfde0000 - 0x00007ff9d0012000 	C:\WINDOWS\SYSTEM32\DBGHELP.DLL
0x00007ff9dc5d0000 - 0x00007ff9dc95f000 	C:\WINDOWS\System32\combase.dll
0x00007ff9dcdd0000 - 0x00007ff9dcea7000 	C:\WINDOWS\System32\OLEAUT32.dll
0x00007ff9cf700000 - 0x00007ff9cf732000 	C:\WINDOWS\SYSTEM32\dbgcore.DLL
0x00007ff9dbb10000 - 0x00007ff9dbb8b000 	C:\WINDOWS\System32\bcryptPrimitives.dll
0x00007ff9c53d0000 - 0x00007ff9c53ee000 	D:\Viola Yosevi\Application\Java\jdk-23\bin\java.dll
0x00007ff9dc960000 - 0x00007ff9dcb05000 	C:\WINDOWS\System32\ole32.dll
0x00007ff9dd6f0000 - 0x00007ff9ddf68000 	C:\WINDOWS\System32\SHELL32.dll
0x00007ff9d9170000 - 0x00007ff9d9a78000 	C:\WINDOWS\SYSTEM32\windows.storage.dll
0x00007ff9d9030000 - 0x00007ff9d916f000 	C:\WINDOWS\SYSTEM32\wintypes.dll
0x00007ff9dccd0000 - 0x00007ff9dcdca000 	C:\WINDOWS\System32\SHCORE.dll
0x00007ff9dd410000 - 0x00007ff9dd46e000 	C:\WINDOWS\System32\shlwapi.dll
0x00007ff9db1b0000 - 0x00007ff9db1db000 	C:\WINDOWS\SYSTEM32\profapi.dll
0x00007ff979df0000 - 0x00007ff979ec7000 	D:\Viola Yosevi\Application\Java\jdk-23\bin\jsvml.dll
0x00007ff9c1b40000 - 0x00007ff9c1b50000 	D:\Viola Yosevi\Application\Java\jdk-23\bin\net.dll
0x00007ff9da710000 - 0x00007ff9da779000 	C:\WINDOWS\system32\mswsock.dll
0x00007ff9a4d30000 - 0x00007ff9a4d46000 	D:\Viola Yosevi\Application\Java\jdk-23\bin\nio.dll
0x00007ff998620000 - 0x00007ff998637000 	D:\Viola Yosevi\Application\Java\jdk-23\bin\zip.dll
0x00007ff9798f0000 - 0x00007ff979a7e000 	D:\Viola Yosevi\Application\Java\jdk-23\bin\awt.dll
0x00007ff9d5720000 - 0x00007ff9d57b7000 	C:\WINDOWS\SYSTEM32\apphelp.dll
0x00007ff9d8720000 - 0x00007ff9d87d1000 	C:\WINDOWS\system32\uxtheme.dll
0x00007ff9dc320000 - 0x00007ff9dc481000 	C:\WINDOWS\System32\MSCTF.dll
0x00007ff9d89b0000 - 0x00007ff9d89db000 	C:\WINDOWS\system32\DWMAPI.DLL
0x00007ff977b40000 - 0x00007ff977bc7000 	D:\Viola Yosevi\Application\Java\jdk-23\bin\freetype.dll
0x00007ff975960000 - 0x00007ff975a37000 	D:\Viola Yosevi\Application\Java\jdk-23\bin\fontmanager.dll
0x00007ff977bd0000 - 0x00007ff977cd0000 	C:\WINDOWS\system32\opengl32.dll
0x00007ff994cb0000 - 0x00007ff994cdd000 	C:\WINDOWS\SYSTEM32\GLU32.dll
0x00007ff9d8840000 - 0x00007ff9d8877000 	C:\WINDOWS\SYSTEM32\dxcore.dll
0x00007ff9cf7d0000 - 0x00007ff9cf978000 	C:\WINDOWS\system32\d3d9.dll
0x00007ff9d31d0000 - 0x00007ff9d3219000 	C:\WINDOWS\SYSTEM32\directxdatabasehelper.dll
0x00007ff9da9f0000 - 0x00007ff9daa02000 	C:\WINDOWS\SYSTEM32\msasn1.dll
0x00007ff9d3690000 - 0x00007ff9d36c2000 	C:\WINDOWS\SYSTEM32\cryptnet.dll
0x00007ff9db7e0000 - 0x00007ff9db946000 	C:\WINDOWS\System32\CRYPT32.dll
0x00007ff9da9b0000 - 0x00007ff9da9bc000 	C:\WINDOWS\SYSTEM32\cryptbase.dll
0x00007ff9db760000 - 0x00007ff9db7d2000 	C:\WINDOWS\System32\WINTRUST.DLL
0x00007ff9dd1c0000 - 0x00007ff9dd1df000 	C:\WINDOWS\System32\imagehlp.dll
0x00007ff9da990000 - 0x00007ff9da9ab000 	C:\WINDOWS\SYSTEM32\CRYPTSP.dll
0x00007ff9da1f0000 - 0x00007ff9da225000 	C:\WINDOWS\system32\rsaenh.dll
0x00007ff9ac370000 - 0x00007ff9ac420000 	C:\WINDOWS\System32\DriverStore\FileRepository\nvam.inf_amd64_4c9ded46d0fbe1f8\nvldumdx.dll
0x00007ff9d3520000 - 0x00007ff9d3682000 	C:\WINDOWS\SYSTEM32\drvstore.dll
0x00007ff9dae50000 - 0x00007ff9dae7c000 	C:\WINDOWS\SYSTEM32\devobj.dll
0x00007ff9dae80000 - 0x00007ff9daece000 	C:\WINDOWS\SYSTEM32\CFGMGR32.dll
0x00007ff9daa60000 - 0x00007ff9daaac000 	C:\WINDOWS\SYSTEM32\wldp.dll
0x00007ff91f310000 - 0x00007ff920a9c000 	C:\WINDOWS\System32\DriverStore\FileRepository\nvam.inf_amd64_4c9ded46d0fbe1f8\nvd3dumx.dll
0x00007ff9973d0000 - 0x00007ff997693000 	C:\WINDOWS\system32\nvspcap64.dll
0x00007ff9da3a0000 - 0x00007ff9da3d4000 	C:\WINDOWS\SYSTEM32\ntmarta.dll
0x00007ff9da7b0000 - 0x00007ff9da7d6000 	C:\WINDOWS\SYSTEM32\gpapi.dll
0x00007ff9cfc00000 - 0x00007ff9cfddb000 	C:\WINDOWS\System32\DriverStore\FileRepository\u0361708.inf_amd64_7de6b99937f60751\B358199\aticfx64.dll
0x00007ff9c4f00000 - 0x00007ff9c4f33000 	C:\WINDOWS\System32\DriverStore\FileRepository\u0361708.inf_amd64_7de6b99937f60751\B358199\atiu9p64.dll
0x00007ff90be30000 - 0x00007ff90cac6000 	C:\WINDOWS\System32\DriverStore\FileRepository\u0361708.inf_amd64_7de6b99937f60751\B358199\atiumd64.dll
0x0000000073180000 - 0x0000000073ffd000 	C:\WINDOWS\System32\DriverStore\FileRepository\u0361708.inf_amd64_7de6b99937f60751\B358199\atiumd6a.dll
0x00007ff9ced60000 - 0x00007ff9ced8f000 	C:\WINDOWS\SYSTEM32\amdihk64.dll
0x00007ff9beb90000 - 0x00007ff9beba0000 	D:\Viola Yosevi\Application\Java\jdk-23\bin\verify.dll
0x00007ff9dd110000 - 0x00007ff9dd1c0000 	C:\WINDOWS\System32\clbcatq.dll
0x00007ff9d8540000 - 0x00007ff9d86f0000 	C:\WINDOWS\SYSTEM32\WindowsCodecs.dll
0x00007ff9c4df0000 - 0x00007ff9c4e4e000 	C:\WINDOWS\system32\dataexchange.dll
0x00007ff9d1000000 - 0x00007ff9d12a4000 	C:\WINDOWS\system32\twinapi.appcore.dll
0x00007ff9d9d10000 - 0x00007ff9d9e12000 	C:\WINDOWS\SYSTEM32\DNSAPI.dll
0x00007ff9d9ce0000 - 0x00007ff9d9d0d000 	C:\WINDOWS\SYSTEM32\IPHLPAPI.DLL
0x00007ff9dd040000 - 0x00007ff9dd049000 	C:\WINDOWS\System32\NSI.dll
0x00007ff9d6900000 - 0x00007ff9d690a000 	C:\Windows\System32\rasadhlp.dll
0x00007ff9d2c20000 - 0x00007ff9d2ca3000 	C:\WINDOWS\System32\fwpuclnt.dll
0x00007ff9bb390000 - 0x00007ff9bb399000 	D:\Viola Yosevi\Application\Java\jdk-23\bin\extnet.dll
0x00007ff9c9c20000 - 0x00007ff9c9d65000 	C:\WINDOWS\SYSTEM32\textinputframework.dll
0x00007ff9d5250000 - 0x00007ff9d5383000 	C:\WINDOWS\SYSTEM32\CoreMessaging.dll
0x00007ff9d25e0000 - 0x00007ff9d294d000 	C:\WINDOWS\SYSTEM32\CoreUIComponents.dll
0x00000000746a0000 - 0x0000000074771000 	C:\Users\user\AppData\Local\Temp\javacpp100836351272400\msvcr100.dll
0x0000000074600000 - 0x0000000074698000 	C:\Users\user\AppData\Local\Temp\javacpp100836351272400\msvcp100.dll
0x0000000066840000 - 0x00000000676b4000 	C:\Users\user\AppData\Local\Temp\javacpp100836351272400\opencv_ffmpeg248_64.dll
0x00007ff9c2440000 - 0x00007ff9c2449000 	C:\WINDOWS\SYSTEM32\WSOCK32.dll
0x00007ff972b40000 - 0x00007ff972db2000 	C:\Users\user\AppData\Local\Temp\javacpp100836351272400\opencv_core248.dll
0x00007ff968530000 - 0x00007ff9687e2000 	C:\Users\user\AppData\Local\Temp\javacpp100836351272400\opencv_imgproc248.dll
0x00007ff962550000 - 0x00007ff96279d000 	C:\Users\user\AppData\Local\Temp\javacpp100836351272400\opencv_highgui248.dll
0x00007ff9ce1f0000 - 0x00007ff9ce20a000 	C:\WINDOWS\SYSTEM32\AVICAP32.dll
0x00007ff9c9f60000 - 0x00007ff9c9f84000 	C:\WINDOWS\SYSTEM32\AVIFIL32.dll
0x00007ff9c93b0000 - 0x00007ff9c93db000 	C:\WINDOWS\SYSTEM32\MSVFW32.dll
0x00007ff9ce1c0000 - 0x00007ff9ce1de000 	C:\WINDOWS\SYSTEM32\MSACM32.dll
0x00007ff9c9390000 - 0x00007ff9c93a3000 	C:\Users\user\AppData\Local\Temp\javacpp100836351272400\jniopencv_highgui.dll
0x00007ff9d7230000 - 0x00007ff9d7251000 	C:\Windows\System32\devenum.dll
0x00007ff9dbcb0000 - 0x00007ff9dc124000 	C:\WINDOWS\System32\setupapi.dll
0x00007ff9d7380000 - 0x00007ff9d738b000 	C:\WINDOWS\SYSTEM32\msdmo.dll
0x00007ff9c8060000 - 0x00007ff9c8099000 	C:\Windows\System32\qcap.dll
0x00007ff9670f0000 - 0x00007ff9672d7000 	C:\Windows\System32\quartz.dll
0x00007ff982610000 - 0x00007ff98264b000 	C:\Windows\System32\mfksproxy.dll
0x00007ff9c79c0000 - 0x00007ff9c79de000 	C:\Windows\System32\ATL.DLL
0x00007ff9d69d0000 - 0x00007ff9d6b9e000 	C:\Windows\System32\MFPlat.DLL
0x00007ff9d6920000 - 0x00007ff9d6953000 	C:\Windows\System32\RTWorkQ.DLL
0x00007ff96df80000 - 0x00007ff96e31b000 	C:\Windows\System32\MFCORE.dll
0x00007ff968050000 - 0x00007ff9680ee000 	C:\Windows\System32\FrameServerClient.dll
0x00007ff96c3a0000 - 0x00007ff96c41f000 	C:\Windows\System32\MFSENSORGROUP.dll
0x00007ff9d6910000 - 0x00007ff9d691b000 	C:\Windows\System32\AVRT.dll
0x00007ff967040000 - 0x00007ff9670d5000 	C:\Windows\System32\Windows.Media.MediaControl.dll
0x00007ff9ced90000 - 0x00007ff9cee2e000 	C:\Windows\System32\MMDevAPI.DLL
0x00007ff966a80000 - 0x00007ff966ba1000 	C:\Windows\System32\MFReadWrite.dll
0x00007ff9a51c0000 - 0x00007ff9a51e6000 	C:\Windows\System32\kswdmcap.ax
0x00007ff9d7350000 - 0x00007ff9d735f000 	C:\Windows\System32\vidcap.ax
0x00007ff9c7b20000 - 0x00007ff9c7bcf000 	C:\Windows\System32\qedit.dll
0x00007ff9dcb20000 - 0x00007ff9dcc20000 	C:\WINDOWS\System32\COMDLG32.dll

dbghelp: loaded successfully - version: 4.0.5 - missing functions: none
symbol engine: initialized successfully - sym options: 0x614 - pdb path: .;D:\Viola Yosevi\Application\Java\jdk-23\bin;C:\WINDOWS\SYSTEM32;C:\Program Files\Avast Software\Avast;C:\WINDOWS\WinSxS\amd64_microsoft.windows.common-controls_6595b64144ccf1df_6.0.22621.4541_none_2710d1c57384c085;D:\Viola Yosevi\Application\Java\jdk-23\bin\server;C:\WINDOWS\System32\DriverStore\FileRepository\nvam.inf_amd64_4c9ded46d0fbe1f8;C:\WINDOWS\System32\DriverStore\FileRepository\u0361708.inf_amd64_7de6b99937f60751\B358199;C:\Users\user\AppData\Local\Temp\javacpp100836351272400;C:\WINDOWS\WinSxS\amd64_microsoft.windows.gdiplus_6595b64144ccf1df_1.1.22621.4541_none_57fbc4aace173a53;C:\Program Files (x86)\K-Lite Codec Pack\Filters\DirectVobSub64

VM Arguments:
jvm_args: -Dfile.encoding=UTF-8 --module-path=D:\Viola Yosevi\Java Projects\Med1_Endoskopi\build\classes 
java_command: View.Assesment
java_class_path (initial): D:\Viola Yosevi\Components\jCalendar\lib\jcalendar-1.4.jar;E:\APK DOWNLOAD\mysql-connector-j-9.1.0\mysql-connector-j-9.1.0.jar;E:\APK DOWNLOAD\javacv-bin\javacpp.jar;E:\APK DOWNLOAD\javacv-bin\javacv-windows-x86.jar;E:\APK DOWNLOAD\javacv-bin\javacv-windows-x86_64.jar;E:\APK DOWNLOAD\javacv-bin\javacv.jar;E:\APK DOWNLOAD\javacv-cppjars\ffmpeg-2.1.1-windows-x86.jar;E:\APK DOWNLOAD\javacv-cppjars\ffmpeg-2.1.1-windows-x86_64.jar;E:\APK DOWNLOAD\javacv-cppjars\opencv-2.4.8-windows-x86.jar;E:\APK DOWNLOAD\javacv-cppjars\opencv-2.4.8-windows-x86_64.jar;D:\Viola Yosevi\Application\NetBeans-21\netbeans\java\modules\ext\AbsoluteLayout.jar;D:\Viola Yosevi\library\swingx-all-1.6.4.jar;D:\Viola Yosevi\library\sqlite-jdbc-3.47.1.0.jar;D:\Viola Yosevi\library\commons-beanutils-1.9.4.jar;D:\Viola Yosevi\library\commons-collections4-4.4.jar;D:\Viola Yosevi\library\commons-digester-1.7.jar;D:\Viola Yosevi\library\commons-logging-1.3.0.jar;D:\Viola Yosevi\library\itext-4.2.1.jar;D:\Viola Yosevi\library\jasperreports-6.20.6.jar;D:\Viola Yosevi\Java Projects\Med1_Endoskopi\build\classes
Launcher Type: SUN_STANDARD

[Global flags]
     intx CICompilerCount                          = 4                                         {product} {ergonomic}
     uint ConcGCThreads                            = 2                                         {product} {ergonomic}
     uint G1ConcRefinementThreads                  = 8                                         {product} {ergonomic}
   size_t G1HeapRegionSize                         = 2097152                                   {product} {ergonomic}
   size_t InitialHeapSize                          = 234881024                                 {product} {ergonomic}
   size_t MarkStackSize                            = 4194304                                   {product} {ergonomic}
   size_t MarkStackSizeMax                         = 536870912                                 {product} {ergonomic}
   size_t MaxHeapSize                              = 3743416320                                {product} {ergonomic}
   size_t MaxNewSize                               = 2246049792                                {product} {ergonomic}
   size_t MinHeapDeltaBytes                        = 2097152                                   {product} {ergonomic}
   size_t MinHeapSize                              = 8388608                                   {product} {ergonomic}
    uintx NonNMethodCodeHeapSize                   = 5832704                                {pd product} {ergonomic}
    uintx NonProfiledCodeHeapSize                  = 122945536                              {pd product} {ergonomic}
    uintx ProfiledCodeHeapSize                     = 122880000                              {pd product} {ergonomic}
    uintx ReservedCodeCacheSize                    = 251658240                              {pd product} {ergonomic}
     bool SegmentedCodeCache                       = true                                      {product} {ergonomic}
   size_t SoftMaxHeapSize                          = 3743416320                             {manageable} {ergonomic}
     bool UseCompressedOops                        = true                           {product lp64_product} {ergonomic}
     bool UseG1GC                                  = true                                      {product} {ergonomic}
     bool UseLargePagesIndividualAllocation        = false                                  {pd product} {ergonomic}

Logging:
Log output configuration:
 #0: stdout all=warning uptime,level,tags foldmultilines=false
 #1: stderr all=off uptime,level,tags foldmultilines=false

Environment Variables:
JAVA_HOME=D:\Viola Yosevi\Application\Java\jdk-23
PATH=C:\Program Files\Common Files\Oracle\Java\javapath;C:\Windows\system32;C:\Windows;C:\Windows\System32\Wbem;C:\Windows\System32\WindowsPowerShell\v1.0\;C:\Windows\System32\OpenSSH\;C:\Program Files (x86)\NVIDIA Corporation\PhysX\Common;C:\Program Files\NVIDIA Corporation\NVIDIA NvDLISR;D:\Viola Yosevi\Application\Git\cmd;C:\WINDOWS\system32;C:\WINDOWS;C:\WINDOWS\System32\Wbem;C:\WINDOWS\System32\WindowsPowerShell\v1.0\;C:\WINDOWS\System32\OpenSSH\;C:\ProgramData\ComposerSetup\bin;D:\Viola Yosevi\Application\xampp\php;D:\Viola Yosevi\Application\nvm;D:\Viola Yosevi\Application\NodeJs;C:\Users\user\AppData\Local\Programs\Python\Python312\Scripts\;C:\Users\user\AppData\Local\Programs\Python\Python312;D:\Xampp Version 5\php;D:\Viola Yosevi\xampp\php;D:\Viola Yosevi\Application\OpenSSL-Win64\bin;C:\Program Files (x86)\Microsoft SQL Server\160\Tools\Binn\;C:\Program Files\Microsoft SQL Server\160\Tools\Binn\;C:\Program Files\Microsoft SQL Server\Client SDK\ODBC\170\Tools\Binn\;C:\Program Files\Microsoft SQL Server\160\DTS\Binn\;C:\Program Files (x86)\Microsoft SQL Server\160\DTS\Binn\;D:\Viola Yosevi\Application\NodeJs\;C:\ProgramData\chocolatey\bin;D:\Viola Yosevi\Application\flutter\bin;D:\Viola Yosevi\Application\flutter\bin\cache\dart-sdk\bin;D:\Viola Yosevi\Application\nvm;D:\Viola Yosevi\Application\SQLite\sqlite;E:\APK DOWNLOAD\opencv\build\x64\vc16\bin;C:\Users\user\AppData\Local\Programs\Python\Launcher\;C:\Users\user\AppData\Local\Microsoft\WindowsApps;D:\Viola Yosevi\Application\Microsoft VS Code\bin;D:\Viola Yosevi\Application\xampp\php;C:\Users\user\AppData\Roaming\npm;C:\Users\user\AppData\Roaming\Composer\vendor\bin;D:\Viola Yosevi\Application\nvm;D:\Viola Yosevi\Application\NodeJs;C:\Users\user\AppData\Local\Programs\Python\Python312;C:\Users\user\AppData\Local\Programs\Python\Python312\Scripts\;C:\Users\user\AppData\Local\GitHubDesktop\bin
USERNAME=user
OS=Windows_NT
PROCESSOR_IDENTIFIER=AMD64 Family 23 Model 24 Stepping 1, AuthenticAMD
TMP=C:\Users\user\AppData\Local\Temp
TEMP=C:\Users\user\AppData\Local\Temp




Periodic native trim disabled

---------------  S Y S T E M  ---------------

OS:
 Windows 11 , 64 bit Build 22621 (10.0.22621.4391)
OS uptime: 1 days 4:01 hours
Hyper-V role detected

CPU: total 8 (initial active 8) (8 cores per cpu, 2 threads per core) family 23 model 24 stepping 1 microcode 0x0, cx8, cmov, fxsr, ht, mmx, 3dnowpref, sse, sse2, sse3, ssse3, sse4a, sse4.1, sse4.2, popcnt, lzcnt, tsc, tscinvbit, avx, avx2, aes, clmul, bmi1, bmi2, adx, sha, fma, vzeroupper, clflush, clflushopt, hv, rdtscp, f16c
Processor Information for the first 8 processors :
  Max Mhz: 2100, Current Mhz: 2100, Mhz Limit: 2100

Memory: 4k page, system-wide physical 14273M (4853M free)
TotalPageFile size 28097M (AvailPageFile size 14468M)
current process WorkingSet (physical memory assigned to process): 282M, peak: 297M
current process commit charge ("private bytes"): 445M, peak: 488M

vm_info: Java HotSpot(TM) 64-Bit Server VM (23+37-2369) for windows-amd64 JRE (23+37-2369), built on 2024-08-20T16:01:23Z with MS VC++ 17.6 (VS2022)

END.
